<?xml version="1.0" encoding="UTF-8"?>
<testsuite name="cta_cte_apliAvencer-20240507173909" tests="2" file=".py" time="124.313" timestamp="2024-05-07T17:41:14" failures="0" errors="2" skipped="0">
	<testcase classname="cta_cte_apliAvencer" name="test_ctacte_apliAvencer" time="0.000" timestamp="0001-01-01T00:00:00" file="Ctacte_ApliAvencer.py" line="17">
		<error type="NoSuchWindowException" message="Message: no such window: target window already closed
from unknown error: web view not found
  (Session info: chrome=124.0.6367.119)
Stacktrace:
	GetHandleVerifier [0x00007FF66D1A1572+60802]
	(No symbol) [0x00007FF66D11AC72]
	(No symbol) [0x00007FF66CFD7CE4]
	(No symbol) [0x00007FF66CFADFDF]
	(No symbol) [0x00007FF66D051E57]
	(No symbol) [0x00007FF66D0698D1]
	(No symbol) [0x00007FF66D04A923]
	(No symbol) [0x00007FF66D018FEC]
	(No symbol) [0x00007FF66D019C21]
	GetHandleVerifier [0x00007FF66D4A420D+3217949]
	GetHandleVerifier [0x00007FF66D4E61A7+3488183]
	GetHandleVerifier [0x00007FF66D4DF12F+3459391]
	GetHandleVerifier [0x00007FF66D25B936+823622]
	(No symbol) [0x00007FF66D12600F]
	(No symbol) [0x00007FF66D120F34]
	(No symbol) [0x00007FF66D1210C2]
	(No symbol) [0x00007FF66D111914]
	BaseThreadInitThunk [0x00007FFEF342257D+29]
	RtlUserThreadStart [0x00007FFEF4B0AA48+40]
"><![CDATA[Traceback (most recent call last):
  File "c:\Users\luist\repos\Automatizaciones-SILOHUB-\Ctacte_ApliAvencer.py", line 155, in test_ctacte_apliAvencer
    validate_text_by_strt(self.driver, settlement )
  File "c:\Users\luist\repos\Automatizaciones-SILOHUB-\Elements.py", line 495, in validate_text_by_strt
    elemento = WebDriverWait(driver, 10).until(
  File "C:\Users\luist\AppData\Roaming\Python\Python310\site-packages\selenium\webdriver\support\wait.py", line 96, in until
    value = method(self._driver)
  File "C:\Users\luist\AppData\Roaming\Python\Python310\site-packages\selenium\webdriver\support\expected_conditions.py", line 84, in _predicate
    return driver.find_element(*locator)
  File "C:\Users\luist\AppData\Roaming\Python\Python310\site-packages\selenium\webdriver\remote\webdriver.py", line 742, in find_element
    return self.execute(Command.FIND_ELEMENT, {"using": by, "value": value})["value"]
  File "C:\Users\luist\AppData\Roaming\Python\Python310\site-packages\selenium\webdriver\remote\webdriver.py", line 348, in execute
    self.error_handler.check_response(response)
  File "C:\Users\luist\AppData\Roaming\Python\Python310\site-packages\selenium\webdriver\remote\errorhandler.py", line 229, in check_response
    raise exception_class(message, screen, stacktrace)
selenium.common.exceptions.NoSuchWindowException: Message: no such window: target window already closed
from unknown error: web view not found
  (Session info: chrome=124.0.6367.119)
Stacktrace:
	GetHandleVerifier [0x00007FF66D1A1572+60802]
	(No symbol) [0x00007FF66D11AC72]
	(No symbol) [0x00007FF66CFD7CE4]
	(No symbol) [0x00007FF66CFADFDF]
	(No symbol) [0x00007FF66D051E57]
	(No symbol) [0x00007FF66D0698D1]
	(No symbol) [0x00007FF66D04A923]
	(No symbol) [0x00007FF66D018FEC]
	(No symbol) [0x00007FF66D019C21]
	GetHandleVerifier [0x00007FF66D4A420D+3217949]
	GetHandleVerifier [0x00007FF66D4E61A7+3488183]
	GetHandleVerifier [0x00007FF66D4DF12F+3459391]
	GetHandleVerifier [0x00007FF66D25B936+823622]
	(No symbol) [0x00007FF66D12600F]
	(No symbol) [0x00007FF66D120F34]
	(No symbol) [0x00007FF66D1210C2]
	(No symbol) [0x00007FF66D111914]
	BaseThreadInitThunk [0x00007FFEF342257D+29]
	RtlUserThreadStart [0x00007FFEF4B0AA48+40]

]]></error>
		<system-out><![CDATA[¡Elemento encontrado y clickeado 7 veces con éxito!
¡Elemento encontrado y clickeado 2 veces con éxito!
El texto encontrado es  Cuenta Corriente Aplicada
El valor es un carácter numérico. Valor: -65.587.112,25
El valor es un carácter numérico. Valor: 0,00
El valor es un carácter numérico. Valor: 1.147.707,18
El texto encontrado es  CUENTA CORRIENTE
Tiempo de espera agotado. El texto por texto no está presente.
Tiempo de espera agotado. El texto por texto no está presente.
]]></system-out>
	</testcase>
	<testcase classname="cta_cte_apliAvencer" name="test_ctacte_apliAvencer" time="124.313" timestamp="2024-05-07T17:41:14" file="Ctacte_ApliAvencer.py" line="17">
		<error type="WebDriverException" message="Message: disconnected: not connected to DevTools
  (failed to check if window was closed: disconnected: not connected to DevTools)
  (Session info: chrome=124.0.6367.119)
Stacktrace:
	GetHandleVerifier [0x00007FF66D1A1572+60802]
	(No symbol) [0x00007FF66D11AC72]
	(No symbol) [0x00007FF66CFD7CE4]
	(No symbol) [0x00007FF66CFBE894]
	(No symbol) [0x00007FF66CFBF3FF]
	(No symbol) [0x00007FF66CFD82DD]
	(No symbol) [0x00007FF66CFADACC]
	(No symbol) [0x00007FF66D058F74]
	(No symbol) [0x00007FF66D04AB40]
	(No symbol) [0x00007FF66D018FEC]
	(No symbol) [0x00007FF66D019C21]
	GetHandleVerifier [0x00007FF66D4A420D+3217949]
	GetHandleVerifier [0x00007FF66D4E61A7+3488183]
	GetHandleVerifier [0x00007FF66D4DF12F+3459391]
	GetHandleVerifier [0x00007FF66D25B936+823622]
	(No symbol) [0x00007FF66D12600F]
	(No symbol) [0x00007FF66D120F34]
	(No symbol) [0x00007FF66D1210C2]
	(No symbol) [0x00007FF66D111914]
	BaseThreadInitThunk [0x00007FFEF342257D+29]
	RtlUserThreadStart [0x00007FFEF4B0AA48+40]
"><![CDATA[Traceback (most recent call last):
  File "c:\Users\luist\repos\Automatizaciones-SILOHUB-\Ctacte_ApliAvencer.py", line 167, in tearDown
    self.driver.close()
  File "C:\Users\luist\AppData\Roaming\Python\Python310\site-packages\selenium\webdriver\remote\webdriver.py", line 459, in close
    self.execute(Command.CLOSE)
  File "C:\Users\luist\AppData\Roaming\Python\Python310\site-packages\selenium\webdriver\remote\webdriver.py", line 348, in execute
    self.error_handler.check_response(response)
  File "C:\Users\luist\AppData\Roaming\Python\Python310\site-packages\selenium\webdriver\remote\errorhandler.py", line 229, in check_response
    raise exception_class(message, screen, stacktrace)
selenium.common.exceptions.WebDriverException: Message: disconnected: not connected to DevTools
  (failed to check if window was closed: disconnected: not connected to DevTools)
  (Session info: chrome=124.0.6367.119)
Stacktrace:
	GetHandleVerifier [0x00007FF66D1A1572+60802]
	(No symbol) [0x00007FF66D11AC72]
	(No symbol) [0x00007FF66CFD7CE4]
	(No symbol) [0x00007FF66CFBE894]
	(No symbol) [0x00007FF66CFBF3FF]
	(No symbol) [0x00007FF66CFD82DD]
	(No symbol) [0x00007FF66CFADACC]
	(No symbol) [0x00007FF66D058F74]
	(No symbol) [0x00007FF66D04AB40]
	(No symbol) [0x00007FF66D018FEC]
	(No symbol) [0x00007FF66D019C21]
	GetHandleVerifier [0x00007FF66D4A420D+3217949]
	GetHandleVerifier [0x00007FF66D4E61A7+3488183]
	GetHandleVerifier [0x00007FF66D4DF12F+3459391]
	GetHandleVerifier [0x00007FF66D25B936+823622]
	(No symbol) [0x00007FF66D12600F]
	(No symbol) [0x00007FF66D120F34]
	(No symbol) [0x00007FF66D1210C2]
	(No symbol) [0x00007FF66D111914]
	BaseThreadInitThunk [0x00007FFEF342257D+29]
	RtlUserThreadStart [0x00007FFEF4B0AA48+40]

]]></error>
		<system-out><![CDATA[¡Elemento encontrado y clickeado 7 veces con éxito!
¡Elemento encontrado y clickeado 2 veces con éxito!
El texto encontrado es  Cuenta Corriente Aplicada
El valor es un carácter numérico. Valor: -65.587.112,25
El valor es un carácter numérico. Valor: 0,00
El valor es un carácter numérico. Valor: 1.147.707,18
El texto encontrado es  CUENTA CORRIENTE
Tiempo de espera agotado. El texto por texto no está presente.
Tiempo de espera agotado. El texto por texto no está presente.
]]></system-out>
	</testcase>
</testsuite>
