<?xml version="1.0" encoding="UTF-8"?>
<testsuite name="dashboard_granos-20240502183940" tests="2" file=".py" time="47.913" timestamp="2024-05-02T18:40:28" failures="0" errors="2" skipped="0">
	<testcase classname="dashboard_granos" name="test_dashboard_grain" time="0.000" timestamp="0001-01-01T00:00:00" file="DashboarGranos.py" line="23">
		<error type="AttributeError" message="'NoneType' object has no attribute 'is_displayed'"><![CDATA[Traceback (most recent call last):
  File "c:\Users\luist\repos\Automatizaciones-SILOHUB-\DashboarGranos.py", line 62, in test_dashboard_grain
    find_elements(self.driver,select_movements_list)
  File "c:\Users\luist\repos\Automatizaciones-SILOHUB-\Elements.py", line 19, in find_elements
    select_nex_button = WebDriverWait(driver, 10).until(
  File "C:\Users\luist\AppData\Roaming\Python\Python310\site-packages\selenium\webdriver\support\wait.py", line 96, in until
    value = method(self._driver)
  File "C:\Users\luist\AppData\Roaming\Python\Python310\site-packages\selenium\webdriver\support\expected_conditions.py", line 364, in _predicate
    element = visibility_of(target)(driver)
  File "C:\Users\luist\AppData\Roaming\Python\Python310\site-packages\selenium\webdriver\support\expected_conditions.py", line 173, in _predicate
    return _element_if_visible(element)
  File "C:\Users\luist\AppData\Roaming\Python\Python310\site-packages\selenium\webdriver\support\expected_conditions.py", line 179, in _element_if_visible
    return element if element.is_displayed() == visibility else False
AttributeError: 'NoneType' object has no attribute 'is_displayed'
]]></error>
	</testcase>
	<testcase classname="dashboard_granos" name="test_dashboard_grain" time="47.913" timestamp="2024-05-02T18:40:28" file="DashboarGranos.py" line="23">
		<error type="WebDriverException" message="Message: disconnected: Unable to receive message from renderer
  (failed to check if window was closed: disconnected: not connected to DevTools)
  (Session info: chrome=124.0.6367.93)
Stacktrace:
	GetHandleVerifier [0x00007FF732331502+60802]
	(No symbol) [0x00007FF7322AAC02]
	(No symbol) [0x00007FF732167CE4]
	(No symbol) [0x00007FF732150FE1]
	(No symbol) [0x00007FF73214EBE4]
	(No symbol) [0x00007FF73214F3FF]
	(No symbol) [0x00007FF7321682DD]
	(No symbol) [0x00007FF73213DACC]
	(No symbol) [0x00007FF7321E8F74]
	(No symbol) [0x00007FF7321DAB40]
	(No symbol) [0x00007FF7321A8FEC]
	(No symbol) [0x00007FF7321A9C21]
	GetHandleVerifier [0x00007FF73263411D+3217821]
	GetHandleVerifier [0x00007FF7326760B7+3488055]
	GetHandleVerifier [0x00007FF73266F03F+3459263]
	GetHandleVerifier [0x00007FF7323EB846+823494]
	(No symbol) [0x00007FF7322B5F9F]
	(No symbol) [0x00007FF7322B0EC4]
	(No symbol) [0x00007FF7322B1052]
	(No symbol) [0x00007FF7322A18A4]
	BaseThreadInitThunk [0x00007FFC92DE257D+29]
	RtlUserThreadStart [0x00007FFC9438AA48+40]
"><![CDATA[Traceback (most recent call last):
  File "c:\Users\luist\repos\Automatizaciones-SILOHUB-\DashboarGranos.py", line 66, in tearDown
    self.driver.close()
  File "C:\Users\luist\AppData\Roaming\Python\Python310\site-packages\selenium\webdriver\remote\webdriver.py", line 459, in close
    self.execute(Command.CLOSE)
  File "C:\Users\luist\AppData\Roaming\Python\Python310\site-packages\selenium\webdriver\remote\webdriver.py", line 348, in execute
    self.error_handler.check_response(response)
  File "C:\Users\luist\AppData\Roaming\Python\Python310\site-packages\selenium\webdriver\remote\errorhandler.py", line 229, in check_response
    raise exception_class(message, screen, stacktrace)
selenium.common.exceptions.WebDriverException: Message: disconnected: Unable to receive message from renderer
  (failed to check if window was closed: disconnected: not connected to DevTools)
  (Session info: chrome=124.0.6367.93)
Stacktrace:
	GetHandleVerifier [0x00007FF732331502+60802]
	(No symbol) [0x00007FF7322AAC02]
	(No symbol) [0x00007FF732167CE4]
	(No symbol) [0x00007FF732150FE1]
	(No symbol) [0x00007FF73214EBE4]
	(No symbol) [0x00007FF73214F3FF]
	(No symbol) [0x00007FF7321682DD]
	(No symbol) [0x00007FF73213DACC]
	(No symbol) [0x00007FF7321E8F74]
	(No symbol) [0x00007FF7321DAB40]
	(No symbol) [0x00007FF7321A8FEC]
	(No symbol) [0x00007FF7321A9C21]
	GetHandleVerifier [0x00007FF73263411D+3217821]
	GetHandleVerifier [0x00007FF7326760B7+3488055]
	GetHandleVerifier [0x00007FF73266F03F+3459263]
	GetHandleVerifier [0x00007FF7323EB846+823494]
	(No symbol) [0x00007FF7322B5F9F]
	(No symbol) [0x00007FF7322B0EC4]
	(No symbol) [0x00007FF7322B1052]
	(No symbol) [0x00007FF7322A18A4]
	BaseThreadInitThunk [0x00007FFC92DE257D+29]
	RtlUserThreadStart [0x00007FFC9438AA48+40]

]]></error>
	</testcase>
</testsuite>
