<?xml version="1.0" encoding="UTF-8"?>
<testsuite name="dashboard_granos-20240507123318" tests="1" file=".py" time="40.622" timestamp="2024-05-07T12:33:59" failures="0" errors="1" skipped="0">
	<testcase classname="dashboard_granos" name="test_dashboard_grain" time="40.622" timestamp="2024-05-07T12:33:59" file="DashboarGranos.py" line="24">
		<error type="JavascriptException" message="Message: javascript error: Cannot read properties of undefined (reading 'scrollIntoView')
  (Session info: chrome=124.0.6367.119)
Stacktrace:
	GetHandleVerifier [0x00007FF64D211502+60802]
	(No symbol) [0x00007FF64D18AC02]
	(No symbol) [0x00007FF64D047CE4]
	(No symbol) [0x00007FF64D04DE26]
	(No symbol) [0x00007FF64D0504F6]
	(No symbol) [0x00007FF64D0DAEC3]
	(No symbol) [0x00007FF64D0BAB7A]
	(No symbol) [0x00007FF64D0DA224]
	(No symbol) [0x00007FF64D0BA923]
	(No symbol) [0x00007FF64D088FEC]
	(No symbol) [0x00007FF64D089C21]
	GetHandleVerifier [0x00007FF64D51411D+3217821]
	GetHandleVerifier [0x00007FF64D5560B7+3488055]
	GetHandleVerifier [0x00007FF64D54F03F+3459263]
	GetHandleVerifier [0x00007FF64D2CB846+823494]
	(No symbol) [0x00007FF64D195F9F]
	(No symbol) [0x00007FF64D190EC4]
	(No symbol) [0x00007FF64D191052]
	(No symbol) [0x00007FF64D1818A4]
	BaseThreadInitThunk [0x00007FFEF342257D+29]
	RtlUserThreadStart [0x00007FFEF4B0AA48+40]
"><![CDATA[Traceback (most recent call last):
  File "c:\Users\luist\repos\Automatizaciones-SILOHUB-\DashboarGranos.py", line 66, in test_dashboard_grain
    seleccionar_movimiento_pendiente(self.driver)
  File "c:\Users\luist\repos\Automatizaciones-SILOHUB-\SelectListDashb.py", line 25, in seleccionar_movimiento_pendiente
    driver.execute_script("arguments[0].scrollIntoView();")
  File "C:\Users\luist\AppData\Roaming\Python\Python310\site-packages\selenium\webdriver\remote\webdriver.py", line 408, in execute_script
    return self.execute(command, {"script": script, "args": converted_args})["value"]
  File "C:\Users\luist\AppData\Roaming\Python\Python310\site-packages\selenium\webdriver\remote\webdriver.py", line 348, in execute
    self.error_handler.check_response(response)
  File "C:\Users\luist\AppData\Roaming\Python\Python310\site-packages\selenium\webdriver\remote\errorhandler.py", line 229, in check_response
    raise exception_class(message, screen, stacktrace)
selenium.common.exceptions.JavascriptException: Message: javascript error: Cannot read properties of undefined (reading 'scrollIntoView')
  (Session info: chrome=124.0.6367.119)
Stacktrace:
	GetHandleVerifier [0x00007FF64D211502+60802]
	(No symbol) [0x00007FF64D18AC02]
	(No symbol) [0x00007FF64D047CE4]
	(No symbol) [0x00007FF64D04DE26]
	(No symbol) [0x00007FF64D0504F6]
	(No symbol) [0x00007FF64D0DAEC3]
	(No symbol) [0x00007FF64D0BAB7A]
	(No symbol) [0x00007FF64D0DA224]
	(No symbol) [0x00007FF64D0BA923]
	(No symbol) [0x00007FF64D088FEC]
	(No symbol) [0x00007FF64D089C21]
	GetHandleVerifier [0x00007FF64D51411D+3217821]
	GetHandleVerifier [0x00007FF64D5560B7+3488055]
	GetHandleVerifier [0x00007FF64D54F03F+3459263]
	GetHandleVerifier [0x00007FF64D2CB846+823494]
	(No symbol) [0x00007FF64D195F9F]
	(No symbol) [0x00007FF64D190EC4]
	(No symbol) [0x00007FF64D191052]
	(No symbol) [0x00007FF64D1818A4]
	BaseThreadInitThunk [0x00007FFEF342257D+29]
	RtlUserThreadStart [0x00007FFEF4B0AA48+40]

]]></error>
		<system-out><![CDATA[El estado actual es : 'Pendiente'
]]></system-out>
	</testcase>
</testsuite>
