<?xml version="1.0" encoding="UTF-8"?>
<testsuite name="dashboard_granos-20240411113544" tests="1" file=".py" time="27.122" timestamp="2024-04-11T11:36:11" failures="0" errors="1" skipped="0">
	<testcase classname="dashboard_granos" name="test_dashboard_grain" time="27.122" timestamp="2024-04-11T11:36:11" file="DashboarGranos.py" line="23">
		<error type="ElementNotInteractableException" message="Message: element not interactable
  (Session info: chrome=123.0.6312.122)
Stacktrace:
	GetHandleVerifier [0x00007FF691E27032+63090]
	(No symbol) [0x00007FF691D92C82]
	(No symbol) [0x00007FF691C2EB1D]
	(No symbol) [0x00007FF691C6FA67]
	(No symbol) [0x00007FF691C6E66B]
	(No symbol) [0x00007FF691C96FDA]
	(No symbol) [0x00007FF691C6A00A]
	(No symbol) [0x00007FF691C971F0]
	(No symbol) [0x00007FF691CB3412]
	(No symbol) [0x00007FF691C96D83]
	(No symbol) [0x00007FF691C683A8]
	(No symbol) [0x00007FF691C69441]
	GetHandleVerifier [0x00007FF6922225AD+4238317]
	GetHandleVerifier [0x00007FF69225F70D+4488525]
	GetHandleVerifier [0x00007FF6922579EF+4456495]
	GetHandleVerifier [0x00007FF691F00576+953270]
	(No symbol) [0x00007FF691D9E54F]
	(No symbol) [0x00007FF691D99224]
	(No symbol) [0x00007FF691D9935B]
	(No symbol) [0x00007FF691D89B94]
	BaseThreadInitThunk [0x00007FFF9727257D+29]
	RtlUserThreadStart [0x00007FFF9922AA58+40]
"><![CDATA[Traceback (most recent call last):
  File "c:\Users\luist\repos\Automatizaciones-SILOHUB-\DashboarGranos.py", line 52, in test_dashboard_grain
    ingresar_rango_fecha(xpath_input_fecha, self.driver)
  File "c:\Users\luist\repos\Automatizaciones-SILOHUB-\Elements.py", line 1314, in ingresar_rango_fecha
    input_fecha.send_keys(fecha_ayer + " - " + fecha_hoy)
  File "C:\Users\luist\AppData\Roaming\Python\Python310\site-packages\selenium\webdriver\remote\webelement.py", line 231, in send_keys
    self._execute(
  File "C:\Users\luist\AppData\Roaming\Python\Python310\site-packages\selenium\webdriver\remote\webelement.py", line 395, in _execute
    return self._parent.execute(command, params)
  File "C:\Users\luist\AppData\Roaming\Python\Python310\site-packages\selenium\webdriver\remote\webdriver.py", line 348, in execute
    self.error_handler.check_response(response)
  File "C:\Users\luist\AppData\Roaming\Python\Python310\site-packages\selenium\webdriver\remote\errorhandler.py", line 229, in check_response
    raise exception_class(message, screen, stacktrace)
selenium.common.exceptions.ElementNotInteractableException: Message: element not interactable
  (Session info: chrome=123.0.6312.122)
Stacktrace:
	GetHandleVerifier [0x00007FF691E27032+63090]
	(No symbol) [0x00007FF691D92C82]
	(No symbol) [0x00007FF691C2EB1D]
	(No symbol) [0x00007FF691C6FA67]
	(No symbol) [0x00007FF691C6E66B]
	(No symbol) [0x00007FF691C96FDA]
	(No symbol) [0x00007FF691C6A00A]
	(No symbol) [0x00007FF691C971F0]
	(No symbol) [0x00007FF691CB3412]
	(No symbol) [0x00007FF691C96D83]
	(No symbol) [0x00007FF691C683A8]
	(No symbol) [0x00007FF691C69441]
	GetHandleVerifier [0x00007FF6922225AD+4238317]
	GetHandleVerifier [0x00007FF69225F70D+4488525]
	GetHandleVerifier [0x00007FF6922579EF+4456495]
	GetHandleVerifier [0x00007FF691F00576+953270]
	(No symbol) [0x00007FF691D9E54F]
	(No symbol) [0x00007FF691D99224]
	(No symbol) [0x00007FF691D9935B]
	(No symbol) [0x00007FF691D89B94]
	BaseThreadInitThunk [0x00007FFF9727257D+29]
	RtlUserThreadStart [0x00007FFF9922AA58+40]

]]></error>
	</testcase>
</testsuite>
