<?xml version="1.0" encoding="UTF-8"?>
<testsuite name="cuenta_ctacte_histAcobrar-20240507182226" tests="2" file=".py" time="59.917" timestamp="2024-05-07T18:23:26" failures="0" errors="2" skipped="0">
	<testcase classname="cuenta_ctacte_histAcobrar" name="test_ctacte_historica" time="0.000" timestamp="0001-01-01T00:00:00" file="Ctacte_histoAcobrar.py" line="17">
		<error type="NoSuchWindowException" message="Message: no such window: target window already closed
from unknown error: web view not found
  (Session info: chrome=124.0.6367.119)
Stacktrace:
	GetHandleVerifier [0x00007FF795A21572+60802]
	(No symbol) [0x00007FF79599AC72]
	(No symbol) [0x00007FF795857CE4]
	(No symbol) [0x00007FF79582DFDF]
	(No symbol) [0x00007FF7958D1E57]
	(No symbol) [0x00007FF7958E98D1]
	(No symbol) [0x00007FF7958CA923]
	(No symbol) [0x00007FF795898FEC]
	(No symbol) [0x00007FF795899C21]
	GetHandleVerifier [0x00007FF795D2420D+3217949]
	GetHandleVerifier [0x00007FF795D661A7+3488183]
	GetHandleVerifier [0x00007FF795D5F12F+3459391]
	GetHandleVerifier [0x00007FF795ADB936+823622]
	(No symbol) [0x00007FF7959A600F]
	(No symbol) [0x00007FF7959A0F34]
	(No symbol) [0x00007FF7959A10C2]
	(No symbol) [0x00007FF795991914]
	BaseThreadInitThunk [0x00007FFEF342257D+29]
	RtlUserThreadStart [0x00007FFEF4B0AA48+40]
"><![CDATA[Traceback (most recent call last):
  File "c:\Users\luist\repos\Automatizaciones-SILOHUB-\Ctacte_histoAcobrar.py", line 158, in test_ctacte_historica
    find_elements(self.driver, detail_movements)
  File "c:\Users\luist\repos\Automatizaciones-SILOHUB-\Elements.py", line 19, in find_elements
    select_nex_button = WebDriverWait(driver, 10).until(
  File "C:\Users\luist\AppData\Roaming\Python\Python310\site-packages\selenium\webdriver\support\wait.py", line 96, in until
    value = method(self._driver)
  File "C:\Users\luist\AppData\Roaming\Python\Python310\site-packages\selenium\webdriver\support\expected_conditions.py", line 363, in _predicate
    target = driver.find_element(*target)  # grab element at locator
  File "C:\Users\luist\AppData\Roaming\Python\Python310\site-packages\selenium\webdriver\remote\webdriver.py", line 742, in find_element
    return self.execute(Command.FIND_ELEMENT, {"using": by, "value": value})["value"]
  File "C:\Users\luist\AppData\Roaming\Python\Python310\site-packages\selenium\webdriver\remote\webdriver.py", line 348, in execute
    self.error_handler.check_response(response)
  File "C:\Users\luist\AppData\Roaming\Python\Python310\site-packages\selenium\webdriver\remote\errorhandler.py", line 229, in check_response
    raise exception_class(message, screen, stacktrace)
selenium.common.exceptions.NoSuchWindowException: Message: no such window: target window already closed
from unknown error: web view not found
  (Session info: chrome=124.0.6367.119)
Stacktrace:
	GetHandleVerifier [0x00007FF795A21572+60802]
	(No symbol) [0x00007FF79599AC72]
	(No symbol) [0x00007FF795857CE4]
	(No symbol) [0x00007FF79582DFDF]
	(No symbol) [0x00007FF7958D1E57]
	(No symbol) [0x00007FF7958E98D1]
	(No symbol) [0x00007FF7958CA923]
	(No symbol) [0x00007FF795898FEC]
	(No symbol) [0x00007FF795899C21]
	GetHandleVerifier [0x00007FF795D2420D+3217949]
	GetHandleVerifier [0x00007FF795D661A7+3488183]
	GetHandleVerifier [0x00007FF795D5F12F+3459391]
	GetHandleVerifier [0x00007FF795ADB936+823622]
	(No symbol) [0x00007FF7959A600F]
	(No symbol) [0x00007FF7959A0F34]
	(No symbol) [0x00007FF7959A10C2]
	(No symbol) [0x00007FF795991914]
	BaseThreadInitThunk [0x00007FFEF342257D+29]
	RtlUserThreadStart [0x00007FFEF4B0AA48+40]

]]></error>
		<system-out><![CDATA[¡Elemento encontrado y clickeado 5 veces con éxito!
¡Elemento encontrado y clickeado 4 veces con éxito!
El texto encontrado es  Cuenta Corriente
El valor es un carácter numérico. Valor: 1.516.284.997,06
El valor es un carácter numérico. Valor: 4.837.351,06
]]></system-out>
	</testcase>
	<testcase classname="cuenta_ctacte_histAcobrar" name="test_ctacte_historica" time="59.917" timestamp="2024-05-07T18:23:26" file="Ctacte_histoAcobrar.py" line="17">
		<error type="WebDriverException" message="Message: disconnected: not connected to DevTools
  (failed to check if window was closed: disconnected: not connected to DevTools)
  (Session info: chrome=124.0.6367.119)
Stacktrace:
	GetHandleVerifier [0x00007FF795A21572+60802]
	(No symbol) [0x00007FF79599AC72]
	(No symbol) [0x00007FF795857CE4]
	(No symbol) [0x00007FF79583E894]
	(No symbol) [0x00007FF79583F3FF]
	(No symbol) [0x00007FF7958582DD]
	(No symbol) [0x00007FF79582DACC]
	(No symbol) [0x00007FF7958D8F74]
	(No symbol) [0x00007FF7958CAB40]
	(No symbol) [0x00007FF795898FEC]
	(No symbol) [0x00007FF795899C21]
	GetHandleVerifier [0x00007FF795D2420D+3217949]
	GetHandleVerifier [0x00007FF795D661A7+3488183]
	GetHandleVerifier [0x00007FF795D5F12F+3459391]
	GetHandleVerifier [0x00007FF795ADB936+823622]
	(No symbol) [0x00007FF7959A600F]
	(No symbol) [0x00007FF7959A0F34]
	(No symbol) [0x00007FF7959A10C2]
	(No symbol) [0x00007FF795991914]
	BaseThreadInitThunk [0x00007FFEF342257D+29]
	RtlUserThreadStart [0x00007FFEF4B0AA48+40]
"><![CDATA[Traceback (most recent call last):
  File "c:\Users\luist\repos\Automatizaciones-SILOHUB-\Ctacte_histoAcobrar.py", line 192, in tearDown
    self.driver.close()
  File "C:\Users\luist\AppData\Roaming\Python\Python310\site-packages\selenium\webdriver\remote\webdriver.py", line 459, in close
    self.execute(Command.CLOSE)
  File "C:\Users\luist\AppData\Roaming\Python\Python310\site-packages\selenium\webdriver\remote\webdriver.py", line 348, in execute
    self.error_handler.check_response(response)
  File "C:\Users\luist\AppData\Roaming\Python\Python310\site-packages\selenium\webdriver\remote\errorhandler.py", line 229, in check_response
    raise exception_class(message, screen, stacktrace)
selenium.common.exceptions.WebDriverException: Message: disconnected: not connected to DevTools
  (failed to check if window was closed: disconnected: not connected to DevTools)
  (Session info: chrome=124.0.6367.119)
Stacktrace:
	GetHandleVerifier [0x00007FF795A21572+60802]
	(No symbol) [0x00007FF79599AC72]
	(No symbol) [0x00007FF795857CE4]
	(No symbol) [0x00007FF79583E894]
	(No symbol) [0x00007FF79583F3FF]
	(No symbol) [0x00007FF7958582DD]
	(No symbol) [0x00007FF79582DACC]
	(No symbol) [0x00007FF7958D8F74]
	(No symbol) [0x00007FF7958CAB40]
	(No symbol) [0x00007FF795898FEC]
	(No symbol) [0x00007FF795899C21]
	GetHandleVerifier [0x00007FF795D2420D+3217949]
	GetHandleVerifier [0x00007FF795D661A7+3488183]
	GetHandleVerifier [0x00007FF795D5F12F+3459391]
	GetHandleVerifier [0x00007FF795ADB936+823622]
	(No symbol) [0x00007FF7959A600F]
	(No symbol) [0x00007FF7959A0F34]
	(No symbol) [0x00007FF7959A10C2]
	(No symbol) [0x00007FF795991914]
	BaseThreadInitThunk [0x00007FFEF342257D+29]
	RtlUserThreadStart [0x00007FFEF4B0AA48+40]

]]></error>
		<system-out><![CDATA[¡Elemento encontrado y clickeado 5 veces con éxito!
¡Elemento encontrado y clickeado 4 veces con éxito!
El texto encontrado es  Cuenta Corriente
El valor es un carácter numérico. Valor: 1.516.284.997,06
El valor es un carácter numérico. Valor: 4.837.351,06
]]></system-out>
	</testcase>
</testsuite>
