<?xml version="1.0" encoding="UTF-8"?>
<testsuite name="inicio_tenant-20231210175843" tests="1" file=".py" time="5.092" timestamp="2023-12-10T17:58:48" failures="0" errors="1" skipped="0">
	<testcase classname="inicio_tenant" name="test_inicio_tenant" time="5.092" timestamp="2023-12-10T17:58:48" file="inicio.py" line="34">
		<error type="AttributeError" message="'login_tenant' object has no attribute 'find_element'"><![CDATA[Traceback (most recent call last):
  File "c:\Users\luist\repos\Automatizaciones-SILOHUB-\inicio.py", line 38, in test_inicio_tenant
    input_element = WebDriverWait(driver, 10).until(EC.presence_of_element_located((By.ID, "search-options")))
  File "C:\Users\luist\AppData\Roaming\Python\Python310\site-packages\selenium\webdriver\support\wait.py", line 92, in until
    value = method(self._driver)
  File "C:\Users\luist\AppData\Roaming\Python\Python310\site-packages\selenium\webdriver\support\expected_conditions.py", line 80, in _predicate
    return driver.find_element(*locator)
AttributeError: 'login_tenant' object has no attribute 'find_element'
]]></error>
	</testcase>
</testsuite>
