<?xml version="1.0" encoding="UTF-8"?>
<testsuite name="InicioTenant-20231211202733" tests="1" file=".py" time="24.450" timestamp="2023-12-11T20:27:58" failures="0" errors="1" skipped="0">
	<testcase classname="InicioTenant" name="test_inicio_tenant" time="24.450" timestamp="2023-12-11T20:27:58" file="inicio.py" line="27">
		<error type="AttributeError" message="'str' object has no attribute 'find_element'"><![CDATA[Traceback (most recent call last):
  File "c:\Users\luist\repos\Automatizaciones-SILOHUB-\inicio.py", line 34, in test_inicio_tenant
    Filtro_campaÃ±a = find_element_by_xpath("/html/body/app-root/app-layout/app-vertical/div/div/div/div/app-home/div/div[2]/app-business-indicators/div[1]/div[2]/app-filter-button/button/div/span", self.driver)
  File "c:\Users\luist\repos\Automatizaciones-SILOHUB-\findElements.py", line 9, in find_element_by_xpath
    return WebDriverWait(driver, 10).until(EC.presence_of_element_located((By.XPATH, xpath)))
  File "C:\Users\luist\AppData\Roaming\Python\Python310\site-packages\selenium\webdriver\support\wait.py", line 92, in until
    value = method(self._driver)
  File "C:\Users\luist\AppData\Roaming\Python\Python310\site-packages\selenium\webdriver\support\expected_conditions.py", line 80, in _predicate
    return driver.find_element(*locator)
AttributeError: 'str' object has no attribute 'find_element'
]]></error>
	</testcase>
</testsuite>
