<?xml version="1.0" encoding="UTF-8"?>
<testsuite name="precio_granos_fijaciones-20240417123204" tests="2" file=".py" time="91.487" timestamp="2024-04-17T12:33:35" failures="0" errors="2" skipped="0">
	<testcase classname="precio_granos_fijaciones" name="test_price_fixings" time="0.000" timestamp="0001-01-01T00:00:00" file="PrecioFijaciones.py" line="23">
		<error type="AttributeError" message="'NoneType' object has no attribute 'is_displayed'"><![CDATA[Traceback (most recent call last):
  File "c:\Users\luist\repos\Automatizaciones-SILOHUB-\PrecioFijaciones.py", line 92, in test_price_fixings
    find_and_click_element(self.driver, select_arrow, clicks)
  File "c:\Users\luist\repos\Automatizaciones-SILOHUB-\Elements.py", line 375, in find_and_click_element
    element = WebDriverWait(driver, 10).until(
  File "C:\Users\luist\AppData\Roaming\Python\Python310\site-packages\selenium\webdriver\support\wait.py", line 96, in until
    value = method(self._driver)
  File "C:\Users\luist\AppData\Roaming\Python\Python310\site-packages\selenium\webdriver\support\expected_conditions.py", line 364, in _predicate
    element = visibility_of(target)(driver)
  File "C:\Users\luist\AppData\Roaming\Python\Python310\site-packages\selenium\webdriver\support\expected_conditions.py", line 173, in _predicate
    return _element_if_visible(element)
  File "C:\Users\luist\AppData\Roaming\Python\Python310\site-packages\selenium\webdriver\support\expected_conditions.py", line 179, in _element_if_visible
    return element if element.is_displayed() == visibility else False
AttributeError: 'NoneType' object has no attribute 'is_displayed'
]]></error>
		<system-out><![CDATA[El texto encontrado es  MERCADOS
Se hizo clic en un icono de borrar.
No se encontraron más movimientos para borrar.
¡Input encontrado y enviado con éxito!
]]></system-out>
	</testcase>
	<testcase classname="precio_granos_fijaciones" name="test_price_fixings" time="91.487" timestamp="2024-04-17T12:33:35" file="PrecioFijaciones.py" line="23">
		<error type="NoSuchWindowException" message="Message: no such window: target window already closed
from unknown error: web view not found
  (Session info: chrome=123.0.6312.123)
Stacktrace:
	GetHandleVerifier [0x00007FF6BBCD7032+63090]
	(No symbol) [0x00007FF6BBC42C82]
	(No symbol) [0x00007FF6BBADEC65]
	(No symbol) [0x00007FF6BBABCA7C]
	(No symbol) [0x00007FF6BBB4D687]
	(No symbol) [0x00007FF6BBB53CD2]
	(No symbol) [0x00007FF6BBB46FA0]
	(No symbol) [0x00007FF6BBB183A8]
	(No symbol) [0x00007FF6BBB19441]
	GetHandleVerifier [0x00007FF6BC0D25AD+4238317]
	GetHandleVerifier [0x00007FF6BC10F70D+4488525]
	GetHandleVerifier [0x00007FF6BC1079EF+4456495]
	GetHandleVerifier [0x00007FF6BBDB0576+953270]
	(No symbol) [0x00007FF6BBC4E54F]
	(No symbol) [0x00007FF6BBC49224]
	(No symbol) [0x00007FF6BBC4935B]
	(No symbol) [0x00007FF6BBC39B94]
	BaseThreadInitThunk [0x00007FFA9757257D+29]
	RtlUserThreadStart [0x00007FFA98AAAA48+40]
"><![CDATA[Traceback (most recent call last):
  File "c:\Users\luist\repos\Automatizaciones-SILOHUB-\PrecioFijaciones.py", line 172, in tearDown
    self.driver.close()
  File "C:\Users\luist\AppData\Roaming\Python\Python310\site-packages\selenium\webdriver\remote\webdriver.py", line 459, in close
    self.execute(Command.CLOSE)
  File "C:\Users\luist\AppData\Roaming\Python\Python310\site-packages\selenium\webdriver\remote\webdriver.py", line 348, in execute
    self.error_handler.check_response(response)
  File "C:\Users\luist\AppData\Roaming\Python\Python310\site-packages\selenium\webdriver\remote\errorhandler.py", line 229, in check_response
    raise exception_class(message, screen, stacktrace)
selenium.common.exceptions.NoSuchWindowException: Message: no such window: target window already closed
from unknown error: web view not found
  (Session info: chrome=123.0.6312.123)
Stacktrace:
	GetHandleVerifier [0x00007FF6BBCD7032+63090]
	(No symbol) [0x00007FF6BBC42C82]
	(No symbol) [0x00007FF6BBADEC65]
	(No symbol) [0x00007FF6BBABCA7C]
	(No symbol) [0x00007FF6BBB4D687]
	(No symbol) [0x00007FF6BBB53CD2]
	(No symbol) [0x00007FF6BBB46FA0]
	(No symbol) [0x00007FF6BBB183A8]
	(No symbol) [0x00007FF6BBB19441]
	GetHandleVerifier [0x00007FF6BC0D25AD+4238317]
	GetHandleVerifier [0x00007FF6BC10F70D+4488525]
	GetHandleVerifier [0x00007FF6BC1079EF+4456495]
	GetHandleVerifier [0x00007FF6BBDB0576+953270]
	(No symbol) [0x00007FF6BBC4E54F]
	(No symbol) [0x00007FF6BBC49224]
	(No symbol) [0x00007FF6BBC4935B]
	(No symbol) [0x00007FF6BBC39B94]
	BaseThreadInitThunk [0x00007FFA9757257D+29]
	RtlUserThreadStart [0x00007FFA98AAAA48+40]

]]></error>
		<system-out><![CDATA[El texto encontrado es  MERCADOS
Se hizo clic en un icono de borrar.
No se encontraron más movimientos para borrar.
¡Input encontrado y enviado con éxito!
]]></system-out>
	</testcase>
</testsuite>
