<?xml version="1.0" encoding="UTF-8"?>
<testsuite name="precio_granos_fijaciones-20240417162753" tests="2" file=".py" time="8.544" timestamp="2024-04-17T16:28:01" failures="0" errors="2" skipped="0">
	<testcase classname="precio_granos_fijaciones" name="test_price_fixings" time="0.000" timestamp="0001-01-01T00:00:00" file="PrecioFijaciones.py" line="23">
		<error type="NoSuchWindowException" message="Message: no such window: target window already closed
from unknown error: web view not found
  (Session info: chrome=123.0.6312.123)
Stacktrace:
	GetHandleVerifier [0x00007FF7BDB37032+63090]
	(No symbol) [0x00007FF7BDAA2C82]
	(No symbol) [0x00007FF7BD93EC65]
	(No symbol) [0x00007FF7BD91CA7C]
	(No symbol) [0x00007FF7BD9AD687]
	(No symbol) [0x00007FF7BD9C2AC1]
	(No symbol) [0x00007FF7BD9A6D83]
	(No symbol) [0x00007FF7BD9783A8]
	(No symbol) [0x00007FF7BD979441]
	GetHandleVerifier [0x00007FF7BDF325AD+4238317]
	GetHandleVerifier [0x00007FF7BDF6F70D+4488525]
	GetHandleVerifier [0x00007FF7BDF679EF+4456495]
	GetHandleVerifier [0x00007FF7BDC10576+953270]
	(No symbol) [0x00007FF7BDAAE54F]
	(No symbol) [0x00007FF7BDAA9224]
	(No symbol) [0x00007FF7BDAA935B]
	(No symbol) [0x00007FF7BDA99B94]
	BaseThreadInitThunk [0x00007FFA9757257D+29]
	RtlUserThreadStart [0x00007FFA98AAAA48+40]
"><![CDATA[Traceback (most recent call last):
  File "c:\Users\luist\repos\Automatizaciones-SILOHUB-\PrecioFijaciones.py", line 26, in test_price_fixings
    self.login_sample.select_tenant()
  File "c:\Users\luist\repos\Automatizaciones-SILOHUB-\LoginSample.py", line 19, in select_tenant
    select_tenant = find_element_by_xpath(self.driver, "/html/body/app-root/app-layout/app-vertical/div/div/div/div/app-home-main/div/div[1]/app-tenant-main/app-tenant[8]/div/div/img")
  File "c:\Users\luist\repos\Automatizaciones-SILOHUB-\FindElements.py", line 14, in find_element_by_xpath
    return WebDriverWait(driver, 10).until(EC.presence_of_element_located((By.XPATH, xpath)))
  File "C:\Users\luist\AppData\Roaming\Python\Python310\site-packages\selenium\webdriver\support\wait.py", line 96, in until
    value = method(self._driver)
  File "C:\Users\luist\AppData\Roaming\Python\Python310\site-packages\selenium\webdriver\support\expected_conditions.py", line 84, in _predicate
    return driver.find_element(*locator)
  File "C:\Users\luist\AppData\Roaming\Python\Python310\site-packages\selenium\webdriver\remote\webdriver.py", line 742, in find_element
    return self.execute(Command.FIND_ELEMENT, {"using": by, "value": value})["value"]
  File "C:\Users\luist\AppData\Roaming\Python\Python310\site-packages\selenium\webdriver\remote\webdriver.py", line 348, in execute
    self.error_handler.check_response(response)
  File "C:\Users\luist\AppData\Roaming\Python\Python310\site-packages\selenium\webdriver\remote\errorhandler.py", line 229, in check_response
    raise exception_class(message, screen, stacktrace)
selenium.common.exceptions.NoSuchWindowException: Message: no such window: target window already closed
from unknown error: web view not found
  (Session info: chrome=123.0.6312.123)
Stacktrace:
	GetHandleVerifier [0x00007FF7BDB37032+63090]
	(No symbol) [0x00007FF7BDAA2C82]
	(No symbol) [0x00007FF7BD93EC65]
	(No symbol) [0x00007FF7BD91CA7C]
	(No symbol) [0x00007FF7BD9AD687]
	(No symbol) [0x00007FF7BD9C2AC1]
	(No symbol) [0x00007FF7BD9A6D83]
	(No symbol) [0x00007FF7BD9783A8]
	(No symbol) [0x00007FF7BD979441]
	GetHandleVerifier [0x00007FF7BDF325AD+4238317]
	GetHandleVerifier [0x00007FF7BDF6F70D+4488525]
	GetHandleVerifier [0x00007FF7BDF679EF+4456495]
	GetHandleVerifier [0x00007FF7BDC10576+953270]
	(No symbol) [0x00007FF7BDAAE54F]
	(No symbol) [0x00007FF7BDAA9224]
	(No symbol) [0x00007FF7BDAA935B]
	(No symbol) [0x00007FF7BDA99B94]
	BaseThreadInitThunk [0x00007FFA9757257D+29]
	RtlUserThreadStart [0x00007FFA98AAAA48+40]

]]></error>
	</testcase>
	<testcase classname="precio_granos_fijaciones" name="test_price_fixings" time="8.544" timestamp="2024-04-17T16:28:01" file="PrecioFijaciones.py" line="23">
		<error type="WebDriverException" message="Message: disconnected: not connected to DevTools
  (failed to check if window was closed: disconnected: not connected to DevTools)
  (Session info: chrome=123.0.6312.123)
Stacktrace:
	GetHandleVerifier [0x00007FF7BDB37032+63090]
	(No symbol) [0x00007FF7BDAA2C82]
	(No symbol) [0x00007FF7BD93EC65]
	(No symbol) [0x00007FF7BD92B1A5]
	(No symbol) [0x00007FF7BD92BA8F]
	(No symbol) [0x00007FF7BD93F1C5]
	(No symbol) [0x00007FF7BD91C65C]
	(No symbol) [0x00007FF7BD9B3C74]
	(No symbol) [0x00007FF7BD9A6FA0]
	(No symbol) [0x00007FF7BD9783A8]
	(No symbol) [0x00007FF7BD979441]
	GetHandleVerifier [0x00007FF7BDF325AD+4238317]
	GetHandleVerifier [0x00007FF7BDF6F70D+4488525]
	GetHandleVerifier [0x00007FF7BDF679EF+4456495]
	GetHandleVerifier [0x00007FF7BDC10576+953270]
	(No symbol) [0x00007FF7BDAAE54F]
	(No symbol) [0x00007FF7BDAA9224]
	(No symbol) [0x00007FF7BDAA935B]
	(No symbol) [0x00007FF7BDA99B94]
	BaseThreadInitThunk [0x00007FFA9757257D+29]
	RtlUserThreadStart [0x00007FFA98AAAA48+40]
"><![CDATA[Traceback (most recent call last):
  File "c:\Users\luist\repos\Automatizaciones-SILOHUB-\PrecioFijaciones.py", line 177, in tearDown
    self.driver.close()
  File "C:\Users\luist\AppData\Roaming\Python\Python310\site-packages\selenium\webdriver\remote\webdriver.py", line 459, in close
    self.execute(Command.CLOSE)
  File "C:\Users\luist\AppData\Roaming\Python\Python310\site-packages\selenium\webdriver\remote\webdriver.py", line 348, in execute
    self.error_handler.check_response(response)
  File "C:\Users\luist\AppData\Roaming\Python\Python310\site-packages\selenium\webdriver\remote\errorhandler.py", line 229, in check_response
    raise exception_class(message, screen, stacktrace)
selenium.common.exceptions.WebDriverException: Message: disconnected: not connected to DevTools
  (failed to check if window was closed: disconnected: not connected to DevTools)
  (Session info: chrome=123.0.6312.123)
Stacktrace:
	GetHandleVerifier [0x00007FF7BDB37032+63090]
	(No symbol) [0x00007FF7BDAA2C82]
	(No symbol) [0x00007FF7BD93EC65]
	(No symbol) [0x00007FF7BD92B1A5]
	(No symbol) [0x00007FF7BD92BA8F]
	(No symbol) [0x00007FF7BD93F1C5]
	(No symbol) [0x00007FF7BD91C65C]
	(No symbol) [0x00007FF7BD9B3C74]
	(No symbol) [0x00007FF7BD9A6FA0]
	(No symbol) [0x00007FF7BD9783A8]
	(No symbol) [0x00007FF7BD979441]
	GetHandleVerifier [0x00007FF7BDF325AD+4238317]
	GetHandleVerifier [0x00007FF7BDF6F70D+4488525]
	GetHandleVerifier [0x00007FF7BDF679EF+4456495]
	GetHandleVerifier [0x00007FF7BDC10576+953270]
	(No symbol) [0x00007FF7BDAAE54F]
	(No symbol) [0x00007FF7BDAA9224]
	(No symbol) [0x00007FF7BDAA935B]
	(No symbol) [0x00007FF7BDA99B94]
	BaseThreadInitThunk [0x00007FFA9757257D+29]
	RtlUserThreadStart [0x00007FFA98AAAA48+40]

]]></error>
	</testcase>
</testsuite>
