<?xml version="1.0" encoding="UTF-8"?>
<testsuite name="precio_granos_fijaciones-20240409154318" tests="1" file=".py" time="64.594" timestamp="2024-04-09T15:44:23" failures="0" errors="1" skipped="0">
	<testcase classname="precio_granos_fijaciones" name="test_granos_contratos" time="64.594" timestamp="2024-04-09T15:44:23" file="PrecioFijaciones.py" line="23">
		<error type="JavascriptException" message="Message: javascript error: {&quot;status&quot;:32,&quot;value&quot;:&quot;Unable to locate an element with the xpath expression /html/body/app-root/app-layout/app-vertical/div/div/div/div/app-market-main/app-grain-price/div[2]/app-grain-price-table[3]/div/div/table/tbody/tr[1]/td[5]/app-select/select/option[1]] because of the following error:\nSyntaxError: Failed to execute 'evaluate' on 'Document': The string '/html/body/app-root/app-layout/app-vertical/div/div/div/div/app-market-main/app-grain-price/div[2]/app-grain-price-table[3]/div/div/table/tbody/tr[1]/td[5]/app-select/select/option[1]]' is not a valid XPath expression.&quot;}
  (Session info: chrome=123.0.6312.106)
Stacktrace:
	GetHandleVerifier [0x00007FF6C6977072+63090]
	(No symbol) [0x00007FF6C68E2CC2]
	(No symbol) [0x00007FF6C677EC65]
	(No symbol) [0x00007FF6C6783D21]
	(No symbol) [0x00007FF6C6786159]
	(No symbol) [0x00007FF6C6786200]
	(No symbol) [0x00007FF6C67C460C]
	(No symbol) [0x00007FF6C67C4ADC]
	(No symbol) [0x00007FF6C6805B37]
	(No symbol) [0x00007FF6C67E701F]
	(No symbol) [0x00007FF6C6803412]
	(No symbol) [0x00007FF6C67E6D83]
	(No symbol) [0x00007FF6C67B83A8]
	(No symbol) [0x00007FF6C67B9441]
	GetHandleVerifier [0x00007FF6C6D725CD+4238285]
	GetHandleVerifier [0x00007FF6C6DAF72D+4488493]
	GetHandleVerifier [0x00007FF6C6DA7A0F+4456463]
	GetHandleVerifier [0x00007FF6C6A505B6+953270]
	(No symbol) [0x00007FF6C68EE58F]
	(No symbol) [0x00007FF6C68E9264]
	(No symbol) [0x00007FF6C68E939B]
	(No symbol) [0x00007FF6C68D9BD4]
	BaseThreadInitThunk [0x00007FFF9727257D+29]
	RtlUserThreadStart [0x00007FFF9922AA58+40]
"><![CDATA[Traceback (most recent call last):
  File "c:\Users\luist\repos\Automatizaciones-SILOHUB-\PrecioFijaciones.py", line 80, in test_granos_contratos
    select_option_click(self.driver, select_money, option_money )
  File "c:\Users\luist\repos\Automatizaciones-SILOHUB-\Elements.py", line 1001, in select_option_click
    upload_input_element = WebDriverWait(driver, 10).until(
  File "C:\Users\luist\AppData\Roaming\Python\Python310\site-packages\selenium\webdriver\support\wait.py", line 96, in until
    value = method(self._driver)
  File "C:\Users\luist\AppData\Roaming\Python\Python310\site-packages\selenium\webdriver\support\expected_conditions.py", line 363, in _predicate
    target = driver.find_element(*target)  # grab element at locator
  File "C:\Users\luist\AppData\Roaming\Python\Python310\site-packages\selenium\webdriver\remote\webdriver.py", line 742, in find_element
    return self.execute(Command.FIND_ELEMENT, {"using": by, "value": value})["value"]
  File "C:\Users\luist\AppData\Roaming\Python\Python310\site-packages\selenium\webdriver\remote\webdriver.py", line 348, in execute
    self.error_handler.check_response(response)
  File "C:\Users\luist\AppData\Roaming\Python\Python310\site-packages\selenium\webdriver\remote\errorhandler.py", line 229, in check_response
    raise exception_class(message, screen, stacktrace)
selenium.common.exceptions.JavascriptException: Message: javascript error: {"status":32,"value":"Unable to locate an element with the xpath expression /html/body/app-root/app-layout/app-vertical/div/div/div/div/app-market-main/app-grain-price/div[2]/app-grain-price-table[3]/div/div/table/tbody/tr[1]/td[5]/app-select/select/option[1]] because of the following error:\nSyntaxError: Failed to execute 'evaluate' on 'Document': The string '/html/body/app-root/app-layout/app-vertical/div/div/div/div/app-market-main/app-grain-price/div[2]/app-grain-price-table[3]/div/div/table/tbody/tr[1]/td[5]/app-select/select/option[1]]' is not a valid XPath expression."}
  (Session info: chrome=123.0.6312.106)
Stacktrace:
	GetHandleVerifier [0x00007FF6C6977072+63090]
	(No symbol) [0x00007FF6C68E2CC2]
	(No symbol) [0x00007FF6C677EC65]
	(No symbol) [0x00007FF6C6783D21]
	(No symbol) [0x00007FF6C6786159]
	(No symbol) [0x00007FF6C6786200]
	(No symbol) [0x00007FF6C67C460C]
	(No symbol) [0x00007FF6C67C4ADC]
	(No symbol) [0x00007FF6C6805B37]
	(No symbol) [0x00007FF6C67E701F]
	(No symbol) [0x00007FF6C6803412]
	(No symbol) [0x00007FF6C67E6D83]
	(No symbol) [0x00007FF6C67B83A8]
	(No symbol) [0x00007FF6C67B9441]
	GetHandleVerifier [0x00007FF6C6D725CD+4238285]
	GetHandleVerifier [0x00007FF6C6DAF72D+4488493]
	GetHandleVerifier [0x00007FF6C6DA7A0F+4456463]
	GetHandleVerifier [0x00007FF6C6A505B6+953270]
	(No symbol) [0x00007FF6C68EE58F]
	(No symbol) [0x00007FF6C68E9264]
	(No symbol) [0x00007FF6C68E939B]
	(No symbol) [0x00007FF6C68D9BD4]
	BaseThreadInitThunk [0x00007FFF9727257D+29]
	RtlUserThreadStart [0x00007FFF9922AA58+40]

]]></error>
		<system-out><![CDATA[El texto encontrado es  MERCADOS
Se hizo clic en un icono de borrar.
Se hizo clic en un icono de borrar.
Se hizo clic en un icono de borrar.
No se encontraron mÃ¡s movimientos para borrar.
]]></system-out>
	</testcase>
</testsuite>
