<?xml version="1.0" encoding="UTF-8"?>
<testsuite name="cuenta_entregas-20231212162459" tests="1" file=".py" time="43.320" timestamp="2023-12-12T16:25:42" failures="0" errors="1" skipped="0">
	<testcase classname="cuenta_entregas" name="test_cuenta_entregas" time="43.320" timestamp="2023-12-12T16:25:42" file="Entregas.py" line="33">
		<error type="NoSuchElementException" message="Message: no such element: Unable to locate element: {&quot;method&quot;:&quot;xpath&quot;,&quot;selector&quot;:&quot;/html/body/app-root/app-login-main/div/div[2]/div/app-login-form/div/div/div[1]/div/div[2]/form/div[4]/app-button/button&quot;}
  (Session info: chrome=120.0.6099.71); For documentation on this error, please visit: https://www.selenium.dev/documentation/webdriver/troubleshooting/errors#no-such-element-exception
Stacktrace:
	GetHandleVerifier [0x00007FF7E1E04D02+56194]
	(No symbol) [0x00007FF7E1D704B2]
	(No symbol) [0x00007FF7E1C176AA]
	(No symbol) [0x00007FF7E1C616D0]
	(No symbol) [0x00007FF7E1C617EC]
	(No symbol) [0x00007FF7E1CA4D77]
	(No symbol) [0x00007FF7E1C85EBF]
	(No symbol) [0x00007FF7E1CA2786]
	(No symbol) [0x00007FF7E1C85C23]
	(No symbol) [0x00007FF7E1C54A45]
	(No symbol) [0x00007FF7E1C55AD4]
	GetHandleVerifier [0x00007FF7E217D5BB+3695675]
	GetHandleVerifier [0x00007FF7E21D6197+4059159]
	GetHandleVerifier [0x00007FF7E21CDF63+4025827]
	GetHandleVerifier [0x00007FF7E1E9F029+687785]
	(No symbol) [0x00007FF7E1D7B508]
	(No symbol) [0x00007FF7E1D77564]
	(No symbol) [0x00007FF7E1D776E9]
	(No symbol) [0x00007FF7E1D68094]
	BaseThreadInitThunk [0x00007FFB1102257D+29]
	RtlUserThreadStart [0x00007FFB1232AA58+40]
"><![CDATA[Traceback (most recent call last):
  File "c:\Users\luist\repos\Automatizaciones-SILOHUB-\Entregas.py", line 39, in test_cuenta_entregas
    insertButton = self.driver.find_element(By.XPATH,"/html/body/app-root/app-login-main/div/div[2]/div/app-login-form/div/div/div[1]/div/div[2]/form/div[4]/app-button/button")
  File "C:\Users\luist\AppData\Roaming\Python\Python310\site-packages\selenium\webdriver\remote\webdriver.py", line 741, in find_element
    return self.execute(Command.FIND_ELEMENT, {"using": by, "value": value})["value"]
  File "C:\Users\luist\AppData\Roaming\Python\Python310\site-packages\selenium\webdriver\remote\webdriver.py", line 347, in execute
    self.error_handler.check_response(response)
  File "C:\Users\luist\AppData\Roaming\Python\Python310\site-packages\selenium\webdriver\remote\errorhandler.py", line 229, in check_response
    raise exception_class(message, screen, stacktrace)
selenium.common.exceptions.NoSuchElementException: Message: no such element: Unable to locate element: {"method":"xpath","selector":"/html/body/app-root/app-login-main/div/div[2]/div/app-login-form/div/div/div[1]/div/div[2]/form/div[4]/app-button/button"}
  (Session info: chrome=120.0.6099.71); For documentation on this error, please visit: https://www.selenium.dev/documentation/webdriver/troubleshooting/errors#no-such-element-exception
Stacktrace:
	GetHandleVerifier [0x00007FF7E1E04D02+56194]
	(No symbol) [0x00007FF7E1D704B2]
	(No symbol) [0x00007FF7E1C176AA]
	(No symbol) [0x00007FF7E1C616D0]
	(No symbol) [0x00007FF7E1C617EC]
	(No symbol) [0x00007FF7E1CA4D77]
	(No symbol) [0x00007FF7E1C85EBF]
	(No symbol) [0x00007FF7E1CA2786]
	(No symbol) [0x00007FF7E1C85C23]
	(No symbol) [0x00007FF7E1C54A45]
	(No symbol) [0x00007FF7E1C55AD4]
	GetHandleVerifier [0x00007FF7E217D5BB+3695675]
	GetHandleVerifier [0x00007FF7E21D6197+4059159]
	GetHandleVerifier [0x00007FF7E21CDF63+4025827]
	GetHandleVerifier [0x00007FF7E1E9F029+687785]
	(No symbol) [0x00007FF7E1D7B508]
	(No symbol) [0x00007FF7E1D77564]
	(No symbol) [0x00007FF7E1D776E9]
	(No symbol) [0x00007FF7E1D68094]
	BaseThreadInitThunk [0x00007FFB1102257D+29]
	RtlUserThreadStart [0x00007FFB1232AA58+40]

]]></error>
	</testcase>
</testsuite>
