<?xml version="1.0" encoding="UTF-8"?>
<testsuite name="cuenta_entregas-20231212161502" tests="1" file=".py" time="34.898" timestamp="2023-12-12T16:15:37" failures="0" errors="1" skipped="0">
	<testcase classname="cuenta_entregas" name="test_cuenta_entregas" time="34.898" timestamp="2023-12-12T16:15:37" file="Entregas.py" line="32">
		<error type="TimeoutException" message="Message: 
Stacktrace:
	GetHandleVerifier [0x00007FF7E1E04D02+56194]
	(No symbol) [0x00007FF7E1D704B2]
	(No symbol) [0x00007FF7E1C176AA]
	(No symbol) [0x00007FF7E1C616D0]
	(No symbol) [0x00007FF7E1C617EC]
	(No symbol) [0x00007FF7E1CA4D77]
	(No symbol) [0x00007FF7E1C85EBF]
	(No symbol) [0x00007FF7E1CA2786]
	(No symbol) [0x00007FF7E1C85C23]
	(No symbol) [0x00007FF7E1C54A45]
	(No symbol) [0x00007FF7E1C55AD4]
	GetHandleVerifier [0x00007FF7E217D5BB+3695675]
	GetHandleVerifier [0x00007FF7E21D6197+4059159]
	GetHandleVerifier [0x00007FF7E21CDF63+4025827]
	GetHandleVerifier [0x00007FF7E1E9F029+687785]
	(No symbol) [0x00007FF7E1D7B508]
	(No symbol) [0x00007FF7E1D77564]
	(No symbol) [0x00007FF7E1D776E9]
	(No symbol) [0x00007FF7E1D68094]
	BaseThreadInitThunk [0x00007FFB1102257D+29]
	RtlUserThreadStart [0x00007FFB1232AA58+40]
"><![CDATA[Traceback (most recent call last):
  File "c:\Users\luist\repos\Automatizaciones-SILOHUB-\Entregas.py", line 36, in test_cuenta_entregas
    self.login_helper.search_and_select_account("1023")
  File "c:\Users\luist\repos\Automatizaciones-SILOHUB-\loginhelper.py", line 28, in search_and_select_account
    element_to_click = find_element_by_css_selector(self.driver, "#search-dropdown > app-accounts-list > ngx-simplebar > div.simplebar-wrapper > div.simplebar-mask > div > div > div > div > div.dropdown-sub-item.accounts-numbers")
  File "c:\Users\luist\repos\Automatizaciones-SILOHUB-\findElements.py", line 12, in find_element_by_css_selector
    return WebDriverWait(driver, 10).until(EC.presence_of_element_located((By.CSS_SELECTOR, css_selector)))
  File "C:\Users\luist\AppData\Roaming\Python\Python310\site-packages\selenium\webdriver\support\wait.py", line 101, in until
    raise TimeoutException(message, screen, stacktrace)
selenium.common.exceptions.TimeoutException: Message: 
Stacktrace:
	GetHandleVerifier [0x00007FF7E1E04D02+56194]
	(No symbol) [0x00007FF7E1D704B2]
	(No symbol) [0x00007FF7E1C176AA]
	(No symbol) [0x00007FF7E1C616D0]
	(No symbol) [0x00007FF7E1C617EC]
	(No symbol) [0x00007FF7E1CA4D77]
	(No symbol) [0x00007FF7E1C85EBF]
	(No symbol) [0x00007FF7E1CA2786]
	(No symbol) [0x00007FF7E1C85C23]
	(No symbol) [0x00007FF7E1C54A45]
	(No symbol) [0x00007FF7E1C55AD4]
	GetHandleVerifier [0x00007FF7E217D5BB+3695675]
	GetHandleVerifier [0x00007FF7E21D6197+4059159]
	GetHandleVerifier [0x00007FF7E21CDF63+4025827]
	GetHandleVerifier [0x00007FF7E1E9F029+687785]
	(No symbol) [0x00007FF7E1D7B508]
	(No symbol) [0x00007FF7E1D77564]
	(No symbol) [0x00007FF7E1D776E9]
	(No symbol) [0x00007FF7E1D68094]
	BaseThreadInitThunk [0x00007FFB1102257D+29]
	RtlUserThreadStart [0x00007FFB1232AA58+40]

]]></error>
	</testcase>
</testsuite>
