<?xml version="1.0" encoding="UTF-8"?>
<testsuite name="cuenta_entregas-20231212164049" tests="1" file=".py" time="86.550" timestamp="2023-12-12T16:42:15" failures="0" errors="1" skipped="0">
	<testcase classname="cuenta_entregas" name="test_cuenta_entregas" time="86.550" timestamp="2023-12-12T16:42:15" file="Entregas.py" line="35">
		<error type="NoSuchElementException" message="Message: no such element: Unable to locate element: {&quot;method&quot;:&quot;xpath&quot;,&quot;selector&quot;:&quot;/html/body/app-root/app-layout/app-vertical/div/div/div/div/app-deliveries/app-deliveries-shared/app-responsive-table/div/table/tbody/tr[3]/td[2]/span/span&quot;}
  (Session info: chrome=120.0.6099.71); For documentation on this error, please visit: https://www.selenium.dev/documentation/webdriver/troubleshooting/errors#no-such-element-exception
Stacktrace:
	GetHandleVerifier [0x00007FF7C6CE4D02+56194]
	(No symbol) [0x00007FF7C6C504B2]
	(No symbol) [0x00007FF7C6AF76AA]
	(No symbol) [0x00007FF7C6B416D0]
	(No symbol) [0x00007FF7C6B417EC]
	(No symbol) [0x00007FF7C6B84D77]
	(No symbol) [0x00007FF7C6B65EBF]
	(No symbol) [0x00007FF7C6B82786]
	(No symbol) [0x00007FF7C6B65C23]
	(No symbol) [0x00007FF7C6B34A45]
	(No symbol) [0x00007FF7C6B35AD4]
	GetHandleVerifier [0x00007FF7C705D5BB+3695675]
	GetHandleVerifier [0x00007FF7C70B6197+4059159]
	GetHandleVerifier [0x00007FF7C70ADF63+4025827]
	GetHandleVerifier [0x00007FF7C6D7F029+687785]
	(No symbol) [0x00007FF7C6C5B508]
	(No symbol) [0x00007FF7C6C57564]
	(No symbol) [0x00007FF7C6C576E9]
	(No symbol) [0x00007FF7C6C48094]
	BaseThreadInitThunk [0x00007FFB1102257D+29]
	RtlUserThreadStart [0x00007FFB1232AA58+40]
"><![CDATA[Traceback (most recent call last):
  File "c:\Users\luist\repos\Automatizaciones-SILOHUB-\Entregas.py", line 164, in test_cuenta_entregas
    insert_movemenst = self.driver.find_element(By.XPATH,"/html/body/app-root/app-layout/app-vertical/div/div/div/div/app-deliveries/app-deliveries-shared/app-responsive-table/div/table/tbody/tr[3]/td[2]/span/span")
  File "C:\Users\luist\AppData\Roaming\Python\Python310\site-packages\selenium\webdriver\remote\webdriver.py", line 741, in find_element
    return self.execute(Command.FIND_ELEMENT, {"using": by, "value": value})["value"]
  File "C:\Users\luist\AppData\Roaming\Python\Python310\site-packages\selenium\webdriver\remote\webdriver.py", line 347, in execute
    self.error_handler.check_response(response)
  File "C:\Users\luist\AppData\Roaming\Python\Python310\site-packages\selenium\webdriver\remote\errorhandler.py", line 229, in check_response
    raise exception_class(message, screen, stacktrace)
selenium.common.exceptions.NoSuchElementException: Message: no such element: Unable to locate element: {"method":"xpath","selector":"/html/body/app-root/app-layout/app-vertical/div/div/div/div/app-deliveries/app-deliveries-shared/app-responsive-table/div/table/tbody/tr[3]/td[2]/span/span"}
  (Session info: chrome=120.0.6099.71); For documentation on this error, please visit: https://www.selenium.dev/documentation/webdriver/troubleshooting/errors#no-such-element-exception
Stacktrace:
	GetHandleVerifier [0x00007FF7C6CE4D02+56194]
	(No symbol) [0x00007FF7C6C504B2]
	(No symbol) [0x00007FF7C6AF76AA]
	(No symbol) [0x00007FF7C6B416D0]
	(No symbol) [0x00007FF7C6B417EC]
	(No symbol) [0x00007FF7C6B84D77]
	(No symbol) [0x00007FF7C6B65EBF]
	(No symbol) [0x00007FF7C6B82786]
	(No symbol) [0x00007FF7C6B65C23]
	(No symbol) [0x00007FF7C6B34A45]
	(No symbol) [0x00007FF7C6B35AD4]
	GetHandleVerifier [0x00007FF7C705D5BB+3695675]
	GetHandleVerifier [0x00007FF7C70B6197+4059159]
	GetHandleVerifier [0x00007FF7C70ADF63+4025827]
	GetHandleVerifier [0x00007FF7C6D7F029+687785]
	(No symbol) [0x00007FF7C6C5B508]
	(No symbol) [0x00007FF7C6C57564]
	(No symbol) [0x00007FF7C6C576E9]
	(No symbol) [0x00007FF7C6C48094]
	BaseThreadInitThunk [0x00007FFB1102257D+29]
	RtlUserThreadStart [0x00007FFB1232AA58+40]

]]></error>
		<system-out><![CDATA[El titulo de la pagina es: MIS ENTREGAS
El monto de tn brutos es: 20.973.734,00
El monto de tn netos es: 19.737.664,00
]]></system-out>
	</testcase>
</testsuite>
