<?xml version="1.0" encoding="UTF-8"?>
<testsuite name="cuenta_entregas-20231212162646" tests="1" file=".py" time="28.246" timestamp="2023-12-12T16:27:14" failures="0" errors="1" skipped="0">
	<testcase classname="cuenta_entregas" name="test_cuenta_entregas" time="28.246" timestamp="2023-12-12T16:27:14" file="Entregas.py" line="35">
		<error type="StaleElementReferenceException" message="Message: stale element reference: stale element not found
  (Session info: chrome=120.0.6099.71); For documentation on this error, please visit: https://www.selenium.dev/documentation/webdriver/troubleshooting/errors#stale-element-reference-exception
Stacktrace:
	GetHandleVerifier [0x00007FF7E1E04D02+56194]
	(No symbol) [0x00007FF7E1D704B2]
	(No symbol) [0x00007FF7E1C176AA]
	(No symbol) [0x00007FF7E1C1CFC0]
	(No symbol) [0x00007FF7E1C1F38F]
	(No symbol) [0x00007FF7E1C1F480]
	(No symbol) [0x00007FF7E1C68655]
	(No symbol) [0x00007FF7E1C663B7]
	(No symbol) [0x00007FF7E1C63F5C]
	(No symbol) [0x00007FF7E1C62D15]
	(No symbol) [0x00007FF7E1C5687F]
	(No symbol) [0x00007FF7E1C85E7A]
	(No symbol) [0x00007FF7E1C56226]
	(No symbol) [0x00007FF7E1C86320]
	(No symbol) [0x00007FF7E1CA2786]
	(No symbol) [0x00007FF7E1C85C23]
	(No symbol) [0x00007FF7E1C54A45]
	(No symbol) [0x00007FF7E1C55AD4]
	GetHandleVerifier [0x00007FF7E217D5BB+3695675]
	GetHandleVerifier [0x00007FF7E21D6197+4059159]
	GetHandleVerifier [0x00007FF7E21CDF63+4025827]
	GetHandleVerifier [0x00007FF7E1E9F029+687785]
	(No symbol) [0x00007FF7E1D7B508]
	(No symbol) [0x00007FF7E1D77564]
	(No symbol) [0x00007FF7E1D776E9]
	(No symbol) [0x00007FF7E1D68094]
	BaseThreadInitThunk [0x00007FFB1102257D+29]
	RtlUserThreadStart [0x00007FFB1232AA58+40]
"><![CDATA[Traceback (most recent call last):
  File "c:\Users\luist\repos\Automatizaciones-SILOHUB-\Entregas.py", line 46, in test_cuenta_entregas
    select_menu_Account.click()
  File "C:\Users\luist\AppData\Roaming\Python\Python310\site-packages\selenium\webdriver\remote\webelement.py", line 93, in click
    self._execute(Command.CLICK_ELEMENT)
  File "C:\Users\luist\AppData\Roaming\Python\Python310\site-packages\selenium\webdriver\remote\webelement.py", line 394, in _execute
    return self._parent.execute(command, params)
  File "C:\Users\luist\AppData\Roaming\Python\Python310\site-packages\selenium\webdriver\remote\webdriver.py", line 347, in execute
    self.error_handler.check_response(response)
  File "C:\Users\luist\AppData\Roaming\Python\Python310\site-packages\selenium\webdriver\remote\errorhandler.py", line 229, in check_response
    raise exception_class(message, screen, stacktrace)
selenium.common.exceptions.StaleElementReferenceException: Message: stale element reference: stale element not found
  (Session info: chrome=120.0.6099.71); For documentation on this error, please visit: https://www.selenium.dev/documentation/webdriver/troubleshooting/errors#stale-element-reference-exception
Stacktrace:
	GetHandleVerifier [0x00007FF7E1E04D02+56194]
	(No symbol) [0x00007FF7E1D704B2]
	(No symbol) [0x00007FF7E1C176AA]
	(No symbol) [0x00007FF7E1C1CFC0]
	(No symbol) [0x00007FF7E1C1F38F]
	(No symbol) [0x00007FF7E1C1F480]
	(No symbol) [0x00007FF7E1C68655]
	(No symbol) [0x00007FF7E1C663B7]
	(No symbol) [0x00007FF7E1C63F5C]
	(No symbol) [0x00007FF7E1C62D15]
	(No symbol) [0x00007FF7E1C5687F]
	(No symbol) [0x00007FF7E1C85E7A]
	(No symbol) [0x00007FF7E1C56226]
	(No symbol) [0x00007FF7E1C86320]
	(No symbol) [0x00007FF7E1CA2786]
	(No symbol) [0x00007FF7E1C85C23]
	(No symbol) [0x00007FF7E1C54A45]
	(No symbol) [0x00007FF7E1C55AD4]
	GetHandleVerifier [0x00007FF7E217D5BB+3695675]
	GetHandleVerifier [0x00007FF7E21D6197+4059159]
	GetHandleVerifier [0x00007FF7E21CDF63+4025827]
	GetHandleVerifier [0x00007FF7E1E9F029+687785]
	(No symbol) [0x00007FF7E1D7B508]
	(No symbol) [0x00007FF7E1D77564]
	(No symbol) [0x00007FF7E1D776E9]
	(No symbol) [0x00007FF7E1D68094]
	BaseThreadInitThunk [0x00007FFB1102257D+29]
	RtlUserThreadStart [0x00007FFB1232AA58+40]

]]></error>
	</testcase>
</testsuite>
