<?xml version="1.0" encoding="UTF-8"?>
<testsuite name="cuenta_entregas-20231212164347" tests="1" file=".py" time="41.902" timestamp="2023-12-12T16:44:29" failures="0" errors="1" skipped="0">
	<testcase classname="cuenta_entregas" name="test_cuenta_entregas" time="41.902" timestamp="2023-12-12T16:44:29" file="Entregas.py" line="35">
		<error type="ElementNotInteractableException" message="Message: element not interactable
  (Session info: chrome=120.0.6099.71)
Stacktrace:
	GetHandleVerifier [0x00007FF7C6CE4D02+56194]
	(No symbol) [0x00007FF7C6C504B2]
	(No symbol) [0x00007FF7C6AF74C3]
	(No symbol) [0x00007FF7C6B42B99]
	(No symbol) [0x00007FF7C6B3687F]
	(No symbol) [0x00007FF7C6B65E7A]
	(No symbol) [0x00007FF7C6B36226]
	(No symbol) [0x00007FF7C6B66320]
	(No symbol) [0x00007FF7C6B82786]
	(No symbol) [0x00007FF7C6B65C23]
	(No symbol) [0x00007FF7C6B34A45]
	(No symbol) [0x00007FF7C6B35AD4]
	GetHandleVerifier [0x00007FF7C705D5BB+3695675]
	GetHandleVerifier [0x00007FF7C70B6197+4059159]
	GetHandleVerifier [0x00007FF7C70ADF63+4025827]
	GetHandleVerifier [0x00007FF7C6D7F029+687785]
	(No symbol) [0x00007FF7C6C5B508]
	(No symbol) [0x00007FF7C6C57564]
	(No symbol) [0x00007FF7C6C576E9]
	(No symbol) [0x00007FF7C6C48094]
	BaseThreadInitThunk [0x00007FFB1102257D+29]
	RtlUserThreadStart [0x00007FFB1232AA58+40]
"><![CDATA[Traceback (most recent call last):
  File "c:\Users\luist\repos\Automatizaciones-SILOHUB-\Entregas.py", line 51, in test_cuenta_entregas
    select_deliveries.click()
  File "C:\Users\luist\AppData\Roaming\Python\Python310\site-packages\selenium\webdriver\remote\webelement.py", line 93, in click
    self._execute(Command.CLICK_ELEMENT)
  File "C:\Users\luist\AppData\Roaming\Python\Python310\site-packages\selenium\webdriver\remote\webelement.py", line 394, in _execute
    return self._parent.execute(command, params)
  File "C:\Users\luist\AppData\Roaming\Python\Python310\site-packages\selenium\webdriver\remote\webdriver.py", line 347, in execute
    self.error_handler.check_response(response)
  File "C:\Users\luist\AppData\Roaming\Python\Python310\site-packages\selenium\webdriver\remote\errorhandler.py", line 229, in check_response
    raise exception_class(message, screen, stacktrace)
selenium.common.exceptions.ElementNotInteractableException: Message: element not interactable
  (Session info: chrome=120.0.6099.71)
Stacktrace:
	GetHandleVerifier [0x00007FF7C6CE4D02+56194]
	(No symbol) [0x00007FF7C6C504B2]
	(No symbol) [0x00007FF7C6AF74C3]
	(No symbol) [0x00007FF7C6B42B99]
	(No symbol) [0x00007FF7C6B3687F]
	(No symbol) [0x00007FF7C6B65E7A]
	(No symbol) [0x00007FF7C6B36226]
	(No symbol) [0x00007FF7C6B66320]
	(No symbol) [0x00007FF7C6B82786]
	(No symbol) [0x00007FF7C6B65C23]
	(No symbol) [0x00007FF7C6B34A45]
	(No symbol) [0x00007FF7C6B35AD4]
	GetHandleVerifier [0x00007FF7C705D5BB+3695675]
	GetHandleVerifier [0x00007FF7C70B6197+4059159]
	GetHandleVerifier [0x00007FF7C70ADF63+4025827]
	GetHandleVerifier [0x00007FF7C6D7F029+687785]
	(No symbol) [0x00007FF7C6C5B508]
	(No symbol) [0x00007FF7C6C57564]
	(No symbol) [0x00007FF7C6C576E9]
	(No symbol) [0x00007FF7C6C48094]
	BaseThreadInitThunk [0x00007FFB1102257D+29]
	RtlUserThreadStart [0x00007FFB1232AA58+40]

]]></error>
	</testcase>
</testsuite>
