<?xml version="1.0" encoding="UTF-8"?>
<testsuite name="reporte_entregas_ventas-20231025161027" tests="1" file=".py" time="64.353" timestamp="2023-10-25T16:11:32" failures="0" errors="1" skipped="0">
	<testcase classname="reporte_entregas_ventas" name="test_reports_entregas_ventas" time="64.353" timestamp="2023-10-25T16:11:32" file="ReportEntreVentas.py" line="23">
		<error type="ElementNotInteractableException" message="Message: element not interactable
  (Session info: chrome=118.0.5993.89)
Stacktrace:
	GetHandleVerifier [0x00007FF6795E8EF2+54786]
	(No symbol) [0x00007FF679555612]
	(No symbol) [0x00007FF67940A4FD]
	(No symbol) [0x00007FF67944CB85]
	(No symbol) [0x00007FF6794429CF]
	(No symbol) [0x00007FF67946BE6A]
	(No symbol) [0x00007FF6794422E6]
	(No symbol) [0x00007FF67946C080]
	(No symbol) [0x00007FF679484D02]
	(No symbol) [0x00007FF67946BC43]
	(No symbol) [0x00007FF679440941]
	(No symbol) [0x00007FF679441B84]
	GetHandleVerifier [0x00007FF679937F52+3524194]
	GetHandleVerifier [0x00007FF67998D800+3874576]
	GetHandleVerifier [0x00007FF679985D7F+3843215]
	GetHandleVerifier [0x00007FF679685086+694166]
	(No symbol) [0x00007FF679560A88]
	(No symbol) [0x00007FF67955CA94]
	(No symbol) [0x00007FF67955CBC2]
	(No symbol) [0x00007FF67954CC83]
	BaseThreadInitThunk [0x00007FFD56FC257D+29]
	RtlUserThreadStart [0x00007FFD579AAA78+40]
"><![CDATA[Traceback (most recent call last):
  File "c:\Users\luist\repos\Automatizaciones-SILOHUB-\ReportEntreVentas.py", line 66, in test_reports_entregas_ventas
    select_menu_reports.click()
  File "C:\Users\luist\AppData\Roaming\Python\Python310\site-packages\selenium\webdriver\remote\webelement.py", line 89, in click
    self._execute(Command.CLICK_ELEMENT)
  File "C:\Users\luist\AppData\Roaming\Python\Python310\site-packages\selenium\webdriver\remote\webelement.py", line 773, in _execute
    return self._parent.execute(command, params)
  File "C:\Users\luist\AppData\Roaming\Python\Python310\site-packages\selenium\webdriver\remote\webdriver.py", line 430, in execute
    self.error_handler.check_response(response)
  File "C:\Users\luist\AppData\Roaming\Python\Python310\site-packages\selenium\webdriver\remote\errorhandler.py", line 247, in check_response
    raise exception_class(message, screen, stacktrace)
selenium.common.exceptions.ElementNotInteractableException: Message: element not interactable
  (Session info: chrome=118.0.5993.89)
Stacktrace:
	GetHandleVerifier [0x00007FF6795E8EF2+54786]
	(No symbol) [0x00007FF679555612]
	(No symbol) [0x00007FF67940A4FD]
	(No symbol) [0x00007FF67944CB85]
	(No symbol) [0x00007FF6794429CF]
	(No symbol) [0x00007FF67946BE6A]
	(No symbol) [0x00007FF6794422E6]
	(No symbol) [0x00007FF67946C080]
	(No symbol) [0x00007FF679484D02]
	(No symbol) [0x00007FF67946BC43]
	(No symbol) [0x00007FF679440941]
	(No symbol) [0x00007FF679441B84]
	GetHandleVerifier [0x00007FF679937F52+3524194]
	GetHandleVerifier [0x00007FF67998D800+3874576]
	GetHandleVerifier [0x00007FF679985D7F+3843215]
	GetHandleVerifier [0x00007FF679685086+694166]
	(No symbol) [0x00007FF679560A88]
	(No symbol) [0x00007FF67955CA94]
	(No symbol) [0x00007FF67955CBC2]
	(No symbol) [0x00007FF67954CC83]
	BaseThreadInitThunk [0x00007FFD56FC257D+29]
	RtlUserThreadStart [0x00007FFD579AAA78+40]

]]></error>
		<system-err><![CDATA[c:\Users\luist\repos\Automatizaciones-SILOHUB-\ReportEntreVentas.py:17: DeprecationWarning: executable_path has been deprecated, please pass in a Service object
  self.driver = webdriver.Chrome(executable_path=r"C:\driverchrome\chromedriver-win64\chromedriver.exe")
c:\Users\luist\repos\Automatizaciones-SILOHUB-\ReportEntreVentas.py:25: DeprecationWarning: find_element_by_* commands are deprecated. Please use find_element() instead
  usermane = driver.find_element_by_id("email")
c:\Users\luist\repos\Automatizaciones-SILOHUB-\ReportEntreVentas.py:31: DeprecationWarning: find_element_by_* commands are deprecated. Please use find_element() instead
  passworUser = driver.find_element_by_id("password")
c:\Users\luist\repos\Automatizaciones-SILOHUB-\ReportEntreVentas.py:36: DeprecationWarning: find_element_by_xpath is deprecated. Please use find_element(by=By.XPATH, value=xpath) instead
  insertButton = driver.find_element_by_xpath("/html/body/app-root/app-login-main/div/div[2]/div/app-login-form/div/div/div[1]/div/div[2]/form/div[4]/app-button/button")
c:\Users\luist\repos\Automatizaciones-SILOHUB-\ReportEntreVentas.py:41: DeprecationWarning: find_element_by_xpath is deprecated. Please use find_element(by=By.XPATH, value=xpath) instead
  selectTenant = driver.find_element_by_xpath("/html/body/app-root/app-layout/app-vertical/div/div/div/div/app-home-main/div/div[1]/app-tenant-main/app-tenant[8]/div/div/img")
c:\Users\luist\repos\Automatizaciones-SILOHUB-\ReportEntreVentas.py:57: DeprecationWarning: find_element_by_xpath is deprecated. Please use find_element(by=By.XPATH, value=xpath) instead
  select_menu_Account = driver.find_element_by_xpath(
c:\Users\luist\repos\Automatizaciones-SILOHUB-\ReportEntreVentas.py:65: DeprecationWarning: find_element_by_xpath is deprecated. Please use find_element(by=By.XPATH, value=xpath) instead
  select_menu_reports = driver.find_element_by_xpath("/html/body/app-root/app-layout/app-vertical/div/app-sidebar/div[1]/div[3]/div[1]/ngx-simplebar/div[1]/div[2]/div/div/div/ul/li[5]/div/ul/li[6]/a")
]]></system-err>
	</testcase>
</testsuite>
