<?xml version="1.0" encoding="UTF-8"?>
<testsuite name="reportEntregasVentas-20240202120118" tests="1" file=".py" time="70.687" timestamp="2024-02-02T12:02:29" failures="0" errors="1" skipped="0">
	<testcase classname="reportEntregasVentas" name="test_Report_deliverySales" time="70.687" timestamp="2024-02-02T12:02:29" file="ReportEntreVentas.py" line="17">
		<error type="InvalidSelectorException" message="Message: invalid selector: The result of the xpath expression &quot;/html/body/app-root/app-layout/app-vertical/div/div/div/div/sales-deliveries/app-responsive-table/div/div[2]/table/tbody/tr[1]/td[2]/span/span/text()&quot; is: [object Text]. It should be an element.
  (Session info: chrome=121.0.6167.140); For documentation on this error, please visit: https://www.selenium.dev/documentation/webdriver/troubleshooting/errors#invalid-selector-exception
Stacktrace:
	GetHandleVerifier [0x00007FF79EB95E42+3538674]
	(No symbol) [0x00007FF79E7B4C02]
	(No symbol) [0x00007FF79E665AEB]
	(No symbol) [0x00007FF79E66AD39]
	(No symbol) [0x00007FF79E66D150]
	(No symbol) [0x00007FF79E66D210]
	(No symbol) [0x00007FF79E6ABBBC]
	(No symbol) [0x00007FF79E6AC0CC]
	(No symbol) [0x00007FF79E6EE477]
	(No symbol) [0x00007FF79E6CF0EF]
	(No symbol) [0x00007FF79E6EBDE3]
	(No symbol) [0x00007FF79E6CEE53]
	(No symbol) [0x00007FF79E69F514]
	(No symbol) [0x00007FF79E6A0631]
	GetHandleVerifier [0x00007FF79EBC6CAD+3738973]
	GetHandleVerifier [0x00007FF79EC1C506+4089270]
	GetHandleVerifier [0x00007FF79EC14823+4057299]
	GetHandleVerifier [0x00007FF79E8E5C49+720121]
	(No symbol) [0x00007FF79E7C126F]
	(No symbol) [0x00007FF79E7BC304]
	(No symbol) [0x00007FF79E7BC432]
	(No symbol) [0x00007FF79E7ABD04]
	BaseThreadInitThunk [0x00007FFEF135257D+29]
	RtlUserThreadStart [0x00007FFEF336AA58+40]
"><![CDATA[Traceback (most recent call last):
  File "c:\Users\luist\repos\Automatizaciones-SILOHUB-\ReportEntreVentas.py", line 78, in test_Report_deliverySales
    validate_character_numeric_element(self.driver,total_delivered)
  File "c:\Users\luist\repos\Automatizaciones-SILOHUB-\Elements.py", line 860, in validate_character_numeric_element
    elemento = driver.find_element(By.XPATH, xpath)
  File "C:\Users\luist\AppData\Roaming\Python\Python310\site-packages\selenium\webdriver\remote\webdriver.py", line 742, in find_element
    return self.execute(Command.FIND_ELEMENT, {"using": by, "value": value})["value"]
  File "C:\Users\luist\AppData\Roaming\Python\Python310\site-packages\selenium\webdriver\remote\webdriver.py", line 348, in execute
    self.error_handler.check_response(response)
  File "C:\Users\luist\AppData\Roaming\Python\Python310\site-packages\selenium\webdriver\remote\errorhandler.py", line 229, in check_response
    raise exception_class(message, screen, stacktrace)
selenium.common.exceptions.InvalidSelectorException: Message: invalid selector: The result of the xpath expression "/html/body/app-root/app-layout/app-vertical/div/div/div/div/sales-deliveries/app-responsive-table/div/div[2]/table/tbody/tr[1]/td[2]/span/span/text()" is: [object Text]. It should be an element.
  (Session info: chrome=121.0.6167.140); For documentation on this error, please visit: https://www.selenium.dev/documentation/webdriver/troubleshooting/errors#invalid-selector-exception
Stacktrace:
	GetHandleVerifier [0x00007FF79EB95E42+3538674]
	(No symbol) [0x00007FF79E7B4C02]
	(No symbol) [0x00007FF79E665AEB]
	(No symbol) [0x00007FF79E66AD39]
	(No symbol) [0x00007FF79E66D150]
	(No symbol) [0x00007FF79E66D210]
	(No symbol) [0x00007FF79E6ABBBC]
	(No symbol) [0x00007FF79E6AC0CC]
	(No symbol) [0x00007FF79E6EE477]
	(No symbol) [0x00007FF79E6CF0EF]
	(No symbol) [0x00007FF79E6EBDE3]
	(No symbol) [0x00007FF79E6CEE53]
	(No symbol) [0x00007FF79E69F514]
	(No symbol) [0x00007FF79E6A0631]
	GetHandleVerifier [0x00007FF79EBC6CAD+3738973]
	GetHandleVerifier [0x00007FF79EC1C506+4089270]
	GetHandleVerifier [0x00007FF79EC14823+4057299]
	GetHandleVerifier [0x00007FF79E8E5C49+720121]
	(No symbol) [0x00007FF79E7C126F]
	(No symbol) [0x00007FF79E7BC304]
	(No symbol) [0x00007FF79E7BC432]
	(No symbol) [0x00007FF79E7ABD04]
	BaseThreadInitThunk [0x00007FFEF135257D+29]
	RtlUserThreadStart [0x00007FFEF336AA58+40]

]]></error>
		<system-out><![CDATA[¡Elemento encontrado y clickeado con éxito!
¡Elemento encontrado y clickeado con éxito!
¡Elemento encontrado y clickeado con éxito!
¡Elemento encontrado y clickeado con éxito!
¡Elemento encontrado y clickeado con éxito!
¡Elemento encontrado y clickeado con éxito!
¡Elemento encontrado y clickeado con éxito!
El texto encontrado es  Entregas y Ventas
El texto encontrado es  Soja
El texto encontrado es  23/24
El texto encontrado es  Kilos Entregados
]]></system-out>
	</testcase>
</testsuite>
