<?xml version="1.0" encoding="UTF-8"?>
<testsuite name="comprobanteContrato-20240126135152" tests="1" file=".py" time="22.088" timestamp="2024-01-26T13:52:14" failures="0" errors="1" skipped="0">
	<testcase classname="comprobanteContrato" name="test_vouchers_contract" time="22.088" timestamp="2024-01-26T13:52:14" file="comproContratos.py" line="16">
		<error type="ElementClickInterceptedException" message="Message: element click intercepted: Element &lt;input _ngcontent-vux-c153=&quot;&quot; type=&quot;radio&quot; class=&quot;form-check-input&quot; name=&quot;undefined&quot; id=&quot;Contratos&quot;&gt; is not clickable at point (1362, 173). Other element would receive the click: &lt;div _ngcontent-vux-c153=&quot;&quot; class=&quot;form-check form-radio-primary&quot;&gt;...&lt;/div&gt;
  (Session info: chrome=120.0.6099.225)
Stacktrace:
	GetHandleVerifier [0x00007FF724F62142+3514994]
	(No symbol) [0x00007FF724B80CE2]
	(No symbol) [0x00007FF724A276AA]
	(No symbol) [0x00007FF724A788F3]
	(No symbol) [0x00007FF724A768ED]
	(No symbol) [0x00007FF724A740EC]
	(No symbol) [0x00007FF724A72EA5]
	(No symbol) [0x00007FF724A66A0F]
	(No symbol) [0x00007FF724A95FEA]
	(No symbol) [0x00007FF724A663B6]
	(No symbol) [0x00007FF724A96490]
	(No symbol) [0x00007FF724AB28F6]
	(No symbol) [0x00007FF724A95D93]
	(No symbol) [0x00007FF724A64BDC]
	(No symbol) [0x00007FF724A65C64]
	GetHandleVerifier [0x00007FF724F8E16B+3695259]
	GetHandleVerifier [0x00007FF724FE6737+4057191]
	GetHandleVerifier [0x00007FF724FDE4E3+4023827]
	GetHandleVerifier [0x00007FF724CB04F9+689705]
	(No symbol) [0x00007FF724B8C048]
	(No symbol) [0x00007FF724B88044]
	(No symbol) [0x00007FF724B881C9]
	(No symbol) [0x00007FF724B788C4]
	BaseThreadInitThunk [0x00007FF96027257D+29]
	RtlUserThreadStart [0x00007FF96104AA58+40]
"><![CDATA[Traceback (most recent call last):
  File "c:\Users\luist\repos\Automatizaciones-SILOHUB-\comproContratos.py", line 46, in test_vouchers_contract
    find_elements(self.driver, select_contract_filter1)
  File "c:\Users\luist\repos\Automatizaciones-SILOHUB-\Elements.py", line 17, in find_elements
    select_nex_button.click()
  File "C:\Users\luist\AppData\Roaming\Python\Python310\site-packages\selenium\webdriver\remote\webelement.py", line 94, in click
    self._execute(Command.CLICK_ELEMENT)
  File "C:\Users\luist\AppData\Roaming\Python\Python310\site-packages\selenium\webdriver\remote\webelement.py", line 395, in _execute
    return self._parent.execute(command, params)
  File "C:\Users\luist\AppData\Roaming\Python\Python310\site-packages\selenium\webdriver\remote\webdriver.py", line 348, in execute
    self.error_handler.check_response(response)
  File "C:\Users\luist\AppData\Roaming\Python\Python310\site-packages\selenium\webdriver\remote\errorhandler.py", line 229, in check_response
    raise exception_class(message, screen, stacktrace)
selenium.common.exceptions.ElementClickInterceptedException: Message: element click intercepted: Element <input _ngcontent-vux-c153="" type="radio" class="form-check-input" name="undefined" id="Contratos"> is not clickable at point (1362, 173). Other element would receive the click: <div _ngcontent-vux-c153="" class="form-check form-radio-primary">...</div>
  (Session info: chrome=120.0.6099.225)
Stacktrace:
	GetHandleVerifier [0x00007FF724F62142+3514994]
	(No symbol) [0x00007FF724B80CE2]
	(No symbol) [0x00007FF724A276AA]
	(No symbol) [0x00007FF724A788F3]
	(No symbol) [0x00007FF724A768ED]
	(No symbol) [0x00007FF724A740EC]
	(No symbol) [0x00007FF724A72EA5]
	(No symbol) [0x00007FF724A66A0F]
	(No symbol) [0x00007FF724A95FEA]
	(No symbol) [0x00007FF724A663B6]
	(No symbol) [0x00007FF724A96490]
	(No symbol) [0x00007FF724AB28F6]
	(No symbol) [0x00007FF724A95D93]
	(No symbol) [0x00007FF724A64BDC]
	(No symbol) [0x00007FF724A65C64]
	GetHandleVerifier [0x00007FF724F8E16B+3695259]
	GetHandleVerifier [0x00007FF724FE6737+4057191]
	GetHandleVerifier [0x00007FF724FDE4E3+4023827]
	GetHandleVerifier [0x00007FF724CB04F9+689705]
	(No symbol) [0x00007FF724B8C048]
	(No symbol) [0x00007FF724B88044]
	(No symbol) [0x00007FF724B881C9]
	(No symbol) [0x00007FF724B788C4]
	BaseThreadInitThunk [0x00007FF96027257D+29]
	RtlUserThreadStart [0x00007FF96104AA58+40]

]]></error>
		<system-out><![CDATA[¡Elemento encontrado y clickeado con éxito!
¡Elemento encontrado y clickeado con éxito!
El texto encontrado es  COMPROBANTES
¡Elemento encontrado y clickeado con éxito!
]]></system-out>
	</testcase>
</testsuite>
