<?xml version="1.0" encoding="UTF-8"?>
<testsuite name="comprobanteContrato-20240126115400" tests="2" file=".py" time="44.710" timestamp="2024-01-26T11:54:45" failures="0" errors="2" skipped="0">
	<testcase classname="comprobanteContrato" name="test_vouchers_contract" time="0.000" timestamp="0001-01-01T00:00:00" file="comproContratos.py" line="16">
		<error type="AttributeError" message="'NoneType' object has no attribute 'is_displayed'"><![CDATA[Traceback (most recent call last):
  File "c:\Users\luist\repos\Automatizaciones-SILOHUB-\comproContratos.py", line 26, in test_vouchers_contract
    find_elements(self.driver, select_menu_Account)
  File "c:\Users\luist\repos\Automatizaciones-SILOHUB-\Elements.py", line 14, in find_elements
    select_nex_button = WebDriverWait(driver, 10).until(
  File "C:\Users\luist\AppData\Roaming\Python\Python310\site-packages\selenium\webdriver\support\wait.py", line 96, in until
    value = method(self._driver)
  File "C:\Users\luist\AppData\Roaming\Python\Python310\site-packages\selenium\webdriver\support\expected_conditions.py", line 364, in _predicate
    element = visibility_of(target)(driver)
  File "C:\Users\luist\AppData\Roaming\Python\Python310\site-packages\selenium\webdriver\support\expected_conditions.py", line 173, in _predicate
    return _element_if_visible(element)
  File "C:\Users\luist\AppData\Roaming\Python\Python310\site-packages\selenium\webdriver\support\expected_conditions.py", line 179, in _element_if_visible
    return element if element.is_displayed() == visibility else False
AttributeError: 'NoneType' object has no attribute 'is_displayed'
]]></error>
	</testcase>
	<testcase classname="comprobanteContrato" name="test_vouchers_contract" time="44.710" timestamp="2024-01-26T11:54:45" file="comproContratos.py" line="16">
		<error type="NoSuchWindowException" message="Message: no such window: target window already closed
from unknown error: web view not found
  (Session info: chrome=120.0.6099.225)
Stacktrace:
	GetHandleVerifier [0x00007FF6AC032142+3514994]
	(No symbol) [0x00007FF6ABC50CE2]
	(No symbol) [0x00007FF6ABAF76AA]
	(No symbol) [0x00007FF6ABAD0AFD]
	(No symbol) [0x00007FF6ABB6CB1B]
	(No symbol) [0x00007FF6ABB72F06]
	(No symbol) [0x00007FF6ABB65FB0]
	(No symbol) [0x00007FF6ABB34BDC]
	(No symbol) [0x00007FF6ABB35C64]
	GetHandleVerifier [0x00007FF6AC05E16B+3695259]
	GetHandleVerifier [0x00007FF6AC0B6737+4057191]
	GetHandleVerifier [0x00007FF6AC0AE4E3+4023827]
	GetHandleVerifier [0x00007FF6ABD804F9+689705]
	(No symbol) [0x00007FF6ABC5C048]
	(No symbol) [0x00007FF6ABC58044]
	(No symbol) [0x00007FF6ABC581C9]
	(No symbol) [0x00007FF6ABC488C4]
	BaseThreadInitThunk [0x00007FF96027257D+29]
	RtlUserThreadStart [0x00007FF96104AA58+40]
"><![CDATA[Traceback (most recent call last):
  File "c:\Users\luist\repos\Automatizaciones-SILOHUB-\comproContratos.py", line 140, in tearDown
    self.driver.close()
  File "C:\Users\luist\AppData\Roaming\Python\Python310\site-packages\selenium\webdriver\remote\webdriver.py", line 459, in close
    self.execute(Command.CLOSE)
  File "C:\Users\luist\AppData\Roaming\Python\Python310\site-packages\selenium\webdriver\remote\webdriver.py", line 348, in execute
    self.error_handler.check_response(response)
  File "C:\Users\luist\AppData\Roaming\Python\Python310\site-packages\selenium\webdriver\remote\errorhandler.py", line 229, in check_response
    raise exception_class(message, screen, stacktrace)
selenium.common.exceptions.NoSuchWindowException: Message: no such window: target window already closed
from unknown error: web view not found
  (Session info: chrome=120.0.6099.225)
Stacktrace:
	GetHandleVerifier [0x00007FF6AC032142+3514994]
	(No symbol) [0x00007FF6ABC50CE2]
	(No symbol) [0x00007FF6ABAF76AA]
	(No symbol) [0x00007FF6ABAD0AFD]
	(No symbol) [0x00007FF6ABB6CB1B]
	(No symbol) [0x00007FF6ABB72F06]
	(No symbol) [0x00007FF6ABB65FB0]
	(No symbol) [0x00007FF6ABB34BDC]
	(No symbol) [0x00007FF6ABB35C64]
	GetHandleVerifier [0x00007FF6AC05E16B+3695259]
	GetHandleVerifier [0x00007FF6AC0B6737+4057191]
	GetHandleVerifier [0x00007FF6AC0AE4E3+4023827]
	GetHandleVerifier [0x00007FF6ABD804F9+689705]
	(No symbol) [0x00007FF6ABC5C048]
	(No symbol) [0x00007FF6ABC58044]
	(No symbol) [0x00007FF6ABC581C9]
	(No symbol) [0x00007FF6ABC488C4]
	BaseThreadInitThunk [0x00007FF96027257D+29]
	RtlUserThreadStart [0x00007FF96104AA58+40]

]]></error>
	</testcase>
</testsuite>
