<?xml version="1.0" encoding="UTF-8"?>
<testsuite name="comprobanteContrato-20240126152445" tests="2" file=".py" time="3.576" timestamp="2024-01-26T15:24:48" failures="0" errors="2" skipped="0">
	<testcase classname="comprobanteContrato" name="test_vouchers_contract" time="0.000" timestamp="0001-01-01T00:00:00" file="comproContratos.py" line="16">
		<error type="NoSuchWindowException" message="Message: no such window: target window already closed
from unknown error: web view not found
  (Session info: chrome=120.0.6099.225)
Stacktrace:
	GetHandleVerifier [0x00007FF71A0B2142+3514994]
	(No symbol) [0x00007FF719CD0CE2]
	(No symbol) [0x00007FF719B776AA]
	(No symbol) [0x00007FF719B50AFD]
	(No symbol) [0x00007FF719BECB1B]
	(No symbol) [0x00007FF719C0218F]
	(No symbol) [0x00007FF719BE5D93]
	(No symbol) [0x00007FF719BB4BDC]
	(No symbol) [0x00007FF719BB5C64]
	GetHandleVerifier [0x00007FF71A0DE16B+3695259]
	GetHandleVerifier [0x00007FF71A136737+4057191]
	GetHandleVerifier [0x00007FF71A12E4E3+4023827]
	GetHandleVerifier [0x00007FF719E004F9+689705]
	(No symbol) [0x00007FF719CDC048]
	(No symbol) [0x00007FF719CD8044]
	(No symbol) [0x00007FF719CD81C9]
	(No symbol) [0x00007FF719CC88C4]
	BaseThreadInitThunk [0x00007FF96027257D+29]
	RtlUserThreadStart [0x00007FF96104AA58+40]
"><![CDATA[Traceback (most recent call last):
  File "c:\Users\luist\repos\Automatizaciones-SILOHUB-\comproContratos.py", line 18, in test_vouchers_contract
    self.login_helper.login("admingd@silohub.ag", "G@viglio123")
  File "c:\Users\luist\repos\Automatizaciones-SILOHUB-\loginhelper.py", line 10, in login
    user = find_element_by_id(self.driver, "email")  # asegÃºrate de pasar self.driver
  File "c:\Users\luist\repos\Automatizaciones-SILOHUB-\findElements.py", line 10, in find_element_by_id
    return WebDriverWait(driver, 10).until(EC.presence_of_element_located((By.ID, id)))
  File "C:\Users\luist\AppData\Roaming\Python\Python310\site-packages\selenium\webdriver\support\wait.py", line 96, in until
    value = method(self._driver)
  File "C:\Users\luist\AppData\Roaming\Python\Python310\site-packages\selenium\webdriver\support\expected_conditions.py", line 84, in _predicate
    return driver.find_element(*locator)
  File "C:\Users\luist\AppData\Roaming\Python\Python310\site-packages\selenium\webdriver\remote\webdriver.py", line 742, in find_element
    return self.execute(Command.FIND_ELEMENT, {"using": by, "value": value})["value"]
  File "C:\Users\luist\AppData\Roaming\Python\Python310\site-packages\selenium\webdriver\remote\webdriver.py", line 348, in execute
    self.error_handler.check_response(response)
  File "C:\Users\luist\AppData\Roaming\Python\Python310\site-packages\selenium\webdriver\remote\errorhandler.py", line 229, in check_response
    raise exception_class(message, screen, stacktrace)
selenium.common.exceptions.NoSuchWindowException: Message: no such window: target window already closed
from unknown error: web view not found
  (Session info: chrome=120.0.6099.225)
Stacktrace:
	GetHandleVerifier [0x00007FF71A0B2142+3514994]
	(No symbol) [0x00007FF719CD0CE2]
	(No symbol) [0x00007FF719B776AA]
	(No symbol) [0x00007FF719B50AFD]
	(No symbol) [0x00007FF719BECB1B]
	(No symbol) [0x00007FF719C0218F]
	(No symbol) [0x00007FF719BE5D93]
	(No symbol) [0x00007FF719BB4BDC]
	(No symbol) [0x00007FF719BB5C64]
	GetHandleVerifier [0x00007FF71A0DE16B+3695259]
	GetHandleVerifier [0x00007FF71A136737+4057191]
	GetHandleVerifier [0x00007FF71A12E4E3+4023827]
	GetHandleVerifier [0x00007FF719E004F9+689705]
	(No symbol) [0x00007FF719CDC048]
	(No symbol) [0x00007FF719CD8044]
	(No symbol) [0x00007FF719CD81C9]
	(No symbol) [0x00007FF719CC88C4]
	BaseThreadInitThunk [0x00007FF96027257D+29]
	RtlUserThreadStart [0x00007FF96104AA58+40]

]]></error>
	</testcase>
	<testcase classname="comprobanteContrato" name="test_vouchers_contract" time="3.576" timestamp="2024-01-26T15:24:48" file="comproContratos.py" line="16">
		<error type="NoSuchWindowException" message="Message: no such window: target window already closed
from unknown error: web view not found
  (Session info: chrome=120.0.6099.225)
Stacktrace:
	GetHandleVerifier [0x00007FF71A0B2142+3514994]
	(No symbol) [0x00007FF719CD0CE2]
	(No symbol) [0x00007FF719B776AA]
	(No symbol) [0x00007FF719B50AFD]
	(No symbol) [0x00007FF719BECB1B]
	(No symbol) [0x00007FF719BF2F06]
	(No symbol) [0x00007FF719BE5FB0]
	(No symbol) [0x00007FF719BB4BDC]
	(No symbol) [0x00007FF719BB5C64]
	GetHandleVerifier [0x00007FF71A0DE16B+3695259]
	GetHandleVerifier [0x00007FF71A136737+4057191]
	GetHandleVerifier [0x00007FF71A12E4E3+4023827]
	GetHandleVerifier [0x00007FF719E004F9+689705]
	(No symbol) [0x00007FF719CDC048]
	(No symbol) [0x00007FF719CD8044]
	(No symbol) [0x00007FF719CD81C9]
	(No symbol) [0x00007FF719CC88C4]
	BaseThreadInitThunk [0x00007FF96027257D+29]
	RtlUserThreadStart [0x00007FF96104AA58+40]
"><![CDATA[Traceback (most recent call last):
  File "c:\Users\luist\repos\Automatizaciones-SILOHUB-\comproContratos.py", line 131, in tearDown
    self.driver.close()
  File "C:\Users\luist\AppData\Roaming\Python\Python310\site-packages\selenium\webdriver\remote\webdriver.py", line 459, in close
    self.execute(Command.CLOSE)
  File "C:\Users\luist\AppData\Roaming\Python\Python310\site-packages\selenium\webdriver\remote\webdriver.py", line 348, in execute
    self.error_handler.check_response(response)
  File "C:\Users\luist\AppData\Roaming\Python\Python310\site-packages\selenium\webdriver\remote\errorhandler.py", line 229, in check_response
    raise exception_class(message, screen, stacktrace)
selenium.common.exceptions.NoSuchWindowException: Message: no such window: target window already closed
from unknown error: web view not found
  (Session info: chrome=120.0.6099.225)
Stacktrace:
	GetHandleVerifier [0x00007FF71A0B2142+3514994]
	(No symbol) [0x00007FF719CD0CE2]
	(No symbol) [0x00007FF719B776AA]
	(No symbol) [0x00007FF719B50AFD]
	(No symbol) [0x00007FF719BECB1B]
	(No symbol) [0x00007FF719BF2F06]
	(No symbol) [0x00007FF719BE5FB0]
	(No symbol) [0x00007FF719BB4BDC]
	(No symbol) [0x00007FF719BB5C64]
	GetHandleVerifier [0x00007FF71A0DE16B+3695259]
	GetHandleVerifier [0x00007FF71A136737+4057191]
	GetHandleVerifier [0x00007FF71A12E4E3+4023827]
	GetHandleVerifier [0x00007FF719E004F9+689705]
	(No symbol) [0x00007FF719CDC048]
	(No symbol) [0x00007FF719CD8044]
	(No symbol) [0x00007FF719CD81C9]
	(No symbol) [0x00007FF719CC88C4]
	BaseThreadInitThunk [0x00007FF96027257D+29]
	RtlUserThreadStart [0x00007FF96104AA58+40]

]]></error>
	</testcase>
</testsuite>
