<?xml version="1.0" encoding="UTF-8"?>
<testsuite name="comprobanteContrato-20240507170904" tests="1" file=".py" time="47.135" timestamp="2024-05-07T17:09:51" failures="0" errors="1" skipped="0">
	<testcase classname="comprobanteContrato" name="test_comprobante_contrato" time="47.135" timestamp="2024-05-07T17:09:51" file="ComproContratos.py" line="22">
		<error type="StaleElementReferenceException" message="Message: stale element reference: stale element not found in the current frame
  (Session info: chrome=124.0.6367.119); For documentation on this error, please visit: https://www.selenium.dev/documentation/webdriver/troubleshooting/errors#stale-element-reference-exception
Stacktrace:
	GetHandleVerifier [0x00007FF72E401572+60802]
	(No symbol) [0x00007FF72E37AC72]
	(No symbol) [0x00007FF72E237CE4]
	(No symbol) [0x00007FF72E23DE26]
	(No symbol) [0x00007FF72E2401DB]
	(No symbol) [0x00007FF72E240280]
	(No symbol) [0x00007FF72E280E0B]
	(No symbol) [0x00007FF72E2AAB7A]
	(No symbol) [0x00007FF72E27A7C6]
	(No symbol) [0x00007FF72E2AAD90]
	(No symbol) [0x00007FF72E2CA224]
	(No symbol) [0x00007FF72E2AA923]
	(No symbol) [0x00007FF72E278FEC]
	(No symbol) [0x00007FF72E279C21]
	GetHandleVerifier [0x00007FF72E70420D+3217949]
	GetHandleVerifier [0x00007FF72E7461A7+3488183]
	GetHandleVerifier [0x00007FF72E73F12F+3459391]
	GetHandleVerifier [0x00007FF72E4BB936+823622]
	(No symbol) [0x00007FF72E38600F]
	(No symbol) [0x00007FF72E380F34]
	(No symbol) [0x00007FF72E3810C2]
	(No symbol) [0x00007FF72E371914]
	BaseThreadInitThunk [0x00007FFEF342257D+29]
	RtlUserThreadStart [0x00007FFEF4B0AA48+40]
"><![CDATA[Traceback (most recent call last):
  File "c:\Users\luist\repos\Automatizaciones-SILOHUB-\ComproContratos.py", line 127, in test_comprobante_contrato
    validate_text(self.driver, messager_popup,  messager_popup_expected )
  File "c:\Users\luist\repos\Automatizaciones-SILOHUB-\Elements.py", line 459, in validate_text
    valor = elemento.text
  File "C:\Users\luist\AppData\Roaming\Python\Python310\site-packages\selenium\webdriver\remote\webelement.py", line 90, in text
    return self._execute(Command.GET_ELEMENT_TEXT)["value"]
  File "C:\Users\luist\AppData\Roaming\Python\Python310\site-packages\selenium\webdriver\remote\webelement.py", line 395, in _execute
    return self._parent.execute(command, params)
  File "C:\Users\luist\AppData\Roaming\Python\Python310\site-packages\selenium\webdriver\remote\webdriver.py", line 348, in execute
    self.error_handler.check_response(response)
  File "C:\Users\luist\AppData\Roaming\Python\Python310\site-packages\selenium\webdriver\remote\errorhandler.py", line 229, in check_response
    raise exception_class(message, screen, stacktrace)
selenium.common.exceptions.StaleElementReferenceException: Message: stale element reference: stale element not found in the current frame
  (Session info: chrome=124.0.6367.119); For documentation on this error, please visit: https://www.selenium.dev/documentation/webdriver/troubleshooting/errors#stale-element-reference-exception
Stacktrace:
	GetHandleVerifier [0x00007FF72E401572+60802]
	(No symbol) [0x00007FF72E37AC72]
	(No symbol) [0x00007FF72E237CE4]
	(No symbol) [0x00007FF72E23DE26]
	(No symbol) [0x00007FF72E2401DB]
	(No symbol) [0x00007FF72E240280]
	(No symbol) [0x00007FF72E280E0B]
	(No symbol) [0x00007FF72E2AAB7A]
	(No symbol) [0x00007FF72E27A7C6]
	(No symbol) [0x00007FF72E2AAD90]
	(No symbol) [0x00007FF72E2CA224]
	(No symbol) [0x00007FF72E2AA923]
	(No symbol) [0x00007FF72E278FEC]
	(No symbol) [0x00007FF72E279C21]
	GetHandleVerifier [0x00007FF72E70420D+3217949]
	GetHandleVerifier [0x00007FF72E7461A7+3488183]
	GetHandleVerifier [0x00007FF72E73F12F+3459391]
	GetHandleVerifier [0x00007FF72E4BB936+823622]
	(No symbol) [0x00007FF72E38600F]
	(No symbol) [0x00007FF72E380F34]
	(No symbol) [0x00007FF72E3810C2]
	(No symbol) [0x00007FF72E371914]
	BaseThreadInitThunk [0x00007FFEF342257D+29]
	RtlUserThreadStart [0x00007FFEF4B0AA48+40]

]]></error>
		<system-out><![CDATA[El texto encontrado es  COMPROBANTES
¡Elemento encontrado y clickeado 4 veces con éxito!
¡Elemento encontrado y clickeado 1 veces con éxito!
El texto encontrado es  Mis Comprobantes
El texto no fue encontrado VC 0001 00125165
El texto no fue encontrado VT 0001 00125179
]]></system-out>
	</testcase>
</testsuite>
