<?xml version="1.0" encoding="UTF-8"?>
<testsuite name="comprobanteContrato-20240126134837" tests="1" file=".py" time="63.128" timestamp="2024-01-26T13:49:40" failures="0" errors="1" skipped="0">
	<testcase classname="comprobanteContrato" name="test_vouchers_contract" time="63.128" timestamp="2024-01-26T13:49:40" file="comproContratos.py" line="16">
		<error type="InvalidSelectorException" message="Message: invalid selector: Unable to locate an element with the xpath expression Mis Comprobantes because of the following error:
SyntaxError: Failed to execute 'evaluate' on 'Document': The string 'Mis Comprobantes' is not a valid XPath expression.
  (Session info: chrome=120.0.6099.225); For documentation on this error, please visit: https://www.selenium.dev/documentation/webdriver/troubleshooting/errors#invalid-selector-exception
Stacktrace:
	GetHandleVerifier [0x00007FF724F62142+3514994]
	(No symbol) [0x00007FF724B80CE2]
	(No symbol) [0x00007FF724A276AA]
	(No symbol) [0x00007FF724A2CFC0]
	(No symbol) [0x00007FF724A2F38F]
	(No symbol) [0x00007FF724A2F480]
	(No symbol) [0x00007FF724A71624]
	(No symbol) [0x00007FF724A7197C]
	(No symbol) [0x00007FF724AB4EE7]
	(No symbol) [0x00007FF724A9602F]
	(No symbol) [0x00007FF724AB28F6]
	(No symbol) [0x00007FF724A95D93]
	(No symbol) [0x00007FF724A64BDC]
	(No symbol) [0x00007FF724A65C64]
	GetHandleVerifier [0x00007FF724F8E16B+3695259]
	GetHandleVerifier [0x00007FF724FE6737+4057191]
	GetHandleVerifier [0x00007FF724FDE4E3+4023827]
	GetHandleVerifier [0x00007FF724CB04F9+689705]
	(No symbol) [0x00007FF724B8C048]
	(No symbol) [0x00007FF724B88044]
	(No symbol) [0x00007FF724B881C9]
	(No symbol) [0x00007FF724B788C4]
	BaseThreadInitThunk [0x00007FF96027257D+29]
	RtlUserThreadStart [0x00007FF96104AA58+40]
"><![CDATA[Traceback (most recent call last):
  File "c:\Users\luist\repos\Automatizaciones-SILOHUB-\comproContratos.py", line 81, in test_vouchers_contract
    validate_text(self.driver, title_page_vouchers_expected, title_page_vouchers)
  File "c:\Users\luist\repos\Automatizaciones-SILOHUB-\Elements.py", line 212, in validate_text
    elemento = WebDriverWait(driver, 10).until(
  File "C:\Users\luist\AppData\Roaming\Python\Python310\site-packages\selenium\webdriver\support\wait.py", line 96, in until
    value = method(self._driver)
  File "C:\Users\luist\AppData\Roaming\Python\Python310\site-packages\selenium\webdriver\support\expected_conditions.py", line 84, in _predicate
    return driver.find_element(*locator)
  File "C:\Users\luist\AppData\Roaming\Python\Python310\site-packages\selenium\webdriver\remote\webdriver.py", line 742, in find_element
    return self.execute(Command.FIND_ELEMENT, {"using": by, "value": value})["value"]
  File "C:\Users\luist\AppData\Roaming\Python\Python310\site-packages\selenium\webdriver\remote\webdriver.py", line 348, in execute
    self.error_handler.check_response(response)
  File "C:\Users\luist\AppData\Roaming\Python\Python310\site-packages\selenium\webdriver\remote\errorhandler.py", line 229, in check_response
    raise exception_class(message, screen, stacktrace)
selenium.common.exceptions.InvalidSelectorException: Message: invalid selector: Unable to locate an element with the xpath expression Mis Comprobantes because of the following error:
SyntaxError: Failed to execute 'evaluate' on 'Document': The string 'Mis Comprobantes' is not a valid XPath expression.
  (Session info: chrome=120.0.6099.225); For documentation on this error, please visit: https://www.selenium.dev/documentation/webdriver/troubleshooting/errors#invalid-selector-exception
Stacktrace:
	GetHandleVerifier [0x00007FF724F62142+3514994]
	(No symbol) [0x00007FF724B80CE2]
	(No symbol) [0x00007FF724A276AA]
	(No symbol) [0x00007FF724A2CFC0]
	(No symbol) [0x00007FF724A2F38F]
	(No symbol) [0x00007FF724A2F480]
	(No symbol) [0x00007FF724A71624]
	(No symbol) [0x00007FF724A7197C]
	(No symbol) [0x00007FF724AB4EE7]
	(No symbol) [0x00007FF724A9602F]
	(No symbol) [0x00007FF724AB28F6]
	(No symbol) [0x00007FF724A95D93]
	(No symbol) [0x00007FF724A64BDC]
	(No symbol) [0x00007FF724A65C64]
	GetHandleVerifier [0x00007FF724F8E16B+3695259]
	GetHandleVerifier [0x00007FF724FE6737+4057191]
	GetHandleVerifier [0x00007FF724FDE4E3+4023827]
	GetHandleVerifier [0x00007FF724CB04F9+689705]
	(No symbol) [0x00007FF724B8C048]
	(No symbol) [0x00007FF724B88044]
	(No symbol) [0x00007FF724B881C9]
	(No symbol) [0x00007FF724B788C4]
	BaseThreadInitThunk [0x00007FF96027257D+29]
	RtlUserThreadStart [0x00007FF96104AA58+40]

]]></error>
		<system-out><![CDATA[¡Elemento encontrado y clickeado con éxito!
¡Elemento encontrado y clickeado con éxito!
El texto encontrado es  COMPROBANTES
¡Elemento encontrado y clickeado con éxito!
Tiempo de espera agotado. El elemento no está presente o no es clickeable.
¡Elemento encontrado y clickeado con éxito!
¡Elemento encontrado y clickeado 1 veces con éxito!
¡Elemento encontrado y clickeado con éxito!
¡Elemento encontrado y clickeado 1 veces con éxito!
¡Elemento encontrado y clickeado con éxito!
¡Elemento encontrado y clickeado con éxito!
]]></system-out>
	</testcase>
</testsuite>
