<?xml version="1.0" encoding="UTF-8"?>
<testsuite name="comprobanteContrato-20240126122108" tests="1" file=".py" time="32.939" timestamp="2024-01-26T12:21:41" failures="0" errors="1" skipped="0">
	<testcase classname="comprobanteContrato" name="test_vouchers_contract" time="32.939" timestamp="2024-01-26T12:21:41" file="comproContratos.py" line="16">
		<error type="InvalidSelectorException" message="Message: invalid selector: Unable to locate an element with the xpath expression Mis Comprobantes because of the following error:
SyntaxError: Failed to execute 'evaluate' on 'Document': The string 'Mis Comprobantes' is not a valid XPath expression.
  (Session info: chrome=120.0.6099.225); For documentation on this error, please visit: https://www.selenium.dev/documentation/webdriver/troubleshooting/errors#invalid-selector-exception
Stacktrace:
	GetHandleVerifier [0x00007FF74E6C2142+3514994]
	(No symbol) [0x00007FF74E2E0CE2]
	(No symbol) [0x00007FF74E1876AA]
	(No symbol) [0x00007FF74E18CFC0]
	(No symbol) [0x00007FF74E18F38F]
	(No symbol) [0x00007FF74E18F480]
	(No symbol) [0x00007FF74E1D1624]
	(No symbol) [0x00007FF74E1D197C]
	(No symbol) [0x00007FF74E214EE7]
	(No symbol) [0x00007FF74E1F602F]
	(No symbol) [0x00007FF74E2128F6]
	(No symbol) [0x00007FF74E1F5D93]
	(No symbol) [0x00007FF74E1C4BDC]
	(No symbol) [0x00007FF74E1C5C64]
	GetHandleVerifier [0x00007FF74E6EE16B+3695259]
	GetHandleVerifier [0x00007FF74E746737+4057191]
	GetHandleVerifier [0x00007FF74E73E4E3+4023827]
	GetHandleVerifier [0x00007FF74E4104F9+689705]
	(No symbol) [0x00007FF74E2EC048]
	(No symbol) [0x00007FF74E2E8044]
	(No symbol) [0x00007FF74E2E81C9]
	(No symbol) [0x00007FF74E2D88C4]
	BaseThreadInitThunk [0x00007FF96027257D+29]
	RtlUserThreadStart [0x00007FF96104AA58+40]
"><![CDATA[Traceback (most recent call last):
  File "c:\Users\luist\repos\Automatizaciones-SILOHUB-\comproContratos.py", line 81, in test_vouchers_contract
    validate_text(self.driver, title_page_vouchers_expected, title_page_vouchers)
  File "c:\Users\luist\repos\Automatizaciones-SILOHUB-\Elements.py", line 212, in validate_text
    elemento = WebDriverWait(driver, 10).until(
  File "C:\Users\luist\AppData\Roaming\Python\Python310\site-packages\selenium\webdriver\support\wait.py", line 96, in until
    value = method(self._driver)
  File "C:\Users\luist\AppData\Roaming\Python\Python310\site-packages\selenium\webdriver\support\expected_conditions.py", line 84, in _predicate
    return driver.find_element(*locator)
  File "C:\Users\luist\AppData\Roaming\Python\Python310\site-packages\selenium\webdriver\remote\webdriver.py", line 742, in find_element
    return self.execute(Command.FIND_ELEMENT, {"using": by, "value": value})["value"]
  File "C:\Users\luist\AppData\Roaming\Python\Python310\site-packages\selenium\webdriver\remote\webdriver.py", line 348, in execute
    self.error_handler.check_response(response)
  File "C:\Users\luist\AppData\Roaming\Python\Python310\site-packages\selenium\webdriver\remote\errorhandler.py", line 229, in check_response
    raise exception_class(message, screen, stacktrace)
selenium.common.exceptions.InvalidSelectorException: Message: invalid selector: Unable to locate an element with the xpath expression Mis Comprobantes because of the following error:
SyntaxError: Failed to execute 'evaluate' on 'Document': The string 'Mis Comprobantes' is not a valid XPath expression.
  (Session info: chrome=120.0.6099.225); For documentation on this error, please visit: https://www.selenium.dev/documentation/webdriver/troubleshooting/errors#invalid-selector-exception
Stacktrace:
	GetHandleVerifier [0x00007FF74E6C2142+3514994]
	(No symbol) [0x00007FF74E2E0CE2]
	(No symbol) [0x00007FF74E1876AA]
	(No symbol) [0x00007FF74E18CFC0]
	(No symbol) [0x00007FF74E18F38F]
	(No symbol) [0x00007FF74E18F480]
	(No symbol) [0x00007FF74E1D1624]
	(No symbol) [0x00007FF74E1D197C]
	(No symbol) [0x00007FF74E214EE7]
	(No symbol) [0x00007FF74E1F602F]
	(No symbol) [0x00007FF74E2128F6]
	(No symbol) [0x00007FF74E1F5D93]
	(No symbol) [0x00007FF74E1C4BDC]
	(No symbol) [0x00007FF74E1C5C64]
	GetHandleVerifier [0x00007FF74E6EE16B+3695259]
	GetHandleVerifier [0x00007FF74E746737+4057191]
	GetHandleVerifier [0x00007FF74E73E4E3+4023827]
	GetHandleVerifier [0x00007FF74E4104F9+689705]
	(No symbol) [0x00007FF74E2EC048]
	(No symbol) [0x00007FF74E2E8044]
	(No symbol) [0x00007FF74E2E81C9]
	(No symbol) [0x00007FF74E2D88C4]
	BaseThreadInitThunk [0x00007FF96027257D+29]
	RtlUserThreadStart [0x00007FF96104AA58+40]

]]></error>
		<system-out><![CDATA[¡Elemento encontrado y clickeado con éxito!
¡Elemento encontrado y clickeado con éxito!
El texto encontrado es  COMPROBANTES
¡Elemento encontrado y clickeado con éxito!
¡Elemento encontrado y clickeado con éxito!
¡Elemento encontrado y clickeado con éxito!
¡Elemento encontrado y clickeado 1 veces con éxito!
¡Elemento encontrado y clickeado con éxito!
¡Elemento encontrado y clickeado 1 veces con éxito!
¡Elemento encontrado y clickeado con éxito!
¡Elemento encontrado y clickeado con éxito!
]]></system-out>
	</testcase>
</testsuite>
