<?xml version="1.0" encoding="UTF-8"?>
<testsuite name="comprobanteContrato-20240126153153" tests="1" file=".py" time="59.486" timestamp="2024-01-26T15:32:53" failures="0" errors="1" skipped="0">
	<testcase classname="comprobanteContrato" name="test_vouchers_contract" time="59.486" timestamp="2024-01-26T15:32:53" file="comproContratos.py" line="16">
		<error type="WebDriverException" message="Message: disconnected: not connected to DevTools
  (failed to check if window was closed: disconnected: not connected to DevTools)
  (Session info: chrome=120.0.6099.225)
Stacktrace:
	GetHandleVerifier [0x00007FF71A0B2142+3514994]
	(No symbol) [0x00007FF719CD0CE2]
	(No symbol) [0x00007FF719B776AA]
	(No symbol) [0x00007FF719B5E1E9]
	(No symbol) [0x00007FF719B5F7CE]
	(No symbol) [0x00007FF719B77CC3]
	(No symbol) [0x00007FF719B50580]
	(No symbol) [0x00007FF719BF2EA1]
	(No symbol) [0x00007FF719BE5FB0]
	(No symbol) [0x00007FF719BB4BDC]
	(No symbol) [0x00007FF719BB5C64]
	GetHandleVerifier [0x00007FF71A0DE16B+3695259]
	GetHandleVerifier [0x00007FF71A136737+4057191]
	GetHandleVerifier [0x00007FF71A12E4E3+4023827]
	GetHandleVerifier [0x00007FF719E004F9+689705]
	(No symbol) [0x00007FF719CDC048]
	(No symbol) [0x00007FF719CD8044]
	(No symbol) [0x00007FF719CD81C9]
	(No symbol) [0x00007FF719CC88C4]
	BaseThreadInitThunk [0x00007FF96027257D+29]
	RtlUserThreadStart [0x00007FF96104AA58+40]
"><![CDATA[Traceback (most recent call last):
  File "c:\Users\luist\repos\Automatizaciones-SILOHUB-\comproContratos.py", line 133, in tearDown
    self.driver.close()
  File "C:\Users\luist\AppData\Roaming\Python\Python310\site-packages\selenium\webdriver\remote\webdriver.py", line 459, in close
    self.execute(Command.CLOSE)
  File "C:\Users\luist\AppData\Roaming\Python\Python310\site-packages\selenium\webdriver\remote\webdriver.py", line 348, in execute
    self.error_handler.check_response(response)
  File "C:\Users\luist\AppData\Roaming\Python\Python310\site-packages\selenium\webdriver\remote\errorhandler.py", line 229, in check_response
    raise exception_class(message, screen, stacktrace)
selenium.common.exceptions.WebDriverException: Message: disconnected: not connected to DevTools
  (failed to check if window was closed: disconnected: not connected to DevTools)
  (Session info: chrome=120.0.6099.225)
Stacktrace:
	GetHandleVerifier [0x00007FF71A0B2142+3514994]
	(No symbol) [0x00007FF719CD0CE2]
	(No symbol) [0x00007FF719B776AA]
	(No symbol) [0x00007FF719B5E1E9]
	(No symbol) [0x00007FF719B5F7CE]
	(No symbol) [0x00007FF719B77CC3]
	(No symbol) [0x00007FF719B50580]
	(No symbol) [0x00007FF719BF2EA1]
	(No symbol) [0x00007FF719BE5FB0]
	(No symbol) [0x00007FF719BB4BDC]
	(No symbol) [0x00007FF719BB5C64]
	GetHandleVerifier [0x00007FF71A0DE16B+3695259]
	GetHandleVerifier [0x00007FF71A136737+4057191]
	GetHandleVerifier [0x00007FF71A12E4E3+4023827]
	GetHandleVerifier [0x00007FF719E004F9+689705]
	(No symbol) [0x00007FF719CDC048]
	(No symbol) [0x00007FF719CD8044]
	(No symbol) [0x00007FF719CD81C9]
	(No symbol) [0x00007FF719CC88C4]
	BaseThreadInitThunk [0x00007FF96027257D+29]
	RtlUserThreadStart [0x00007FF96104AA58+40]

]]></error>
		<system-out><![CDATA[¡Elemento encontrado y clickeado con éxito!
¡Elemento encontrado y clickeado con éxito!
El texto encontrado es  COMPROBANTES
¡Elemento encontrado y clickeado con éxito!
¡Elemento encontrado y clickeado con éxito!
¡Elemento encontrado y clickeado con éxito!
¡Elemento encontrado y clickeado 1 veces con éxito!
¡Elemento encontrado y clickeado con éxito!
¡Elemento encontrado y clickeado 1 veces con éxito!
¡Elemento encontrado y clickeado con éxito!
¡Elemento encontrado y clickeado con éxito!
El texto encontrado es  Mis Comprobantes
¡Elemento encontrado y clickeado con éxito!
El texto encontrado es  VC 0001 00125165
El texto encontrado es  VT 0001 00125179
¡Elemento encontrado y clickeado con éxito!
¡Elemento encontrado y clickeado con éxito!
¡Elemento encontrado y clickeado con éxito!
Tiempo de espera agotado. El texto por xpaht no está presente.
]]></system-out>
	</testcase>
</testsuite>
