<?xml version="1.0" encoding="UTF-8"?>
<testsuite name="comprobanteContrato-20240126150517" tests="1" file=".py" time="37.352" timestamp="2024-01-26T15:05:54" failures="0" errors="1" skipped="0">
	<testcase classname="comprobanteContrato" name="test_vouchers_contract" time="37.352" timestamp="2024-01-26T15:05:54" file="comproContratos.py" line="16">
		<error type="InvalidSelectorException" message="Message: invalid selector: Unable to locate an element with the xpath expression Mis Comprobantes because of the following error:
SyntaxError: Failed to execute 'evaluate' on 'Document': The string 'Mis Comprobantes' is not a valid XPath expression.
  (Session info: chrome=120.0.6099.225); For documentation on this error, please visit: https://www.selenium.dev/documentation/webdriver/troubleshooting/errors#invalid-selector-exception
Stacktrace:
	GetHandleVerifier [0x00007FF71A0B2142+3514994]
	(No symbol) [0x00007FF719CD0CE2]
	(No symbol) [0x00007FF719B776AA]
	(No symbol) [0x00007FF719B7CFC0]
	(No symbol) [0x00007FF719B7F38F]
	(No symbol) [0x00007FF719B7F480]
	(No symbol) [0x00007FF719BC1624]
	(No symbol) [0x00007FF719BC197C]
	(No symbol) [0x00007FF719C04EE7]
	(No symbol) [0x00007FF719BE602F]
	(No symbol) [0x00007FF719C028F6]
	(No symbol) [0x00007FF719BE5D93]
	(No symbol) [0x00007FF719BB4BDC]
	(No symbol) [0x00007FF719BB5C64]
	GetHandleVerifier [0x00007FF71A0DE16B+3695259]
	GetHandleVerifier [0x00007FF71A136737+4057191]
	GetHandleVerifier [0x00007FF71A12E4E3+4023827]
	GetHandleVerifier [0x00007FF719E004F9+689705]
	(No symbol) [0x00007FF719CDC048]
	(No symbol) [0x00007FF719CD8044]
	(No symbol) [0x00007FF719CD81C9]
	(No symbol) [0x00007FF719CC88C4]
	BaseThreadInitThunk [0x00007FF96027257D+29]
	RtlUserThreadStart [0x00007FF96104AA58+40]
"><![CDATA[Traceback (most recent call last):
  File "c:\Users\luist\repos\Automatizaciones-SILOHUB-\comproContratos.py", line 81, in test_vouchers_contract
    validate_text(self.driver, title_page_vouchers_expected, title_page_vouchers)
  File "c:\Users\luist\repos\Automatizaciones-SILOHUB-\Elements.py", line 226, in validate_text
    elemento = WebDriverWait(driver, 10).until(
  File "C:\Users\luist\AppData\Roaming\Python\Python310\site-packages\selenium\webdriver\support\wait.py", line 96, in until
    value = method(self._driver)
  File "C:\Users\luist\AppData\Roaming\Python\Python310\site-packages\selenium\webdriver\support\expected_conditions.py", line 84, in _predicate
    return driver.find_element(*locator)
  File "C:\Users\luist\AppData\Roaming\Python\Python310\site-packages\selenium\webdriver\remote\webdriver.py", line 742, in find_element
    return self.execute(Command.FIND_ELEMENT, {"using": by, "value": value})["value"]
  File "C:\Users\luist\AppData\Roaming\Python\Python310\site-packages\selenium\webdriver\remote\webdriver.py", line 348, in execute
    self.error_handler.check_response(response)
  File "C:\Users\luist\AppData\Roaming\Python\Python310\site-packages\selenium\webdriver\remote\errorhandler.py", line 229, in check_response
    raise exception_class(message, screen, stacktrace)
selenium.common.exceptions.InvalidSelectorException: Message: invalid selector: Unable to locate an element with the xpath expression Mis Comprobantes because of the following error:
SyntaxError: Failed to execute 'evaluate' on 'Document': The string 'Mis Comprobantes' is not a valid XPath expression.
  (Session info: chrome=120.0.6099.225); For documentation on this error, please visit: https://www.selenium.dev/documentation/webdriver/troubleshooting/errors#invalid-selector-exception
Stacktrace:
	GetHandleVerifier [0x00007FF71A0B2142+3514994]
	(No symbol) [0x00007FF719CD0CE2]
	(No symbol) [0x00007FF719B776AA]
	(No symbol) [0x00007FF719B7CFC0]
	(No symbol) [0x00007FF719B7F38F]
	(No symbol) [0x00007FF719B7F480]
	(No symbol) [0x00007FF719BC1624]
	(No symbol) [0x00007FF719BC197C]
	(No symbol) [0x00007FF719C04EE7]
	(No symbol) [0x00007FF719BE602F]
	(No symbol) [0x00007FF719C028F6]
	(No symbol) [0x00007FF719BE5D93]
	(No symbol) [0x00007FF719BB4BDC]
	(No symbol) [0x00007FF719BB5C64]
	GetHandleVerifier [0x00007FF71A0DE16B+3695259]
	GetHandleVerifier [0x00007FF71A136737+4057191]
	GetHandleVerifier [0x00007FF71A12E4E3+4023827]
	GetHandleVerifier [0x00007FF719E004F9+689705]
	(No symbol) [0x00007FF719CDC048]
	(No symbol) [0x00007FF719CD8044]
	(No symbol) [0x00007FF719CD81C9]
	(No symbol) [0x00007FF719CC88C4]
	BaseThreadInitThunk [0x00007FF96027257D+29]
	RtlUserThreadStart [0x00007FF96104AA58+40]

]]></error>
		<system-out><![CDATA[¡Elemento encontrado y clickeado con éxito!
¡Elemento encontrado y clickeado con éxito!
El texto encontrado es  COMPROBANTES
¡Elemento encontrado y clickeado con éxito!
¡Elemento encontrado y clickeado con éxito!
¡Elemento encontrado y clickeado con éxito!
¡Elemento encontrado y clickeado 1 veces con éxito!
¡Elemento encontrado y clickeado con éxito!
¡Elemento encontrado y clickeado 1 veces con éxito!
¡Elemento encontrado y clickeado con éxito!
¡Elemento encontrado y clickeado con éxito!
]]></system-out>
	</testcase>
</testsuite>
