<?xml version="1.0" encoding="UTF-8"?>
<testsuite name="Onboarding_test_tenant-20231219122517" tests="1" file=".py" time="40.685" timestamp="2023-12-19T12:25:58" failures="0" errors="1" skipped="0">
	<testcase classname="Onboarding_test_tenant" name="test_tenat_onboarding" time="40.685" timestamp="2023-12-19T12:25:58" file="Onboarding.py" line="32">
		<error type="NoSuchElementException" message="Message: no such element: Unable to locate element: {&quot;method&quot;:&quot;xpath&quot;,&quot;selector&quot;:&quot;//*[@id=&quot;flush-headingOne&quot;]/button&quot;}
  (Session info: chrome=120.0.6099.110); For documentation on this error, please visit: https://www.selenium.dev/documentation/webdriver/troubleshooting/errors#no-such-element-exception
Stacktrace:
	GetHandleVerifier [0x00007FF794452142+3514994]
	(No symbol) [0x00007FF794070CE2]
	(No symbol) [0x00007FF793F176AA]
	(No symbol) [0x00007FF793F61860]
	(No symbol) [0x00007FF793F6197C]
	(No symbol) [0x00007FF793FA4EE7]
	(No symbol) [0x00007FF793F8602F]
	(No symbol) [0x00007FF793FA28F6]
	(No symbol) [0x00007FF793F85D93]
	(No symbol) [0x00007FF793F54BDC]
	(No symbol) [0x00007FF793F55C64]
	GetHandleVerifier [0x00007FF79447E16B+3695259]
	GetHandleVerifier [0x00007FF7944D6737+4057191]
	GetHandleVerifier [0x00007FF7944CE4E3+4023827]
	GetHandleVerifier [0x00007FF7941A04F9+689705]
	(No symbol) [0x00007FF79407C048]
	(No symbol) [0x00007FF794078044]
	(No symbol) [0x00007FF7940781C9]
	(No symbol) [0x00007FF7940688C4]
	BaseThreadInitThunk [0x00007FFBA8B3257D+29]
	RtlUserThreadStart [0x00007FFBA8E8AA58+40]
"><![CDATA[Traceback (most recent call last):
  File "c:\Users\luist\repos\Automatizaciones-SILOHUB-\Onboarding.py", line 134, in test_tenat_onboarding
    select_campo = self.driver.find_element(By.XPATH,
  File "C:\Users\luist\AppData\Roaming\Python\Python310\site-packages\selenium\webdriver\remote\webdriver.py", line 741, in find_element
    return self.execute(Command.FIND_ELEMENT, {"using": by, "value": value})["value"]
  File "C:\Users\luist\AppData\Roaming\Python\Python310\site-packages\selenium\webdriver\remote\webdriver.py", line 347, in execute
    self.error_handler.check_response(response)
  File "C:\Users\luist\AppData\Roaming\Python\Python310\site-packages\selenium\webdriver\remote\errorhandler.py", line 229, in check_response
    raise exception_class(message, screen, stacktrace)
selenium.common.exceptions.NoSuchElementException: Message: no such element: Unable to locate element: {"method":"xpath","selector":"//*[@id="flush-headingOne"]/button"}
  (Session info: chrome=120.0.6099.110); For documentation on this error, please visit: https://www.selenium.dev/documentation/webdriver/troubleshooting/errors#no-such-element-exception
Stacktrace:
	GetHandleVerifier [0x00007FF794452142+3514994]
	(No symbol) [0x00007FF794070CE2]
	(No symbol) [0x00007FF793F176AA]
	(No symbol) [0x00007FF793F61860]
	(No symbol) [0x00007FF793F6197C]
	(No symbol) [0x00007FF793FA4EE7]
	(No symbol) [0x00007FF793F8602F]
	(No symbol) [0x00007FF793FA28F6]
	(No symbol) [0x00007FF793F85D93]
	(No symbol) [0x00007FF793F54BDC]
	(No symbol) [0x00007FF793F55C64]
	GetHandleVerifier [0x00007FF79447E16B+3695259]
	GetHandleVerifier [0x00007FF7944D6737+4057191]
	GetHandleVerifier [0x00007FF7944CE4E3+4023827]
	GetHandleVerifier [0x00007FF7941A04F9+689705]
	(No symbol) [0x00007FF79407C048]
	(No symbol) [0x00007FF794078044]
	(No symbol) [0x00007FF7940781C9]
	(No symbol) [0x00007FF7940688C4]
	BaseThreadInitThunk [0x00007FFBA8B3257D+29]
	RtlUserThreadStart [0x00007FFBA8E8AA58+40]

]]></error>
		<system-out><![CDATA[El texto obtenido es: DOCUMENTACIÓN
El texto obtenido es: Para poder continuar al siguiente paso, será obligatorio completar los campos que se muestran a continuación.
Error presente. Intentando con otro CUIT.
Error presente. Intentando con otro CUIT.
Error presente. Intentando con otro CUIT.
Error presente. Intentando con otro CUIT.
]]></system-out>
	</testcase>
</testsuite>
