<?xml version="1.0" encoding="UTF-8"?>
<testsuite name="Onboarding_test_tenant-20231219101654" tests="1" file=".py" time="19.497" timestamp="2023-12-19T10:17:13" failures="0" errors="1" skipped="0">
	<testcase classname="Onboarding_test_tenant" name="test_tenat_onboarding" time="19.497" timestamp="2023-12-19T10:17:13" file="Onboarding.py" line="34">
		<error type="NoSuchElementException" message="Message: no such element: Unable to locate element: {&quot;method&quot;:&quot;xpath&quot;,&quot;selector&quot;:&quot;//*[@id=&quot;layout-wrapper&quot;]/div/div/div/app-documentation-process/div/div/aw-wizard/div/app-account-type/div/div[2]/div[1]/app-input-for-long-form[1]/div[2]/app-alerts/div/span&quot;}
  (Session info: chrome=120.0.6099.110); For documentation on this error, please visit: https://www.selenium.dev/documentation/webdriver/troubleshooting/errors#no-such-element-exception
Stacktrace:
	GetHandleVerifier [0x00007FF740242142+3514994]
	(No symbol) [0x00007FF73FE60CE2]
	(No symbol) [0x00007FF73FD076AA]
	(No symbol) [0x00007FF73FD51860]
	(No symbol) [0x00007FF73FD5197C]
	(No symbol) [0x00007FF73FD94EE7]
	(No symbol) [0x00007FF73FD7602F]
	(No symbol) [0x00007FF73FD928F6]
	(No symbol) [0x00007FF73FD75D93]
	(No symbol) [0x00007FF73FD44BDC]
	(No symbol) [0x00007FF73FD45C64]
	GetHandleVerifier [0x00007FF74026E16B+3695259]
	GetHandleVerifier [0x00007FF7402C6737+4057191]
	GetHandleVerifier [0x00007FF7402BE4E3+4023827]
	GetHandleVerifier [0x00007FF73FF904F9+689705]
	(No symbol) [0x00007FF73FE6C048]
	(No symbol) [0x00007FF73FE68044]
	(No symbol) [0x00007FF73FE681C9]
	(No symbol) [0x00007FF73FE588C4]
	BaseThreadInitThunk [0x00007FFBA8B3257D+29]
	RtlUserThreadStart [0x00007FFBA8E8AA58+40]
"><![CDATA[Traceback (most recent call last):
  File "c:\Users\luist\repos\Automatizaciones-SILOHUB-\Onboarding.py", line 119, in test_tenat_onboarding
    error_message = self.driver.find_element(By.XPATH,'//*[@id="layout-wrapper"]/div/div/div/app-documentation-process/div/div/aw-wizard/div/app-account-type/div/div[2]/div[1]/app-input-for-long-form[1]/div[2]/app-alerts/div/span')
  File "C:\Users\luist\AppData\Roaming\Python\Python310\site-packages\selenium\webdriver\remote\webdriver.py", line 741, in find_element
    return self.execute(Command.FIND_ELEMENT, {"using": by, "value": value})["value"]
  File "C:\Users\luist\AppData\Roaming\Python\Python310\site-packages\selenium\webdriver\remote\webdriver.py", line 347, in execute
    self.error_handler.check_response(response)
  File "C:\Users\luist\AppData\Roaming\Python\Python310\site-packages\selenium\webdriver\remote\errorhandler.py", line 229, in check_response
    raise exception_class(message, screen, stacktrace)
selenium.common.exceptions.NoSuchElementException: Message: no such element: Unable to locate element: {"method":"xpath","selector":"//*[@id="layout-wrapper"]/div/div/div/app-documentation-process/div/div/aw-wizard/div/app-account-type/div/div[2]/div[1]/app-input-for-long-form[1]/div[2]/app-alerts/div/span"}
  (Session info: chrome=120.0.6099.110); For documentation on this error, please visit: https://www.selenium.dev/documentation/webdriver/troubleshooting/errors#no-such-element-exception
Stacktrace:
	GetHandleVerifier [0x00007FF740242142+3514994]
	(No symbol) [0x00007FF73FE60CE2]
	(No symbol) [0x00007FF73FD076AA]
	(No symbol) [0x00007FF73FD51860]
	(No symbol) [0x00007FF73FD5197C]
	(No symbol) [0x00007FF73FD94EE7]
	(No symbol) [0x00007FF73FD7602F]
	(No symbol) [0x00007FF73FD928F6]
	(No symbol) [0x00007FF73FD75D93]
	(No symbol) [0x00007FF73FD44BDC]
	(No symbol) [0x00007FF73FD45C64]
	GetHandleVerifier [0x00007FF74026E16B+3695259]
	GetHandleVerifier [0x00007FF7402C6737+4057191]
	GetHandleVerifier [0x00007FF7402BE4E3+4023827]
	GetHandleVerifier [0x00007FF73FF904F9+689705]
	(No symbol) [0x00007FF73FE6C048]
	(No symbol) [0x00007FF73FE68044]
	(No symbol) [0x00007FF73FE681C9]
	(No symbol) [0x00007FF73FE588C4]
	BaseThreadInitThunk [0x00007FFBA8B3257D+29]
	RtlUserThreadStart [0x00007FFBA8E8AA58+40]

]]></error>
		<system-out><![CDATA[El texto obtenido es: DOCUMENTACIÓN
El texto obtenido es: Para poder continuar al siguiente paso, será obligatorio completar los campos que se muestran a continuación.
]]></system-out>
	</testcase>
</testsuite>
