<?xml version="1.0" encoding="UTF-8"?>
<testsuite name="Onboarding_test_tenant-20231219102238" tests="1" file=".py" time="47.227" timestamp="2023-12-19T10:23:25" failures="0" errors="1" skipped="0">
	<testcase classname="Onboarding_test_tenant" name="test_tenat_onboarding" time="47.227" timestamp="2023-12-19T10:23:25" file="Onboarding.py" line="34">
		<error type="NoSuchWindowException" message="Message: no such window: target window already closed
from unknown error: web view not found
  (Session info: chrome=120.0.6099.110)
Stacktrace:
	GetHandleVerifier [0x00007FF740242142+3514994]
	(No symbol) [0x00007FF73FE60CE2]
	(No symbol) [0x00007FF73FD076AA]
	(No symbol) [0x00007FF73FCE0AFD]
	(No symbol) [0x00007FF73FD7CB1B]
	(No symbol) [0x00007FF73FD9218F]
	(No symbol) [0x00007FF73FD75D93]
	(No symbol) [0x00007FF73FD44BDC]
	(No symbol) [0x00007FF73FD45C64]
	GetHandleVerifier [0x00007FF74026E16B+3695259]
	GetHandleVerifier [0x00007FF7402C6737+4057191]
	GetHandleVerifier [0x00007FF7402BE4E3+4023827]
	GetHandleVerifier [0x00007FF73FF904F9+689705]
	(No symbol) [0x00007FF73FE6C048]
	(No symbol) [0x00007FF73FE68044]
	(No symbol) [0x00007FF73FE681C9]
	(No symbol) [0x00007FF73FE588C4]
	BaseThreadInitThunk [0x00007FFBA8B3257D+29]
	RtlUserThreadStart [0x00007FFBA8E8AA58+40]
"><![CDATA[Traceback (most recent call last):
  File "c:\Users\luist\repos\Automatizaciones-SILOHUB-\Onboarding.py", line 109, in test_tenat_onboarding
    input_element = self.driver.find_element(By.XPATH,'/html/body/app-root/app-layout/app-vertical/div/div/div/div/app-documentation-process/div/div/aw-wizard/div/app-account-type/div/div[2]/div[1]/app-input-for-long-form[1]/div[1]/div[2]/div/input')
  File "C:\Users\luist\AppData\Roaming\Python\Python310\site-packages\selenium\webdriver\remote\webdriver.py", line 741, in find_element
    return self.execute(Command.FIND_ELEMENT, {"using": by, "value": value})["value"]
  File "C:\Users\luist\AppData\Roaming\Python\Python310\site-packages\selenium\webdriver\remote\webdriver.py", line 347, in execute
    self.error_handler.check_response(response)
  File "C:\Users\luist\AppData\Roaming\Python\Python310\site-packages\selenium\webdriver\remote\errorhandler.py", line 229, in check_response
    raise exception_class(message, screen, stacktrace)
selenium.common.exceptions.NoSuchWindowException: Message: no such window: target window already closed
from unknown error: web view not found
  (Session info: chrome=120.0.6099.110)
Stacktrace:
	GetHandleVerifier [0x00007FF740242142+3514994]
	(No symbol) [0x00007FF73FE60CE2]
	(No symbol) [0x00007FF73FD076AA]
	(No symbol) [0x00007FF73FCE0AFD]
	(No symbol) [0x00007FF73FD7CB1B]
	(No symbol) [0x00007FF73FD9218F]
	(No symbol) [0x00007FF73FD75D93]
	(No symbol) [0x00007FF73FD44BDC]
	(No symbol) [0x00007FF73FD45C64]
	GetHandleVerifier [0x00007FF74026E16B+3695259]
	GetHandleVerifier [0x00007FF7402C6737+4057191]
	GetHandleVerifier [0x00007FF7402BE4E3+4023827]
	GetHandleVerifier [0x00007FF73FF904F9+689705]
	(No symbol) [0x00007FF73FE6C048]
	(No symbol) [0x00007FF73FE68044]
	(No symbol) [0x00007FF73FE681C9]
	(No symbol) [0x00007FF73FE588C4]
	BaseThreadInitThunk [0x00007FFBA8B3257D+29]
	RtlUserThreadStart [0x00007FFBA8E8AA58+40]

]]></error>
		<system-out><![CDATA[El texto obtenido es: DOCUMENTACIÓN
El texto obtenido es: Para poder continuar al siguiente paso, será obligatorio completar los campos que se muestran a continuación.
]]></system-out>
	</testcase>
</testsuite>
