<?xml version="1.0" encoding="UTF-8"?>
<testsuite name="Onboarding_test_tenant-20231219175500" tests="1" file=".py" time="11.442" timestamp="2023-12-19T17:55:12" failures="0" errors="1" skipped="0">
	<testcase classname="Onboarding_test_tenant" name="test_tenat_onboarding" time="11.442" timestamp="2023-12-19T17:55:12" file="Onboarding.py" line="28">
		<error type="NoSuchWindowException" message="Message: no such window: target window already closed
from unknown error: web view not found
  (Session info: chrome=120.0.6099.110)
Stacktrace:
	GetHandleVerifier [0x00007FF6091E2142+3514994]
	(No symbol) [0x00007FF608E00CE2]
	(No symbol) [0x00007FF608CA76AA]
	(No symbol) [0x00007FF608C80AFD]
	(No symbol) [0x00007FF608D1CB1B]
	(No symbol) [0x00007FF608D3218F]
	(No symbol) [0x00007FF608D15D93]
	(No symbol) [0x00007FF608CE4BDC]
	(No symbol) [0x00007FF608CE5C64]
	GetHandleVerifier [0x00007FF60920E16B+3695259]
	GetHandleVerifier [0x00007FF609266737+4057191]
	GetHandleVerifier [0x00007FF60925E4E3+4023827]
	GetHandleVerifier [0x00007FF608F304F9+689705]
	(No symbol) [0x00007FF608E0C048]
	(No symbol) [0x00007FF608E08044]
	(No symbol) [0x00007FF608E081C9]
	(No symbol) [0x00007FF608DF88C4]
	BaseThreadInitThunk [0x00007FFBA8B3257D+29]
	RtlUserThreadStart [0x00007FFBA8E8AA58+40]
"><![CDATA[Traceback (most recent call last):
  File "c:\Users\luist\repos\Automatizaciones-SILOHUB-\Onboarding.py", line 31, in test_tenat_onboarding
    self.login_Sample.select_tenant()
  File "c:\Users\luist\repos\Automatizaciones-SILOHUB-\LoginSample.py", line 19, in select_tenant
    select_tenant = find_element_by_xpath(self.driver, "/html/body/app-root/app-layout/app-vertical/div/div/div/div/app-home-main/div/div[1]/app-tenant-main/app-tenant[8]/div/div/img")
  File "c:\Users\luist\repos\Automatizaciones-SILOHUB-\findElements.py", line 14, in find_element_by_xpath
    return WebDriverWait(driver, 10).until(EC.presence_of_element_located((By.XPATH, xpath)))
  File "C:\Users\luist\AppData\Roaming\Python\Python310\site-packages\selenium\webdriver\support\wait.py", line 96, in until
    value = method(self._driver)
  File "C:\Users\luist\AppData\Roaming\Python\Python310\site-packages\selenium\webdriver\support\expected_conditions.py", line 84, in _predicate
    return driver.find_element(*locator)
  File "C:\Users\luist\AppData\Roaming\Python\Python310\site-packages\selenium\webdriver\remote\webdriver.py", line 742, in find_element
    return self.execute(Command.FIND_ELEMENT, {"using": by, "value": value})["value"]
  File "C:\Users\luist\AppData\Roaming\Python\Python310\site-packages\selenium\webdriver\remote\webdriver.py", line 348, in execute
    self.error_handler.check_response(response)
  File "C:\Users\luist\AppData\Roaming\Python\Python310\site-packages\selenium\webdriver\remote\errorhandler.py", line 229, in check_response
    raise exception_class(message, screen, stacktrace)
selenium.common.exceptions.NoSuchWindowException: Message: no such window: target window already closed
from unknown error: web view not found
  (Session info: chrome=120.0.6099.110)
Stacktrace:
	GetHandleVerifier [0x00007FF6091E2142+3514994]
	(No symbol) [0x00007FF608E00CE2]
	(No symbol) [0x00007FF608CA76AA]
	(No symbol) [0x00007FF608C80AFD]
	(No symbol) [0x00007FF608D1CB1B]
	(No symbol) [0x00007FF608D3218F]
	(No symbol) [0x00007FF608D15D93]
	(No symbol) [0x00007FF608CE4BDC]
	(No symbol) [0x00007FF608CE5C64]
	GetHandleVerifier [0x00007FF60920E16B+3695259]
	GetHandleVerifier [0x00007FF609266737+4057191]
	GetHandleVerifier [0x00007FF60925E4E3+4023827]
	GetHandleVerifier [0x00007FF608F304F9+689705]
	(No symbol) [0x00007FF608E0C048]
	(No symbol) [0x00007FF608E08044]
	(No symbol) [0x00007FF608E081C9]
	(No symbol) [0x00007FF608DF88C4]
	BaseThreadInitThunk [0x00007FFBA8B3257D+29]
	RtlUserThreadStart [0x00007FFBA8E8AA58+40]

]]></error>
	</testcase>
</testsuite>
