<?xml version="1.0" encoding="UTF-8"?>
<testsuite name="Onboarding_test_tenant-20231219171525" tests="1" file=".py" time="84.722" timestamp="2023-12-19T17:16:50" failures="0" errors="1" skipped="0">
	<testcase classname="Onboarding_test_tenant" name="test_tenat_onboarding" time="84.722" timestamp="2023-12-19T17:16:50" file="Onboarding.py" line="28">
		<error type="NoSuchElementException" message="Message: no such element: Unable to locate element: {&quot;method&quot;:&quot;xpath&quot;,&quot;selector&quot;:&quot;//*[@id=&quot;flush-headingOne&quot;]/button/app-upload-input/div/div[1]/label&quot;}
  (Session info: chrome=120.0.6099.110); For documentation on this error, please visit: https://www.selenium.dev/documentation/webdriver/troubleshooting/errors#no-such-element-exception
Stacktrace:
	GetHandleVerifier [0x00007FF655B82142+3514994]
	(No symbol) [0x00007FF6557A0CE2]
	(No symbol) [0x00007FF6556476AA]
	(No symbol) [0x00007FF655691860]
	(No symbol) [0x00007FF65569197C]
	(No symbol) [0x00007FF6556D4EE7]
	(No symbol) [0x00007FF6556B602F]
	(No symbol) [0x00007FF6556D28F6]
	(No symbol) [0x00007FF6556B5D93]
	(No symbol) [0x00007FF655684BDC]
	(No symbol) [0x00007FF655685C64]
	GetHandleVerifier [0x00007FF655BAE16B+3695259]
	GetHandleVerifier [0x00007FF655C06737+4057191]
	GetHandleVerifier [0x00007FF655BFE4E3+4023827]
	GetHandleVerifier [0x00007FF6558D04F9+689705]
	(No symbol) [0x00007FF6557AC048]
	(No symbol) [0x00007FF6557A8044]
	(No symbol) [0x00007FF6557A81C9]
	(No symbol) [0x00007FF6557988C4]
	BaseThreadInitThunk [0x00007FFBA8B3257D+29]
	RtlUserThreadStart [0x00007FFBA8E8AA58+40]
"><![CDATA[Traceback (most recent call last):
  File "c:\Users\luist\repos\Automatizaciones-SILOHUB-\Onboarding.py", line 131, in test_tenat_onboarding
    select_campo = self.driver.find_element(By.XPATH,
  File "C:\Users\luist\AppData\Roaming\Python\Python310\site-packages\selenium\webdriver\remote\webdriver.py", line 741, in find_element
    return self.execute(Command.FIND_ELEMENT, {"using": by, "value": value})["value"]
  File "C:\Users\luist\AppData\Roaming\Python\Python310\site-packages\selenium\webdriver\remote\webdriver.py", line 347, in execute
    self.error_handler.check_response(response)
  File "C:\Users\luist\AppData\Roaming\Python\Python310\site-packages\selenium\webdriver\remote\errorhandler.py", line 229, in check_response
    raise exception_class(message, screen, stacktrace)
selenium.common.exceptions.NoSuchElementException: Message: no such element: Unable to locate element: {"method":"xpath","selector":"//*[@id="flush-headingOne"]/button/app-upload-input/div/div[1]/label"}
  (Session info: chrome=120.0.6099.110); For documentation on this error, please visit: https://www.selenium.dev/documentation/webdriver/troubleshooting/errors#no-such-element-exception
Stacktrace:
	GetHandleVerifier [0x00007FF655B82142+3514994]
	(No symbol) [0x00007FF6557A0CE2]
	(No symbol) [0x00007FF6556476AA]
	(No symbol) [0x00007FF655691860]
	(No symbol) [0x00007FF65569197C]
	(No symbol) [0x00007FF6556D4EE7]
	(No symbol) [0x00007FF6556B602F]
	(No symbol) [0x00007FF6556D28F6]
	(No symbol) [0x00007FF6556B5D93]
	(No symbol) [0x00007FF655684BDC]
	(No symbol) [0x00007FF655685C64]
	GetHandleVerifier [0x00007FF655BAE16B+3695259]
	GetHandleVerifier [0x00007FF655C06737+4057191]
	GetHandleVerifier [0x00007FF655BFE4E3+4023827]
	GetHandleVerifier [0x00007FF6558D04F9+689705]
	(No symbol) [0x00007FF6557AC048]
	(No symbol) [0x00007FF6557A8044]
	(No symbol) [0x00007FF6557A81C9]
	(No symbol) [0x00007FF6557988C4]
	BaseThreadInitThunk [0x00007FFBA8B3257D+29]
	RtlUserThreadStart [0x00007FFBA8E8AA58+40]

]]></error>
		<system-out><![CDATA[El texto obtenido es: DOCUMENTACIÓN
El texto obtenido es: Para poder continuar al siguiente paso, será obligatorio completar los campos que se muestran a continuación.
Error presente. Intentando con otro CUIT.
Error presente. Intentando con otro CUIT.
Error presente. Intentando con otro CUIT.
Error presente. Intentando con otro CUIT.
Error presente. Intentando con otro CUIT.
Error presente. Intentando con otro CUIT.
Error presente. Intentando con otro CUIT.
Error presente. Intentando con otro CUIT.
Error presente. Intentando con otro CUIT.
Error presente. Intentando con otro CUIT.
Error presente. Intentando con otro CUIT.
Error presente. Intentando con otro CUIT.
Error presente. Intentando con otro CUIT.
Error presente. Intentando con otro CUIT.
Error presente. Intentando con otro CUIT.
Error presente. Intentando con otro CUIT.
Error presente. Intentando con otro CUIT.
Error presente. Intentando con otro CUIT.
]]></system-out>
	</testcase>
</testsuite>
