<?xml version="1.0" encoding="UTF-8"?>
<testsuite name="ReportinsumosPendRetirar-20240202141510" tests="1" file=".py" time="34.745" timestamp="2024-02-02T14:15:44" failures="0" errors="1" skipped="0">
	<testcase classname="ReportinsumosPendRetirar" name="test_Report_suppliesWithdrawal" time="34.745" timestamp="2024-02-02T14:15:44" file="reportInsuRetirar.py" line="17">
		<error type="InvalidSelectorException" message="Message: invalid selector: Unable to locate an element with the xpath expression PED 0051 00016343 because of the following error:
SyntaxError: Failed to execute 'evaluate' on 'Document': The string 'PED 0051 00016343' is not a valid XPath expression.
  (Session info: chrome=121.0.6167.140); For documentation on this error, please visit: https://www.selenium.dev/documentation/webdriver/troubleshooting/errors#invalid-selector-exception
Stacktrace:
	GetHandleVerifier [0x00007FF683905E42+3538674]
	(No symbol) [0x00007FF683524C02]
	(No symbol) [0x00007FF6833D5AEB]
	(No symbol) [0x00007FF6833DAD39]
	(No symbol) [0x00007FF6833DD150]
	(No symbol) [0x00007FF6833DD210]
	(No symbol) [0x00007FF68341BBBC]
	(No symbol) [0x00007FF68341C0CC]
	(No symbol) [0x00007FF68345E477]
	(No symbol) [0x00007FF68343F0EF]
	(No symbol) [0x00007FF68345BDE3]
	(No symbol) [0x00007FF68343EE53]
	(No symbol) [0x00007FF68340F514]
	(No symbol) [0x00007FF683410631]
	GetHandleVerifier [0x00007FF683936CAD+3738973]
	GetHandleVerifier [0x00007FF68398C506+4089270]
	GetHandleVerifier [0x00007FF683984823+4057299]
	GetHandleVerifier [0x00007FF683655C49+720121]
	(No symbol) [0x00007FF68353126F]
	(No symbol) [0x00007FF68352C304]
	(No symbol) [0x00007FF68352C432]
	(No symbol) [0x00007FF68351BD04]
	BaseThreadInitThunk [0x00007FFEF135257D+29]
	RtlUserThreadStart [0x00007FFEF336AA58+40]
"><![CDATA[Traceback (most recent call last):
  File "c:\Users\luist\repos\Automatizaciones-SILOHUB-\reportInsuRetirar.py", line 64, in test_Report_suppliesWithdrawal
    validate_strt(self.driver, list_movements1, number_movements1)
  File "c:\Users\luist\repos\Automatizaciones-SILOHUB-\Elements.py", line 364, in validate_strt
    elemento = WebDriverWait(driver, 10).until(
  File "C:\Users\luist\AppData\Roaming\Python\Python310\site-packages\selenium\webdriver\support\wait.py", line 96, in until
    value = method(self._driver)
  File "C:\Users\luist\AppData\Roaming\Python\Python310\site-packages\selenium\webdriver\support\expected_conditions.py", line 84, in _predicate
    return driver.find_element(*locator)
  File "C:\Users\luist\AppData\Roaming\Python\Python310\site-packages\selenium\webdriver\remote\webdriver.py", line 742, in find_element
    return self.execute(Command.FIND_ELEMENT, {"using": by, "value": value})["value"]
  File "C:\Users\luist\AppData\Roaming\Python\Python310\site-packages\selenium\webdriver\remote\webdriver.py", line 348, in execute
    self.error_handler.check_response(response)
  File "C:\Users\luist\AppData\Roaming\Python\Python310\site-packages\selenium\webdriver\remote\errorhandler.py", line 229, in check_response
    raise exception_class(message, screen, stacktrace)
selenium.common.exceptions.InvalidSelectorException: Message: invalid selector: Unable to locate an element with the xpath expression PED 0051 00016343 because of the following error:
SyntaxError: Failed to execute 'evaluate' on 'Document': The string 'PED 0051 00016343' is not a valid XPath expression.
  (Session info: chrome=121.0.6167.140); For documentation on this error, please visit: https://www.selenium.dev/documentation/webdriver/troubleshooting/errors#invalid-selector-exception
Stacktrace:
	GetHandleVerifier [0x00007FF683905E42+3538674]
	(No symbol) [0x00007FF683524C02]
	(No symbol) [0x00007FF6833D5AEB]
	(No symbol) [0x00007FF6833DAD39]
	(No symbol) [0x00007FF6833DD150]
	(No symbol) [0x00007FF6833DD210]
	(No symbol) [0x00007FF68341BBBC]
	(No symbol) [0x00007FF68341C0CC]
	(No symbol) [0x00007FF68345E477]
	(No symbol) [0x00007FF68343F0EF]
	(No symbol) [0x00007FF68345BDE3]
	(No symbol) [0x00007FF68343EE53]
	(No symbol) [0x00007FF68340F514]
	(No symbol) [0x00007FF683410631]
	GetHandleVerifier [0x00007FF683936CAD+3738973]
	GetHandleVerifier [0x00007FF68398C506+4089270]
	GetHandleVerifier [0x00007FF683984823+4057299]
	GetHandleVerifier [0x00007FF683655C49+720121]
	(No symbol) [0x00007FF68353126F]
	(No symbol) [0x00007FF68352C304]
	(No symbol) [0x00007FF68352C432]
	(No symbol) [0x00007FF68351BD04]
	BaseThreadInitThunk [0x00007FFEF135257D+29]
	RtlUserThreadStart [0x00007FFEF336AA58+40]

]]></error>
		<system-out><![CDATA[¡Elemento encontrado y clickeado con éxito!
¡Elemento encontrado y clickeado con éxito!
¡Elemento encontrado y clickeado con éxito!
¡Elemento encontrado y clickeado con éxito!
¡Elemento encontrado y clickeado con éxito!
El texto encontrado es  Insumos Pendientes de Retirar
El texto encontrado es  Comprobante
]]></system-out>
	</testcase>
</testsuite>
