<?xml version="1.0" encoding="UTF-8"?>
<testsuite name="ReportinsumosPendRetirar-20240202162457" tests="1" file=".py" time="38.306" timestamp="2024-02-02T16:25:35" failures="0" errors="1" skipped="0">
	<testcase classname="ReportinsumosPendRetirar" name="test_Report_suppliesWithdrawal" time="38.306" timestamp="2024-02-02T16:25:35" file="reportInsuRetirar.py" line="17">
		<error type="InvalidSelectorException" message="Message: invalid selector: An invalid or illegal selector was specified
  (Session info: chrome=121.0.6167.140); For documentation on this error, please visit: https://www.selenium.dev/documentation/webdriver/troubleshooting/errors#invalid-selector-exception
Stacktrace:
	GetHandleVerifier [0x00007FF7B61E5E42+3538674]
	(No symbol) [0x00007FF7B5E04C02]
	(No symbol) [0x00007FF7B5CB5AEB]
	(No symbol) [0x00007FF7B5CBAD39]
	(No symbol) [0x00007FF7B5CBD150]
	(No symbol) [0x00007FF7B5CBD210]
	(No symbol) [0x00007FF7B5CFBBBC]
	(No symbol) [0x00007FF7B5CFC0CC]
	(No symbol) [0x00007FF7B5D3E477]
	(No symbol) [0x00007FF7B5D1F0EF]
	(No symbol) [0x00007FF7B5D3BDE3]
	(No symbol) [0x00007FF7B5D1EE53]
	(No symbol) [0x00007FF7B5CEF514]
	(No symbol) [0x00007FF7B5CF0631]
	GetHandleVerifier [0x00007FF7B6216CAD+3738973]
	GetHandleVerifier [0x00007FF7B626C506+4089270]
	GetHandleVerifier [0x00007FF7B6264823+4057299]
	GetHandleVerifier [0x00007FF7B5F35C49+720121]
	(No symbol) [0x00007FF7B5E1126F]
	(No symbol) [0x00007FF7B5E0C304]
	(No symbol) [0x00007FF7B5E0C432]
	(No symbol) [0x00007FF7B5DFBD04]
	BaseThreadInitThunk [0x00007FFEF135257D+29]
	RtlUserThreadStart [0x00007FFEF336AA58+40]
"><![CDATA[Traceback (most recent call last):
  File "c:\Users\luist\repos\Automatizaciones-SILOHUB-\reportInsuRetirar.py", line 72, in test_Report_suppliesWithdrawal
    validate_strt_selector(self.driver, "", description_article1)
  File "c:\Users\luist\repos\Automatizaciones-SILOHUB-\Elements.py", line 380, in validate_strt_selector
    elemento = WebDriverWait(driver, 10).until(
  File "C:\Users\luist\AppData\Roaming\Python\Python310\site-packages\selenium\webdriver\support\wait.py", line 96, in until
    value = method(self._driver)
  File "C:\Users\luist\AppData\Roaming\Python\Python310\site-packages\selenium\webdriver\support\expected_conditions.py", line 84, in _predicate
    return driver.find_element(*locator)
  File "C:\Users\luist\AppData\Roaming\Python\Python310\site-packages\selenium\webdriver\remote\webdriver.py", line 742, in find_element
    return self.execute(Command.FIND_ELEMENT, {"using": by, "value": value})["value"]
  File "C:\Users\luist\AppData\Roaming\Python\Python310\site-packages\selenium\webdriver\remote\webdriver.py", line 348, in execute
    self.error_handler.check_response(response)
  File "C:\Users\luist\AppData\Roaming\Python\Python310\site-packages\selenium\webdriver\remote\errorhandler.py", line 229, in check_response
    raise exception_class(message, screen, stacktrace)
selenium.common.exceptions.InvalidSelectorException: Message: invalid selector: An invalid or illegal selector was specified
  (Session info: chrome=121.0.6167.140); For documentation on this error, please visit: https://www.selenium.dev/documentation/webdriver/troubleshooting/errors#invalid-selector-exception
Stacktrace:
	GetHandleVerifier [0x00007FF7B61E5E42+3538674]
	(No symbol) [0x00007FF7B5E04C02]
	(No symbol) [0x00007FF7B5CB5AEB]
	(No symbol) [0x00007FF7B5CBAD39]
	(No symbol) [0x00007FF7B5CBD150]
	(No symbol) [0x00007FF7B5CBD210]
	(No symbol) [0x00007FF7B5CFBBBC]
	(No symbol) [0x00007FF7B5CFC0CC]
	(No symbol) [0x00007FF7B5D3E477]
	(No symbol) [0x00007FF7B5D1F0EF]
	(No symbol) [0x00007FF7B5D3BDE3]
	(No symbol) [0x00007FF7B5D1EE53]
	(No symbol) [0x00007FF7B5CEF514]
	(No symbol) [0x00007FF7B5CF0631]
	GetHandleVerifier [0x00007FF7B6216CAD+3738973]
	GetHandleVerifier [0x00007FF7B626C506+4089270]
	GetHandleVerifier [0x00007FF7B6264823+4057299]
	GetHandleVerifier [0x00007FF7B5F35C49+720121]
	(No symbol) [0x00007FF7B5E1126F]
	(No symbol) [0x00007FF7B5E0C304]
	(No symbol) [0x00007FF7B5E0C432]
	(No symbol) [0x00007FF7B5DFBD04]
	BaseThreadInitThunk [0x00007FFEF135257D+29]
	RtlUserThreadStart [0x00007FFEF336AA58+40]

]]></error>
		<system-out><![CDATA[¡Elemento encontrado y clickeado con éxito!
¡Elemento encontrado y clickeado con éxito!
¡Elemento encontrado y clickeado con éxito!
¡Elemento encontrado y clickeado con éxito!
¡Elemento encontrado y clickeado con éxito!
El texto encontrado es  Insumos Pendientes de Retirar
El texto encontrado es  Comprobante
El texto encontrado 'PED 0051 00016343' no coincide con el esperado ''
El texto encontrado es  Artículo
]]></system-out>
	</testcase>
</testsuite>
