<?xml version="1.0" encoding="UTF-8"?>
<testsuite name="TestRegistroUsuario-20240207135043" tests="1" file=".py" time="69.727" timestamp="2024-02-07T13:51:53" failures="0" errors="1" skipped="0">
	<testcase classname="TestRegistroUsuario" name="test_register_user" time="69.727" timestamp="2024-02-07T13:51:53" file="RegistroUsuario.py" line="17">
		<error type="AttributeError" message="'NoneType' object has no attribute 'is_displayed'"><![CDATA[Traceback (most recent call last):
  File "c:\Users\luist\repos\Automatizaciones_M-dulos-\RegistroUsuario.py", line 80, in test_register_user
    find_elements_css_selector(self.driver, select_hier)
  File "c:\Users\luist\repos\Automatizaciones_M-dulos-\Elements.py", line 25, in find_elements_css_selector
    select_nex_button = WebDriverWait(driver, 10).until(
  File "C:\Users\luist\AppData\Roaming\Python\Python310\site-packages\selenium\webdriver\support\wait.py", line 96, in until
    value = method(self._driver)
  File "C:\Users\luist\AppData\Roaming\Python\Python310\site-packages\selenium\webdriver\support\expected_conditions.py", line 364, in _predicate
    element = visibility_of(target)(driver)
  File "C:\Users\luist\AppData\Roaming\Python\Python310\site-packages\selenium\webdriver\support\expected_conditions.py", line 173, in _predicate
    return _element_if_visible(element)
  File "C:\Users\luist\AppData\Roaming\Python\Python310\site-packages\selenium\webdriver\support\expected_conditions.py", line 179, in _element_if_visible
    return element if element.is_displayed() == visibility else False
AttributeError: 'NoneType' object has no attribute 'is_displayed'
]]></error>
		<system-out><![CDATA[Email generado: _u9tbpibm@yopmail.com
Elemento desplazado, cantidad limpiada y nuevo valor '_u9tbpibm@yopmail.com' ingresado con éxito!
¡Elemento encontrado y clickeado con éxito!
Elemento desplazado, cantidad limpiada y nuevo valor '_u9tbpibm@yopmail.com' ingresado con éxito!
¡Elemento encontrado y clickeado con éxito!
]]></system-out>
	</testcase>
</testsuite>
