<?xml version="1.0" encoding="UTF-8"?>
<testsuite name="TestRegistroUsuario-20240207152436" tests="1" file=".py" time="140.516" timestamp="2024-02-07T15:26:56" failures="0" errors="1" skipped="0">
	<testcase classname="TestRegistroUsuario" name="test_register_user" time="140.516" timestamp="2024-02-07T15:26:56" file="RegistroUsuario.py" line="18">
		<error type="TimeoutException" message="Message: 
Stacktrace:
	GetHandleVerifier [0x00007FF616A15E42+3538674]
	(No symbol) [0x00007FF616634C02]
	(No symbol) [0x00007FF6164E5AEB]
	(No symbol) [0x00007FF61652BF4E]
	(No symbol) [0x00007FF61652C0CC]
	(No symbol) [0x00007FF61656E477]
	(No symbol) [0x00007FF61654F0EF]
	(No symbol) [0x00007FF61656BDE3]
	(No symbol) [0x00007FF61654EE53]
	(No symbol) [0x00007FF61651F514]
	(No symbol) [0x00007FF616520631]
	GetHandleVerifier [0x00007FF616A46CAD+3738973]
	GetHandleVerifier [0x00007FF616A9C506+4089270]
	GetHandleVerifier [0x00007FF616A94823+4057299]
	GetHandleVerifier [0x00007FF616765C49+720121]
	(No symbol) [0x00007FF61664126F]
	(No symbol) [0x00007FF61663C304]
	(No symbol) [0x00007FF61663C432]
	(No symbol) [0x00007FF61662BD04]
	BaseThreadInitThunk [0x00007FFF6D01257D+29]
	RtlUserThreadStart [0x00007FFF6E86AA58+40]
"><![CDATA[Traceback (most recent call last):
  File "c:\Users\luist\repos\Automatizaciones_M-dulos-\RegistroUsuario.py", line 131, in test_register_user
    self.login_sample.select_tenant()
  File "c:\Users\luist\repos\Automatizaciones_M-dulos-\LoginSample.py", line 19, in select_tenant
    select_tenant = find_element_by_xpath(self.driver, "/html/body/app-root/app-layout/app-vertical/div/div/div/div/app-home-main/div/div[1]/app-tenant-main/app-tenant[8]/div/div/img")
  File "c:\Users\luist\repos\Automatizaciones_M-dulos-\findElements.py", line 14, in find_element_by_xpath
    return WebDriverWait(driver, 10).until(EC.presence_of_element_located((By.XPATH, xpath)))
  File "C:\Users\luist\AppData\Roaming\Python\Python310\site-packages\selenium\webdriver\support\wait.py", line 105, in until
    raise TimeoutException(message, screen, stacktrace)
selenium.common.exceptions.TimeoutException: Message: 
Stacktrace:
	GetHandleVerifier [0x00007FF616A15E42+3538674]
	(No symbol) [0x00007FF616634C02]
	(No symbol) [0x00007FF6164E5AEB]
	(No symbol) [0x00007FF61652BF4E]
	(No symbol) [0x00007FF61652C0CC]
	(No symbol) [0x00007FF61656E477]
	(No symbol) [0x00007FF61654F0EF]
	(No symbol) [0x00007FF61656BDE3]
	(No symbol) [0x00007FF61654EE53]
	(No symbol) [0x00007FF61651F514]
	(No symbol) [0x00007FF616520631]
	GetHandleVerifier [0x00007FF616A46CAD+3738973]
	GetHandleVerifier [0x00007FF616A9C506+4089270]
	GetHandleVerifier [0x00007FF616A94823+4057299]
	GetHandleVerifier [0x00007FF616765C49+720121]
	(No symbol) [0x00007FF61664126F]
	(No symbol) [0x00007FF61663C304]
	(No symbol) [0x00007FF61663C432]
	(No symbol) [0x00007FF61662BD04]
	BaseThreadInitThunk [0x00007FFF6D01257D+29]
	RtlUserThreadStart [0x00007FFF6E86AA58+40]

]]></error>
		<system-out><![CDATA[Email generado: _ztc3h2zk@yopmail.com
Elemento desplazado, cantidad limpiada y nuevo valor '_ztc3h2zk@yopmail.com' ingresado con éxito!
¡Elemento encontrado y clickeado con éxito!
Elemento desplazado, cantidad limpiada y nuevo valor '_ztc3h2zk@yopmail.com' ingresado con éxito!
¡Elemento encontrado y clickeado con éxito!
¡Elemento encontrado y clickeado con éxito!
¡Elemento encontrado y clickeado con éxito!
Elemento desplazado, cantidad limpiada y nuevo valor '_ztc3h2zk@yopmail.com' ingresado con éxito!
¡Elemento encontrado y clickeado con éxito!
¡Elemento encontrado y clickeado con éxito!
¡Elemento encontrado y clickeado con éxito!
¡Elemento encontrado y clickeado con éxito!
]]></system-out>
	</testcase>
</testsuite>
