<?xml version="1.0" encoding="UTF-8"?>
<testsuite name="HomeTenant-20240115132857" tests="1" file=".py" time="62.471" timestamp="2024-01-15T13:30:00" failures="0" errors="1" skipped="0">
	<testcase classname="HomeTenant" name="test_start_tenant" time="62.471" timestamp="2024-01-15T13:30:00" file="Home.py" line="23">
		<error type="NoSuchElementException" message="Message: no such element: Unable to locate element: {&quot;method&quot;:&quot;xpath&quot;,&quot;selector&quot;:&quot;//*[@id=&quot;swiper-wrapper-2c5ab31cb5f39992&quot;]/div[1]/app-number-values-card/div/div/div/div[1]/div/p&quot;}
  (Session info: chrome=120.0.6099.217); For documentation on this error, please visit: https://www.selenium.dev/documentation/webdriver/troubleshooting/errors#no-such-element-exception
Stacktrace:
	GetHandleVerifier [0x00007FF7A4DF2142+3514994]
	(No symbol) [0x00007FF7A4A10CE2]
	(No symbol) [0x00007FF7A48B76AA]
	(No symbol) [0x00007FF7A4901860]
	(No symbol) [0x00007FF7A490197C]
	(No symbol) [0x00007FF7A4944EE7]
	(No symbol) [0x00007FF7A492602F]
	(No symbol) [0x00007FF7A49428F6]
	(No symbol) [0x00007FF7A4925D93]
	(No symbol) [0x00007FF7A48F4BDC]
	(No symbol) [0x00007FF7A48F5C64]
	GetHandleVerifier [0x00007FF7A4E1E16B+3695259]
	GetHandleVerifier [0x00007FF7A4E76737+4057191]
	GetHandleVerifier [0x00007FF7A4E6E4E3+4023827]
	GetHandleVerifier [0x00007FF7A4B404F9+689705]
	(No symbol) [0x00007FF7A4A1C048]
	(No symbol) [0x00007FF7A4A18044]
	(No symbol) [0x00007FF7A4A181C9]
	(No symbol) [0x00007FF7A4A088C4]
	BaseThreadInitThunk [0x00007FFC1CD9257D+29]
	RtlUserThreadStart [0x00007FFC1ED6AA58+40]
"><![CDATA[Traceback (most recent call last):
  File "c:\Users\luist\repos\Automatizaciones-SILOHUB-\Home.py", line 57, in test_start_tenant
    validate_text(self.driver, text_expected1, text_obtained1)
  File "c:\Users\luist\repos\Automatizaciones-SILOHUB-\Elements.py", line 187, in validate_text
    element = driver.find_element(By.XPATH, xpath)
  File "C:\Users\luist\AppData\Roaming\Python\Python310\site-packages\selenium\webdriver\remote\webdriver.py", line 742, in find_element
    return self.execute(Command.FIND_ELEMENT, {"using": by, "value": value})["value"]
  File "C:\Users\luist\AppData\Roaming\Python\Python310\site-packages\selenium\webdriver\remote\webdriver.py", line 348, in execute
    self.error_handler.check_response(response)
  File "C:\Users\luist\AppData\Roaming\Python\Python310\site-packages\selenium\webdriver\remote\errorhandler.py", line 229, in check_response
    raise exception_class(message, screen, stacktrace)
selenium.common.exceptions.NoSuchElementException: Message: no such element: Unable to locate element: {"method":"xpath","selector":"//*[@id="swiper-wrapper-2c5ab31cb5f39992"]/div[1]/app-number-values-card/div/div/div/div[1]/div/p"}
  (Session info: chrome=120.0.6099.217); For documentation on this error, please visit: https://www.selenium.dev/documentation/webdriver/troubleshooting/errors#no-such-element-exception
Stacktrace:
	GetHandleVerifier [0x00007FF7A4DF2142+3514994]
	(No symbol) [0x00007FF7A4A10CE2]
	(No symbol) [0x00007FF7A48B76AA]
	(No symbol) [0x00007FF7A4901860]
	(No symbol) [0x00007FF7A490197C]
	(No symbol) [0x00007FF7A4944EE7]
	(No symbol) [0x00007FF7A492602F]
	(No symbol) [0x00007FF7A49428F6]
	(No symbol) [0x00007FF7A4925D93]
	(No symbol) [0x00007FF7A48F4BDC]
	(No symbol) [0x00007FF7A48F5C64]
	GetHandleVerifier [0x00007FF7A4E1E16B+3695259]
	GetHandleVerifier [0x00007FF7A4E76737+4057191]
	GetHandleVerifier [0x00007FF7A4E6E4E3+4023827]
	GetHandleVerifier [0x00007FF7A4B404F9+689705]
	(No symbol) [0x00007FF7A4A1C048]
	(No symbol) [0x00007FF7A4A18044]
	(No symbol) [0x00007FF7A4A181C9]
	(No symbol) [0x00007FF7A4A088C4]
	BaseThreadInitThunk [0x00007FFC1CD9257D+29]
	RtlUserThreadStart [0x00007FFC1ED6AA58+40]

]]></error>
		<system-out><![CDATA[¡Botón encontrado y clickeado con éxito!
¡Botón encontrado y clickeado con éxito!
¡Botón encontrado y clickeado con éxito!
¡Botón encontrado y clickeado con éxito!
El texto es visible para el usuario
El texto fue validado correctamente: Buen día JUAN DEMO!
]]></system-out>
	</testcase>
</testsuite>
