<?xml version="1.0" encoding="UTF-8"?>
<testsuite name="HomeTenant-20240514114949" tests="1" file=".py" time="101.044" timestamp="2024-05-14T11:51:30" failures="0" errors="1" skipped="0">
	<testcase classname="HomeTenant" name="test_start_tenant" time="101.044" timestamp="2024-05-14T11:51:30" file="Home.py" line="18">
		<error type="NoSuchWindowException" message="Message: no such window: target window already closed
from unknown error: web view not found
  (Session info: chrome=124.0.6367.202)
Stacktrace:
	GetHandleVerifier [0x00007FF60E711522+60802]
	(No symbol) [0x00007FF60E68AC22]
	(No symbol) [0x00007FF60E547CE4]
	(No symbol) [0x00007FF60E51DFDF]
	(No symbol) [0x00007FF60E5C1E57]
	(No symbol) [0x00007FF60E5D98D1]
	(No symbol) [0x00007FF60E5BA923]
	(No symbol) [0x00007FF60E588FEC]
	(No symbol) [0x00007FF60E589C21]
	GetHandleVerifier [0x00007FF60EA141BD+3217949]
	GetHandleVerifier [0x00007FF60EA56157+3488183]
	GetHandleVerifier [0x00007FF60EA4F0DF+3459391]
	GetHandleVerifier [0x00007FF60E7CB8E6+823622]
	(No symbol) [0x00007FF60E695FBF]
	(No symbol) [0x00007FF60E690EE4]
	(No symbol) [0x00007FF60E691072]
	(No symbol) [0x00007FF60E6818C4]
	BaseThreadInitThunk [0x00007FFCF149257D+29]
	RtlUserThreadStart [0x00007FFCF2C2AA48+40]
"><![CDATA[Traceback (most recent call last):
  File "c:\Users\luist\repos\Automatizaciones-SILOHUB-\Home.py", line 53, in test_start_tenant
    validate_text(self.driver, titlle_value1, value_expected1)
  File "c:\Users\luist\repos\Automatizaciones-SILOHUB-\Elements.py", line 456, in validate_text
    elemento = WebDriverWait(driver, 10).until(
  File "C:\Users\luist\AppData\Roaming\Python\Python310\site-packages\selenium\webdriver\support\wait.py", line 96, in until
    value = method(self._driver)
  File "C:\Users\luist\AppData\Roaming\Python\Python310\site-packages\selenium\webdriver\support\expected_conditions.py", line 84, in _predicate
    return driver.find_element(*locator)
  File "C:\Users\luist\AppData\Roaming\Python\Python310\site-packages\selenium\webdriver\remote\webdriver.py", line 742, in find_element
    return self.execute(Command.FIND_ELEMENT, {"using": by, "value": value})["value"]
  File "C:\Users\luist\AppData\Roaming\Python\Python310\site-packages\selenium\webdriver\remote\webdriver.py", line 348, in execute
    self.error_handler.check_response(response)
  File "C:\Users\luist\AppData\Roaming\Python\Python310\site-packages\selenium\webdriver\remote\errorhandler.py", line 229, in check_response
    raise exception_class(message, screen, stacktrace)
selenium.common.exceptions.NoSuchWindowException: Message: no such window: target window already closed
from unknown error: web view not found
  (Session info: chrome=124.0.6367.202)
Stacktrace:
	GetHandleVerifier [0x00007FF60E711522+60802]
	(No symbol) [0x00007FF60E68AC22]
	(No symbol) [0x00007FF60E547CE4]
	(No symbol) [0x00007FF60E51DFDF]
	(No symbol) [0x00007FF60E5C1E57]
	(No symbol) [0x00007FF60E5D98D1]
	(No symbol) [0x00007FF60E5BA923]
	(No symbol) [0x00007FF60E588FEC]
	(No symbol) [0x00007FF60E589C21]
	GetHandleVerifier [0x00007FF60EA141BD+3217949]
	GetHandleVerifier [0x00007FF60EA56157+3488183]
	GetHandleVerifier [0x00007FF60EA4F0DF+3459391]
	GetHandleVerifier [0x00007FF60E7CB8E6+823622]
	(No symbol) [0x00007FF60E695FBF]
	(No symbol) [0x00007FF60E690EE4]
	(No symbol) [0x00007FF60E691072]
	(No symbol) [0x00007FF60E6818C4]
	BaseThreadInitThunk [0x00007FFCF149257D+29]
	RtlUserThreadStart [0x00007FFCF2C2AA48+40]

]]></error>
		<system-out><![CDATA[Tiempo de espera agotado. El texto por xpaht no estÃ¡ presente.
]]></system-out>
	</testcase>
</testsuite>
