<?xml version="1.0" encoding="UTF-8"?>
<testsuite name="HomeTenant-20240508180331" tests="1" file=".py" time="37.418" timestamp="2024-05-08T18:04:08" failures="0" errors="1" skipped="0">
	<testcase classname="HomeTenant" name="test_start_tenant" time="37.418" timestamp="2024-05-08T18:04:08" file="Home.py" line="19">
		<error type="ElementClickInterceptedException" message="Message: element click intercepted: Element &lt;i _ngcontent-wbv-c180=&quot;&quot; class=&quot;ri-close-line t-gray-300 f-size-14 tag-close-icon&quot;&gt;&lt;/i&gt; is not clickable at point (1374, 110). Other element would receive the click: &lt;div _ngcontent-wbv-c183=&quot;&quot; class=&quot;choices__list choices__list--multiple row tags-container&quot;&gt;...&lt;/div&gt;
  (Session info: chrome=124.0.6367.119)
Stacktrace:
	GetHandleVerifier [0x00007FF6200D1572+60802]
	(No symbol) [0x00007FF62004AC72]
	(No symbol) [0x00007FF61FF07CE4]
	(No symbol) [0x00007FF61FF5E877]
	(No symbol) [0x00007FF61FF5C344]
	(No symbol) [0x00007FF61FF5980A]
	(No symbol) [0x00007FF61FF589E2]
	(No symbol) [0x00007FF61FF4AE8B]
	(No symbol) [0x00007FF61FF7AB7A]
	(No symbol) [0x00007FF61FF4A7C6]
	(No symbol) [0x00007FF61FF7AD90]
	(No symbol) [0x00007FF61FF9A224]
	(No symbol) [0x00007FF61FF7A923]
	(No symbol) [0x00007FF61FF48FEC]
	(No symbol) [0x00007FF61FF49C21]
	GetHandleVerifier [0x00007FF6203D420D+3217949]
	GetHandleVerifier [0x00007FF6204161A7+3488183]
	GetHandleVerifier [0x00007FF62040F12F+3459391]
	GetHandleVerifier [0x00007FF62018B936+823622]
	(No symbol) [0x00007FF62005600F]
	(No symbol) [0x00007FF620050F34]
	(No symbol) [0x00007FF6200510C2]
	(No symbol) [0x00007FF620041914]
	BaseThreadInitThunk [0x00007FFEF342257D+29]
	RtlUserThreadStart [0x00007FFEF4B0AA48+40]
"><![CDATA[Traceback (most recent call last):
  File "c:\Users\luist\repos\Automatizaciones-SILOHUB-\Home.py", line 33, in test_start_tenant
    find_elements(self.driver, delete_campaign)
  File "c:\Users\luist\repos\Automatizaciones-SILOHUB-\Elements.py", line 22, in find_elements
    select_nex_button.click()
  File "C:\Users\luist\AppData\Roaming\Python\Python310\site-packages\selenium\webdriver\remote\webelement.py", line 94, in click
    self._execute(Command.CLICK_ELEMENT)
  File "C:\Users\luist\AppData\Roaming\Python\Python310\site-packages\selenium\webdriver\remote\webelement.py", line 395, in _execute
    return self._parent.execute(command, params)
  File "C:\Users\luist\AppData\Roaming\Python\Python310\site-packages\selenium\webdriver\remote\webdriver.py", line 348, in execute
    self.error_handler.check_response(response)
  File "C:\Users\luist\AppData\Roaming\Python\Python310\site-packages\selenium\webdriver\remote\errorhandler.py", line 229, in check_response
    raise exception_class(message, screen, stacktrace)
selenium.common.exceptions.ElementClickInterceptedException: Message: element click intercepted: Element <i _ngcontent-wbv-c180="" class="ri-close-line t-gray-300 f-size-14 tag-close-icon"></i> is not clickable at point (1374, 110). Other element would receive the click: <div _ngcontent-wbv-c183="" class="choices__list choices__list--multiple row tags-container">...</div>
  (Session info: chrome=124.0.6367.119)
Stacktrace:
	GetHandleVerifier [0x00007FF6200D1572+60802]
	(No symbol) [0x00007FF62004AC72]
	(No symbol) [0x00007FF61FF07CE4]
	(No symbol) [0x00007FF61FF5E877]
	(No symbol) [0x00007FF61FF5C344]
	(No symbol) [0x00007FF61FF5980A]
	(No symbol) [0x00007FF61FF589E2]
	(No symbol) [0x00007FF61FF4AE8B]
	(No symbol) [0x00007FF61FF7AB7A]
	(No symbol) [0x00007FF61FF4A7C6]
	(No symbol) [0x00007FF61FF7AD90]
	(No symbol) [0x00007FF61FF9A224]
	(No symbol) [0x00007FF61FF7A923]
	(No symbol) [0x00007FF61FF48FEC]
	(No symbol) [0x00007FF61FF49C21]
	GetHandleVerifier [0x00007FF6203D420D+3217949]
	GetHandleVerifier [0x00007FF6204161A7+3488183]
	GetHandleVerifier [0x00007FF62040F12F+3459391]
	GetHandleVerifier [0x00007FF62018B936+823622]
	(No symbol) [0x00007FF62005600F]
	(No symbol) [0x00007FF620050F34]
	(No symbol) [0x00007FF6200510C2]
	(No symbol) [0x00007FF620041914]
	BaseThreadInitThunk [0x00007FFEF342257D+29]
	RtlUserThreadStart [0x00007FFEF4B0AA48+40]

]]></error>
	</testcase>
</testsuite>
