<?xml version="1.0" encoding="UTF-8"?>
<testsuite name="HomeTenant-20240510153035" tests="1" file=".py" time="1496.067" timestamp="2024-05-10T15:55:31" failures="0" errors="1" skipped="0">
	<testcase classname="HomeTenant" name="test_start_tenant" time="1496.067" timestamp="2024-05-10T15:55:31" file="Home.py" line="19">
		<error type="TimeoutException" message="Message: timeout: Timed out receiving message from renderer: 300.000
  (Session info: chrome=124.0.6367.156)
Stacktrace:
	GetHandleVerifier [0x00007FF7495E1562+60802]
	(No symbol) [0x00007FF74955AC62]
	(No symbol) [0x00007FF749417CE4]
	(No symbol) [0x00007FF749400FE1]
	(No symbol) [0x00007FF749400D42]
	(No symbol) [0x00007FF7493FEBE4]
	(No symbol) [0x00007FF7493FF3FF]
	(No symbol) [0x00007FF74940E0F8]
	(No symbol) [0x00007FF7494257CF]
	(No symbol) [0x00007FF74942B38A]
	(No symbol) [0x00007FF7493FFB85]
	(No symbol) [0x00007FF74942550E]
	(No symbol) [0x00007FF7494AA0FF]
	(No symbol) [0x00007FF74948A923]
	(No symbol) [0x00007FF749458FEC]
	(No symbol) [0x00007FF749459C21]
	GetHandleVerifier [0x00007FF7498E41FD+3217949]
	GetHandleVerifier [0x00007FF749926197+3488183]
	GetHandleVerifier [0x00007FF74991F11F+3459391]
	GetHandleVerifier [0x00007FF74969B926+823622]
	(No symbol) [0x00007FF749565FFF]
	(No symbol) [0x00007FF749560F24]
	(No symbol) [0x00007FF7495610B2]
	(No symbol) [0x00007FF749551904]
	BaseThreadInitThunk [0x00007FFEC3DD257D+29]
	RtlUserThreadStart [0x00007FFEC4CAAA48+40]
"><![CDATA[Traceback (most recent call last):
  File "c:\Users\luist\repos\Automatizaciones-SILOHUB-\Home.py", line 61, in test_start_tenant
    validate_character_numeric_element(self.driver, element1  )
  File "c:\Users\luist\repos\Automatizaciones-SILOHUB-\Elements.py", line 1101, in validate_character_numeric_element
    elemento = driver.find_element(By.XPATH, xpath)
  File "C:\Users\luist\AppData\Roaming\Python\Python310\site-packages\selenium\webdriver\remote\webdriver.py", line 742, in find_element
    return self.execute(Command.FIND_ELEMENT, {"using": by, "value": value})["value"]
  File "C:\Users\luist\AppData\Roaming\Python\Python310\site-packages\selenium\webdriver\remote\webdriver.py", line 348, in execute
    self.error_handler.check_response(response)
  File "C:\Users\luist\AppData\Roaming\Python\Python310\site-packages\selenium\webdriver\remote\errorhandler.py", line 229, in check_response
    raise exception_class(message, screen, stacktrace)
selenium.common.exceptions.TimeoutException: Message: timeout: Timed out receiving message from renderer: 300.000
  (Session info: chrome=124.0.6367.156)
Stacktrace:
	GetHandleVerifier [0x00007FF7495E1562+60802]
	(No symbol) [0x00007FF74955AC62]
	(No symbol) [0x00007FF749417CE4]
	(No symbol) [0x00007FF749400FE1]
	(No symbol) [0x00007FF749400D42]
	(No symbol) [0x00007FF7493FEBE4]
	(No symbol) [0x00007FF7493FF3FF]
	(No symbol) [0x00007FF74940E0F8]
	(No symbol) [0x00007FF7494257CF]
	(No symbol) [0x00007FF74942B38A]
	(No symbol) [0x00007FF7493FFB85]
	(No symbol) [0x00007FF74942550E]
	(No symbol) [0x00007FF7494AA0FF]
	(No symbol) [0x00007FF74948A923]
	(No symbol) [0x00007FF749458FEC]
	(No symbol) [0x00007FF749459C21]
	GetHandleVerifier [0x00007FF7498E41FD+3217949]
	GetHandleVerifier [0x00007FF749926197+3488183]
	GetHandleVerifier [0x00007FF74991F11F+3459391]
	GetHandleVerifier [0x00007FF74969B926+823622]
	(No symbol) [0x00007FF749565FFF]
	(No symbol) [0x00007FF749560F24]
	(No symbol) [0x00007FF7495610B2]
	(No symbol) [0x00007FF749551904]
	BaseThreadInitThunk [0x00007FFEC3DD257D+29]
	RtlUserThreadStart [0x00007FFEC4CAAA48+40]

]]></error>
		<system-out><![CDATA[Tiempo de espera agotado. El texto por xpaht no está presente.
Tiempo de espera agotado. El texto por xpaht no está presente.
Tiempo de espera agotado. El texto por xpaht no está presente.
]]></system-out>
	</testcase>
</testsuite>
