<?xml version="1.0" encoding="UTF-8"?>
<testsuite name="HomeTenant-20240514120059" tests="1" file=".py" time="23.465" timestamp="2024-05-14T12:01:22" failures="0" errors="1" skipped="0">
	<testcase classname="HomeTenant" name="test_start_tenant" time="23.465" timestamp="2024-05-14T12:01:22" file="Home.py" line="18">
		<error type="ElementClickInterceptedException" message="Message: element click intercepted: Element &lt;i _ngcontent-bxa-c180=&quot;&quot; class=&quot;ri-close-line t-gray-300 f-size-14 tag-close-icon&quot;&gt;&lt;/i&gt; is not clickable at point (1276, 110). Other element would receive the click: &lt;div _ngcontent-bxa-c183=&quot;&quot; class=&quot;choices__list choices__list--multiple row tags-container&quot;&gt;...&lt;/div&gt;
  (Session info: chrome=124.0.6367.202)
Stacktrace:
	GetHandleVerifier [0x00007FF7C50C1522+60802]
	(No symbol) [0x00007FF7C503AC22]
	(No symbol) [0x00007FF7C4EF7CE4]
	(No symbol) [0x00007FF7C4F4E877]
	(No symbol) [0x00007FF7C4F4C344]
	(No symbol) [0x00007FF7C4F4980A]
	(No symbol) [0x00007FF7C4F489E2]
	(No symbol) [0x00007FF7C4F3AE8B]
	(No symbol) [0x00007FF7C4F6AB7A]
	(No symbol) [0x00007FF7C4F3A7C6]
	(No symbol) [0x00007FF7C4F6AD90]
	(No symbol) [0x00007FF7C4F8A224]
	(No symbol) [0x00007FF7C4F6A923]
	(No symbol) [0x00007FF7C4F38FEC]
	(No symbol) [0x00007FF7C4F39C21]
	GetHandleVerifier [0x00007FF7C53C41BD+3217949]
	GetHandleVerifier [0x00007FF7C5406157+3488183]
	GetHandleVerifier [0x00007FF7C53FF0DF+3459391]
	GetHandleVerifier [0x00007FF7C517B8E6+823622]
	(No symbol) [0x00007FF7C5045FBF]
	(No symbol) [0x00007FF7C5040EE4]
	(No symbol) [0x00007FF7C5041072]
	(No symbol) [0x00007FF7C50318C4]
	BaseThreadInitThunk [0x00007FFCF149257D+29]
	RtlUserThreadStart [0x00007FFCF2C2AA48+40]
"><![CDATA[Traceback (most recent call last):
  File "c:\Users\luist\repos\Automatizaciones-SILOHUB-\Home.py", line 32, in test_start_tenant
    find_elements(self.driver, delete_campaign)
  File "c:\Users\luist\repos\Automatizaciones-SILOHUB-\Elements.py", line 22, in find_elements
    select_nex_button.click()
  File "C:\Users\luist\AppData\Roaming\Python\Python310\site-packages\selenium\webdriver\remote\webelement.py", line 94, in click
    self._execute(Command.CLICK_ELEMENT)
  File "C:\Users\luist\AppData\Roaming\Python\Python310\site-packages\selenium\webdriver\remote\webelement.py", line 395, in _execute
    return self._parent.execute(command, params)
  File "C:\Users\luist\AppData\Roaming\Python\Python310\site-packages\selenium\webdriver\remote\webdriver.py", line 348, in execute
    self.error_handler.check_response(response)
  File "C:\Users\luist\AppData\Roaming\Python\Python310\site-packages\selenium\webdriver\remote\errorhandler.py", line 229, in check_response
    raise exception_class(message, screen, stacktrace)
selenium.common.exceptions.ElementClickInterceptedException: Message: element click intercepted: Element <i _ngcontent-bxa-c180="" class="ri-close-line t-gray-300 f-size-14 tag-close-icon"></i> is not clickable at point (1276, 110). Other element would receive the click: <div _ngcontent-bxa-c183="" class="choices__list choices__list--multiple row tags-container">...</div>
  (Session info: chrome=124.0.6367.202)
Stacktrace:
	GetHandleVerifier [0x00007FF7C50C1522+60802]
	(No symbol) [0x00007FF7C503AC22]
	(No symbol) [0x00007FF7C4EF7CE4]
	(No symbol) [0x00007FF7C4F4E877]
	(No symbol) [0x00007FF7C4F4C344]
	(No symbol) [0x00007FF7C4F4980A]
	(No symbol) [0x00007FF7C4F489E2]
	(No symbol) [0x00007FF7C4F3AE8B]
	(No symbol) [0x00007FF7C4F6AB7A]
	(No symbol) [0x00007FF7C4F3A7C6]
	(No symbol) [0x00007FF7C4F6AD90]
	(No symbol) [0x00007FF7C4F8A224]
	(No symbol) [0x00007FF7C4F6A923]
	(No symbol) [0x00007FF7C4F38FEC]
	(No symbol) [0x00007FF7C4F39C21]
	GetHandleVerifier [0x00007FF7C53C41BD+3217949]
	GetHandleVerifier [0x00007FF7C5406157+3488183]
	GetHandleVerifier [0x00007FF7C53FF0DF+3459391]
	GetHandleVerifier [0x00007FF7C517B8E6+823622]
	(No symbol) [0x00007FF7C5045FBF]
	(No symbol) [0x00007FF7C5040EE4]
	(No symbol) [0x00007FF7C5041072]
	(No symbol) [0x00007FF7C50318C4]
	BaseThreadInitThunk [0x00007FFCF149257D+29]
	RtlUserThreadStart [0x00007FFCF2C2AA48+40]

]]></error>
	</testcase>
</testsuite>
