<?xml version="1.0" encoding="UTF-8"?>
<testsuite name="granos_contratos-20240119190925" tests="1" file=".py" time="88.607" timestamp="2024-01-19T19:10:53" failures="0" errors="1" skipped="0">
	<testcase classname="granos_contratos" name="test_granos_contratos" time="88.607" timestamp="2024-01-19T19:10:53" file="GranosContratos.py" line="22">
		<error type="ElementNotInteractableException" message="Message: element not interactable
  (Session info: chrome=120.0.6099.225)
Stacktrace:
	GetHandleVerifier [0x00007FF71C5E2142+3514994]
	(No symbol) [0x00007FF71C200CE2]
	(No symbol) [0x00007FF71C0A74C3]
	(No symbol) [0x00007FF71C0EB6D7]
	(No symbol) [0x00007FF71C0EA03E]
	(No symbol) [0x00007FF71C115FEA]
	(No symbol) [0x00007FF71C0E63B6]
	(No symbol) [0x00007FF71C116490]
	(No symbol) [0x00007FF71C1328F6]
	(No symbol) [0x00007FF71C115D93]
	(No symbol) [0x00007FF71C0E4BDC]
	(No symbol) [0x00007FF71C0E5C64]
	GetHandleVerifier [0x00007FF71C60E16B+3695259]
	GetHandleVerifier [0x00007FF71C666737+4057191]
	GetHandleVerifier [0x00007FF71C65E4E3+4023827]
	GetHandleVerifier [0x00007FF71C3304F9+689705]
	(No symbol) [0x00007FF71C20C048]
	(No symbol) [0x00007FF71C208044]
	(No symbol) [0x00007FF71C2081C9]
	(No symbol) [0x00007FF71C1F88C4]
	BaseThreadInitThunk [0x00007FFB8EB5257D+29]
	RtlUserThreadStart [0x00007FFB8FE2AA58+40]
"><![CDATA[Traceback (most recent call last):
  File "c:\Users\luist\repos\Automatizaciones-SILOHUB-\GranosContratos.py", line 225, in test_granos_contratos
    select_option_dropdown_css_selector(self.driver, button_dopdown6, option_desired6, value_to_search6)
  File "c:\Users\luist\repos\Automatizaciones-SILOHUB-\Elements.py", line 303, in select_option_dropdown_css_selector
    search_input_element.send_keys(value_to_search)
  File "C:\Users\luist\AppData\Roaming\Python\Python310\site-packages\selenium\webdriver\remote\webelement.py", line 231, in send_keys
    self._execute(
  File "C:\Users\luist\AppData\Roaming\Python\Python310\site-packages\selenium\webdriver\remote\webelement.py", line 395, in _execute
    return self._parent.execute(command, params)
  File "C:\Users\luist\AppData\Roaming\Python\Python310\site-packages\selenium\webdriver\remote\webdriver.py", line 348, in execute
    self.error_handler.check_response(response)
  File "C:\Users\luist\AppData\Roaming\Python\Python310\site-packages\selenium\webdriver\remote\errorhandler.py", line 229, in check_response
    raise exception_class(message, screen, stacktrace)
selenium.common.exceptions.ElementNotInteractableException: Message: element not interactable
  (Session info: chrome=120.0.6099.225)
Stacktrace:
	GetHandleVerifier [0x00007FF71C5E2142+3514994]
	(No symbol) [0x00007FF71C200CE2]
	(No symbol) [0x00007FF71C0A74C3]
	(No symbol) [0x00007FF71C0EB6D7]
	(No symbol) [0x00007FF71C0EA03E]
	(No symbol) [0x00007FF71C115FEA]
	(No symbol) [0x00007FF71C0E63B6]
	(No symbol) [0x00007FF71C116490]
	(No symbol) [0x00007FF71C1328F6]
	(No symbol) [0x00007FF71C115D93]
	(No symbol) [0x00007FF71C0E4BDC]
	(No symbol) [0x00007FF71C0E5C64]
	GetHandleVerifier [0x00007FF71C60E16B+3695259]
	GetHandleVerifier [0x00007FF71C666737+4057191]
	GetHandleVerifier [0x00007FF71C65E4E3+4023827]
	GetHandleVerifier [0x00007FF71C3304F9+689705]
	(No symbol) [0x00007FF71C20C048]
	(No symbol) [0x00007FF71C208044]
	(No symbol) [0x00007FF71C2081C9]
	(No symbol) [0x00007FF71C1F88C4]
	BaseThreadInitThunk [0x00007FFB8EB5257D+29]
	RtlUserThreadStart [0x00007FFB8FE2AA58+40]

]]></error>
		<system-out><![CDATA[¡Elemento encontrado y clickeado con éxito!
¡Elemento encontrado y clickeado con éxito!
El texto encontrado es  CONTRATOS
¡Valor 'Confirmación De Venta' ingresado y opción seleccionada con éxito!
El texto encontrado es  (VT) Confirmación De Venta
Número de cuenta '1023' ingresado y opción seleccionada con éxito!
¡Valor 'Soja' ingresado y opción seleccionada con éxito!
El texto encontrado es  Soja
¡Valor '22/23' ingresado y opción seleccionada con éxito!
El texto encontrado es  22/23
¡Input encontrado y enviado con éxito!
¡Valor 'ARS' ingresado y opción seleccionada con éxito!
El texto encontrado es  ARS
¡Input encontrado y enviado con éxito!
¡Valor 'Rosario' ingresado y opción seleccionada con éxito!
El texto encontrado es  Rosario
Tiempo de espera agotado. El elemento no está presente o no es clickeable.
Tiempo de espera agotado. El elemento no está presente o no es clickeable.
Tiempo de espera agotado. El elemento no está presente o no es clickeable.
¡Valor 'General' ingresado y opción seleccionada con éxito!
El texto encontrado es  General
¡Elemento encontrado y clickeado con éxito!
¡Elemento encontrado y clickeado 1 veces con éxito!
¡Elemento encontrado y clickeado con éxito!
¡Elemento encontrado y clickeado con éxito!
¡Elemento encontrado y clickeado 1 veces con éxito!
¡Elemento encontrado y clickeado con éxito!
¡Elemento encontrado y clickeado con éxito!
]]></system-out>
	</testcase>
</testsuite>
