<?xml version="1.0" encoding="UTF-8"?>
<testsuite name="granos_contratos-20240122094638" tests="2" file=".py" time="121.471" timestamp="2024-01-22T09:48:39" failures="0" errors="2" skipped="0">
	<testcase classname="granos_contratos" name="test_granos_contratos" time="0.000" timestamp="0001-01-01T00:00:00" file="GranosContratos.py" line="22">
		<error type="NoSuchWindowException" message="Message: no such window: target window already closed
from unknown error: web view not found
  (Session info: chrome=120.0.6099.225)
Stacktrace:
	GetHandleVerifier [0x00007FF7E00E2142+3514994]
	(No symbol) [0x00007FF7DFD00CE2]
	(No symbol) [0x00007FF7DFBA76AA]
	(No symbol) [0x00007FF7DFB80AFD]
	(No symbol) [0x00007FF7DFC1CB1B]
	(No symbol) [0x00007FF7DFC3218F]
	(No symbol) [0x00007FF7DFC15D93]
	(No symbol) [0x00007FF7DFBE4BDC]
	(No symbol) [0x00007FF7DFBE5C64]
	GetHandleVerifier [0x00007FF7E010E16B+3695259]
	GetHandleVerifier [0x00007FF7E0166737+4057191]
	GetHandleVerifier [0x00007FF7E015E4E3+4023827]
	GetHandleVerifier [0x00007FF7DFE304F9+689705]
	(No symbol) [0x00007FF7DFD0C048]
	(No symbol) [0x00007FF7DFD08044]
	(No symbol) [0x00007FF7DFD081C9]
	(No symbol) [0x00007FF7DFCF88C4]
	BaseThreadInitThunk [0x00007FF97E2F257D+29]
	RtlUserThreadStart [0x00007FF97F46AA58+40]
"><![CDATA[Traceback (most recent call last):
  File "c:\Users\luist\repos\Automatizaciones-SILOHUB-\GranosContratos.py", line 237, in test_granos_contratos
    select_option_dropdown(self.driver, button_dopdown7, option_desired7, value_to_search7)
  File "c:\Users\luist\repos\Automatizaciones-SILOHUB-\Elements.py", line 288, in select_option_dropdown
    search_input_element = WebDriverWait(driver, 10).until(
  File "C:\Users\luist\AppData\Roaming\Python\Python310\site-packages\selenium\webdriver\support\wait.py", line 96, in until
    value = method(self._driver)
  File "C:\Users\luist\AppData\Roaming\Python\Python310\site-packages\selenium\webdriver\support\expected_conditions.py", line 363, in _predicate
    target = driver.find_element(*target)  # grab element at locator
  File "C:\Users\luist\AppData\Roaming\Python\Python310\site-packages\selenium\webdriver\remote\webdriver.py", line 742, in find_element
    return self.execute(Command.FIND_ELEMENT, {"using": by, "value": value})["value"]
  File "C:\Users\luist\AppData\Roaming\Python\Python310\site-packages\selenium\webdriver\remote\webdriver.py", line 348, in execute
    self.error_handler.check_response(response)
  File "C:\Users\luist\AppData\Roaming\Python\Python310\site-packages\selenium\webdriver\remote\errorhandler.py", line 229, in check_response
    raise exception_class(message, screen, stacktrace)
selenium.common.exceptions.NoSuchWindowException: Message: no such window: target window already closed
from unknown error: web view not found
  (Session info: chrome=120.0.6099.225)
Stacktrace:
	GetHandleVerifier [0x00007FF7E00E2142+3514994]
	(No symbol) [0x00007FF7DFD00CE2]
	(No symbol) [0x00007FF7DFBA76AA]
	(No symbol) [0x00007FF7DFB80AFD]
	(No symbol) [0x00007FF7DFC1CB1B]
	(No symbol) [0x00007FF7DFC3218F]
	(No symbol) [0x00007FF7DFC15D93]
	(No symbol) [0x00007FF7DFBE4BDC]
	(No symbol) [0x00007FF7DFBE5C64]
	GetHandleVerifier [0x00007FF7E010E16B+3695259]
	GetHandleVerifier [0x00007FF7E0166737+4057191]
	GetHandleVerifier [0x00007FF7E015E4E3+4023827]
	GetHandleVerifier [0x00007FF7DFE304F9+689705]
	(No symbol) [0x00007FF7DFD0C048]
	(No symbol) [0x00007FF7DFD08044]
	(No symbol) [0x00007FF7DFD081C9]
	(No symbol) [0x00007FF7DFCF88C4]
	BaseThreadInitThunk [0x00007FF97E2F257D+29]
	RtlUserThreadStart [0x00007FF97F46AA58+40]

]]></error>
		<system-out><![CDATA[¡Elemento encontrado y clickeado con éxito!
¡Elemento encontrado y clickeado con éxito!
El texto encontrado es  CONTRATOS
¡Valor 'Confirmación De Venta' ingresado y opción seleccionada con éxito!
El texto encontrado es  (VT) Confirmación De Venta
Número de cuenta '1023' ingresado y opción seleccionada con éxito!
¡Valor 'Soja' ingresado y opción seleccionada con éxito!
El texto encontrado es  Soja
¡Valor '22/23' ingresado y opción seleccionada con éxito!
El texto encontrado es  22/23
¡Input encontrado y enviado con éxito!
¡Valor 'ARS' ingresado y opción seleccionada con éxito!
El texto encontrado es  ARS
¡Input encontrado y enviado con éxito!
¡Valor 'Rosario' ingresado y opción seleccionada con éxito!
El texto encontrado es  Rosario
Tiempo de espera agotado. El elemento no está presente o no es clickeable.
Tiempo de espera agotado. El elemento no está presente o no es clickeable.
Tiempo de espera agotado. El elemento no está presente o no es clickeable.
¡Valor 'General' ingresado y opción seleccionada con éxito!
El texto encontrado es  General
¡Elemento encontrado y clickeado con éxito!
¡Elemento encontrado y clickeado 1 veces con éxito!
¡Elemento encontrado y clickeado con éxito!
¡Elemento encontrado y clickeado con éxito!
¡Elemento encontrado y clickeado 1 veces con éxito!
¡Elemento encontrado y clickeado con éxito!
¡Elemento encontrado y clickeado con éxito!
¡Elemento encontrado y clickeado con éxito!
Tiempo de espera agotado. El texto por xpaht no está presente.
]]></system-out>
	</testcase>
	<testcase classname="granos_contratos" name="test_granos_contratos" time="121.471" timestamp="2024-01-22T09:48:39" file="GranosContratos.py" line="22">
		<error type="WebDriverException" message="Message: disconnected: not connected to DevTools
  (failed to check if window was closed: disconnected: not connected to DevTools)
  (Session info: chrome=120.0.6099.225)
Stacktrace:
	GetHandleVerifier [0x00007FF7E00E2142+3514994]
	(No symbol) [0x00007FF7DFD00CE2]
	(No symbol) [0x00007FF7DFBA76AA]
	(No symbol) [0x00007FF7DFB8E1E9]
	(No symbol) [0x00007FF7DFB8F7CE]
	(No symbol) [0x00007FF7DFBA7CC3]
	(No symbol) [0x00007FF7DFB80580]
	(No symbol) [0x00007FF7DFC22EA1]
	(No symbol) [0x00007FF7DFC15FB0]
	(No symbol) [0x00007FF7DFBE4BDC]
	(No symbol) [0x00007FF7DFBE5C64]
	GetHandleVerifier [0x00007FF7E010E16B+3695259]
	GetHandleVerifier [0x00007FF7E0166737+4057191]
	GetHandleVerifier [0x00007FF7E015E4E3+4023827]
	GetHandleVerifier [0x00007FF7DFE304F9+689705]
	(No symbol) [0x00007FF7DFD0C048]
	(No symbol) [0x00007FF7DFD08044]
	(No symbol) [0x00007FF7DFD081C9]
	(No symbol) [0x00007FF7DFCF88C4]
	BaseThreadInitThunk [0x00007FF97E2F257D+29]
	RtlUserThreadStart [0x00007FF97F46AA58+40]
"><![CDATA[Traceback (most recent call last):
  File "c:\Users\luist\repos\Automatizaciones-SILOHUB-\GranosContratos.py", line 283, in tearDown
    self.driver.close()
  File "C:\Users\luist\AppData\Roaming\Python\Python310\site-packages\selenium\webdriver\remote\webdriver.py", line 459, in close
    self.execute(Command.CLOSE)
  File "C:\Users\luist\AppData\Roaming\Python\Python310\site-packages\selenium\webdriver\remote\webdriver.py", line 348, in execute
    self.error_handler.check_response(response)
  File "C:\Users\luist\AppData\Roaming\Python\Python310\site-packages\selenium\webdriver\remote\errorhandler.py", line 229, in check_response
    raise exception_class(message, screen, stacktrace)
selenium.common.exceptions.WebDriverException: Message: disconnected: not connected to DevTools
  (failed to check if window was closed: disconnected: not connected to DevTools)
  (Session info: chrome=120.0.6099.225)
Stacktrace:
	GetHandleVerifier [0x00007FF7E00E2142+3514994]
	(No symbol) [0x00007FF7DFD00CE2]
	(No symbol) [0x00007FF7DFBA76AA]
	(No symbol) [0x00007FF7DFB8E1E9]
	(No symbol) [0x00007FF7DFB8F7CE]
	(No symbol) [0x00007FF7DFBA7CC3]
	(No symbol) [0x00007FF7DFB80580]
	(No symbol) [0x00007FF7DFC22EA1]
	(No symbol) [0x00007FF7DFC15FB0]
	(No symbol) [0x00007FF7DFBE4BDC]
	(No symbol) [0x00007FF7DFBE5C64]
	GetHandleVerifier [0x00007FF7E010E16B+3695259]
	GetHandleVerifier [0x00007FF7E0166737+4057191]
	GetHandleVerifier [0x00007FF7E015E4E3+4023827]
	GetHandleVerifier [0x00007FF7DFE304F9+689705]
	(No symbol) [0x00007FF7DFD0C048]
	(No symbol) [0x00007FF7DFD08044]
	(No symbol) [0x00007FF7DFD081C9]
	(No symbol) [0x00007FF7DFCF88C4]
	BaseThreadInitThunk [0x00007FF97E2F257D+29]
	RtlUserThreadStart [0x00007FF97F46AA58+40]

]]></error>
		<system-out><![CDATA[¡Elemento encontrado y clickeado con éxito!
¡Elemento encontrado y clickeado con éxito!
El texto encontrado es  CONTRATOS
¡Valor 'Confirmación De Venta' ingresado y opción seleccionada con éxito!
El texto encontrado es  (VT) Confirmación De Venta
Número de cuenta '1023' ingresado y opción seleccionada con éxito!
¡Valor 'Soja' ingresado y opción seleccionada con éxito!
El texto encontrado es  Soja
¡Valor '22/23' ingresado y opción seleccionada con éxito!
El texto encontrado es  22/23
¡Input encontrado y enviado con éxito!
¡Valor 'ARS' ingresado y opción seleccionada con éxito!
El texto encontrado es  ARS
¡Input encontrado y enviado con éxito!
¡Valor 'Rosario' ingresado y opción seleccionada con éxito!
El texto encontrado es  Rosario
Tiempo de espera agotado. El elemento no está presente o no es clickeable.
Tiempo de espera agotado. El elemento no está presente o no es clickeable.
Tiempo de espera agotado. El elemento no está presente o no es clickeable.
¡Valor 'General' ingresado y opción seleccionada con éxito!
El texto encontrado es  General
¡Elemento encontrado y clickeado con éxito!
¡Elemento encontrado y clickeado 1 veces con éxito!
¡Elemento encontrado y clickeado con éxito!
¡Elemento encontrado y clickeado con éxito!
¡Elemento encontrado y clickeado 1 veces con éxito!
¡Elemento encontrado y clickeado con éxito!
¡Elemento encontrado y clickeado con éxito!
¡Elemento encontrado y clickeado con éxito!
Tiempo de espera agotado. El texto por xpaht no está presente.
]]></system-out>
	</testcase>
</testsuite>
