<?xml version="1.0" encoding="UTF-8"?>
<testsuite name="cuenta_ctacte_aplicada-20240507165522" tests="2" file=".py" time="114.075" timestamp="2024-05-07T16:57:16" failures="0" errors="2" skipped="0">
	<testcase classname="cuenta_ctacte_aplicada" name="test_ctacte_aplicada" time="0.000" timestamp="0001-01-01T00:00:00" file="CtaCte_Aplicada.py" line="17">
		<error type="NoSuchWindowException" message="Message: no such window: target window already closed
from unknown error: web view not found
  (Session info: chrome=124.0.6367.119)
Stacktrace:
	GetHandleVerifier [0x00007FF780B01572+60802]
	(No symbol) [0x00007FF780A7AC72]
	(No symbol) [0x00007FF780937CE4]
	(No symbol) [0x00007FF78090DFDF]
	(No symbol) [0x00007FF7809B1E57]
	(No symbol) [0x00007FF7809C98D1]
	(No symbol) [0x00007FF7809AA923]
	(No symbol) [0x00007FF780978FEC]
	(No symbol) [0x00007FF780979C21]
	GetHandleVerifier [0x00007FF780E0420D+3217949]
	GetHandleVerifier [0x00007FF780E461A7+3488183]
	GetHandleVerifier [0x00007FF780E3F12F+3459391]
	GetHandleVerifier [0x00007FF780BBB936+823622]
	(No symbol) [0x00007FF780A8600F]
	(No symbol) [0x00007FF780A80F34]
	(No symbol) [0x00007FF780A810C2]
	(No symbol) [0x00007FF780A71914]
	BaseThreadInitThunk [0x00007FFEF342257D+29]
	RtlUserThreadStart [0x00007FFEF4B0AA48+40]
"><![CDATA[Traceback (most recent call last):
  File "c:\Users\luist\repos\Automatizaciones-SILOHUB-\CtaCte_Aplicada.py", line 152, in test_ctacte_aplicada
    validate_text_by_strt(self.driver, settlement )
  File "c:\Users\luist\repos\Automatizaciones-SILOHUB-\Elements.py", line 495, in validate_text_by_strt
    elemento = WebDriverWait(driver, 10).until(
  File "C:\Users\luist\AppData\Roaming\Python\Python310\site-packages\selenium\webdriver\support\wait.py", line 96, in until
    value = method(self._driver)
  File "C:\Users\luist\AppData\Roaming\Python\Python310\site-packages\selenium\webdriver\support\expected_conditions.py", line 84, in _predicate
    return driver.find_element(*locator)
  File "C:\Users\luist\AppData\Roaming\Python\Python310\site-packages\selenium\webdriver\remote\webdriver.py", line 742, in find_element
    return self.execute(Command.FIND_ELEMENT, {"using": by, "value": value})["value"]
  File "C:\Users\luist\AppData\Roaming\Python\Python310\site-packages\selenium\webdriver\remote\webdriver.py", line 348, in execute
    self.error_handler.check_response(response)
  File "C:\Users\luist\AppData\Roaming\Python\Python310\site-packages\selenium\webdriver\remote\errorhandler.py", line 229, in check_response
    raise exception_class(message, screen, stacktrace)
selenium.common.exceptions.NoSuchWindowException: Message: no such window: target window already closed
from unknown error: web view not found
  (Session info: chrome=124.0.6367.119)
Stacktrace:
	GetHandleVerifier [0x00007FF780B01572+60802]
	(No symbol) [0x00007FF780A7AC72]
	(No symbol) [0x00007FF780937CE4]
	(No symbol) [0x00007FF78090DFDF]
	(No symbol) [0x00007FF7809B1E57]
	(No symbol) [0x00007FF7809C98D1]
	(No symbol) [0x00007FF7809AA923]
	(No symbol) [0x00007FF780978FEC]
	(No symbol) [0x00007FF780979C21]
	GetHandleVerifier [0x00007FF780E0420D+3217949]
	GetHandleVerifier [0x00007FF780E461A7+3488183]
	GetHandleVerifier [0x00007FF780E3F12F+3459391]
	GetHandleVerifier [0x00007FF780BBB936+823622]
	(No symbol) [0x00007FF780A8600F]
	(No symbol) [0x00007FF780A80F34]
	(No symbol) [0x00007FF780A810C2]
	(No symbol) [0x00007FF780A71914]
	BaseThreadInitThunk [0x00007FFEF342257D+29]
	RtlUserThreadStart [0x00007FFEF4B0AA48+40]

]]></error>
		<system-out><![CDATA[¡Elemento encontrado y clickeado 6 veces con éxito!
¡Elemento encontrado y clickeado 2 veces con éxito!
El texto encontrado es  CUENTA CORRIENTE APLICADA
El valor es un carácter numérico. Valor: -808.286.425,54
El valor es un carácter numérico. Valor: 633.911.771,95
El valor es un carácter numérico. Valor: 3.427.518,80
El texto encontrado es  CUENTA CORRIENTE
Tiempo de espera agotado. El texto por texto no está presente.
Tiempo de espera agotado. El texto por texto no está presente.
]]></system-out>
	</testcase>
	<testcase classname="cuenta_ctacte_aplicada" name="test_ctacte_aplicada" time="114.075" timestamp="2024-05-07T16:57:16" file="CtaCte_Aplicada.py" line="17">
		<error type="WebDriverException" message="Message: disconnected: not connected to DevTools
  (failed to check if window was closed: disconnected: not connected to DevTools)
  (Session info: chrome=124.0.6367.119)
Stacktrace:
	GetHandleVerifier [0x00007FF780B01572+60802]
	(No symbol) [0x00007FF780A7AC72]
	(No symbol) [0x00007FF780937CE4]
	(No symbol) [0x00007FF78091E894]
	(No symbol) [0x00007FF78091F3FF]
	(No symbol) [0x00007FF7809382DD]
	(No symbol) [0x00007FF78090DACC]
	(No symbol) [0x00007FF7809B8F74]
	(No symbol) [0x00007FF7809AAB40]
	(No symbol) [0x00007FF780978FEC]
	(No symbol) [0x00007FF780979C21]
	GetHandleVerifier [0x00007FF780E0420D+3217949]
	GetHandleVerifier [0x00007FF780E461A7+3488183]
	GetHandleVerifier [0x00007FF780E3F12F+3459391]
	GetHandleVerifier [0x00007FF780BBB936+823622]
	(No symbol) [0x00007FF780A8600F]
	(No symbol) [0x00007FF780A80F34]
	(No symbol) [0x00007FF780A810C2]
	(No symbol) [0x00007FF780A71914]
	BaseThreadInitThunk [0x00007FFEF342257D+29]
	RtlUserThreadStart [0x00007FFEF4B0AA48+40]
"><![CDATA[Traceback (most recent call last):
  File "c:\Users\luist\repos\Automatizaciones-SILOHUB-\CtaCte_Aplicada.py", line 164, in tearDown
    self.driver.close()
  File "C:\Users\luist\AppData\Roaming\Python\Python310\site-packages\selenium\webdriver\remote\webdriver.py", line 459, in close
    self.execute(Command.CLOSE)
  File "C:\Users\luist\AppData\Roaming\Python\Python310\site-packages\selenium\webdriver\remote\webdriver.py", line 348, in execute
    self.error_handler.check_response(response)
  File "C:\Users\luist\AppData\Roaming\Python\Python310\site-packages\selenium\webdriver\remote\errorhandler.py", line 229, in check_response
    raise exception_class(message, screen, stacktrace)
selenium.common.exceptions.WebDriverException: Message: disconnected: not connected to DevTools
  (failed to check if window was closed: disconnected: not connected to DevTools)
  (Session info: chrome=124.0.6367.119)
Stacktrace:
	GetHandleVerifier [0x00007FF780B01572+60802]
	(No symbol) [0x00007FF780A7AC72]
	(No symbol) [0x00007FF780937CE4]
	(No symbol) [0x00007FF78091E894]
	(No symbol) [0x00007FF78091F3FF]
	(No symbol) [0x00007FF7809382DD]
	(No symbol) [0x00007FF78090DACC]
	(No symbol) [0x00007FF7809B8F74]
	(No symbol) [0x00007FF7809AAB40]
	(No symbol) [0x00007FF780978FEC]
	(No symbol) [0x00007FF780979C21]
	GetHandleVerifier [0x00007FF780E0420D+3217949]
	GetHandleVerifier [0x00007FF780E461A7+3488183]
	GetHandleVerifier [0x00007FF780E3F12F+3459391]
	GetHandleVerifier [0x00007FF780BBB936+823622]
	(No symbol) [0x00007FF780A8600F]
	(No symbol) [0x00007FF780A80F34]
	(No symbol) [0x00007FF780A810C2]
	(No symbol) [0x00007FF780A71914]
	BaseThreadInitThunk [0x00007FFEF342257D+29]
	RtlUserThreadStart [0x00007FFEF4B0AA48+40]

]]></error>
		<system-out><![CDATA[¡Elemento encontrado y clickeado 6 veces con éxito!
¡Elemento encontrado y clickeado 2 veces con éxito!
El texto encontrado es  CUENTA CORRIENTE APLICADA
El valor es un carácter numérico. Valor: -808.286.425,54
El valor es un carácter numérico. Valor: 633.911.771,95
El valor es un carácter numérico. Valor: 3.427.518,80
El texto encontrado es  CUENTA CORRIENTE
Tiempo de espera agotado. El texto por texto no está presente.
Tiempo de espera agotado. El texto por texto no está presente.
]]></system-out>
	</testcase>
</testsuite>
