<?xml version="1.0" encoding="UTF-8"?>
<testsuite name="cuenta_ctacte_aplicada-20240122180554" tests="1" file=".py" time="76.325" timestamp="2024-01-22T18:07:10" failures="0" errors="1" skipped="0">
	<testcase classname="cuenta_ctacte_aplicada" name="test_ctacte_aplicada" time="76.325" timestamp="2024-01-22T18:07:10" file="ctacte_aplicada.py" line="18">
		<error type="ElementClickInterceptedException" message="Message: element click intercepted: Element &lt;button _ngcontent-fsy-c213=&quot;&quot; type=&quot;button&quot; data-bs-toggle=&quot;dropdown&quot; aria-expanded=&quot;false&quot; class=&quot;btn dropdown-toggle dropdown-toggle-split shadow-none btn-primary&quot;&gt;&lt;/button&gt; is not clickable at point (1370, 200). Other element would receive the click: &lt;div _ngcontent-fsy-c142=&quot;&quot; class=&quot;button-option-filter btn mt-2 shadow-none btn-filter&quot;&gt;...&lt;/div&gt;
  (Session info: chrome=120.0.6099.225)
Stacktrace:
	GetHandleVerifier [0x00007FF64D522142+3514994]
	(No symbol) [0x00007FF64D140CE2]
	(No symbol) [0x00007FF64CFE76AA]
	(No symbol) [0x00007FF64D0388F3]
	(No symbol) [0x00007FF64D0368ED]
	(No symbol) [0x00007FF64D0340EC]
	(No symbol) [0x00007FF64D032EA5]
	(No symbol) [0x00007FF64D026A0F]
	(No symbol) [0x00007FF64D055FEA]
	(No symbol) [0x00007FF64D0263B6]
	(No symbol) [0x00007FF64D056490]
	(No symbol) [0x00007FF64D0728F6]
	(No symbol) [0x00007FF64D055D93]
	(No symbol) [0x00007FF64D024BDC]
	(No symbol) [0x00007FF64D025C64]
	GetHandleVerifier [0x00007FF64D54E16B+3695259]
	GetHandleVerifier [0x00007FF64D5A6737+4057191]
	GetHandleVerifier [0x00007FF64D59E4E3+4023827]
	GetHandleVerifier [0x00007FF64D2704F9+689705]
	(No symbol) [0x00007FF64D14C048]
	(No symbol) [0x00007FF64D148044]
	(No symbol) [0x00007FF64D1481C9]
	(No symbol) [0x00007FF64D1388C4]
	BaseThreadInitThunk [0x00007FFE942F257D+29]
	RtlUserThreadStart [0x00007FFE9552AA58+40]
"><![CDATA[Traceback (most recent call last):
  File "c:\Users\luist\repos\Automatizaciones-SILOHUB-\ctacte_aplicada.py", line 112, in test_ctacte_aplicada
    find_elements(self.driver, select_button)
  File "c:\Users\luist\repos\Automatizaciones-SILOHUB-\Elements.py", line 14, in find_elements
    select_nex_button.click()
  File "C:\Users\luist\AppData\Roaming\Python\Python310\site-packages\selenium\webdriver\remote\webelement.py", line 94, in click
    self._execute(Command.CLICK_ELEMENT)
  File "C:\Users\luist\AppData\Roaming\Python\Python310\site-packages\selenium\webdriver\remote\webelement.py", line 395, in _execute
    return self._parent.execute(command, params)
  File "C:\Users\luist\AppData\Roaming\Python\Python310\site-packages\selenium\webdriver\remote\webdriver.py", line 348, in execute
    self.error_handler.check_response(response)
  File "C:\Users\luist\AppData\Roaming\Python\Python310\site-packages\selenium\webdriver\remote\errorhandler.py", line 229, in check_response
    raise exception_class(message, screen, stacktrace)
selenium.common.exceptions.ElementClickInterceptedException: Message: element click intercepted: Element <button _ngcontent-fsy-c213="" type="button" data-bs-toggle="dropdown" aria-expanded="false" class="btn dropdown-toggle dropdown-toggle-split shadow-none btn-primary"></button> is not clickable at point (1370, 200). Other element would receive the click: <div _ngcontent-fsy-c142="" class="button-option-filter btn mt-2 shadow-none btn-filter">...</div>
  (Session info: chrome=120.0.6099.225)
Stacktrace:
	GetHandleVerifier [0x00007FF64D522142+3514994]
	(No symbol) [0x00007FF64D140CE2]
	(No symbol) [0x00007FF64CFE76AA]
	(No symbol) [0x00007FF64D0388F3]
	(No symbol) [0x00007FF64D0368ED]
	(No symbol) [0x00007FF64D0340EC]
	(No symbol) [0x00007FF64D032EA5]
	(No symbol) [0x00007FF64D026A0F]
	(No symbol) [0x00007FF64D055FEA]
	(No symbol) [0x00007FF64D0263B6]
	(No symbol) [0x00007FF64D056490]
	(No symbol) [0x00007FF64D0728F6]
	(No symbol) [0x00007FF64D055D93]
	(No symbol) [0x00007FF64D024BDC]
	(No symbol) [0x00007FF64D025C64]
	GetHandleVerifier [0x00007FF64D54E16B+3695259]
	GetHandleVerifier [0x00007FF64D5A6737+4057191]
	GetHandleVerifier [0x00007FF64D59E4E3+4023827]
	GetHandleVerifier [0x00007FF64D2704F9+689705]
	(No symbol) [0x00007FF64D14C048]
	(No symbol) [0x00007FF64D148044]
	(No symbol) [0x00007FF64D1481C9]
	(No symbol) [0x00007FF64D1388C4]
	BaseThreadInitThunk [0x00007FFE942F257D+29]
	RtlUserThreadStart [0x00007FFE9552AA58+40]

]]></error>
		<system-out><![CDATA[¡Elemento encontrado y clickeado con éxito!
¡Elemento encontrado y clickeado con éxito!
¡Elemento encontrado y clickeado con éxito!
¡Elemento encontrado y clickeado con éxito!
¡Elemento encontrado y clickeado con éxito!
¡Elemento encontrado y clickeado con éxito!
¡Elemento encontrado y clickeado con éxito!
¡Elemento encontrado y clickeado 3 veces con éxito!
¡Elemento encontrado y clickeado con éxito!
¡Elemento encontrado y clickeado 1 veces con éxito!
¡Elemento encontrado y clickeado con éxito!
¡Elemento encontrado y clickeado con éxito!
El texto encontrado es  CUENTA CORRIENTE APLICADA
El valor es un carácter numérico. Valor: -171.122.569,50
El valor es un carácter numérico. Valor: 51.213.438,74
El valor es un carácter numérico. Valor: 2.912.909,27
Tiempo de espera agotado. El elemento no está presente o no es clickeable.
]]></system-out>
	</testcase>
</testsuite>
