<?xml version="1.0" encoding="UTF-8"?>
<testsuite name="cuenta_ctacte_aplicada-20240122182617" tests="1" file=".py" time="51.706" timestamp="2024-01-22T18:27:08" failures="0" errors="1" skipped="0">
	<testcase classname="cuenta_ctacte_aplicada" name="test_ctacte_aplicada" time="51.706" timestamp="2024-01-22T18:27:08" file="ctacte_aplicada.py" line="18">
		<error type="InvalidSelectorException" message="Message: invalid selector: Unable to locate an element with the xpath expression Movimiento FC 1051 00014218 because of the following error:
SyntaxError: Failed to execute 'evaluate' on 'Document': The string 'Movimiento FC 1051 00014218' is not a valid XPath expression.
  (Session info: chrome=120.0.6099.225); For documentation on this error, please visit: https://www.selenium.dev/documentation/webdriver/troubleshooting/errors#invalid-selector-exception
Stacktrace:
	GetHandleVerifier [0x00007FF7637A2142+3514994]
	(No symbol) [0x00007FF7633C0CE2]
	(No symbol) [0x00007FF7632676AA]
	(No symbol) [0x00007FF76326CFC0]
	(No symbol) [0x00007FF76326F38F]
	(No symbol) [0x00007FF76326F480]
	(No symbol) [0x00007FF7632B1624]
	(No symbol) [0x00007FF7632B197C]
	(No symbol) [0x00007FF7632F4EE7]
	(No symbol) [0x00007FF7632D602F]
	(No symbol) [0x00007FF7632F28F6]
	(No symbol) [0x00007FF7632D5D93]
	(No symbol) [0x00007FF7632A4BDC]
	(No symbol) [0x00007FF7632A5C64]
	GetHandleVerifier [0x00007FF7637CE16B+3695259]
	GetHandleVerifier [0x00007FF763826737+4057191]
	GetHandleVerifier [0x00007FF76381E4E3+4023827]
	GetHandleVerifier [0x00007FF7634F04F9+689705]
	(No symbol) [0x00007FF7633CC048]
	(No symbol) [0x00007FF7633C8044]
	(No symbol) [0x00007FF7633C81C9]
	(No symbol) [0x00007FF7633B88C4]
	BaseThreadInitThunk [0x00007FFE942F257D+29]
	RtlUserThreadStart [0x00007FFE9552AA58+40]
"><![CDATA[Traceback (most recent call last):
  File "c:\Users\luist\repos\Automatizaciones-SILOHUB-\ctacte_aplicada.py", line 146, in test_ctacte_aplicada
    validate_strt(self.driver, number_movements, text_expected )
  File "c:\Users\luist\repos\Automatizaciones-SILOHUB-\Elements.py", line 248, in validate_strt
    elemento = WebDriverWait(driver, 10).until(
  File "C:\Users\luist\AppData\Roaming\Python\Python310\site-packages\selenium\webdriver\support\wait.py", line 96, in until
    value = method(self._driver)
  File "C:\Users\luist\AppData\Roaming\Python\Python310\site-packages\selenium\webdriver\support\expected_conditions.py", line 84, in _predicate
    return driver.find_element(*locator)
  File "C:\Users\luist\AppData\Roaming\Python\Python310\site-packages\selenium\webdriver\remote\webdriver.py", line 742, in find_element
    return self.execute(Command.FIND_ELEMENT, {"using": by, "value": value})["value"]
  File "C:\Users\luist\AppData\Roaming\Python\Python310\site-packages\selenium\webdriver\remote\webdriver.py", line 348, in execute
    self.error_handler.check_response(response)
  File "C:\Users\luist\AppData\Roaming\Python\Python310\site-packages\selenium\webdriver\remote\errorhandler.py", line 229, in check_response
    raise exception_class(message, screen, stacktrace)
selenium.common.exceptions.InvalidSelectorException: Message: invalid selector: Unable to locate an element with the xpath expression Movimiento FC 1051 00014218 because of the following error:
SyntaxError: Failed to execute 'evaluate' on 'Document': The string 'Movimiento FC 1051 00014218' is not a valid XPath expression.
  (Session info: chrome=120.0.6099.225); For documentation on this error, please visit: https://www.selenium.dev/documentation/webdriver/troubleshooting/errors#invalid-selector-exception
Stacktrace:
	GetHandleVerifier [0x00007FF7637A2142+3514994]
	(No symbol) [0x00007FF7633C0CE2]
	(No symbol) [0x00007FF7632676AA]
	(No symbol) [0x00007FF76326CFC0]
	(No symbol) [0x00007FF76326F38F]
	(No symbol) [0x00007FF76326F480]
	(No symbol) [0x00007FF7632B1624]
	(No symbol) [0x00007FF7632B197C]
	(No symbol) [0x00007FF7632F4EE7]
	(No symbol) [0x00007FF7632D602F]
	(No symbol) [0x00007FF7632F28F6]
	(No symbol) [0x00007FF7632D5D93]
	(No symbol) [0x00007FF7632A4BDC]
	(No symbol) [0x00007FF7632A5C64]
	GetHandleVerifier [0x00007FF7637CE16B+3695259]
	GetHandleVerifier [0x00007FF763826737+4057191]
	GetHandleVerifier [0x00007FF76381E4E3+4023827]
	GetHandleVerifier [0x00007FF7634F04F9+689705]
	(No symbol) [0x00007FF7633CC048]
	(No symbol) [0x00007FF7633C8044]
	(No symbol) [0x00007FF7633C81C9]
	(No symbol) [0x00007FF7633B88C4]
	BaseThreadInitThunk [0x00007FFE942F257D+29]
	RtlUserThreadStart [0x00007FFE9552AA58+40]

]]></error>
		<system-out><![CDATA[¡Elemento encontrado y clickeado con éxito!
¡Elemento encontrado y clickeado con éxito!
¡Elemento encontrado y clickeado con éxito!
¡Elemento encontrado y clickeado con éxito!
¡Elemento encontrado y clickeado con éxito!
¡Elemento encontrado y clickeado con éxito!
¡Elemento encontrado y clickeado con éxito!
¡Elemento encontrado y clickeado 3 veces con éxito!
¡Elemento encontrado y clickeado con éxito!
¡Elemento encontrado y clickeado 1 veces con éxito!
¡Elemento encontrado y clickeado con éxito!
¡Elemento encontrado y clickeado con éxito!
El texto encontrado es  CUENTA CORRIENTE APLICADA
El valor es un carácter numérico. Valor: -171.122.569,50
El valor es un carácter numérico. Valor: 51.213.438,74
El valor es un carácter numérico. Valor: 2.912.909,27
¡Elemento encontrado y clickeado con éxito!
¡Elemento encontrado y clickeado con éxito!
¡Elemento encontrado y clickeado con éxito!
¡Elemento encontrado y clickeado con éxito!
¡Elemento encontrado y clickeado con éxito!
¡Elemento encontrado y clickeado con éxito!
El texto encontrado es  CUENTA CORRIENTE
]]></system-out>
	</testcase>
</testsuite>
