<?xml version="1.0" encoding="UTF-8"?>
<testsuite name="comprobanteVentas-20240412135043" tests="2" file=".py" time="130.325" timestamp="2024-04-12T13:52:54" failures="0" errors="2" skipped="0">
	<testcase classname="comprobanteVentas" name="test_vouchers_sales" time="0.000" timestamp="0001-01-01T00:00:00" file="ComproVentas.py" line="18">
		<error type="AttributeError" message="'NoneType' object has no attribute 'is_displayed'"><![CDATA[Traceback (most recent call last):
  File "c:\Users\luist\repos\Automatizaciones-SILOHUB-\ComproVentas.py", line 126, in test_vouchers_sales
    find_elements(self.driver,  select_popup1)
  File "c:\Users\luist\repos\Automatizaciones-SILOHUB-\Elements.py", line 19, in find_elements
    select_nex_button = WebDriverWait(driver, 10).until(
  File "C:\Users\luist\AppData\Roaming\Python\Python310\site-packages\selenium\webdriver\support\wait.py", line 96, in until
    value = method(self._driver)
  File "C:\Users\luist\AppData\Roaming\Python\Python310\site-packages\selenium\webdriver\support\expected_conditions.py", line 364, in _predicate
    element = visibility_of(target)(driver)
  File "C:\Users\luist\AppData\Roaming\Python\Python310\site-packages\selenium\webdriver\support\expected_conditions.py", line 173, in _predicate
    return _element_if_visible(element)
  File "C:\Users\luist\AppData\Roaming\Python\Python310\site-packages\selenium\webdriver\support\expected_conditions.py", line 179, in _element_if_visible
    return element if element.is_displayed() == visibility else False
AttributeError: 'NoneType' object has no attribute 'is_displayed'
]]></error>
		<system-out><![CDATA[El texto encontrado es  COMPROBANTES
¡Elemento encontrado y clickeado 4 veces con éxito!
¡Elemento encontrado y clickeado 1 veces con éxito!
El texto encontrado es  Mis Comprobantes
El texto encontrado es  F 0001 00120623
El texto no fue encontrado F 0001 00125168
Tiempo de espera agotado. El texto por xpaht no está presente.
]]></system-out>
	</testcase>
	<testcase classname="comprobanteVentas" name="test_vouchers_sales" time="130.325" timestamp="2024-04-12T13:52:54" file="ComproVentas.py" line="18">
		<error type="NoSuchWindowException" message="Message: no such window: target window already closed
from unknown error: web view not found
  (Session info: chrome=123.0.6312.122)
Stacktrace:
	GetHandleVerifier [0x00007FF671037032+63090]
	(No symbol) [0x00007FF670FA2C82]
	(No symbol) [0x00007FF670E3EC65]
	(No symbol) [0x00007FF670E1CA7C]
	(No symbol) [0x00007FF670EAD687]
	(No symbol) [0x00007FF670EB3CD2]
	(No symbol) [0x00007FF670EA6FA0]
	(No symbol) [0x00007FF670E783A8]
	(No symbol) [0x00007FF670E79441]
	GetHandleVerifier [0x00007FF6714325AD+4238317]
	GetHandleVerifier [0x00007FF67146F70D+4488525]
	GetHandleVerifier [0x00007FF6714679EF+4456495]
	GetHandleVerifier [0x00007FF671110576+953270]
	(No symbol) [0x00007FF670FAE54F]
	(No symbol) [0x00007FF670FA9224]
	(No symbol) [0x00007FF670FA935B]
	(No symbol) [0x00007FF670F99B94]
	BaseThreadInitThunk [0x00007FFF9727257D+29]
	RtlUserThreadStart [0x00007FFF9922AA58+40]
"><![CDATA[Traceback (most recent call last):
  File "c:\Users\luist\repos\Automatizaciones-SILOHUB-\ComproVentas.py", line 133, in tearDown
    self.driver.close()
  File "C:\Users\luist\AppData\Roaming\Python\Python310\site-packages\selenium\webdriver\remote\webdriver.py", line 459, in close
    self.execute(Command.CLOSE)
  File "C:\Users\luist\AppData\Roaming\Python\Python310\site-packages\selenium\webdriver\remote\webdriver.py", line 348, in execute
    self.error_handler.check_response(response)
  File "C:\Users\luist\AppData\Roaming\Python\Python310\site-packages\selenium\webdriver\remote\errorhandler.py", line 229, in check_response
    raise exception_class(message, screen, stacktrace)
selenium.common.exceptions.NoSuchWindowException: Message: no such window: target window already closed
from unknown error: web view not found
  (Session info: chrome=123.0.6312.122)
Stacktrace:
	GetHandleVerifier [0x00007FF671037032+63090]
	(No symbol) [0x00007FF670FA2C82]
	(No symbol) [0x00007FF670E3EC65]
	(No symbol) [0x00007FF670E1CA7C]
	(No symbol) [0x00007FF670EAD687]
	(No symbol) [0x00007FF670EB3CD2]
	(No symbol) [0x00007FF670EA6FA0]
	(No symbol) [0x00007FF670E783A8]
	(No symbol) [0x00007FF670E79441]
	GetHandleVerifier [0x00007FF6714325AD+4238317]
	GetHandleVerifier [0x00007FF67146F70D+4488525]
	GetHandleVerifier [0x00007FF6714679EF+4456495]
	GetHandleVerifier [0x00007FF671110576+953270]
	(No symbol) [0x00007FF670FAE54F]
	(No symbol) [0x00007FF670FA9224]
	(No symbol) [0x00007FF670FA935B]
	(No symbol) [0x00007FF670F99B94]
	BaseThreadInitThunk [0x00007FFF9727257D+29]
	RtlUserThreadStart [0x00007FFF9922AA58+40]

]]></error>
		<system-out><![CDATA[El texto encontrado es  COMPROBANTES
¡Elemento encontrado y clickeado 4 veces con éxito!
¡Elemento encontrado y clickeado 1 veces con éxito!
El texto encontrado es  Mis Comprobantes
El texto encontrado es  F 0001 00120623
El texto no fue encontrado F 0001 00125168
Tiempo de espera agotado. El texto por xpaht no está presente.
]]></system-out>
	</testcase>
</testsuite>
