<?xml version="1.0" encoding="UTF-8"?>
<testsuite name="logistica_MisSolitudes-20240416150817" tests="2" file=".py" time="121.260" timestamp="2024-04-16T15:10:18" failures="0" errors="2" skipped="0">
	<testcase classname="logistica_MisSolitudes" name="test_logistics_primaries" time="0.000" timestamp="0001-01-01T00:00:00" file="LogistMisSolitud.py" line="23">
		<error type="AttributeError" message="'NoneType' object has no attribute 'is_displayed'"><![CDATA[Traceback (most recent call last):
  File "c:\Users\luist\repos\Automatizaciones-SILOHUB-\LogistMisSolitud.py", line 128, in test_logistics_primaries
    find_elements(self.driver,select_button_save)
  File "c:\Users\luist\repos\Automatizaciones-SILOHUB-\Elements.py", line 19, in find_elements
    select_nex_button = WebDriverWait(driver, 10).until(
  File "C:\Users\luist\AppData\Roaming\Python\Python310\site-packages\selenium\webdriver\support\wait.py", line 96, in until
    value = method(self._driver)
  File "C:\Users\luist\AppData\Roaming\Python\Python310\site-packages\selenium\webdriver\support\expected_conditions.py", line 364, in _predicate
    element = visibility_of(target)(driver)
  File "C:\Users\luist\AppData\Roaming\Python\Python310\site-packages\selenium\webdriver\support\expected_conditions.py", line 173, in _predicate
    return _element_if_visible(element)
  File "C:\Users\luist\AppData\Roaming\Python\Python310\site-packages\selenium\webdriver\support\expected_conditions.py", line 179, in _element_if_visible
    return element if element.is_displayed() == visibility else False
AttributeError: 'NoneType' object has no attribute 'is_displayed'
]]></error>
		<system-out><![CDATA[¡Cuenta encontrada y seleccionada 1023  con éxito!
El texto encontrado es  Estado de Solicitudes
El texto encontrado es  Solicita-dos
El valor es un carácter numérico. Valor: 2
El texto encontrado es  Pen-dientes
El valor es un carácter numérico. Valor: 2
El texto encontrado es  Recha-zados
El valor es un carácter numérico. Valor: 0
El texto encontrado es  Recibi-dos
El valor es un carácter numérico. Valor: 0
El texto encontrado es  Estado Cupos Asignados
El texto encontrado es  Sin CTG
El valor es un carácter numérico. Valor: 0
El texto encontrado es  CTG
El valor es un carácter numérico. Valor: 0
El texto encontrado es  En Destino
El valor es un carácter numérico. Valor: 0
El texto encontrado es  Descar-gados
El valor es un carácter numérico. Valor: 0
Tiempo de espera agotado. El elemento no está presente o no es clickeable.
Tiempo de espera agotado. El input no está presente o no es clickeable.
]]></system-out>
	</testcase>
	<testcase classname="logistica_MisSolitudes" name="test_logistics_primaries" time="121.260" timestamp="2024-04-16T15:10:18" file="LogistMisSolitud.py" line="23">
		<error type="NoSuchWindowException" message="Message: no such window: target window already closed
from unknown error: web view not found
  (Session info: chrome=123.0.6312.123)
Stacktrace:
	GetHandleVerifier [0x00007FF725AE7032+63090]
	(No symbol) [0x00007FF725A52C82]
	(No symbol) [0x00007FF7258EEC65]
	(No symbol) [0x00007FF7258CCA7C]
	(No symbol) [0x00007FF72595D687]
	(No symbol) [0x00007FF725963CD2]
	(No symbol) [0x00007FF725956FA0]
	(No symbol) [0x00007FF7259283A8]
	(No symbol) [0x00007FF725929441]
	GetHandleVerifier [0x00007FF725EE25AD+4238317]
	GetHandleVerifier [0x00007FF725F1F70D+4488525]
	GetHandleVerifier [0x00007FF725F179EF+4456495]
	GetHandleVerifier [0x00007FF725BC0576+953270]
	(No symbol) [0x00007FF725A5E54F]
	(No symbol) [0x00007FF725A59224]
	(No symbol) [0x00007FF725A5935B]
	(No symbol) [0x00007FF725A49B94]
	BaseThreadInitThunk [0x00007FFA9757257D+29]
	RtlUserThreadStart [0x00007FFA98AAAA48+40]
"><![CDATA[Traceback (most recent call last):
  File "c:\Users\luist\repos\Automatizaciones-SILOHUB-\LogistMisSolitud.py", line 138, in tearDown
    self.driver.close()
  File "C:\Users\luist\AppData\Roaming\Python\Python310\site-packages\selenium\webdriver\remote\webdriver.py", line 459, in close
    self.execute(Command.CLOSE)
  File "C:\Users\luist\AppData\Roaming\Python\Python310\site-packages\selenium\webdriver\remote\webdriver.py", line 348, in execute
    self.error_handler.check_response(response)
  File "C:\Users\luist\AppData\Roaming\Python\Python310\site-packages\selenium\webdriver\remote\errorhandler.py", line 229, in check_response
    raise exception_class(message, screen, stacktrace)
selenium.common.exceptions.NoSuchWindowException: Message: no such window: target window already closed
from unknown error: web view not found
  (Session info: chrome=123.0.6312.123)
Stacktrace:
	GetHandleVerifier [0x00007FF725AE7032+63090]
	(No symbol) [0x00007FF725A52C82]
	(No symbol) [0x00007FF7258EEC65]
	(No symbol) [0x00007FF7258CCA7C]
	(No symbol) [0x00007FF72595D687]
	(No symbol) [0x00007FF725963CD2]
	(No symbol) [0x00007FF725956FA0]
	(No symbol) [0x00007FF7259283A8]
	(No symbol) [0x00007FF725929441]
	GetHandleVerifier [0x00007FF725EE25AD+4238317]
	GetHandleVerifier [0x00007FF725F1F70D+4488525]
	GetHandleVerifier [0x00007FF725F179EF+4456495]
	GetHandleVerifier [0x00007FF725BC0576+953270]
	(No symbol) [0x00007FF725A5E54F]
	(No symbol) [0x00007FF725A59224]
	(No symbol) [0x00007FF725A5935B]
	(No symbol) [0x00007FF725A49B94]
	BaseThreadInitThunk [0x00007FFA9757257D+29]
	RtlUserThreadStart [0x00007FFA98AAAA48+40]

]]></error>
		<system-out><![CDATA[¡Cuenta encontrada y seleccionada 1023  con éxito!
El texto encontrado es  Estado de Solicitudes
El texto encontrado es  Solicita-dos
El valor es un carácter numérico. Valor: 2
El texto encontrado es  Pen-dientes
El valor es un carácter numérico. Valor: 2
El texto encontrado es  Recha-zados
El valor es un carácter numérico. Valor: 0
El texto encontrado es  Recibi-dos
El valor es un carácter numérico. Valor: 0
El texto encontrado es  Estado Cupos Asignados
El texto encontrado es  Sin CTG
El valor es un carácter numérico. Valor: 0
El texto encontrado es  CTG
El valor es un carácter numérico. Valor: 0
El texto encontrado es  En Destino
El valor es un carácter numérico. Valor: 0
El texto encontrado es  Descar-gados
El valor es un carácter numérico. Valor: 0
Tiempo de espera agotado. El elemento no está presente o no es clickeable.
Tiempo de espera agotado. El input no está presente o no es clickeable.
]]></system-out>
	</testcase>
</testsuite>
