<?xml version="1.0" encoding="UTF-8"?>
<testsuite name="ConfigSucursales.config_Sucursales-failed" tests="1" file="ConfigSucursales.py" time="53.422" timestamp="2024-07-02T16:49:51" failures="0" errors="1" skipped="0">
	<testcase classname="ConfigSucursales.config_Sucursales" name="test_settings_branch_offices" time="53.422" timestamp="2024-07-02T16:49:51" file="ConfigSucursales.py" line="19">
		<error type="StaleElementReferenceException" message="Message: stale element reference: stale element not found in the current frame
  (Session info: chrome=126.0.6478.127); For documentation on this error, please visit: https://www.selenium.dev/documentation/webdriver/troubleshooting/errors#stale-element-reference-exception
Stacktrace:
	GetHandleVerifier [0x00007FF62C34EEA2+31554]
	(No symbol) [0x00007FF62C2C7ED9]
	(No symbol) [0x00007FF62C18872A]
	(No symbol) [0x00007FF62C18E55E]
	(No symbol) [0x00007FF62C190EB1]
	(No symbol) [0x00007FF62C190F50]
	(No symbol) [0x00007FF62C1DD1CF]
	(No symbol) [0x00007FF62C1DAF8B]
	(No symbol) [0x00007FF62C1DA156]
	(No symbol) [0x00007FF62C1CC151]
	(No symbol) [0x00007FF62C1FD02A]
	(No symbol) [0x00007FF62C1CBA76]
	(No symbol) [0x00007FF62C1FD240]
	(No symbol) [0x00007FF62C21C977]
	(No symbol) [0x00007FF62C1FCDD3]
	(No symbol) [0x00007FF62C1CA33B]
	(No symbol) [0x00007FF62C1CAED1]
	GetHandleVerifier [0x00007FF62C658B1D+3217341]
	GetHandleVerifier [0x00007FF62C6A5AE3+3532675]
	GetHandleVerifier [0x00007FF62C69B0E0+3489152]
	GetHandleVerifier [0x00007FF62C3FE776+750614]
	(No symbol) [0x00007FF62C2D375F]
	(No symbol) [0x00007FF62C2CEB14]
	(No symbol) [0x00007FF62C2CECA2]
	(No symbol) [0x00007FF62C2BE16F]
	BaseThreadInitThunk [0x00007FF99BFF257D+29]
	RtlUserThreadStart [0x00007FF99CAAAF28+40]
"><![CDATA[Traceback (most recent call last):
  File "c:\Users\luist\repos\Automatizaciones-SILOHUB-\ConfigSucursales.py", line 126, in test_settings_branch_offices
    find_elements(self.driver,select_option9 )
  File "c:\Users\luist\repos\Automatizaciones-SILOHUB-\Elements.py", line 22, in find_elements
    select_nex_button.click()
  File "C:\Users\luist\AppData\Roaming\Python\Python310\site-packages\selenium\webdriver\remote\webelement.py", line 94, in click
    self._execute(Command.CLICK_ELEMENT)
  File "C:\Users\luist\AppData\Roaming\Python\Python310\site-packages\selenium\webdriver\remote\webelement.py", line 395, in _execute
    return self._parent.execute(command, params)
  File "C:\Users\luist\AppData\Roaming\Python\Python310\site-packages\selenium\webdriver\remote\webdriver.py", line 348, in execute
    self.error_handler.check_response(response)
  File "C:\Users\luist\AppData\Roaming\Python\Python310\site-packages\selenium\webdriver\remote\errorhandler.py", line 229, in check_response
    raise exception_class(message, screen, stacktrace)
selenium.common.exceptions.StaleElementReferenceException: Message: stale element reference: stale element not found in the current frame
  (Session info: chrome=126.0.6478.127); For documentation on this error, please visit: https://www.selenium.dev/documentation/webdriver/troubleshooting/errors#stale-element-reference-exception
Stacktrace:
	GetHandleVerifier [0x00007FF62C34EEA2+31554]
	(No symbol) [0x00007FF62C2C7ED9]
	(No symbol) [0x00007FF62C18872A]
	(No symbol) [0x00007FF62C18E55E]
	(No symbol) [0x00007FF62C190EB1]
	(No symbol) [0x00007FF62C190F50]
	(No symbol) [0x00007FF62C1DD1CF]
	(No symbol) [0x00007FF62C1DAF8B]
	(No symbol) [0x00007FF62C1DA156]
	(No symbol) [0x00007FF62C1CC151]
	(No symbol) [0x00007FF62C1FD02A]
	(No symbol) [0x00007FF62C1CBA76]
	(No symbol) [0x00007FF62C1FD240]
	(No symbol) [0x00007FF62C21C977]
	(No symbol) [0x00007FF62C1FCDD3]
	(No symbol) [0x00007FF62C1CA33B]
	(No symbol) [0x00007FF62C1CAED1]
	GetHandleVerifier [0x00007FF62C658B1D+3217341]
	GetHandleVerifier [0x00007FF62C6A5AE3+3532675]
	GetHandleVerifier [0x00007FF62C69B0E0+3489152]
	GetHandleVerifier [0x00007FF62C3FE776+750614]
	(No symbol) [0x00007FF62C2D375F]
	(No symbol) [0x00007FF62C2CEB14]
	(No symbol) [0x00007FF62C2CECA2]
	(No symbol) [0x00007FF62C2BE16F]
	BaseThreadInitThunk [0x00007FF99BFF257D+29]
	RtlUserThreadStart [0x00007FF99CAAAF28+40]

]]></error>
		<system-out><![CDATA[El texto no fue encontrado SUCURSALES
El texto encontrado es  Nombre Sucursal
El texto encontrado es  Angellica - Casa Central
El texto encontrado es  Depositos
El texto encontrado es  Centro de Distribución
El texto encontrado es  Depósito
El texto encontrado es  Deposito Angelica - Bancchio
]]></system-out>
	</testcase>
</testsuite>
