<?xml version="1.0" encoding="UTF-8"?>
<testsuite name="comproEntregas.comprobanteEntregas-failed" tests="2" file="comproEntregas.py" time="166.088" timestamp="2024-05-24T11:51:23" failures="0" errors="2" skipped="0">
	<testcase classname="comproEntregas.comprobanteEntregas" name="test_vouchers_delivery" time="0.000" timestamp="0001-01-01T00:00:00" file="comproEntregas.py" line="16">
		<error type="NoSuchWindowException" message="Message: no such window: target window already closed
from unknown error: web view not found
  (Session info: chrome=125.0.6422.112)
Stacktrace:
	GetHandleVerifier [0x00007FF6156F1F22+60322]
	(No symbol) [0x00007FF61566CE99]
	(No symbol) [0x00007FF615527EBA]
	(No symbol) [0x00007FF6154FD5A5]
	(No symbol) [0x00007FF6155A36B7]
	(No symbol) [0x00007FF6155BB331]
	(No symbol) [0x00007FF61559BFC3]
	(No symbol) [0x00007FF615569617]
	(No symbol) [0x00007FF61556A211]
	GetHandleVerifier [0x00007FF615A0946D+3301613]
	GetHandleVerifier [0x00007FF615A53693+3605267]
	GetHandleVerifier [0x00007FF615A49410+3563664]
	GetHandleVerifier [0x00007FF6157A42F6+790390]
	(No symbol) [0x00007FF6156774DF]
	(No symbol) [0x00007FF6156733D4]
	(No symbol) [0x00007FF615673562]
	(No symbol) [0x00007FF615662F6F]
	BaseThreadInitThunk [0x00007FFFE64E257D+29]
	RtlUserThreadStart [0x00007FFFE792AA48+40]
"><![CDATA[Traceback (most recent call last):
  File "c:\Users\luist\repos\Automatizaciones-SILOHUB-\comproEntregas.py", line 103, in test_vouchers_delivery
    validate_text(self.driver, contract_number2, contract_number2_expected )
  File "c:\Users\luist\repos\Automatizaciones-SILOHUB-\Elements.py", line 972, in validate_text
    elemento = WebDriverWait(driver, 10).until(
  File "C:\Users\luist\AppData\Roaming\Python\Python310\site-packages\selenium\webdriver\support\wait.py", line 96, in until
    value = method(self._driver)
  File "C:\Users\luist\AppData\Roaming\Python\Python310\site-packages\selenium\webdriver\support\expected_conditions.py", line 84, in _predicate
    return driver.find_element(*locator)
  File "C:\Users\luist\AppData\Roaming\Python\Python310\site-packages\selenium\webdriver\remote\webdriver.py", line 742, in find_element
    return self.execute(Command.FIND_ELEMENT, {"using": by, "value": value})["value"]
  File "C:\Users\luist\AppData\Roaming\Python\Python310\site-packages\selenium\webdriver\remote\webdriver.py", line 348, in execute
    self.error_handler.check_response(response)
  File "C:\Users\luist\AppData\Roaming\Python\Python310\site-packages\selenium\webdriver\remote\errorhandler.py", line 229, in check_response
    raise exception_class(message, screen, stacktrace)
selenium.common.exceptions.NoSuchWindowException: Message: no such window: target window already closed
from unknown error: web view not found
  (Session info: chrome=125.0.6422.112)
Stacktrace:
	GetHandleVerifier [0x00007FF6156F1F22+60322]
	(No symbol) [0x00007FF61566CE99]
	(No symbol) [0x00007FF615527EBA]
	(No symbol) [0x00007FF6154FD5A5]
	(No symbol) [0x00007FF6155A36B7]
	(No symbol) [0x00007FF6155BB331]
	(No symbol) [0x00007FF61559BFC3]
	(No symbol) [0x00007FF615569617]
	(No symbol) [0x00007FF61556A211]
	GetHandleVerifier [0x00007FF615A0946D+3301613]
	GetHandleVerifier [0x00007FF615A53693+3605267]
	GetHandleVerifier [0x00007FF615A49410+3563664]
	GetHandleVerifier [0x00007FF6157A42F6+790390]
	(No symbol) [0x00007FF6156774DF]
	(No symbol) [0x00007FF6156733D4]
	(No symbol) [0x00007FF615673562]
	(No symbol) [0x00007FF615662F6F]
	BaseThreadInitThunk [0x00007FFFE64E257D+29]
	RtlUserThreadStart [0x00007FFFE792AA48+40]

]]></error>
		<system-out><![CDATA[El texto encontrado es  COMPROBANTES
¡Elemento encontrado y clickeado 4 veces con éxito!
¡Elemento encontrado y clickeado 1 veces con éxito!
Tiempo de espera agotado. El texto por xpaht no está presente.
Tiempo de espera agotado. El elemento no está presente o no es clickeable.
Tiempo de espera agotado. El texto por xpaht no está presente.
Tiempo de espera agotado. El elemento no está presente o no es visible.
]]></system-out>
	</testcase>
	<testcase classname="comproEntregas.comprobanteEntregas" name="test_vouchers_delivery" time="166.088" timestamp="2024-05-24T11:51:23" file="comproEntregas.py" line="16">
		<error type="WebDriverException" message="Message: disconnected: not connected to DevTools
  (failed to check if window was closed: disconnected: not connected to DevTools)
  (Session info: chrome=125.0.6422.112)
Stacktrace:
	GetHandleVerifier [0x00007FF6156F1F22+60322]
	(No symbol) [0x00007FF61566CE99]
	(No symbol) [0x00007FF615527EBA]
	(No symbol) [0x00007FF61550E03F]
	(No symbol) [0x00007FF61550EBAF]
	(No symbol) [0x00007FF6155284E3]
	(No symbol) [0x00007FF6154FD08C]
	(No symbol) [0x00007FF6155AA7B4]
	(No symbol) [0x00007FF61559C1E0]
	(No symbol) [0x00007FF615569617]
	(No symbol) [0x00007FF61556A211]
	GetHandleVerifier [0x00007FF615A0946D+3301613]
	GetHandleVerifier [0x00007FF615A53693+3605267]
	GetHandleVerifier [0x00007FF615A49410+3563664]
	GetHandleVerifier [0x00007FF6157A42F6+790390]
	(No symbol) [0x00007FF6156774DF]
	(No symbol) [0x00007FF6156733D4]
	(No symbol) [0x00007FF615673562]
	(No symbol) [0x00007FF615662F6F]
	BaseThreadInitThunk [0x00007FFFE64E257D+29]
	RtlUserThreadStart [0x00007FFFE792AA48+40]
"><![CDATA[Traceback (most recent call last):
  File "c:\Users\luist\repos\Automatizaciones-SILOHUB-\comproEntregas.py", line 135, in tearDown
    self.driver.close()
  File "C:\Users\luist\AppData\Roaming\Python\Python310\site-packages\selenium\webdriver\remote\webdriver.py", line 459, in close
    self.execute(Command.CLOSE)
  File "C:\Users\luist\AppData\Roaming\Python\Python310\site-packages\selenium\webdriver\remote\webdriver.py", line 348, in execute
    self.error_handler.check_response(response)
  File "C:\Users\luist\AppData\Roaming\Python\Python310\site-packages\selenium\webdriver\remote\errorhandler.py", line 229, in check_response
    raise exception_class(message, screen, stacktrace)
selenium.common.exceptions.WebDriverException: Message: disconnected: not connected to DevTools
  (failed to check if window was closed: disconnected: not connected to DevTools)
  (Session info: chrome=125.0.6422.112)
Stacktrace:
	GetHandleVerifier [0x00007FF6156F1F22+60322]
	(No symbol) [0x00007FF61566CE99]
	(No symbol) [0x00007FF615527EBA]
	(No symbol) [0x00007FF61550E03F]
	(No symbol) [0x00007FF61550EBAF]
	(No symbol) [0x00007FF6155284E3]
	(No symbol) [0x00007FF6154FD08C]
	(No symbol) [0x00007FF6155AA7B4]
	(No symbol) [0x00007FF61559C1E0]
	(No symbol) [0x00007FF615569617]
	(No symbol) [0x00007FF61556A211]
	GetHandleVerifier [0x00007FF615A0946D+3301613]
	GetHandleVerifier [0x00007FF615A53693+3605267]
	GetHandleVerifier [0x00007FF615A49410+3563664]
	GetHandleVerifier [0x00007FF6157A42F6+790390]
	(No symbol) [0x00007FF6156774DF]
	(No symbol) [0x00007FF6156733D4]
	(No symbol) [0x00007FF615673562]
	(No symbol) [0x00007FF615662F6F]
	BaseThreadInitThunk [0x00007FFFE64E257D+29]
	RtlUserThreadStart [0x00007FFFE792AA48+40]

]]></error>
		<system-out><![CDATA[El texto encontrado es  COMPROBANTES
¡Elemento encontrado y clickeado 4 veces con éxito!
¡Elemento encontrado y clickeado 1 veces con éxito!
Tiempo de espera agotado. El texto por xpaht no está presente.
Tiempo de espera agotado. El elemento no está presente o no es clickeable.
Tiempo de espera agotado. El texto por xpaht no está presente.
Tiempo de espera agotado. El elemento no está presente o no es visible.
]]></system-out>
	</testcase>
</testsuite>
