<?xml version="1.0" encoding="UTF-8"?>
<testsuite name="ctacte_ApliVencido.cta_cte_apliVencido-failed" tests="2" file="ctacte_ApliVencido.py" time="46.397" timestamp="2024-07-13T12:19:07" failures="0" errors="2" skipped="0">
	<testcase classname="ctacte_ApliVencido.cta_cte_apliVencido" name="test_ctacte_aplivencido" time="0.000" timestamp="0001-01-01T00:00:00" file="ctacte_ApliVencido.py" line="17">
		<error type="NoSuchWindowException" message="Message: no such window: target window already closed
from unknown error: web view not found
  (Session info: chrome=126.0.6478.127)
Stacktrace:
	GetHandleVerifier [0x00007FF6C711EEA2+31554]
	(No symbol) [0x00007FF6C7097ED9]
	(No symbol) [0x00007FF6C6F5872A]
	(No symbol) [0x00007FF6C6F2D995]
	(No symbol) [0x00007FF6C6FD44D7]
	(No symbol) [0x00007FF6C6FEC051]
	(No symbol) [0x00007FF6C6FCCDD3]
	(No symbol) [0x00007FF6C6F9A33B]
	(No symbol) [0x00007FF6C6F9AED1]
	GetHandleVerifier [0x00007FF6C7428B1D+3217341]
	GetHandleVerifier [0x00007FF6C7475AE3+3532675]
	GetHandleVerifier [0x00007FF6C746B0E0+3489152]
	GetHandleVerifier [0x00007FF6C71CE776+750614]
	(No symbol) [0x00007FF6C70A375F]
	(No symbol) [0x00007FF6C709EB14]
	(No symbol) [0x00007FF6C709ECA2]
	(No symbol) [0x00007FF6C708E16F]
	BaseThreadInitThunk [0x00007FFBD5F8257D+29]
	RtlUserThreadStart [0x00007FFBD704AF28+40]
"><![CDATA[Traceback (most recent call last):
  File "c:\Users\luist\repos\Automatizaciones-SILOHUB-\ctacte_ApliVencido.py", line 88, in test_ctacte_aplivencido
    validate_text(self.driver,title_account,title_account_expected )
  File "c:\Users\luist\repos\Automatizaciones-SILOHUB-\Elements.py", line 1001, in validate_text
    elemento = WebDriverWait(driver, 10).until(
  File "C:\Users\luist\AppData\Roaming\Python\Python310\site-packages\selenium\webdriver\support\wait.py", line 96, in until
    value = method(self._driver)
  File "C:\Users\luist\AppData\Roaming\Python\Python310\site-packages\selenium\webdriver\support\expected_conditions.py", line 84, in _predicate
    return driver.find_element(*locator)
  File "C:\Users\luist\AppData\Roaming\Python\Python310\site-packages\selenium\webdriver\remote\webdriver.py", line 742, in find_element
    return self.execute(Command.FIND_ELEMENT, {"using": by, "value": value})["value"]
  File "C:\Users\luist\AppData\Roaming\Python\Python310\site-packages\selenium\webdriver\remote\webdriver.py", line 348, in execute
    self.error_handler.check_response(response)
  File "C:\Users\luist\AppData\Roaming\Python\Python310\site-packages\selenium\webdriver\remote\errorhandler.py", line 229, in check_response
    raise exception_class(message, screen, stacktrace)
selenium.common.exceptions.NoSuchWindowException: Message: no such window: target window already closed
from unknown error: web view not found
  (Session info: chrome=126.0.6478.127)
Stacktrace:
	GetHandleVerifier [0x00007FF6C711EEA2+31554]
	(No symbol) [0x00007FF6C7097ED9]
	(No symbol) [0x00007FF6C6F5872A]
	(No symbol) [0x00007FF6C6F2D995]
	(No symbol) [0x00007FF6C6FD44D7]
	(No symbol) [0x00007FF6C6FEC051]
	(No symbol) [0x00007FF6C6FCCDD3]
	(No symbol) [0x00007FF6C6F9A33B]
	(No symbol) [0x00007FF6C6F9AED1]
	GetHandleVerifier [0x00007FF6C7428B1D+3217341]
	GetHandleVerifier [0x00007FF6C7475AE3+3532675]
	GetHandleVerifier [0x00007FF6C746B0E0+3489152]
	GetHandleVerifier [0x00007FF6C71CE776+750614]
	(No symbol) [0x00007FF6C70A375F]
	(No symbol) [0x00007FF6C709EB14]
	(No symbol) [0x00007FF6C709ECA2]
	(No symbol) [0x00007FF6C708E16F]
	BaseThreadInitThunk [0x00007FFBD5F8257D+29]
	RtlUserThreadStart [0x00007FFBD704AF28+40]

]]></error>
		<system-out><![CDATA[¡Elemento encontrado y clickeado 9 veces con éxito!
¡Elemento encontrado y clickeado 2 veces con éxito!
]]></system-out>
	</testcase>
	<testcase classname="ctacte_ApliVencido.cta_cte_apliVencido" name="test_ctacte_aplivencido" time="46.397" timestamp="2024-07-13T12:19:07" file="ctacte_ApliVencido.py" line="17">
		<error type="WebDriverException" message="Message: disconnected: not connected to DevTools
  (failed to check if window was closed: disconnected: not connected to DevTools)
  (Session info: chrome=126.0.6478.127)
Stacktrace:
	GetHandleVerifier [0x00007FF6C711EEA2+31554]
	(No symbol) [0x00007FF6C7097ED9]
	(No symbol) [0x00007FF6C6F5872A]
	(No symbol) [0x00007FF6C6F3E90F]
	(No symbol) [0x00007FF6C6F3F47F]
	(No symbol) [0x00007FF6C6F58D53]
	(No symbol) [0x00007FF6C6F2D47C]
	(No symbol) [0x00007FF6C6FDB614]
	(No symbol) [0x00007FF6C6FCCFF0]
	(No symbol) [0x00007FF6C6F9A33B]
	(No symbol) [0x00007FF6C6F9AED1]
	GetHandleVerifier [0x00007FF6C7428B1D+3217341]
	GetHandleVerifier [0x00007FF6C7475AE3+3532675]
	GetHandleVerifier [0x00007FF6C746B0E0+3489152]
	GetHandleVerifier [0x00007FF6C71CE776+750614]
	(No symbol) [0x00007FF6C70A375F]
	(No symbol) [0x00007FF6C709EB14]
	(No symbol) [0x00007FF6C709ECA2]
	(No symbol) [0x00007FF6C708E16F]
	BaseThreadInitThunk [0x00007FFBD5F8257D+29]
	RtlUserThreadStart [0x00007FFBD704AF28+40]
"><![CDATA[Traceback (most recent call last):
  File "c:\Users\luist\repos\Automatizaciones-SILOHUB-\ctacte_ApliVencido.py", line 167, in tearDown
    self.driver.close()
  File "C:\Users\luist\AppData\Roaming\Python\Python310\site-packages\selenium\webdriver\remote\webdriver.py", line 459, in close
    self.execute(Command.CLOSE)
  File "C:\Users\luist\AppData\Roaming\Python\Python310\site-packages\selenium\webdriver\remote\webdriver.py", line 348, in execute
    self.error_handler.check_response(response)
  File "C:\Users\luist\AppData\Roaming\Python\Python310\site-packages\selenium\webdriver\remote\errorhandler.py", line 229, in check_response
    raise exception_class(message, screen, stacktrace)
selenium.common.exceptions.WebDriverException: Message: disconnected: not connected to DevTools
  (failed to check if window was closed: disconnected: not connected to DevTools)
  (Session info: chrome=126.0.6478.127)
Stacktrace:
	GetHandleVerifier [0x00007FF6C711EEA2+31554]
	(No symbol) [0x00007FF6C7097ED9]
	(No symbol) [0x00007FF6C6F5872A]
	(No symbol) [0x00007FF6C6F3E90F]
	(No symbol) [0x00007FF6C6F3F47F]
	(No symbol) [0x00007FF6C6F58D53]
	(No symbol) [0x00007FF6C6F2D47C]
	(No symbol) [0x00007FF6C6FDB614]
	(No symbol) [0x00007FF6C6FCCFF0]
	(No symbol) [0x00007FF6C6F9A33B]
	(No symbol) [0x00007FF6C6F9AED1]
	GetHandleVerifier [0x00007FF6C7428B1D+3217341]
	GetHandleVerifier [0x00007FF6C7475AE3+3532675]
	GetHandleVerifier [0x00007FF6C746B0E0+3489152]
	GetHandleVerifier [0x00007FF6C71CE776+750614]
	(No symbol) [0x00007FF6C70A375F]
	(No symbol) [0x00007FF6C709EB14]
	(No symbol) [0x00007FF6C709ECA2]
	(No symbol) [0x00007FF6C708E16F]
	BaseThreadInitThunk [0x00007FFBD5F8257D+29]
	RtlUserThreadStart [0x00007FFBD704AF28+40]

]]></error>
		<system-out><![CDATA[¡Elemento encontrado y clickeado 9 veces con éxito!
¡Elemento encontrado y clickeado 2 veces con éxito!
]]></system-out>
	</testcase>
</testsuite>
