<?xml version="1.0" encoding="UTF-8"?>
<testsuite name="cuenta_ctacte_historica-20240123175124" tests="1" file=".py" time="152.053" timestamp="2024-01-23T17:53:56" failures="0" errors="1" skipped="0">
	<testcase classname="cuenta_ctacte_historica" name="test_ctacte_historica" time="152.053" timestamp="2024-01-23T17:53:56" file="ctacte_histórica.py" line="17">
		<error type="ElementClickInterceptedException" message="Message: element click intercepted: Element &lt;a _ngcontent-iko-c117=&quot;&quot; class=&quot;fw-bold text-muted f-size-12 cursor-pointer&quot;&gt;...&lt;/a&gt; is not clickable at point (1367, 87). Other element would receive the click: &lt;span _ngcontent-iko-c183=&quot;&quot; class=&quot;fw-bold mb-2 mt-2&quot;&gt;...&lt;/span&gt;
  (Session info: chrome=120.0.6099.225)
Stacktrace:
	GetHandleVerifier [0x00007FF740E12142+3514994]
	(No symbol) [0x00007FF740A30CE2]
	(No symbol) [0x00007FF7408D76AA]
	(No symbol) [0x00007FF7409288F3]
	(No symbol) [0x00007FF7409268ED]
	(No symbol) [0x00007FF7409240EC]
	(No symbol) [0x00007FF740922EA5]
	(No symbol) [0x00007FF740916A0F]
	(No symbol) [0x00007FF740945FEA]
	(No symbol) [0x00007FF7409163B6]
	(No symbol) [0x00007FF740946490]
	(No symbol) [0x00007FF7409628F6]
	(No symbol) [0x00007FF740945D93]
	(No symbol) [0x00007FF740914BDC]
	(No symbol) [0x00007FF740915C64]
	GetHandleVerifier [0x00007FF740E3E16B+3695259]
	GetHandleVerifier [0x00007FF740E96737+4057191]
	GetHandleVerifier [0x00007FF740E8E4E3+4023827]
	GetHandleVerifier [0x00007FF740B604F9+689705]
	(No symbol) [0x00007FF740A3C048]
	(No symbol) [0x00007FF740A38044]
	(No symbol) [0x00007FF740A381C9]
	(No symbol) [0x00007FF740A288C4]
	BaseThreadInitThunk [0x00007FFE942F257D+29]
	RtlUserThreadStart [0x00007FFE9552AA58+40]
"><![CDATA[Traceback (most recent call last):
  File "c:\Users\luist\repos\Automatizaciones-SILOHUB-\ctacte_histórica.py", line 180, in test_ctacte_historica
    find_elements(self.driver, go_out_list)
  File "c:\Users\luist\repos\Automatizaciones-SILOHUB-\Elements.py", line 14, in find_elements
    select_nex_button.click()
  File "C:\Users\luist\AppData\Roaming\Python\Python310\site-packages\selenium\webdriver\remote\webelement.py", line 94, in click
    self._execute(Command.CLICK_ELEMENT)
  File "C:\Users\luist\AppData\Roaming\Python\Python310\site-packages\selenium\webdriver\remote\webelement.py", line 395, in _execute
    return self._parent.execute(command, params)
  File "C:\Users\luist\AppData\Roaming\Python\Python310\site-packages\selenium\webdriver\remote\webdriver.py", line 348, in execute
    self.error_handler.check_response(response)
  File "C:\Users\luist\AppData\Roaming\Python\Python310\site-packages\selenium\webdriver\remote\errorhandler.py", line 229, in check_response
    raise exception_class(message, screen, stacktrace)
selenium.common.exceptions.ElementClickInterceptedException: Message: element click intercepted: Element <a _ngcontent-iko-c117="" class="fw-bold text-muted f-size-12 cursor-pointer">...</a> is not clickable at point (1367, 87). Other element would receive the click: <span _ngcontent-iko-c183="" class="fw-bold mb-2 mt-2">...</span>
  (Session info: chrome=120.0.6099.225)
Stacktrace:
	GetHandleVerifier [0x00007FF740E12142+3514994]
	(No symbol) [0x00007FF740A30CE2]
	(No symbol) [0x00007FF7408D76AA]
	(No symbol) [0x00007FF7409288F3]
	(No symbol) [0x00007FF7409268ED]
	(No symbol) [0x00007FF7409240EC]
	(No symbol) [0x00007FF740922EA5]
	(No symbol) [0x00007FF740916A0F]
	(No symbol) [0x00007FF740945FEA]
	(No symbol) [0x00007FF7409163B6]
	(No symbol) [0x00007FF740946490]
	(No symbol) [0x00007FF7409628F6]
	(No symbol) [0x00007FF740945D93]
	(No symbol) [0x00007FF740914BDC]
	(No symbol) [0x00007FF740915C64]
	GetHandleVerifier [0x00007FF740E3E16B+3695259]
	GetHandleVerifier [0x00007FF740E96737+4057191]
	GetHandleVerifier [0x00007FF740E8E4E3+4023827]
	GetHandleVerifier [0x00007FF740B604F9+689705]
	(No symbol) [0x00007FF740A3C048]
	(No symbol) [0x00007FF740A38044]
	(No symbol) [0x00007FF740A381C9]
	(No symbol) [0x00007FF740A288C4]
	BaseThreadInitThunk [0x00007FFE942F257D+29]
	RtlUserThreadStart [0x00007FFE9552AA58+40]

]]></error>
		<system-out><![CDATA[¡Elemento encontrado y clickeado con éxito!
¡Elemento encontrado y clickeado con éxito!
¡Elemento encontrado y clickeado con éxito!
¡Elemento encontrado y clickeado con éxito!
¡Elemento encontrado y clickeado con éxito!
¡Elemento encontrado y clickeado con éxito!
¡Elemento encontrado y clickeado con éxito!
¡Elemento encontrado y clickeado con éxito!
¡Elemento encontrado y clickeado con éxito!
¡Elemento encontrado y clickeado 9 veces con éxito!
¡Elemento encontrado y clickeado con éxito!
¡Elemento encontrado y clickeado 1 veces con éxito!
¡Elemento encontrado y clickeado con éxito!
¡Elemento encontrado y clickeado con éxito!
El texto encontrado es  CUENTA CORRIENTE
El valor es un carácter numérico. Valor: 112.853.021,30
El valor es un carácter numérico. Valor: 682.410,12
¡Elemento encontrado y clickeado con éxito!
¡Elemento encontrado y clickeado con éxito!
¡Elemento encontrado y clickeado con éxito!
¡Elemento encontrado y clickeado con éxito!
¡Elemento encontrado y clickeado con éxito!
¡Elemento encontrado y clickeado con éxito!
¡Elemento encontrado y clickeado con éxito!
¡Elemento encontrado y clickeado con éxito!
¡Elemento encontrado y clickeado con éxito!
El texto encontrado es  CUENTA CORRIENTE
Tiempo de espera agotado. El texto por xpaht no está presente.
Tiempo de espera agotado. El texto por xpaht no está presente.
Tiempo de espera agotado. El texto por xpaht no está presente.
]]></system-out>
	</testcase>
</testsuite>
