<?xml version="1.0" encoding="UTF-8"?>
<testsuite name="comprobantes_Pend_Facturar-20231024173005" tests="1" file=".py" time="32.240" timestamp="2023-10-24T17:30:38" failures="0" errors="1" skipped="0">
	<testcase classname="comprobantes_Pend_Facturar" name="test_comprobantes_pend_fact" time="32.240" timestamp="2023-10-24T17:30:38" file="ReportCompPenFact.py" line="23">
		<error type="StaleElementReferenceException" message="Message: stale element reference: stale element not found
  (Session info: chrome=118.0.5993.89)
Stacktrace:
	GetHandleVerifier [0x00007FF695418EF2+54786]
	(No symbol) [0x00007FF695385612]
	(No symbol) [0x00007FF69523A64B]
	(No symbol) [0x00007FF69523F116]
	(No symbol) [0x00007FF69524115F]
	(No symbol) [0x00007FF695241250]
	(No symbol) [0x00007FF69527F88E]
	(No symbol) [0x00007FF69527DC08]
	(No symbol) [0x00007FF69527CCC3]
	(No symbol) [0x00007FF6952729CF]
	(No symbol) [0x00007FF69529BE6A]
	(No symbol) [0x00007FF6952722E6]
	(No symbol) [0x00007FF69529C080]
	(No symbol) [0x00007FF6952B4D02]
	(No symbol) [0x00007FF69529BC43]
	(No symbol) [0x00007FF695270941]
	(No symbol) [0x00007FF695271B84]
	GetHandleVerifier [0x00007FF695767F52+3524194]
	GetHandleVerifier [0x00007FF6957BD800+3874576]
	GetHandleVerifier [0x00007FF6957B5D7F+3843215]
	GetHandleVerifier [0x00007FF6954B5086+694166]
	(No symbol) [0x00007FF695390A88]
	(No symbol) [0x00007FF69538CA94]
	(No symbol) [0x00007FF69538CBC2]
	(No symbol) [0x00007FF69537CC83]
	BaseThreadInitThunk [0x00007FFD56FC257D+29]
	RtlUserThreadStart [0x00007FFD579AAA78+40]
"><![CDATA[Traceback (most recent call last):
  File "c:\Users\luist\repos\Automatizaciones-SILOHUB-\ReportCompPenFact.py", line 60, in test_comprobantes_pend_fact
    select_menu_Account.click()
  File "C:\Users\luist\AppData\Roaming\Python\Python310\site-packages\selenium\webdriver\remote\webelement.py", line 89, in click
    self._execute(Command.CLICK_ELEMENT)
  File "C:\Users\luist\AppData\Roaming\Python\Python310\site-packages\selenium\webdriver\remote\webelement.py", line 773, in _execute
    return self._parent.execute(command, params)
  File "C:\Users\luist\AppData\Roaming\Python\Python310\site-packages\selenium\webdriver\remote\webdriver.py", line 430, in execute
    self.error_handler.check_response(response)
  File "C:\Users\luist\AppData\Roaming\Python\Python310\site-packages\selenium\webdriver\remote\errorhandler.py", line 247, in check_response
    raise exception_class(message, screen, stacktrace)
selenium.common.exceptions.StaleElementReferenceException: Message: stale element reference: stale element not found
  (Session info: chrome=118.0.5993.89)
Stacktrace:
	GetHandleVerifier [0x00007FF695418EF2+54786]
	(No symbol) [0x00007FF695385612]
	(No symbol) [0x00007FF69523A64B]
	(No symbol) [0x00007FF69523F116]
	(No symbol) [0x00007FF69524115F]
	(No symbol) [0x00007FF695241250]
	(No symbol) [0x00007FF69527F88E]
	(No symbol) [0x00007FF69527DC08]
	(No symbol) [0x00007FF69527CCC3]
	(No symbol) [0x00007FF6952729CF]
	(No symbol) [0x00007FF69529BE6A]
	(No symbol) [0x00007FF6952722E6]
	(No symbol) [0x00007FF69529C080]
	(No symbol) [0x00007FF6952B4D02]
	(No symbol) [0x00007FF69529BC43]
	(No symbol) [0x00007FF695270941]
	(No symbol) [0x00007FF695271B84]
	GetHandleVerifier [0x00007FF695767F52+3524194]
	GetHandleVerifier [0x00007FF6957BD800+3874576]
	GetHandleVerifier [0x00007FF6957B5D7F+3843215]
	GetHandleVerifier [0x00007FF6954B5086+694166]
	(No symbol) [0x00007FF695390A88]
	(No symbol) [0x00007FF69538CA94]
	(No symbol) [0x00007FF69538CBC2]
	(No symbol) [0x00007FF69537CC83]
	BaseThreadInitThunk [0x00007FFD56FC257D+29]
	RtlUserThreadStart [0x00007FFD579AAA78+40]

]]></error>
		<system-err><![CDATA[c:\Users\luist\repos\Automatizaciones-SILOHUB-\ReportCompPenFact.py:17: DeprecationWarning: executable_path has been deprecated, please pass in a Service object
  self.driver = webdriver.Chrome(executable_path=r"C:\driverchrome\chromedriver-win64\chromedriver.exe")
c:\Users\luist\repos\Automatizaciones-SILOHUB-\ReportCompPenFact.py:25: DeprecationWarning: find_element_by_* commands are deprecated. Please use find_element() instead
  usermane = driver.find_element_by_id("email")
c:\Users\luist\repos\Automatizaciones-SILOHUB-\ReportCompPenFact.py:31: DeprecationWarning: find_element_by_* commands are deprecated. Please use find_element() instead
  passworUser = driver.find_element_by_id("password")
c:\Users\luist\repos\Automatizaciones-SILOHUB-\ReportCompPenFact.py:36: DeprecationWarning: find_element_by_xpath is deprecated. Please use find_element(by=By.XPATH, value=xpath) instead
  insertButton = driver.find_element_by_xpath("/html/body/app-root/app-login-main/div/div[2]/div/app-login-form/div/div/div[1]/div/div[2]/form/div[4]/app-button/button")
c:\Users\luist\repos\Automatizaciones-SILOHUB-\ReportCompPenFact.py:41: DeprecationWarning: find_element_by_xpath is deprecated. Please use find_element(by=By.XPATH, value=xpath) instead
  selectTenant = driver.find_element_by_xpath("/html/body/app-root/app-layout/app-vertical/div/div/div/div/app-home-main/div/div[1]/app-tenant-main/app-tenant[8]/div/div/img")
c:\Users\luist\repos\Automatizaciones-SILOHUB-\ReportCompPenFact.py:57: DeprecationWarning: find_element_by_xpath is deprecated. Please use find_element(by=By.XPATH, value=xpath) instead
  select_menu_Account = driver.find_element_by_xpath(
]]></system-err>
	</testcase>
</testsuite>
