<?xml version="1.0" encoding="UTF-8"?>
<testsuite name="precio_granos_desponible-20240411090859" tests="2" file=".py" time="111.710" timestamp="2024-04-11T09:10:50" failures="0" errors="2" skipped="0">
	<testcase classname="precio_granos_desponible" name="test_price_available" time="0.000" timestamp="0001-01-01T00:00:00" file="Precio_Disponible.py" line="23">
		<error type="AttributeError" message="'NoneType' object has no attribute 'is_displayed'"><![CDATA[Traceback (most recent call last):
  File "c:\Users\luist\repos\Automatizaciones-SILOHUB-\Precio_Disponible.py", line 117, in test_price_available
    find_elements(self.driver, select_accept_post)
  File "c:\Users\luist\repos\Automatizaciones-SILOHUB-\Elements.py", line 18, in find_elements
    select_nex_button = WebDriverWait(driver, 10).until(
  File "C:\Users\luist\AppData\Roaming\Python\Python310\site-packages\selenium\webdriver\support\wait.py", line 96, in until
    value = method(self._driver)
  File "C:\Users\luist\AppData\Roaming\Python\Python310\site-packages\selenium\webdriver\support\expected_conditions.py", line 364, in _predicate
    element = visibility_of(target)(driver)
  File "C:\Users\luist\AppData\Roaming\Python\Python310\site-packages\selenium\webdriver\support\expected_conditions.py", line 173, in _predicate
    return _element_if_visible(element)
  File "C:\Users\luist\AppData\Roaming\Python\Python310\site-packages\selenium\webdriver\support\expected_conditions.py", line 179, in _element_if_visible
    return element if element.is_displayed() == visibility else False
AttributeError: 'NoneType' object has no attribute 'is_displayed'
]]></error>
		<system-out><![CDATA[El texto encontrado es  MERCADOS
Se hizo clic en un icono de borrar.
Se hizo clic en un icono de borrar.
No se encontraron más movimientos para borrar.
¡Input encontrado y enviado con éxito!
Tiempo de espera agotado. El elemento no está presente o no es clickeable.
Tiempo de espera agotado. El elemento no está presente o no es clickeable.
Tiempo de espera agotado. El elemento no está presente o no es clickeable.
¡Input encontrado y enviado con éxito!
]]></system-out>
	</testcase>
	<testcase classname="precio_granos_desponible" name="test_price_available" time="111.710" timestamp="2024-04-11T09:10:50" file="Precio_Disponible.py" line="23">
		<error type="NoSuchWindowException" message="Message: no such window: target window already closed
from unknown error: web view not found
  (Session info: chrome=123.0.6312.122)
Stacktrace:
	GetHandleVerifier [0x00007FF6F9CC7032+63090]
	(No symbol) [0x00007FF6F9C32C82]
	(No symbol) [0x00007FF6F9ACEC65]
	(No symbol) [0x00007FF6F9AACA7C]
	(No symbol) [0x00007FF6F9B3D687]
	(No symbol) [0x00007FF6F9B43CD2]
	(No symbol) [0x00007FF6F9B36FA0]
	(No symbol) [0x00007FF6F9B083A8]
	(No symbol) [0x00007FF6F9B09441]
	GetHandleVerifier [0x00007FF6FA0C25AD+4238317]
	GetHandleVerifier [0x00007FF6FA0FF70D+4488525]
	GetHandleVerifier [0x00007FF6FA0F79EF+4456495]
	GetHandleVerifier [0x00007FF6F9DA0576+953270]
	(No symbol) [0x00007FF6F9C3E54F]
	(No symbol) [0x00007FF6F9C39224]
	(No symbol) [0x00007FF6F9C3935B]
	(No symbol) [0x00007FF6F9C29B94]
	BaseThreadInitThunk [0x00007FFF9727257D+29]
	RtlUserThreadStart [0x00007FFF9922AA58+40]
"><![CDATA[Traceback (most recent call last):
  File "c:\Users\luist\repos\Automatizaciones-SILOHUB-\Precio_Disponible.py", line 159, in tearDown
    self.driver.close()
  File "C:\Users\luist\AppData\Roaming\Python\Python310\site-packages\selenium\webdriver\remote\webdriver.py", line 459, in close
    self.execute(Command.CLOSE)
  File "C:\Users\luist\AppData\Roaming\Python\Python310\site-packages\selenium\webdriver\remote\webdriver.py", line 348, in execute
    self.error_handler.check_response(response)
  File "C:\Users\luist\AppData\Roaming\Python\Python310\site-packages\selenium\webdriver\remote\errorhandler.py", line 229, in check_response
    raise exception_class(message, screen, stacktrace)
selenium.common.exceptions.NoSuchWindowException: Message: no such window: target window already closed
from unknown error: web view not found
  (Session info: chrome=123.0.6312.122)
Stacktrace:
	GetHandleVerifier [0x00007FF6F9CC7032+63090]
	(No symbol) [0x00007FF6F9C32C82]
	(No symbol) [0x00007FF6F9ACEC65]
	(No symbol) [0x00007FF6F9AACA7C]
	(No symbol) [0x00007FF6F9B3D687]
	(No symbol) [0x00007FF6F9B43CD2]
	(No symbol) [0x00007FF6F9B36FA0]
	(No symbol) [0x00007FF6F9B083A8]
	(No symbol) [0x00007FF6F9B09441]
	GetHandleVerifier [0x00007FF6FA0C25AD+4238317]
	GetHandleVerifier [0x00007FF6FA0FF70D+4488525]
	GetHandleVerifier [0x00007FF6FA0F79EF+4456495]
	GetHandleVerifier [0x00007FF6F9DA0576+953270]
	(No symbol) [0x00007FF6F9C3E54F]
	(No symbol) [0x00007FF6F9C39224]
	(No symbol) [0x00007FF6F9C3935B]
	(No symbol) [0x00007FF6F9C29B94]
	BaseThreadInitThunk [0x00007FFF9727257D+29]
	RtlUserThreadStart [0x00007FFF9922AA58+40]

]]></error>
		<system-out><![CDATA[El texto encontrado es  MERCADOS
Se hizo clic en un icono de borrar.
Se hizo clic en un icono de borrar.
No se encontraron más movimientos para borrar.
¡Input encontrado y enviado con éxito!
Tiempo de espera agotado. El elemento no está presente o no es clickeable.
Tiempo de espera agotado. El elemento no está presente o no es clickeable.
Tiempo de espera agotado. El elemento no está presente o no es clickeable.
¡Input encontrado y enviado con éxito!
]]></system-out>
	</testcase>
</testsuite>
