<?xml version="1.0" encoding="UTF-8"?>
<testsuite name="precio_granos_desponible-20240411171858" tests="2" file=".py" time="104.410" timestamp="2024-04-11T17:20:42" failures="0" errors="2" skipped="0">
	<testcase classname="precio_granos_desponible" name="test_price_available" time="0.000" timestamp="0001-01-01T00:00:00" file="Precio_Disponible.py" line="23">
		<error type="AttributeError" message="'NoneType' object has no attribute 'is_displayed'"><![CDATA[Traceback (most recent call last):
  File "c:\Users\luist\repos\Automatizaciones-SILOHUB-\Precio_Disponible.py", line 119, in test_price_available
    find_elements(self.driver, select_accept_post)
  File "c:\Users\luist\repos\Automatizaciones-SILOHUB-\Elements.py", line 19, in find_elements
    select_nex_button = WebDriverWait(driver, 10).until(
  File "C:\Users\luist\AppData\Roaming\Python\Python310\site-packages\selenium\webdriver\support\wait.py", line 96, in until
    value = method(self._driver)
  File "C:\Users\luist\AppData\Roaming\Python\Python310\site-packages\selenium\webdriver\support\expected_conditions.py", line 364, in _predicate
    element = visibility_of(target)(driver)
  File "C:\Users\luist\AppData\Roaming\Python\Python310\site-packages\selenium\webdriver\support\expected_conditions.py", line 173, in _predicate
    return _element_if_visible(element)
  File "C:\Users\luist\AppData\Roaming\Python\Python310\site-packages\selenium\webdriver\support\expected_conditions.py", line 179, in _element_if_visible
    return element if element.is_displayed() == visibility else False
AttributeError: 'NoneType' object has no attribute 'is_displayed'
]]></error>
		<system-out><![CDATA[El texto encontrado es  MERCADOS
Se hizo clic en un icono de borrar.
No se encontraron más movimientos para borrar.
¡Input encontrado y enviado con éxito!
¡Elemento encontrado y clickeado 3 veces con éxito!
Tiempo de espera agotado. El elemento no está presente o no es clickeable.
Tiempo de espera agotado. El elemento no está presente o no es clickeable.
¡Input encontrado y enviado con éxito!
]]></system-out>
	</testcase>
	<testcase classname="precio_granos_desponible" name="test_price_available" time="104.410" timestamp="2024-04-11T17:20:42" file="Precio_Disponible.py" line="23">
		<error type="NoSuchWindowException" message="Message: no such window: target window already closed
from unknown error: web view not found
  (Session info: chrome=123.0.6312.122)
Stacktrace:
	GetHandleVerifier [0x00007FF612287032+63090]
	(No symbol) [0x00007FF6121F2C82]
	(No symbol) [0x00007FF61208EC65]
	(No symbol) [0x00007FF61206CA7C]
	(No symbol) [0x00007FF6120FD687]
	(No symbol) [0x00007FF612103CD2]
	(No symbol) [0x00007FF6120F6FA0]
	(No symbol) [0x00007FF6120C83A8]
	(No symbol) [0x00007FF6120C9441]
	GetHandleVerifier [0x00007FF6126825AD+4238317]
	GetHandleVerifier [0x00007FF6126BF70D+4488525]
	GetHandleVerifier [0x00007FF6126B79EF+4456495]
	GetHandleVerifier [0x00007FF612360576+953270]
	(No symbol) [0x00007FF6121FE54F]
	(No symbol) [0x00007FF6121F9224]
	(No symbol) [0x00007FF6121F935B]
	(No symbol) [0x00007FF6121E9B94]
	BaseThreadInitThunk [0x00007FFF9727257D+29]
	RtlUserThreadStart [0x00007FFF9922AA58+40]
"><![CDATA[Traceback (most recent call last):
  File "c:\Users\luist\repos\Automatizaciones-SILOHUB-\Precio_Disponible.py", line 161, in tearDown
    self.driver.close()
  File "C:\Users\luist\AppData\Roaming\Python\Python310\site-packages\selenium\webdriver\remote\webdriver.py", line 459, in close
    self.execute(Command.CLOSE)
  File "C:\Users\luist\AppData\Roaming\Python\Python310\site-packages\selenium\webdriver\remote\webdriver.py", line 348, in execute
    self.error_handler.check_response(response)
  File "C:\Users\luist\AppData\Roaming\Python\Python310\site-packages\selenium\webdriver\remote\errorhandler.py", line 229, in check_response
    raise exception_class(message, screen, stacktrace)
selenium.common.exceptions.NoSuchWindowException: Message: no such window: target window already closed
from unknown error: web view not found
  (Session info: chrome=123.0.6312.122)
Stacktrace:
	GetHandleVerifier [0x00007FF612287032+63090]
	(No symbol) [0x00007FF6121F2C82]
	(No symbol) [0x00007FF61208EC65]
	(No symbol) [0x00007FF61206CA7C]
	(No symbol) [0x00007FF6120FD687]
	(No symbol) [0x00007FF612103CD2]
	(No symbol) [0x00007FF6120F6FA0]
	(No symbol) [0x00007FF6120C83A8]
	(No symbol) [0x00007FF6120C9441]
	GetHandleVerifier [0x00007FF6126825AD+4238317]
	GetHandleVerifier [0x00007FF6126BF70D+4488525]
	GetHandleVerifier [0x00007FF6126B79EF+4456495]
	GetHandleVerifier [0x00007FF612360576+953270]
	(No symbol) [0x00007FF6121FE54F]
	(No symbol) [0x00007FF6121F9224]
	(No symbol) [0x00007FF6121F935B]
	(No symbol) [0x00007FF6121E9B94]
	BaseThreadInitThunk [0x00007FFF9727257D+29]
	RtlUserThreadStart [0x00007FFF9922AA58+40]

]]></error>
		<system-out><![CDATA[El texto encontrado es  MERCADOS
Se hizo clic en un icono de borrar.
No se encontraron más movimientos para borrar.
¡Input encontrado y enviado con éxito!
¡Elemento encontrado y clickeado 3 veces con éxito!
Tiempo de espera agotado. El elemento no está presente o no es clickeable.
Tiempo de espera agotado. El elemento no está presente o no es clickeable.
¡Input encontrado y enviado con éxito!
]]></system-out>
	</testcase>
</testsuite>
