<?xml version="1.0" encoding="UTF-8"?>
<testsuite name="precio_granos_desponible-20240411171605" tests="1" file=".py" time="92.194" timestamp="2024-04-11T17:17:37" failures="0" errors="1" skipped="0">
	<testcase classname="precio_granos_desponible" name="test_price_available" time="92.194" timestamp="2024-04-11T17:17:37" file="Precio_Disponible.py" line="23">
		<error type="ElementClickInterceptedException" message="Message: element click intercepted: Element is not clickable at point (517, -19)
  (Session info: chrome=123.0.6312.122)
Stacktrace:
	GetHandleVerifier [0x00007FF612287032+63090]
	(No symbol) [0x00007FF6121F2C82]
	(No symbol) [0x00007FF61208EC65]
	(No symbol) [0x00007FF6120DBB34]
	(No symbol) [0x00007FF6120D9954]
	(No symbol) [0x00007FF6120D7164]
	(No symbol) [0x00007FF6120D5EF9]
	(No symbol) [0x00007FF6120CA708]
	(No symbol) [0x00007FF6120F6FDA]
	(No symbol) [0x00007FF6120CA00A]
	(No symbol) [0x00007FF6120F71F0]
	(No symbol) [0x00007FF612113412]
	(No symbol) [0x00007FF6120F6D83]
	(No symbol) [0x00007FF6120C83A8]
	(No symbol) [0x00007FF6120C9441]
	GetHandleVerifier [0x00007FF6126825AD+4238317]
	GetHandleVerifier [0x00007FF6126BF70D+4488525]
	GetHandleVerifier [0x00007FF6126B79EF+4456495]
	GetHandleVerifier [0x00007FF612360576+953270]
	(No symbol) [0x00007FF6121FE54F]
	(No symbol) [0x00007FF6121F9224]
	(No symbol) [0x00007FF6121F935B]
	(No symbol) [0x00007FF6121E9B94]
	BaseThreadInitThunk [0x00007FFF9727257D+29]
	RtlUserThreadStart [0x00007FFF9922AA58+40]
"><![CDATA[Traceback (most recent call last):
  File "c:\Users\luist\repos\Automatizaciones-SILOHUB-\Precio_Disponible.py", line 115, in test_price_available
    find_elements(self.driver, select_post)
  File "c:\Users\luist\repos\Automatizaciones-SILOHUB-\Elements.py", line 22, in find_elements
    select_nex_button.click()
  File "C:\Users\luist\AppData\Roaming\Python\Python310\site-packages\selenium\webdriver\remote\webelement.py", line 94, in click
    self._execute(Command.CLICK_ELEMENT)
  File "C:\Users\luist\AppData\Roaming\Python\Python310\site-packages\selenium\webdriver\remote\webelement.py", line 395, in _execute
    return self._parent.execute(command, params)
  File "C:\Users\luist\AppData\Roaming\Python\Python310\site-packages\selenium\webdriver\remote\webdriver.py", line 348, in execute
    self.error_handler.check_response(response)
  File "C:\Users\luist\AppData\Roaming\Python\Python310\site-packages\selenium\webdriver\remote\errorhandler.py", line 229, in check_response
    raise exception_class(message, screen, stacktrace)
selenium.common.exceptions.ElementClickInterceptedException: Message: element click intercepted: Element is not clickable at point (517, -19)
  (Session info: chrome=123.0.6312.122)
Stacktrace:
	GetHandleVerifier [0x00007FF612287032+63090]
	(No symbol) [0x00007FF6121F2C82]
	(No symbol) [0x00007FF61208EC65]
	(No symbol) [0x00007FF6120DBB34]
	(No symbol) [0x00007FF6120D9954]
	(No symbol) [0x00007FF6120D7164]
	(No symbol) [0x00007FF6120D5EF9]
	(No symbol) [0x00007FF6120CA708]
	(No symbol) [0x00007FF6120F6FDA]
	(No symbol) [0x00007FF6120CA00A]
	(No symbol) [0x00007FF6120F71F0]
	(No symbol) [0x00007FF612113412]
	(No symbol) [0x00007FF6120F6D83]
	(No symbol) [0x00007FF6120C83A8]
	(No symbol) [0x00007FF6120C9441]
	GetHandleVerifier [0x00007FF6126825AD+4238317]
	GetHandleVerifier [0x00007FF6126BF70D+4488525]
	GetHandleVerifier [0x00007FF6126B79EF+4456495]
	GetHandleVerifier [0x00007FF612360576+953270]
	(No symbol) [0x00007FF6121FE54F]
	(No symbol) [0x00007FF6121F9224]
	(No symbol) [0x00007FF6121F935B]
	(No symbol) [0x00007FF6121E9B94]
	BaseThreadInitThunk [0x00007FFF9727257D+29]
	RtlUserThreadStart [0x00007FFF9922AA58+40]

]]></error>
		<system-out><![CDATA[El texto encontrado es  MERCADOS
Se hizo clic en un icono de borrar.
No se encontraron más movimientos para borrar.
¡Input encontrado y enviado con éxito!
¡Elemento encontrado y clickeado 3 veces con éxito!
Tiempo de espera agotado. El elemento no está presente o no es clickeable.
Tiempo de espera agotado. El elemento no está presente o no es clickeable.
¡Input encontrado y enviado con éxito!
]]></system-out>
	</testcase>
</testsuite>
