<?xml version="1.0" encoding="UTF-8"?>
<testsuite name="reportPendFacturar-20240129171622" tests="2" file=".py" time="89.421" timestamp="2024-01-29T17:17:52" failures="0" errors="2" skipped="0">
	<testcase classname="reportPendFacturar" name="test_Report_PendFacturar" time="0.000" timestamp="0001-01-01T00:00:00" file="ReportCompPenFact.py" line="17">
		<error type="NoSuchWindowException" message="Message: no such window: target window already closed
from unknown error: web view not found
  (Session info: chrome=120.0.6099.225)
Stacktrace:
	GetHandleVerifier [0x00007FF7971F2142+3514994]
	(No symbol) [0x00007FF796E10CE2]
	(No symbol) [0x00007FF796CB76AA]
	(No symbol) [0x00007FF796C90AFD]
	(No symbol) [0x00007FF796D2CB1B]
	(No symbol) [0x00007FF796D4218F]
	(No symbol) [0x00007FF796D25D93]
	(No symbol) [0x00007FF796CF4BDC]
	(No symbol) [0x00007FF796CF5C64]
	GetHandleVerifier [0x00007FF79721E16B+3695259]
	GetHandleVerifier [0x00007FF797276737+4057191]
	GetHandleVerifier [0x00007FF79726E4E3+4023827]
	GetHandleVerifier [0x00007FF796F404F9+689705]
	(No symbol) [0x00007FF796E1C048]
	(No symbol) [0x00007FF796E18044]
	(No symbol) [0x00007FF796E181C9]
	(No symbol) [0x00007FF796E088C4]
	BaseThreadInitThunk [0x00007FFFB3B0257D+29]
	RtlUserThreadStart [0x00007FFFB428AA58+40]
"><![CDATA[Traceback (most recent call last):
  File "c:\Users\luist\repos\Automatizaciones-SILOHUB-\ReportCompPenFact.py", line 69, in test_Report_PendFacturar
    validate_text(self.driver,third_column,third_column_column_expected )
  File "c:\Users\luist\repos\Automatizaciones-SILOHUB-\Elements.py", line 275, in validate_text
    elemento = WebDriverWait(driver, 10).until(
  File "C:\Users\luist\AppData\Roaming\Python\Python310\site-packages\selenium\webdriver\support\wait.py", line 96, in until
    value = method(self._driver)
  File "C:\Users\luist\AppData\Roaming\Python\Python310\site-packages\selenium\webdriver\support\expected_conditions.py", line 84, in _predicate
    return driver.find_element(*locator)
  File "C:\Users\luist\AppData\Roaming\Python\Python310\site-packages\selenium\webdriver\remote\webdriver.py", line 742, in find_element
    return self.execute(Command.FIND_ELEMENT, {"using": by, "value": value})["value"]
  File "C:\Users\luist\AppData\Roaming\Python\Python310\site-packages\selenium\webdriver\remote\webdriver.py", line 348, in execute
    self.error_handler.check_response(response)
  File "C:\Users\luist\AppData\Roaming\Python\Python310\site-packages\selenium\webdriver\remote\errorhandler.py", line 229, in check_response
    raise exception_class(message, screen, stacktrace)
selenium.common.exceptions.NoSuchWindowException: Message: no such window: target window already closed
from unknown error: web view not found
  (Session info: chrome=120.0.6099.225)
Stacktrace:
	GetHandleVerifier [0x00007FF7971F2142+3514994]
	(No symbol) [0x00007FF796E10CE2]
	(No symbol) [0x00007FF796CB76AA]
	(No symbol) [0x00007FF796C90AFD]
	(No symbol) [0x00007FF796D2CB1B]
	(No symbol) [0x00007FF796D4218F]
	(No symbol) [0x00007FF796D25D93]
	(No symbol) [0x00007FF796CF4BDC]
	(No symbol) [0x00007FF796CF5C64]
	GetHandleVerifier [0x00007FF79721E16B+3695259]
	GetHandleVerifier [0x00007FF797276737+4057191]
	GetHandleVerifier [0x00007FF79726E4E3+4023827]
	GetHandleVerifier [0x00007FF796F404F9+689705]
	(No symbol) [0x00007FF796E1C048]
	(No symbol) [0x00007FF796E18044]
	(No symbol) [0x00007FF796E181C9]
	(No symbol) [0x00007FF796E088C4]
	BaseThreadInitThunk [0x00007FFFB3B0257D+29]
	RtlUserThreadStart [0x00007FFFB428AA58+40]

]]></error>
		<system-out><![CDATA[¡Elemento encontrado y clickeado con éxito!
¡Elemento encontrado y clickeado con éxito!
¡Elemento encontrado y clickeado con éxito!
¡Elemento encontrado y clickeado con éxito!
¡Elemento encontrado y clickeado con éxito!
El texto encontrado es  Comprobantes Pendientes de Facturar
Tiempo de espera agotado. El texto por xpaht no está presente.
Tiempo de espera agotado. El texto por xpaht no está presente.
]]></system-out>
	</testcase>
	<testcase classname="reportPendFacturar" name="test_Report_PendFacturar" time="89.421" timestamp="2024-01-29T17:17:52" file="ReportCompPenFact.py" line="17">
		<error type="WebDriverException" message="Message: disconnected: not connected to DevTools
  (failed to check if window was closed: disconnected: not connected to DevTools)
  (Session info: chrome=120.0.6099.225)
Stacktrace:
	GetHandleVerifier [0x00007FF7971F2142+3514994]
	(No symbol) [0x00007FF796E10CE2]
	(No symbol) [0x00007FF796CB76AA]
	(No symbol) [0x00007FF796C9E1E9]
	(No symbol) [0x00007FF796C9F7CE]
	(No symbol) [0x00007FF796CB7CC3]
	(No symbol) [0x00007FF796C90580]
	(No symbol) [0x00007FF796D32EA1]
	(No symbol) [0x00007FF796D25FB0]
	(No symbol) [0x00007FF796CF4BDC]
	(No symbol) [0x00007FF796CF5C64]
	GetHandleVerifier [0x00007FF79721E16B+3695259]
	GetHandleVerifier [0x00007FF797276737+4057191]
	GetHandleVerifier [0x00007FF79726E4E3+4023827]
	GetHandleVerifier [0x00007FF796F404F9+689705]
	(No symbol) [0x00007FF796E1C048]
	(No symbol) [0x00007FF796E18044]
	(No symbol) [0x00007FF796E181C9]
	(No symbol) [0x00007FF796E088C4]
	BaseThreadInitThunk [0x00007FFFB3B0257D+29]
	RtlUserThreadStart [0x00007FFFB428AA58+40]
"><![CDATA[Traceback (most recent call last):
  File "c:\Users\luist\repos\Automatizaciones-SILOHUB-\ReportCompPenFact.py", line 153, in tearDown
    self.driver.close()
  File "C:\Users\luist\AppData\Roaming\Python\Python310\site-packages\selenium\webdriver\remote\webdriver.py", line 459, in close
    self.execute(Command.CLOSE)
  File "C:\Users\luist\AppData\Roaming\Python\Python310\site-packages\selenium\webdriver\remote\webdriver.py", line 348, in execute
    self.error_handler.check_response(response)
  File "C:\Users\luist\AppData\Roaming\Python\Python310\site-packages\selenium\webdriver\remote\errorhandler.py", line 229, in check_response
    raise exception_class(message, screen, stacktrace)
selenium.common.exceptions.WebDriverException: Message: disconnected: not connected to DevTools
  (failed to check if window was closed: disconnected: not connected to DevTools)
  (Session info: chrome=120.0.6099.225)
Stacktrace:
	GetHandleVerifier [0x00007FF7971F2142+3514994]
	(No symbol) [0x00007FF796E10CE2]
	(No symbol) [0x00007FF796CB76AA]
	(No symbol) [0x00007FF796C9E1E9]
	(No symbol) [0x00007FF796C9F7CE]
	(No symbol) [0x00007FF796CB7CC3]
	(No symbol) [0x00007FF796C90580]
	(No symbol) [0x00007FF796D32EA1]
	(No symbol) [0x00007FF796D25FB0]
	(No symbol) [0x00007FF796CF4BDC]
	(No symbol) [0x00007FF796CF5C64]
	GetHandleVerifier [0x00007FF79721E16B+3695259]
	GetHandleVerifier [0x00007FF797276737+4057191]
	GetHandleVerifier [0x00007FF79726E4E3+4023827]
	GetHandleVerifier [0x00007FF796F404F9+689705]
	(No symbol) [0x00007FF796E1C048]
	(No symbol) [0x00007FF796E18044]
	(No symbol) [0x00007FF796E181C9]
	(No symbol) [0x00007FF796E088C4]
	BaseThreadInitThunk [0x00007FFFB3B0257D+29]
	RtlUserThreadStart [0x00007FFFB428AA58+40]

]]></error>
		<system-out><![CDATA[¡Elemento encontrado y clickeado con éxito!
¡Elemento encontrado y clickeado con éxito!
¡Elemento encontrado y clickeado con éxito!
¡Elemento encontrado y clickeado con éxito!
¡Elemento encontrado y clickeado con éxito!
El texto encontrado es  Comprobantes Pendientes de Facturar
Tiempo de espera agotado. El texto por xpaht no está presente.
Tiempo de espera agotado. El texto por xpaht no está presente.
]]></system-out>
	</testcase>
</testsuite>
