<?xml version="1.0" encoding="UTF-8"?>
<testsuite name="reportPendFacturar-20240129171754" tests="1" file=".py" time="238.183" timestamp="2024-01-29T17:21:52" failures="0" errors="1" skipped="0">
	<testcase classname="reportPendFacturar" name="test_Report_PendFacturar" time="238.183" timestamp="2024-01-29T17:21:52" file="ReportCompPenFact.py" line="17">
		<error type="NoSuchElementException" message="Message: no such element: Unable to locate element: {&quot;method&quot;:&quot;xpath&quot;,&quot;selector&quot;:&quot;/html/body/app-root/app-layout/app-vertical/div/div/div/div/app-pendient/app-responsive-table/div/table/tbody/tr[1]/td[1]/span/span&quot;}
  (Session info: chrome=120.0.6099.225); For documentation on this error, please visit: https://www.selenium.dev/documentation/webdriver/troubleshooting/errors#no-such-element-exception
Stacktrace:
	GetHandleVerifier [0x00007FF7971F2142+3514994]
	(No symbol) [0x00007FF796E10CE2]
	(No symbol) [0x00007FF796CB76AA]
	(No symbol) [0x00007FF796D01860]
	(No symbol) [0x00007FF796D0197C]
	(No symbol) [0x00007FF796D44EE7]
	(No symbol) [0x00007FF796D2602F]
	(No symbol) [0x00007FF796D428F6]
	(No symbol) [0x00007FF796D25D93]
	(No symbol) [0x00007FF796CF4BDC]
	(No symbol) [0x00007FF796CF5C64]
	GetHandleVerifier [0x00007FF79721E16B+3695259]
	GetHandleVerifier [0x00007FF797276737+4057191]
	GetHandleVerifier [0x00007FF79726E4E3+4023827]
	GetHandleVerifier [0x00007FF796F404F9+689705]
	(No symbol) [0x00007FF796E1C048]
	(No symbol) [0x00007FF796E18044]
	(No symbol) [0x00007FF796E181C9]
	(No symbol) [0x00007FF796E088C4]
	BaseThreadInitThunk [0x00007FFFB3B0257D+29]
	RtlUserThreadStart [0x00007FFFB428AA58+40]
"><![CDATA[Traceback (most recent call last):
  File "c:\Users\luist\repos\Automatizaciones-SILOHUB-\ReportCompPenFact.py", line 87, in test_Report_PendFacturar
    validate_character_numeric_element(self.driver,number_voucher)
  File "c:\Users\luist\repos\Automatizaciones-SILOHUB-\Elements.py", line 760, in validate_character_numeric_element
    elemento = driver.find_element(By.XPATH, xpath)
  File "C:\Users\luist\AppData\Roaming\Python\Python310\site-packages\selenium\webdriver\remote\webdriver.py", line 742, in find_element
    return self.execute(Command.FIND_ELEMENT, {"using": by, "value": value})["value"]
  File "C:\Users\luist\AppData\Roaming\Python\Python310\site-packages\selenium\webdriver\remote\webdriver.py", line 348, in execute
    self.error_handler.check_response(response)
  File "C:\Users\luist\AppData\Roaming\Python\Python310\site-packages\selenium\webdriver\remote\errorhandler.py", line 229, in check_response
    raise exception_class(message, screen, stacktrace)
selenium.common.exceptions.NoSuchElementException: Message: no such element: Unable to locate element: {"method":"xpath","selector":"/html/body/app-root/app-layout/app-vertical/div/div/div/div/app-pendient/app-responsive-table/div/table/tbody/tr[1]/td[1]/span/span"}
  (Session info: chrome=120.0.6099.225); For documentation on this error, please visit: https://www.selenium.dev/documentation/webdriver/troubleshooting/errors#no-such-element-exception
Stacktrace:
	GetHandleVerifier [0x00007FF7971F2142+3514994]
	(No symbol) [0x00007FF796E10CE2]
	(No symbol) [0x00007FF796CB76AA]
	(No symbol) [0x00007FF796D01860]
	(No symbol) [0x00007FF796D0197C]
	(No symbol) [0x00007FF796D44EE7]
	(No symbol) [0x00007FF796D2602F]
	(No symbol) [0x00007FF796D428F6]
	(No symbol) [0x00007FF796D25D93]
	(No symbol) [0x00007FF796CF4BDC]
	(No symbol) [0x00007FF796CF5C64]
	GetHandleVerifier [0x00007FF79721E16B+3695259]
	GetHandleVerifier [0x00007FF797276737+4057191]
	GetHandleVerifier [0x00007FF79726E4E3+4023827]
	GetHandleVerifier [0x00007FF796F404F9+689705]
	(No symbol) [0x00007FF796E1C048]
	(No symbol) [0x00007FF796E18044]
	(No symbol) [0x00007FF796E181C9]
	(No symbol) [0x00007FF796E088C4]
	BaseThreadInitThunk [0x00007FFFB3B0257D+29]
	RtlUserThreadStart [0x00007FFFB428AA58+40]

]]></error>
		<system-out><![CDATA[¡Elemento encontrado y clickeado con éxito!
¡Elemento encontrado y clickeado con éxito!
¡Elemento encontrado y clickeado con éxito!
¡Elemento encontrado y clickeado con éxito!
¡Elemento encontrado y clickeado con éxito!
El texto encontrado es  Comprobantes Pendientes de Facturar
Tiempo de espera agotado. El texto por xpaht no está presente.
Tiempo de espera agotado. El texto por xpaht no está presente.
Tiempo de espera agotado. El texto por xpaht no está presente.
Tiempo de espera agotado. El texto por xpaht no está presente.
Tiempo de espera agotado. El texto por xpaht no está presente.
Tiempo de espera agotado. El texto por xpaht no está presente.
]]></system-out>
	</testcase>
</testsuite>
