<?xml version="1.0" encoding="UTF-8"?>
<testsuite name="logistica_primarias-20240416121604" tests="2" file=".py" time="50.604" timestamp="2024-04-16T12:16:55" failures="0" errors="2" skipped="0">
	<testcase classname="logistica_primarias" name="test_logistics_primaries" time="0.000" timestamp="0001-01-01T00:00:00" file="LogistPrimaria.py" line="23">
		<error type="AttributeError" message="'NoneType' object has no attribute 'is_displayed'"><![CDATA[Traceback (most recent call last):
  File "c:\Users\luist\repos\Automatizaciones-SILOHUB-\LogistPrimaria.py", line 55, in test_logistics_primaries
    select_option_click(self.driver, select_field, option_field )
  File "c:\Users\luist\repos\Automatizaciones-SILOHUB-\Elements.py", line 1014, in select_option_click
    upload_input_element = WebDriverWait(driver, 10).until(
  File "C:\Users\luist\AppData\Roaming\Python\Python310\site-packages\selenium\webdriver\support\wait.py", line 96, in until
    value = method(self._driver)
  File "C:\Users\luist\AppData\Roaming\Python\Python310\site-packages\selenium\webdriver\support\expected_conditions.py", line 364, in _predicate
    element = visibility_of(target)(driver)
  File "C:\Users\luist\AppData\Roaming\Python\Python310\site-packages\selenium\webdriver\support\expected_conditions.py", line 173, in _predicate
    return _element_if_visible(element)
  File "C:\Users\luist\AppData\Roaming\Python\Python310\site-packages\selenium\webdriver\support\expected_conditions.py", line 179, in _element_if_visible
    return element if element.is_displayed() == visibility else False
AttributeError: 'NoneType' object has no attribute 'is_displayed'
]]></error>
		<system-out><![CDATA[¡Cuenta encontrada y seleccionada 1023  con éxito!
El clic en el chevron fue interceptado por otro elemento en la página.
El clic en el chevron fue interceptado por otro elemento en la página.
]]></system-out>
	</testcase>
	<testcase classname="logistica_primarias" name="test_logistics_primaries" time="50.604" timestamp="2024-04-16T12:16:55" file="LogistPrimaria.py" line="23">
		<error type="NoSuchWindowException" message="Message: no such window: target window already closed
from unknown error: web view not found
  (Session info: chrome=123.0.6312.123)
Stacktrace:
	GetHandleVerifier [0x00007FF70EFB7032+63090]
	(No symbol) [0x00007FF70EF22C82]
	(No symbol) [0x00007FF70EDBEC65]
	(No symbol) [0x00007FF70ED9CA7C]
	(No symbol) [0x00007FF70EE2D687]
	(No symbol) [0x00007FF70EE33CD2]
	(No symbol) [0x00007FF70EE26FA0]
	(No symbol) [0x00007FF70EDF83A8]
	(No symbol) [0x00007FF70EDF9441]
	GetHandleVerifier [0x00007FF70F3B25AD+4238317]
	GetHandleVerifier [0x00007FF70F3EF70D+4488525]
	GetHandleVerifier [0x00007FF70F3E79EF+4456495]
	GetHandleVerifier [0x00007FF70F090576+953270]
	(No symbol) [0x00007FF70EF2E54F]
	(No symbol) [0x00007FF70EF29224]
	(No symbol) [0x00007FF70EF2935B]
	(No symbol) [0x00007FF70EF19B94]
	BaseThreadInitThunk [0x00007FFA9757257D+29]
	RtlUserThreadStart [0x00007FFA98AAAA48+40]
"><![CDATA[Traceback (most recent call last):
  File "c:\Users\luist\repos\Automatizaciones-SILOHUB-\LogistPrimaria.py", line 101, in tearDown
    self.driver.close()
  File "C:\Users\luist\AppData\Roaming\Python\Python310\site-packages\selenium\webdriver\remote\webdriver.py", line 459, in close
    self.execute(Command.CLOSE)
  File "C:\Users\luist\AppData\Roaming\Python\Python310\site-packages\selenium\webdriver\remote\webdriver.py", line 348, in execute
    self.error_handler.check_response(response)
  File "C:\Users\luist\AppData\Roaming\Python\Python310\site-packages\selenium\webdriver\remote\errorhandler.py", line 229, in check_response
    raise exception_class(message, screen, stacktrace)
selenium.common.exceptions.NoSuchWindowException: Message: no such window: target window already closed
from unknown error: web view not found
  (Session info: chrome=123.0.6312.123)
Stacktrace:
	GetHandleVerifier [0x00007FF70EFB7032+63090]
	(No symbol) [0x00007FF70EF22C82]
	(No symbol) [0x00007FF70EDBEC65]
	(No symbol) [0x00007FF70ED9CA7C]
	(No symbol) [0x00007FF70EE2D687]
	(No symbol) [0x00007FF70EE33CD2]
	(No symbol) [0x00007FF70EE26FA0]
	(No symbol) [0x00007FF70EDF83A8]
	(No symbol) [0x00007FF70EDF9441]
	GetHandleVerifier [0x00007FF70F3B25AD+4238317]
	GetHandleVerifier [0x00007FF70F3EF70D+4488525]
	GetHandleVerifier [0x00007FF70F3E79EF+4456495]
	GetHandleVerifier [0x00007FF70F090576+953270]
	(No symbol) [0x00007FF70EF2E54F]
	(No symbol) [0x00007FF70EF29224]
	(No symbol) [0x00007FF70EF2935B]
	(No symbol) [0x00007FF70EF19B94]
	BaseThreadInitThunk [0x00007FFA9757257D+29]
	RtlUserThreadStart [0x00007FFA98AAAA48+40]

]]></error>
		<system-out><![CDATA[¡Cuenta encontrada y seleccionada 1023  con éxito!
El clic en el chevron fue interceptado por otro elemento en la página.
El clic en el chevron fue interceptado por otro elemento en la página.
]]></system-out>
	</testcase>
</testsuite>
