<?xml version="1.0" encoding="UTF-8"?>
<testsuite name="ComproCtaCte.comprobanteCtacte-20240423153328" tests="1" file="ComproCtaCte.py" time="143.947" timestamp="2024-04-23T15:35:52" failures="0" errors="0" skipped="0">
	<testcase classname="ComproCtaCte.comprobanteCtacte" name="test_vouchers_ctacte" time="143.947" timestamp="2024-04-23T15:35:52" file="ComproCtaCte.py" line="16">
		<system-out><![CDATA[El texto encontrado es  Cuenta Corriente
El valor es un carácter numérico. Valor: -1.537.135.076,15
El valor es un carácter numérico. Valor: -4.649.138,86
Tiempo de espera agotado. El elemento no está presente o no es clickeable.
El texto encontrado es  CUENTA CORRIENTE
El texto encontrado es  Movimiento OP 0011 00499478
El texto encontrado es  - ARS 87.725,00
El texto encontrado es  PAGO A CTA.VTA.MAIZ
Tiempo de espera agotado. El texto por xpaht no está presente.
El texto encontrado es  Cuenta Pendiente de Vincular
¡Elemento encontrado y clickeado 1 veces con éxito!
¡Elemento encontrado y clickeado 4 veces con éxito!
El texto encontrado es  Mis Comprobantes
El texto encontrado es  F 0001 00120623
Tiempo de espera agotado. El elemento no está presente o no es clickeable.
¡Elemento encontrado y clickeado 2 veces con éxito!
El texto no fue encontrado F 0001 00125168
El texto encontrado es  Cuenta Corriente
¡Elemento encontrado y clickeado 2 veces con éxito!
Tiempo de espera agotado. El texto por xpaht no está presente.
Tiempo de espera agotado. El elemento no está presente o no es clickeable.
El texto encontrado es  Reporte de usuarios
El texto encontrado es  Correo Electrónico
El texto no fue encontrado fernando@silohub.ag
¡Elemento encontrado y clickeado 6 veces con éxito!
El texto encontrado es  Rol
El texto no fue encontrado Admin
El texto encontrado es  Fecha de Registro
El texto no fue encontrado 03/01/2023 10:52:46
El texto encontrado es  Ult.Login
El valor es un carácter numérico. Valor: 26/07/2022 11:07:44
¡Elemento encontrado y clickeado 1 veces con éxito!
]]></system-out>
		<system-err><![CDATA[
Running tests...
----------------------------------------------------------------------
E
======================================================================
ERROR [83.525s]: test_vouchers_delivery (ComproEntregas.comprobanteEntregas)
----------------------------------------------------------------------
Traceback (most recent call last):
  File "c:\Users\luist\repos\Automatizaciones-SILOHUB-\ComproEntregas.py", line 109, in test_vouchers_delivery
    find_elements(self.driver,  download_button1)
  File "c:\Users\luist\repos\Automatizaciones-SILOHUB-\Elements.py", line 22, in find_elements
    select_nex_button.click()
  File "C:\Users\luist\AppData\Roaming\Python\Python310\site-packages\selenium\webdriver\remote\webelement.py", line 94, in click
    self._execute(Command.CLICK_ELEMENT)
  File "C:\Users\luist\AppData\Roaming\Python\Python310\site-packages\selenium\webdriver\remote\webelement.py", line 395, in _execute
    return self._parent.execute(command, params)
  File "C:\Users\luist\AppData\Roaming\Python\Python310\site-packages\selenium\webdriver\remote\webdriver.py", line 348, in execute
    self.error_handler.check_response(response)
  File "C:\Users\luist\AppData\Roaming\Python\Python310\site-packages\selenium\webdriver\remote\errorhandler.py", line 229, in check_response
    raise exception_class(message, screen, stacktrace)
selenium.common.exceptions.ElementClickInterceptedException: Message: element click intercepted: Element is not clickable at point (1371, -96)
  (Session info: chrome=124.0.6367.61)
Stacktrace:
	GetHandleVerifier [0x00007FF793CDF922+3045234]
	(No symbol) [0x00007FF793983652]
	(No symbol) [0x00007FF793847564]
	(No symbol) [0x00007FF79389DAA7]
	(No symbol) [0x00007FF79389B584]
	(No symbol) [0x00007FF793898A4A]
	(No symbol) [0x00007FF793897C22]
	(No symbol) [0x00007FF793889FDB]
	(No symbol) [0x00007FF7938B9DAA]
	(No symbol) [0x00007FF793889916]
	(No symbol) [0x00007FF7938B9FC0]
	(No symbol) [0x00007FF7938D91C4]
	(No symbol) [0x00007FF7938B9B53]
	(No symbol) [0x00007FF79388813C]
	(No symbol) [0x00007FF793888D71]
	GetHandleVerifier [0x00007FF793D0E89D+3237613]
	GetHandleVerifier [0x00007FF793D50BA7+3508727]
	GetHandleVerifier [0x00007FF793D4976F+3478975]
	GetHandleVerifier [0x00007FF793ABF1C6+815126]
	(No symbol) [0x00007FF79398ED0F]
	(No symbol) [0x00007FF793989854]
	(No symbol) [0x00007FF7939899E2]
	(No symbol) [0x00007FF79397A574]
	BaseThreadInitThunk [0x00007FF834EC257D+29]
	RtlUserThreadStart [0x00007FF835A2AA48+40]


----------------------------------------------------------------------
Ran 1 test in 86.062s

FAILED (errors=1)

Generating XML reports...

Running tests...
----------------------------------------------------------------------
]]></system-err>
	</testcase>
</testsuite>
