<?xml version="1.0" encoding="UTF-8"?>
<testsuite name="CtaCte_Aplicada.cuenta_ctacte_aplicada-20240423152958" tests="1" file="CtaCte_Aplicada.py" time="77.492" timestamp="2024-04-23T15:31:15" failures="0" errors="1" skipped="0">
	<testcase classname="CtaCte_Aplicada.cuenta_ctacte_aplicada" name="test_ctacte_aplicada" time="77.492" timestamp="2024-04-23T15:31:15" file="CtaCte_Aplicada.py" line="17">
		<error type="StaleElementReferenceException" message="Message: stale element reference: stale element not found in the current frame
  (Session info: chrome=124.0.6367.61); For documentation on this error, please visit: https://www.selenium.dev/documentation/webdriver/troubleshooting/errors#stale-element-reference-exception
Stacktrace:
	GetHandleVerifier [0x00007FF793CDF922+3045234]
	(No symbol) [0x00007FF793983652]
	(No symbol) [0x00007FF793847564]
	(No symbol) [0x00007FF79384D6A6]
	(No symbol) [0x00007FF79384FA6B]
	(No symbol) [0x00007FF79384FB10]
	(No symbol) [0x00007FF79389005B]
	(No symbol) [0x00007FF7938B9DAA]
	(No symbol) [0x00007FF793889916]
	(No symbol) [0x00007FF7938B9FC0]
	(No symbol) [0x00007FF7938D91C4]
	(No symbol) [0x00007FF7938B9B53]
	(No symbol) [0x00007FF79388813C]
	(No symbol) [0x00007FF793888D71]
	GetHandleVerifier [0x00007FF793D0E89D+3237613]
	GetHandleVerifier [0x00007FF793D50BA7+3508727]
	GetHandleVerifier [0x00007FF793D4976F+3478975]
	GetHandleVerifier [0x00007FF793ABF1C6+815126]
	(No symbol) [0x00007FF79398ED0F]
	(No symbol) [0x00007FF793989854]
	(No symbol) [0x00007FF7939899E2]
	(No symbol) [0x00007FF79397A574]
	BaseThreadInitThunk [0x00007FF834EC257D+29]
	RtlUserThreadStart [0x00007FF835A2AA48+40]
"><![CDATA[Traceback (most recent call last):
  File "c:\Users\luist\repos\Automatizaciones-SILOHUB-\CtaCte_Aplicada.py", line 90, in test_ctacte_aplicada
    validate_character_numeric_element(self.driver, total_to_pay)
  File "c:\Users\luist\repos\Automatizaciones-SILOHUB-\Elements.py", line 1102, in validate_character_numeric_element
    valor = elemento.text
  File "C:\Users\luist\AppData\Roaming\Python\Python310\site-packages\selenium\webdriver\remote\webelement.py", line 90, in text
    return self._execute(Command.GET_ELEMENT_TEXT)["value"]
  File "C:\Users\luist\AppData\Roaming\Python\Python310\site-packages\selenium\webdriver\remote\webelement.py", line 395, in _execute
    return self._parent.execute(command, params)
  File "C:\Users\luist\AppData\Roaming\Python\Python310\site-packages\selenium\webdriver\remote\webdriver.py", line 348, in execute
    self.error_handler.check_response(response)
  File "C:\Users\luist\AppData\Roaming\Python\Python310\site-packages\selenium\webdriver\remote\errorhandler.py", line 229, in check_response
    raise exception_class(message, screen, stacktrace)
selenium.common.exceptions.StaleElementReferenceException: Message: stale element reference: stale element not found in the current frame
  (Session info: chrome=124.0.6367.61); For documentation on this error, please visit: https://www.selenium.dev/documentation/webdriver/troubleshooting/errors#stale-element-reference-exception
Stacktrace:
	GetHandleVerifier [0x00007FF793CDF922+3045234]
	(No symbol) [0x00007FF793983652]
	(No symbol) [0x00007FF793847564]
	(No symbol) [0x00007FF79384D6A6]
	(No symbol) [0x00007FF79384FA6B]
	(No symbol) [0x00007FF79384FB10]
	(No symbol) [0x00007FF79389005B]
	(No symbol) [0x00007FF7938B9DAA]
	(No symbol) [0x00007FF793889916]
	(No symbol) [0x00007FF7938B9FC0]
	(No symbol) [0x00007FF7938D91C4]
	(No symbol) [0x00007FF7938B9B53]
	(No symbol) [0x00007FF79388813C]
	(No symbol) [0x00007FF793888D71]
	GetHandleVerifier [0x00007FF793D0E89D+3237613]
	GetHandleVerifier [0x00007FF793D50BA7+3508727]
	GetHandleVerifier [0x00007FF793D4976F+3478975]
	GetHandleVerifier [0x00007FF793ABF1C6+815126]
	(No symbol) [0x00007FF79398ED0F]
	(No symbol) [0x00007FF793989854]
	(No symbol) [0x00007FF7939899E2]
	(No symbol) [0x00007FF79397A574]
	BaseThreadInitThunk [0x00007FF834EC257D+29]
	RtlUserThreadStart [0x00007FF835A2AA48+40]

]]></error>
		<system-out><![CDATA[El texto es visible para el usuario
El texto fue validado correctamente: ANÁLISIS
El texto es visible para el usuario
El texto fue validado correctamente: Peso Hectolítrico
El texto es visible para el usuario
El texto fue validado correctamente: 69.961%
Tiempo de espera agotado. El elemento no está presente o no es clickeable.
El texto encontrado es  Crear usuario
Elemento desplazado, cantidad limpiada y nuevo valor '_7ycq2k8f@yopmail.com' ingresado con éxito!
]]></system-out>
	</testcase>
</testsuite>
