<?xml version="1.0" encoding="UTF-8"?>
<testsuite name="FijacionTdc.Fijaciones_tc-20240423115934" tests="1" file="FijacionTdc.py" time="47.825" timestamp="2024-04-23T12:07:40" failures="0" errors="1" skipped="0">
	<testcase classname="FijacionTdc.Fijaciones_tc" name="test_grain_pipup" time="47.825" timestamp="2024-04-23T12:07:40" file="FijacionTdc.py" line="20">
		<error type="ElementClickInterceptedException" message="Message: element click intercepted: Element is not clickable at point (1260, 722)
  (Session info: chrome=124.0.6367.61)
Stacktrace:
	GetHandleVerifier [0x00007FF666E2F922+3045234]
	(No symbol) [0x00007FF666AD3652]
	(No symbol) [0x00007FF666997564]
	(No symbol) [0x00007FF6669EDAA7]
	(No symbol) [0x00007FF6669EB584]
	(No symbol) [0x00007FF6669E8A4A]
	(No symbol) [0x00007FF6669E7C22]
	(No symbol) [0x00007FF6669D9FDB]
	(No symbol) [0x00007FF666A09DAA]
	(No symbol) [0x00007FF6669D9916]
	(No symbol) [0x00007FF666A09FC0]
	(No symbol) [0x00007FF666A291C4]
	(No symbol) [0x00007FF666A09B53]
	(No symbol) [0x00007FF6669D813C]
	(No symbol) [0x00007FF6669D8D71]
	GetHandleVerifier [0x00007FF666E5E89D+3237613]
	GetHandleVerifier [0x00007FF666EA0BA7+3508727]
	GetHandleVerifier [0x00007FF666E9976F+3478975]
	GetHandleVerifier [0x00007FF666C0F1C6+815126]
	(No symbol) [0x00007FF666ADED0F]
	(No symbol) [0x00007FF666AD9854]
	(No symbol) [0x00007FF666AD99E2]
	(No symbol) [0x00007FF666ACA574]
	BaseThreadInitThunk [0x00007FF834EC257D+29]
	RtlUserThreadStart [0x00007FF835A2AA48+40]
"><![CDATA[Traceback (most recent call last):
  File "c:\Users\luist\repos\Automatizaciones-SILOHUB-\FijacionTdc.py", line 84, in test_grain_pipup
    find_elements(self.driver,select_detail_pinup )
  File "c:\Users\luist\repos\Automatizaciones-SILOHUB-\Elements.py", line 22, in find_elements
    select_nex_button.click()
  File "C:\Users\luist\AppData\Roaming\Python\Python310\site-packages\selenium\webdriver\remote\webelement.py", line 94, in click
    self._execute(Command.CLICK_ELEMENT)
  File "C:\Users\luist\AppData\Roaming\Python\Python310\site-packages\selenium\webdriver\remote\webelement.py", line 395, in _execute
    return self._parent.execute(command, params)
  File "C:\Users\luist\AppData\Roaming\Python\Python310\site-packages\selenium\webdriver\remote\webdriver.py", line 348, in execute
    self.error_handler.check_response(response)
  File "C:\Users\luist\AppData\Roaming\Python\Python310\site-packages\selenium\webdriver\remote\errorhandler.py", line 229, in check_response
    raise exception_class(message, screen, stacktrace)
selenium.common.exceptions.ElementClickInterceptedException: Message: element click intercepted: Element is not clickable at point (1260, 722)
  (Session info: chrome=124.0.6367.61)
Stacktrace:
	GetHandleVerifier [0x00007FF666E2F922+3045234]
	(No symbol) [0x00007FF666AD3652]
	(No symbol) [0x00007FF666997564]
	(No symbol) [0x00007FF6669EDAA7]
	(No symbol) [0x00007FF6669EB584]
	(No symbol) [0x00007FF6669E8A4A]
	(No symbol) [0x00007FF6669E7C22]
	(No symbol) [0x00007FF6669D9FDB]
	(No symbol) [0x00007FF666A09DAA]
	(No symbol) [0x00007FF6669D9916]
	(No symbol) [0x00007FF666A09FC0]
	(No symbol) [0x00007FF666A291C4]
	(No symbol) [0x00007FF666A09B53]
	(No symbol) [0x00007FF6669D813C]
	(No symbol) [0x00007FF6669D8D71]
	GetHandleVerifier [0x00007FF666E5E89D+3237613]
	GetHandleVerifier [0x00007FF666EA0BA7+3508727]
	GetHandleVerifier [0x00007FF666E9976F+3478975]
	GetHandleVerifier [0x00007FF666C0F1C6+815126]
	(No symbol) [0x00007FF666ADED0F]
	(No symbol) [0x00007FF666AD9854]
	(No symbol) [0x00007FF666AD99E2]
	(No symbol) [0x00007FF666ACA574]
	BaseThreadInitThunk [0x00007FF834EC257D+29]
	RtlUserThreadStart [0x00007FF835A2AA48+40]

]]></error>
		<system-out><![CDATA[El texto encontrado es  Fijaciones Habilitadas
Número de cuenta '484' ingresado y opción seleccionada con éxito!
]]></system-out>
	</testcase>
</testsuite>
