<?xml version="1.0" encoding="UTF-8"?>
<testsuite name="Onboarding.Onboarding_test_tenant-20240508141427" tests="1" file="Onboarding.py" time="125.064" timestamp="2024-05-08T16:29:46" failures="0" errors="1" skipped="0">
	<testcase classname="Onboarding.Onboarding_test_tenant" name="test_tenat_onboarding" time="125.064" timestamp="2024-05-08T16:29:46" file="Onboarding.py" line="27">
		<error type="InvalidArgumentException" message="Message: invalid argument: File not found : C:/Users/luist/OneDrive/Escritorio/Capturas de pantalla/2022-02-14 (5).png
  (Session info: chrome=124.0.6367.119)
Stacktrace:
	GetHandleVerifier [0x00007FF74D951572+60802]
	(No symbol) [0x00007FF74D8CAC72]
	(No symbol) [0x00007FF74D787CE4]
	(No symbol) [0x00007FF74D7CFC3F]
	(No symbol) [0x00007FF74D7FAB7A]
	(No symbol) [0x00007FF74D7CA7C6]
	(No symbol) [0x00007FF74D7FAD90]
	(No symbol) [0x00007FF74D81A224]
	(No symbol) [0x00007FF74D7FA923]
	(No symbol) [0x00007FF74D7C8FEC]
	(No symbol) [0x00007FF74D7C9C21]
	GetHandleVerifier [0x00007FF74DC5420D+3217949]
	GetHandleVerifier [0x00007FF74DC961A7+3488183]
	GetHandleVerifier [0x00007FF74DC8F12F+3459391]
	GetHandleVerifier [0x00007FF74DA0B936+823622]
	(No symbol) [0x00007FF74D8D600F]
	(No symbol) [0x00007FF74D8D0F34]
	(No symbol) [0x00007FF74D8D10C2]
	(No symbol) [0x00007FF74D8C1914]
	BaseThreadInitThunk [0x00007FFEF342257D+29]
	RtlUserThreadStart [0x00007FFEF4B0AA48+40]
"><![CDATA[Traceback (most recent call last):
  File "c:\Users\luist\repos\Automatizaciones-SILOHUB-\Onboarding.py", line 199, in test_tenat_onboarding
    upload_file_after_click(self.driver, select_field3, element_archive_4, archive3)
  File "c:\Users\luist\repos\Automatizaciones-SILOHUB-\Elements.py", line 996, in upload_file_after_click
    upload_input_element.send_keys(file_path)
  File "C:\Users\luist\AppData\Roaming\Python\Python310\site-packages\selenium\webdriver\remote\webelement.py", line 231, in send_keys
    self._execute(
  File "C:\Users\luist\AppData\Roaming\Python\Python310\site-packages\selenium\webdriver\remote\webelement.py", line 395, in _execute
    return self._parent.execute(command, params)
  File "C:\Users\luist\AppData\Roaming\Python\Python310\site-packages\selenium\webdriver\remote\webdriver.py", line 348, in execute
    self.error_handler.check_response(response)
  File "C:\Users\luist\AppData\Roaming\Python\Python310\site-packages\selenium\webdriver\remote\errorhandler.py", line 229, in check_response
    raise exception_class(message, screen, stacktrace)
selenium.common.exceptions.InvalidArgumentException: Message: invalid argument: File not found : C:/Users/luist/OneDrive/Escritorio/Capturas de pantalla/2022-02-14 (5).png
  (Session info: chrome=124.0.6367.119)
Stacktrace:
	GetHandleVerifier [0x00007FF74D951572+60802]
	(No symbol) [0x00007FF74D8CAC72]
	(No symbol) [0x00007FF74D787CE4]
	(No symbol) [0x00007FF74D7CFC3F]
	(No symbol) [0x00007FF74D7FAB7A]
	(No symbol) [0x00007FF74D7CA7C6]
	(No symbol) [0x00007FF74D7FAD90]
	(No symbol) [0x00007FF74D81A224]
	(No symbol) [0x00007FF74D7FA923]
	(No symbol) [0x00007FF74D7C8FEC]
	(No symbol) [0x00007FF74D7C9C21]
	GetHandleVerifier [0x00007FF74DC5420D+3217949]
	GetHandleVerifier [0x00007FF74DC961A7+3488183]
	GetHandleVerifier [0x00007FF74DC8F12F+3459391]
	GetHandleVerifier [0x00007FF74DA0B936+823622]
	(No symbol) [0x00007FF74D8D600F]
	(No symbol) [0x00007FF74D8D0F34]
	(No symbol) [0x00007FF74D8D10C2]
	(No symbol) [0x00007FF74D8C1914]
	BaseThreadInitThunk [0x00007FFEF342257D+29]
	RtlUserThreadStart [0x00007FFEF4B0AA48+40]

]]></error>
		<system-out><![CDATA[El texto es visible para el usuario
El texto fue validado correctamente: DOCUMENTACIÓN
El texto es visible para el usuario
El texto fue validado correctamente: Para poder continuar al siguiente paso, será obligatorio completar los campos que se muestran a continuación.
Error presente. Intentando con otro CUIT.
Error presente. Intentando con otro CUIT.
Error presente. Intentando con otro CUIT.
Error presente. Intentando con otro CUIT.
Error presente. Intentando con otro CUIT.
CUIT válido insertado: 12-28870013-1
Archivo 'C:/Users/luist/OneDrive/Escritorio/Facturas/Contratos-1023-JUAN DEMO.xls' cargado con éxito después de hacer clic en el chevron!
Checkbox con XPAHT '/html/body/app-root/app-layout/app-vertical/div/div/div/div/app-documentation-process/div/div/aw-wizard/div/app-account-type/div/div[3]/app-checks/div/input' seleccionado con éxito!
El texto es visible para el usuario
El texto fue validado correctamente: Estado Impositivo
El texto es visible para el usuario
El texto fue validado correctamente: Apertura de legajo
Archivo 'C:/Users/luist/OneDrive/Escritorio/Facturas/fractura Bezatbeth_files/factura Bezatbeth.pdf' cargado con éxito después de hacer clic en el chevron!
]]></system-out>
	</testcase>
</testsuite>
