<?xml version="1.0" encoding="UTF-8"?>
<testsuite name="Insumos_Producto.insumosProductos-20240423152709" tests="1" file="Insumos_Producto.py" time="855.626" timestamp="2024-04-23T15:41:25" failures="0" errors="1" skipped="0">
	<testcase classname="Insumos_Producto.insumosProductos" name="test_supplies_products" time="855.626" timestamp="2024-04-23T15:41:25" file="Insumos_Producto.py" line="19">
		<error type="NoSuchElementException" message="Message: no such element: Unable to locate element: {&quot;method&quot;:&quot;css selector&quot;,&quot;selector&quot;:&quot;#layout-wrapper &gt; div &gt; div &gt; div &gt; app-orders &gt; app-responsive-table &gt; div &gt; div &gt; table &gt; tbody &gt; tr:nth-child(1) &gt; td.text-nowrap.align-middle.f-size-12.fw-bold.cursor-pointer.ellipsis-cell &gt; span&quot;}
  (Session info: chrome=124.0.6367.61); For documentation on this error, please visit: https://www.selenium.dev/documentation/webdriver/troubleshooting/errors#no-such-element-exception
Stacktrace:
	GetHandleVerifier [0x00007FF793CDF922+3045234]
	(No symbol) [0x00007FF793983652]
	(No symbol) [0x00007FF793847564]
	(No symbol) [0x00007FF793895F9D]
	(No symbol) [0x00007FF79389606C]
	(No symbol) [0x00007FF7938DBDD7]
	(No symbol) [0x00007FF7938B9DEF]
	(No symbol) [0x00007FF7938D91C4]
	(No symbol) [0x00007FF7938B9B53]
	(No symbol) [0x00007FF79388813C]
	(No symbol) [0x00007FF793888D71]
	GetHandleVerifier [0x00007FF793D0E89D+3237613]
	GetHandleVerifier [0x00007FF793D50BA7+3508727]
	GetHandleVerifier [0x00007FF793D4976F+3478975]
	GetHandleVerifier [0x00007FF793ABF1C6+815126]
	(No symbol) [0x00007FF79398ED0F]
	(No symbol) [0x00007FF793989854]
	(No symbol) [0x00007FF7939899E2]
	(No symbol) [0x00007FF79397A574]
	BaseThreadInitThunk [0x00007FF834EC257D+29]
	RtlUserThreadStart [0x00007FF835A2AA48+40]
"><![CDATA[Traceback (most recent call last):
  File "c:\Users\luist\repos\Automatizaciones-SILOHUB-\Insumos_Producto.py", line 169, in test_supplies_products
    validate_character_numeric_element_selector(self.driver, number_order_list )
  File "c:\Users\luist\repos\Automatizaciones-SILOHUB-\Elements.py", line 1110, in validate_character_numeric_element_selector
    elemento = driver.find_element(By.CSS_SELECTOR, css_selector)
  File "C:\Users\luist\AppData\Roaming\Python\Python310\site-packages\selenium\webdriver\remote\webdriver.py", line 742, in find_element
    return self.execute(Command.FIND_ELEMENT, {"using": by, "value": value})["value"]
  File "C:\Users\luist\AppData\Roaming\Python\Python310\site-packages\selenium\webdriver\remote\webdriver.py", line 348, in execute
    self.error_handler.check_response(response)
  File "C:\Users\luist\AppData\Roaming\Python\Python310\site-packages\selenium\webdriver\remote\errorhandler.py", line 229, in check_response
    raise exception_class(message, screen, stacktrace)
selenium.common.exceptions.NoSuchElementException: Message: no such element: Unable to locate element: {"method":"css selector","selector":"#layout-wrapper > div > div > div > app-orders > app-responsive-table > div > div > table > tbody > tr:nth-child(1) > td.text-nowrap.align-middle.f-size-12.fw-bold.cursor-pointer.ellipsis-cell > span"}
  (Session info: chrome=124.0.6367.61); For documentation on this error, please visit: https://www.selenium.dev/documentation/webdriver/troubleshooting/errors#no-such-element-exception
Stacktrace:
	GetHandleVerifier [0x00007FF793CDF922+3045234]
	(No symbol) [0x00007FF793983652]
	(No symbol) [0x00007FF793847564]
	(No symbol) [0x00007FF793895F9D]
	(No symbol) [0x00007FF79389606C]
	(No symbol) [0x00007FF7938DBDD7]
	(No symbol) [0x00007FF7938B9DEF]
	(No symbol) [0x00007FF7938D91C4]
	(No symbol) [0x00007FF7938B9B53]
	(No symbol) [0x00007FF79388813C]
	(No symbol) [0x00007FF793888D71]
	GetHandleVerifier [0x00007FF793D0E89D+3237613]
	GetHandleVerifier [0x00007FF793D50BA7+3508727]
	GetHandleVerifier [0x00007FF793D4976F+3478975]
	GetHandleVerifier [0x00007FF793ABF1C6+815126]
	(No symbol) [0x00007FF79398ED0F]
	(No symbol) [0x00007FF793989854]
	(No symbol) [0x00007FF7939899E2]
	(No symbol) [0x00007FF79397A574]
	BaseThreadInitThunk [0x00007FF834EC257D+29]
	RtlUserThreadStart [0x00007FF835A2AA48+40]

]]></error>
		<system-out><![CDATA[El texto encontrado es  CONTRATOS
El texto encontrado es  MERCADOS
¡Cuenta encontrada y seleccionada 1023  con éxito!
Se hizo clic en un icono de borrar.
¡Input encontrado y enviado con éxito!
¡Input encontrado y enviado con éxito!
El texto encontrado es  MIS ENTREGAS
Tiempo de espera agotado. El elemento no está presente o no es clickeable.
¡Elemento encontrado y clickeado 1 veces con éxito!
¡Input encontrado y enviado con éxito!
Email generado: _7ycq2k8f@yopmail.com
El texto es visible para el usuario
El texto fue validado correctamente: Entrega TK 0001 00121693
El texto es visible para el usuario: '31.320,00 Kg'
El texto es visible para el usuario
El texto fue validado correctamente: De Maiz
El texto es visible para el usuario
El texto fue validado correctamente: DATOS DE LA ENTREGA
El texto es visible para el usuario
El texto fue validado correctamente: 26/07/2022
El texto es visible para el usuario
El texto fue validado correctamente: 21/22
El texto es visible para el usuario
El texto fue validado correctamente: DON EMIDIO SA
El texto es visible para el usuario
El texto fue validado correctamente: 19970 CAMPO RASSETTO (Don Emidio S.A.)
El texto encontrado es  Cuenta Corriente Aplicada
El valor es un carácter numérico. Valor: 45.348,34
El valor es un carácter numérico. Valor: -2.493,50
El valor es un carácter numérico. Valor: -254,10
Tiempo de espera agotado. El elemento no está presente o no es clickeable.
El texto encontrado es  CUENTA CORRIENTE
El texto encontrado es  Movimiento NC 1051 00007140
El texto encontrado es  USD 236,68
El texto encontrado es  NC Bonificacion afecta a fra. 1051-14310-(3 bidon
El texto encontrado es  CUENTA CORRIENTE
El valor es un carácter numérico. Valor: 131.172.595,19
El valor es un carácter numérico. Valor: 897.440,38
El texto encontrado es  CUENTA CORRIENTE
El texto encontrado es  Movimiento ID 0011 00294698
El texto encontrado es  - ARS 3,50
El texto encontrado es  IMPUTCC
El texto encontrado es  Cuenta Corriente
El valor es un carácter numérico. Valor: 1.516.284.997,06
El valor es un carácter numérico. Valor: 4.837.351,06
El texto encontrado es  CUENTA CORRIENTE
El texto no fue encontrado Movimiento RI 0011 00077998
El texto no fue encontrado + ARS 1.234,20
El texto no fue encontrado Comprobante Contrapartida de: OP 0001 - 00038025 0
Tiempo de espera agotado. El elemento no está presente o no es clickeable.
El texto encontrado es  CUENTA CORRIENTE
El texto no fue encontrado Movimiento LC 3302 11350773
El texto no fue encontrado + ARS 19.640,53
El texto no fue encontrado Liq.1116C SOJA 2223 100 Kgs. 100,00%
¡Elemento encontrado y clickeado 4 veces con éxito!
]]></system-out>
		<system-err><![CDATA[
Running tests...
----------------------------------------------------------------------
.
----------------------------------------------------------------------
Ran 1 test in 141.219s

OK

Generating XML reports...

Running tests...
----------------------------------------------------------------------

Running tests...
----------------------------------------------------------------------
.
----------------------------------------------------------------------
Ran 1 test in 95.812s

OK

Generating XML reports...
.
----------------------------------------------------------------------
Ran 1 test in 106.406s

OK

Generating XML reports...

Running tests...
----------------------------------------------------------------------

Running tests...
----------------------------------------------------------------------

Running tests...
----------------------------------------------------------------------
.
----------------------------------------------------------------------
Ran 1 test in 92.188s

OK

Generating XML reports...
.
----------------------------------------------------------------------
Ran 1 test in 96.265s

OK

Generating XML reports...

Running tests...
----------------------------------------------------------------------
.
----------------------------------------------------------------------
Ran 1 test in 99.297s

OK

Generating XML reports...

Running tests...
----------------------------------------------------------------------
E
======================================================================
ERROR [34.654s]: test_comprobante_contrato (ComproContratos.comprobanteContrato)
----------------------------------------------------------------------
Traceback (most recent call last):
  File "c:\Users\luist\repos\Automatizaciones-SILOHUB-\ComproContratos.py", line 33, in test_comprobante_contrato
    find_elements(self.driver, select_menu_Account)
  File "c:\Users\luist\repos\Automatizaciones-SILOHUB-\Elements.py", line 22, in find_elements
    select_nex_button.click()
  File "C:\Users\luist\AppData\Roaming\Python\Python310\site-packages\selenium\webdriver\remote\webelement.py", line 94, in click
    self._execute(Command.CLICK_ELEMENT)
  File "C:\Users\luist\AppData\Roaming\Python\Python310\site-packages\selenium\webdriver\remote\webelement.py", line 395, in _execute
    return self._parent.execute(command, params)
  File "C:\Users\luist\AppData\Roaming\Python\Python310\site-packages\selenium\webdriver\remote\webdriver.py", line 348, in execute
    self.error_handler.check_response(response)
  File "C:\Users\luist\AppData\Roaming\Python\Python310\site-packages\selenium\webdriver\remote\errorhandler.py", line 229, in check_response
    raise exception_class(message, screen, stacktrace)
selenium.common.exceptions.StaleElementReferenceException: Message: stale element reference: stale element not found in the current frame
  (Session info: chrome=124.0.6367.61); For documentation on this error, please visit: https://www.selenium.dev/documentation/webdriver/troubleshooting/errors#stale-element-reference-exception
Stacktrace:
	GetHandleVerifier [0x00007FF793CDF922+3045234]
	(No symbol) [0x00007FF793983652]
	(No symbol) [0x00007FF793847564]
	(No symbol) [0x00007FF79384D6A6]
	(No symbol) [0x00007FF79384FA6B]
	(No symbol) [0x00007FF79384FB10]
	(No symbol) [0x00007FF793897F54]
	(No symbol) [0x00007FF793889E96]
	(No symbol) [0x00007FF7938B9DAA]
	(No symbol) [0x00007FF793889916]
	(No symbol) [0x00007FF7938B9FC0]
	(No symbol) [0x00007FF7938D91C4]
	(No symbol) [0x00007FF7938B9B53]
	(No symbol) [0x00007FF79388813C]
	(No symbol) [0x00007FF793888D71]
	GetHandleVerifier [0x00007FF793D0E89D+3237613]
	GetHandleVerifier [0x00007FF793D50BA7+3508727]
	GetHandleVerifier [0x00007FF793D4976F+3478975]
	GetHandleVerifier [0x00007FF793ABF1C6+815126]
	(No symbol) [0x00007FF79398ED0F]
	(No symbol) [0x00007FF793989854]
	(No symbol) [0x00007FF7939899E2]
	(No symbol) [0x00007FF79397A574]
	BaseThreadInitThunk [0x00007FF834EC257D+29]
	RtlUserThreadStart [0x00007FF835A2AA48+40]


----------------------------------------------------------------------
Ran 1 test in 37.000s

FAILED (errors=1)

Generating XML reports...
]]></system-err>
	</testcase>
</testsuite>
