<?xml version="1.0" encoding="UTF-8"?>
<testsuite name="CtaCte_HistoAvenver.cuenta_ctacte_histAvencer-20240423153255" tests="1" file="CtaCte_HistoAvenver.py" time="167.796" timestamp="2024-04-23T15:35:42" failures="0" errors="1" skipped="0">
	<testcase classname="CtaCte_HistoAvenver.cuenta_ctacte_histAvencer" name="test_ctacte_historica" time="167.796" timestamp="2024-04-23T15:35:42" file="CtaCte_HistoAvenver.py" line="17">
		<error type="NoSuchElementException" message="Message: no such element: Unable to locate element: {&quot;method&quot;:&quot;xpath&quot;,&quot;selector&quot;:&quot;/html/body/app-root/app-layout/app-vertical/div/div/div/div/app-current-account/div/div/div[2]/app-current-account-file-list/app-header-for-responsive-table/div/div/div[1]/div/div[1]/app-totalizer/div/div/div[2]/div[2]/span[1]&quot;}
  (Session info: chrome=124.0.6367.61); For documentation on this error, please visit: https://www.selenium.dev/documentation/webdriver/troubleshooting/errors#no-such-element-exception
Stacktrace:
	GetHandleVerifier [0x00007FF793CDF922+3045234]
	(No symbol) [0x00007FF793983652]
	(No symbol) [0x00007FF793847564]
	(No symbol) [0x00007FF793895F9D]
	(No symbol) [0x00007FF79389606C]
	(No symbol) [0x00007FF7938DBDD7]
	(No symbol) [0x00007FF7938B9DEF]
	(No symbol) [0x00007FF7938D91C4]
	(No symbol) [0x00007FF7938B9B53]
	(No symbol) [0x00007FF79388813C]
	(No symbol) [0x00007FF793888D71]
	GetHandleVerifier [0x00007FF793D0E89D+3237613]
	GetHandleVerifier [0x00007FF793D50BA7+3508727]
	GetHandleVerifier [0x00007FF793D4976F+3478975]
	GetHandleVerifier [0x00007FF793ABF1C6+815126]
	(No symbol) [0x00007FF79398ED0F]
	(No symbol) [0x00007FF793989854]
	(No symbol) [0x00007FF7939899E2]
	(No symbol) [0x00007FF79397A574]
	BaseThreadInitThunk [0x00007FF834EC257D+29]
	RtlUserThreadStart [0x00007FF835A2AA48+40]
"><![CDATA[Traceback (most recent call last):
  File "c:\Users\luist\repos\Automatizaciones-SILOHUB-\CtaCte_HistoAvenver.py", line 115, in test_ctacte_historica
    validate_character_numeric_element(self.driver, balance_ars)
  File "c:\Users\luist\repos\Automatizaciones-SILOHUB-\Elements.py", line 1101, in validate_character_numeric_element
    elemento = driver.find_element(By.XPATH, xpath)
  File "C:\Users\luist\AppData\Roaming\Python\Python310\site-packages\selenium\webdriver\remote\webdriver.py", line 742, in find_element
    return self.execute(Command.FIND_ELEMENT, {"using": by, "value": value})["value"]
  File "C:\Users\luist\AppData\Roaming\Python\Python310\site-packages\selenium\webdriver\remote\webdriver.py", line 348, in execute
    self.error_handler.check_response(response)
  File "C:\Users\luist\AppData\Roaming\Python\Python310\site-packages\selenium\webdriver\remote\errorhandler.py", line 229, in check_response
    raise exception_class(message, screen, stacktrace)
selenium.common.exceptions.NoSuchElementException: Message: no such element: Unable to locate element: {"method":"xpath","selector":"/html/body/app-root/app-layout/app-vertical/div/div/div/div/app-current-account/div/div/div[2]/app-current-account-file-list/app-header-for-responsive-table/div/div/div[1]/div/div[1]/app-totalizer/div/div/div[2]/div[2]/span[1]"}
  (Session info: chrome=124.0.6367.61); For documentation on this error, please visit: https://www.selenium.dev/documentation/webdriver/troubleshooting/errors#no-such-element-exception
Stacktrace:
	GetHandleVerifier [0x00007FF793CDF922+3045234]
	(No symbol) [0x00007FF793983652]
	(No symbol) [0x00007FF793847564]
	(No symbol) [0x00007FF793895F9D]
	(No symbol) [0x00007FF79389606C]
	(No symbol) [0x00007FF7938DBDD7]
	(No symbol) [0x00007FF7938B9DEF]
	(No symbol) [0x00007FF7938D91C4]
	(No symbol) [0x00007FF7938B9B53]
	(No symbol) [0x00007FF79388813C]
	(No symbol) [0x00007FF793888D71]
	GetHandleVerifier [0x00007FF793D0E89D+3237613]
	GetHandleVerifier [0x00007FF793D50BA7+3508727]
	GetHandleVerifier [0x00007FF793D4976F+3478975]
	GetHandleVerifier [0x00007FF793ABF1C6+815126]
	(No symbol) [0x00007FF79398ED0F]
	(No symbol) [0x00007FF793989854]
	(No symbol) [0x00007FF7939899E2]
	(No symbol) [0x00007FF79397A574]
	BaseThreadInitThunk [0x00007FF834EC257D+29]
	RtlUserThreadStart [0x00007FF835A2AA48+40]

]]></error>
		<system-out><![CDATA[¡Elemento encontrado y clickeado 4 veces con éxito!
]]></system-out>
	</testcase>
</testsuite>
