<?xml version="1.0" encoding="UTF-8"?>
<testsuite name="FinanzasCobro.finanzas_cobro-20240423115934" tests="2" file="FinanzasCobro.py" time="76.509" timestamp="2024-04-23T13:01:26" failures="0" errors="2" skipped="0">
	<testcase classname="FinanzasCobro.finanzas_cobro" name="test_finance_payment" time="0.000" timestamp="0001-01-01T00:00:00" file="FinanzasCobro.py" line="23">
		<error type="AttributeError" message="'NoneType' object has no attribute 'is_displayed'"><![CDATA[Traceback (most recent call last):
  File "c:\Users\luist\repos\Automatizaciones-SILOHUB-\FinanzasCobro.py", line 44, in test_finance_payment
    find_elements(self.driver,select_button_charge)
  File "c:\Users\luist\repos\Automatizaciones-SILOHUB-\Elements.py", line 19, in find_elements
    select_nex_button = WebDriverWait(driver, 10).until(
  File "C:\Users\luist\AppData\Roaming\Python\Python310\site-packages\selenium\webdriver\support\wait.py", line 96, in until
    value = method(self._driver)
  File "C:\Users\luist\AppData\Roaming\Python\Python310\site-packages\selenium\webdriver\support\expected_conditions.py", line 364, in _predicate
    element = visibility_of(target)(driver)
  File "C:\Users\luist\AppData\Roaming\Python\Python310\site-packages\selenium\webdriver\support\expected_conditions.py", line 173, in _predicate
    return _element_if_visible(element)
  File "C:\Users\luist\AppData\Roaming\Python\Python310\site-packages\selenium\webdriver\support\expected_conditions.py", line 179, in _element_if_visible
    return element if element.is_displayed() == visibility else False
AttributeError: 'NoneType' object has no attribute 'is_displayed'
]]></error>
		<system-out><![CDATA[Tiempo de espera agotado. El elemento no está presente o no es clickeable.
]]></system-out>
	</testcase>
	<testcase classname="FinanzasCobro.finanzas_cobro" name="test_finance_payment" time="76.509" timestamp="2024-04-23T13:01:26" file="FinanzasCobro.py" line="23">
		<error type="NoSuchWindowException" message="Message: no such window: target window already closed
from unknown error: web view not found
  (Session info: chrome=124.0.6367.61)
Stacktrace:
	GetHandleVerifier [0x00007FF666E2F922+3045234]
	(No symbol) [0x00007FF666AD3652]
	(No symbol) [0x00007FF666997564]
	(No symbol) [0x00007FF66696DB4F]
	(No symbol) [0x00007FF666A11087]
	(No symbol) [0x00007FF666A18102]
	(No symbol) [0x00007FF666A09D70]
	(No symbol) [0x00007FF6669D813C]
	(No symbol) [0x00007FF6669D8D71]
	GetHandleVerifier [0x00007FF666E5E89D+3237613]
	GetHandleVerifier [0x00007FF666EA0BA7+3508727]
	GetHandleVerifier [0x00007FF666E9976F+3478975]
	GetHandleVerifier [0x00007FF666C0F1C6+815126]
	(No symbol) [0x00007FF666ADED0F]
	(No symbol) [0x00007FF666AD9854]
	(No symbol) [0x00007FF666AD99E2]
	(No symbol) [0x00007FF666ACA574]
	BaseThreadInitThunk [0x00007FF834EC257D+29]
	RtlUserThreadStart [0x00007FF835A2AA48+40]
"><![CDATA[Traceback (most recent call last):
  File "c:\Users\luist\repos\Automatizaciones-SILOHUB-\FinanzasCobro.py", line 135, in tearDown
    self.driver.close()
  File "C:\Users\luist\AppData\Roaming\Python\Python310\site-packages\selenium\webdriver\remote\webdriver.py", line 459, in close
    self.execute(Command.CLOSE)
  File "C:\Users\luist\AppData\Roaming\Python\Python310\site-packages\selenium\webdriver\remote\webdriver.py", line 348, in execute
    self.error_handler.check_response(response)
  File "C:\Users\luist\AppData\Roaming\Python\Python310\site-packages\selenium\webdriver\remote\errorhandler.py", line 229, in check_response
    raise exception_class(message, screen, stacktrace)
selenium.common.exceptions.NoSuchWindowException: Message: no such window: target window already closed
from unknown error: web view not found
  (Session info: chrome=124.0.6367.61)
Stacktrace:
	GetHandleVerifier [0x00007FF666E2F922+3045234]
	(No symbol) [0x00007FF666AD3652]
	(No symbol) [0x00007FF666997564]
	(No symbol) [0x00007FF66696DB4F]
	(No symbol) [0x00007FF666A11087]
	(No symbol) [0x00007FF666A18102]
	(No symbol) [0x00007FF666A09D70]
	(No symbol) [0x00007FF6669D813C]
	(No symbol) [0x00007FF6669D8D71]
	GetHandleVerifier [0x00007FF666E5E89D+3237613]
	GetHandleVerifier [0x00007FF666EA0BA7+3508727]
	GetHandleVerifier [0x00007FF666E9976F+3478975]
	GetHandleVerifier [0x00007FF666C0F1C6+815126]
	(No symbol) [0x00007FF666ADED0F]
	(No symbol) [0x00007FF666AD9854]
	(No symbol) [0x00007FF666AD99E2]
	(No symbol) [0x00007FF666ACA574]
	BaseThreadInitThunk [0x00007FF834EC257D+29]
	RtlUserThreadStart [0x00007FF835A2AA48+40]

]]></error>
		<system-out><![CDATA[Tiempo de espera agotado. El elemento no está presente o no es clickeable.
]]></system-out>
	</testcase>
</testsuite>
