<?xml version="1.0" encoding="UTF-8"?>
<testsuite name="Metricas.Metricas-20240508141427" tests="1" file="Metricas.py" time="96.268" timestamp="2024-05-08T16:23:48" failures="0" errors="1" skipped="0">
	<testcase classname="Metricas.Metricas" name="test_metricas" time="96.268" timestamp="2024-05-08T16:23:48" file="Metricas.py" line="18">
		<error type="NoSuchElementException" message="Message: no such element: Unable to locate element: {&quot;method&quot;:&quot;xpath&quot;,&quot;selector&quot;:&quot;/html/body/app-root/app-layout/app-vertical/div/div/div/div/app-metric/app-metric-ranking/div/div[1]/app-metric-page-ranking/div/div[3]/div[2]/div[3]&quot;}
  (Session info: chrome=124.0.6367.119); For documentation on this error, please visit: https://www.selenium.dev/documentation/webdriver/troubleshooting/errors#no-such-element-exception
Stacktrace:
	GetHandleVerifier [0x00007FF74D951572+60802]
	(No symbol) [0x00007FF74D8CAC72]
	(No symbol) [0x00007FF74D787CE4]
	(No symbol) [0x00007FF74D7D6D4D]
	(No symbol) [0x00007FF74D7D6E1C]
	(No symbol) [0x00007FF74D81CE37]
	(No symbol) [0x00007FF74D7FABBF]
	(No symbol) [0x00007FF74D81A224]
	(No symbol) [0x00007FF74D7FA923]
	(No symbol) [0x00007FF74D7C8FEC]
	(No symbol) [0x00007FF74D7C9C21]
	GetHandleVerifier [0x00007FF74DC5420D+3217949]
	GetHandleVerifier [0x00007FF74DC961A7+3488183]
	GetHandleVerifier [0x00007FF74DC8F12F+3459391]
	GetHandleVerifier [0x00007FF74DA0B936+823622]
	(No symbol) [0x00007FF74D8D600F]
	(No symbol) [0x00007FF74D8D0F34]
	(No symbol) [0x00007FF74D8D10C2]
	(No symbol) [0x00007FF74D8C1914]
	BaseThreadInitThunk [0x00007FFEF342257D+29]
	RtlUserThreadStart [0x00007FFEF4B0AA48+40]
"><![CDATA[Traceback (most recent call last):
  File "c:\Users\luist\repos\Automatizaciones-SILOHUB-\Metricas.py", line 144, in test_metricas
    validate_character_numeric_element(self.driver, element10  )
  File "c:\Users\luist\repos\Automatizaciones-SILOHUB-\Elements.py", line 1101, in validate_character_numeric_element
    elemento = driver.find_element(By.XPATH, xpath)
  File "C:\Users\luist\AppData\Roaming\Python\Python310\site-packages\selenium\webdriver\remote\webdriver.py", line 742, in find_element
    return self.execute(Command.FIND_ELEMENT, {"using": by, "value": value})["value"]
  File "C:\Users\luist\AppData\Roaming\Python\Python310\site-packages\selenium\webdriver\remote\webdriver.py", line 348, in execute
    self.error_handler.check_response(response)
  File "C:\Users\luist\AppData\Roaming\Python\Python310\site-packages\selenium\webdriver\remote\errorhandler.py", line 229, in check_response
    raise exception_class(message, screen, stacktrace)
selenium.common.exceptions.NoSuchElementException: Message: no such element: Unable to locate element: {"method":"xpath","selector":"/html/body/app-root/app-layout/app-vertical/div/div/div/div/app-metric/app-metric-ranking/div/div[1]/app-metric-page-ranking/div/div[3]/div[2]/div[3]"}
  (Session info: chrome=124.0.6367.119); For documentation on this error, please visit: https://www.selenium.dev/documentation/webdriver/troubleshooting/errors#no-such-element-exception
Stacktrace:
	GetHandleVerifier [0x00007FF74D951572+60802]
	(No symbol) [0x00007FF74D8CAC72]
	(No symbol) [0x00007FF74D787CE4]
	(No symbol) [0x00007FF74D7D6D4D]
	(No symbol) [0x00007FF74D7D6E1C]
	(No symbol) [0x00007FF74D81CE37]
	(No symbol) [0x00007FF74D7FABBF]
	(No symbol) [0x00007FF74D81A224]
	(No symbol) [0x00007FF74D7FA923]
	(No symbol) [0x00007FF74D7C8FEC]
	(No symbol) [0x00007FF74D7C9C21]
	GetHandleVerifier [0x00007FF74DC5420D+3217949]
	GetHandleVerifier [0x00007FF74DC961A7+3488183]
	GetHandleVerifier [0x00007FF74DC8F12F+3459391]
	GetHandleVerifier [0x00007FF74DA0B936+823622]
	(No symbol) [0x00007FF74D8D600F]
	(No symbol) [0x00007FF74D8D0F34]
	(No symbol) [0x00007FF74D8D10C2]
	(No symbol) [0x00007FF74D8C1914]
	BaseThreadInitThunk [0x00007FFEF342257D+29]
	RtlUserThreadStart [0x00007FFEF4B0AA48+40]

]]></error>
		<system-out><![CDATA[El texto no fue encontrado MÉTRICAS
¡Elemento encontrado y clickeado 3 veces con éxito!
¡Elemento encontrado y clickeado 3 veces con éxito!
El valor es un carácter numérico. Valor: 1.974
El texto encontrado es  Total Cuentas ERP
El valor es un carácter numérico. Valor: 1.556
El texto encontrado es  Total Cuentas Vinculadas
El valor es un carácter numérico. Valor: 418
El texto encontrado es  Cuentas Pend. de Vincular
El valor es un carácter numérico. Valor: 78,82%
El texto encontrado es  Porc. Vinculado
El valor es un carácter numérico. Valor: 0
El texto encontrado es  Productores Nuevos
El valor es un carácter numérico. Valor: 0
El texto encontrado es  Total Logins (Visitas)
El valor es un carácter numérico. Valor: 0
El texto encontrado es  Usuarios Logueados
El valor es un carácter numérico. Valor: 00:00:00
El texto encontrado es  Tiempo Prom. Sesión
El texto encontrado es  Pantallas Más Visitadas
El texto encontrado es  Inicio
El valor es un carácter numérico. Valor: 100,00% - 1
Tiempo de espera agotado. El texto por xpaht no está presente.
]]></system-out>
	</testcase>
</testsuite>
