<?xml version="1.0" encoding="UTF-8"?>
<testsuite name="cta_cte_apliAcobrar-20240507171746" tests="2" file=".py" time="60.969" timestamp="2024-05-07T17:18:47" failures="0" errors="2" skipped="0">
	<testcase classname="cta_cte_apliAcobrar" name="test_ctacte_aplicada" time="0.000" timestamp="0001-01-01T00:00:00" file="Ctacte_ApliAcobrar.py" line="17">
		<error type="NoSuchWindowException" message="Message: no such window: target window already closed
from unknown error: web view not found
  (Session info: chrome=124.0.6367.119)
Stacktrace:
	GetHandleVerifier [0x00007FF72E401572+60802]
	(No symbol) [0x00007FF72E37AC72]
	(No symbol) [0x00007FF72E237CE4]
	(No symbol) [0x00007FF72E20DFDF]
	(No symbol) [0x00007FF72E2B1E57]
	(No symbol) [0x00007FF72E2C98D1]
	(No symbol) [0x00007FF72E2AA923]
	(No symbol) [0x00007FF72E278FEC]
	(No symbol) [0x00007FF72E279C21]
	GetHandleVerifier [0x00007FF72E70420D+3217949]
	GetHandleVerifier [0x00007FF72E7461A7+3488183]
	GetHandleVerifier [0x00007FF72E73F12F+3459391]
	GetHandleVerifier [0x00007FF72E4BB936+823622]
	(No symbol) [0x00007FF72E38600F]
	(No symbol) [0x00007FF72E380F34]
	(No symbol) [0x00007FF72E3810C2]
	(No symbol) [0x00007FF72E371914]
	BaseThreadInitThunk [0x00007FFEF342257D+29]
	RtlUserThreadStart [0x00007FFEF4B0AA48+40]
"><![CDATA[Traceback (most recent call last):
  File "c:\Users\luist\repos\Automatizaciones-SILOHUB-\Ctacte_ApliAcobrar.py", line 147, in test_ctacte_aplicada
    validate_text_by_strt(self.driver, number_movements )
  File "c:\Users\luist\repos\Automatizaciones-SILOHUB-\Elements.py", line 495, in validate_text_by_strt
    elemento = WebDriverWait(driver, 10).until(
  File "C:\Users\luist\AppData\Roaming\Python\Python310\site-packages\selenium\webdriver\support\wait.py", line 96, in until
    value = method(self._driver)
  File "C:\Users\luist\AppData\Roaming\Python\Python310\site-packages\selenium\webdriver\support\expected_conditions.py", line 84, in _predicate
    return driver.find_element(*locator)
  File "C:\Users\luist\AppData\Roaming\Python\Python310\site-packages\selenium\webdriver\remote\webdriver.py", line 742, in find_element
    return self.execute(Command.FIND_ELEMENT, {"using": by, "value": value})["value"]
  File "C:\Users\luist\AppData\Roaming\Python\Python310\site-packages\selenium\webdriver\remote\webdriver.py", line 348, in execute
    self.error_handler.check_response(response)
  File "C:\Users\luist\AppData\Roaming\Python\Python310\site-packages\selenium\webdriver\remote\errorhandler.py", line 229, in check_response
    raise exception_class(message, screen, stacktrace)
selenium.common.exceptions.NoSuchWindowException: Message: no such window: target window already closed
from unknown error: web view not found
  (Session info: chrome=124.0.6367.119)
Stacktrace:
	GetHandleVerifier [0x00007FF72E401572+60802]
	(No symbol) [0x00007FF72E37AC72]
	(No symbol) [0x00007FF72E237CE4]
	(No symbol) [0x00007FF72E20DFDF]
	(No symbol) [0x00007FF72E2B1E57]
	(No symbol) [0x00007FF72E2C98D1]
	(No symbol) [0x00007FF72E2AA923]
	(No symbol) [0x00007FF72E278FEC]
	(No symbol) [0x00007FF72E279C21]
	GetHandleVerifier [0x00007FF72E70420D+3217949]
	GetHandleVerifier [0x00007FF72E7461A7+3488183]
	GetHandleVerifier [0x00007FF72E73F12F+3459391]
	GetHandleVerifier [0x00007FF72E4BB936+823622]
	(No symbol) [0x00007FF72E38600F]
	(No symbol) [0x00007FF72E380F34]
	(No symbol) [0x00007FF72E3810C2]
	(No symbol) [0x00007FF72E371914]
	BaseThreadInitThunk [0x00007FFEF342257D+29]
	RtlUserThreadStart [0x00007FFEF4B0AA48+40]

]]></error>
		<system-out><![CDATA[¡Elemento encontrado y clickeado 6 veces con éxito!
¡Elemento encontrado y clickeado 2 veces con éxito!
El texto encontrado es  Cuenta Corriente Aplicada
El valor es un carácter numérico. Valor: 88.418.490,00
El valor es un carácter numérico. Valor: -87.470.653,33
El valor es un carácter numérico. Valor: -5.703,75
El texto encontrado es  CUENTA CORRIENTE
]]></system-out>
	</testcase>
	<testcase classname="cta_cte_apliAcobrar" name="test_ctacte_aplicada" time="60.969" timestamp="2024-05-07T17:18:47" file="Ctacte_ApliAcobrar.py" line="17">
		<error type="WebDriverException" message="Message: disconnected: not connected to DevTools
  (failed to check if window was closed: disconnected: not connected to DevTools)
  (Session info: chrome=124.0.6367.119)
Stacktrace:
	GetHandleVerifier [0x00007FF72E401572+60802]
	(No symbol) [0x00007FF72E37AC72]
	(No symbol) [0x00007FF72E237CE4]
	(No symbol) [0x00007FF72E21E894]
	(No symbol) [0x00007FF72E21F3FF]
	(No symbol) [0x00007FF72E2382DD]
	(No symbol) [0x00007FF72E20DACC]
	(No symbol) [0x00007FF72E2B8F74]
	(No symbol) [0x00007FF72E2AAB40]
	(No symbol) [0x00007FF72E278FEC]
	(No symbol) [0x00007FF72E279C21]
	GetHandleVerifier [0x00007FF72E70420D+3217949]
	GetHandleVerifier [0x00007FF72E7461A7+3488183]
	GetHandleVerifier [0x00007FF72E73F12F+3459391]
	GetHandleVerifier [0x00007FF72E4BB936+823622]
	(No symbol) [0x00007FF72E38600F]
	(No symbol) [0x00007FF72E380F34]
	(No symbol) [0x00007FF72E3810C2]
	(No symbol) [0x00007FF72E371914]
	BaseThreadInitThunk [0x00007FFEF342257D+29]
	RtlUserThreadStart [0x00007FFEF4B0AA48+40]
"><![CDATA[Traceback (most recent call last):
  File "c:\Users\luist\repos\Automatizaciones-SILOHUB-\Ctacte_ApliAcobrar.py", line 167, in tearDown
    self.driver.close()
  File "C:\Users\luist\AppData\Roaming\Python\Python310\site-packages\selenium\webdriver\remote\webdriver.py", line 459, in close
    self.execute(Command.CLOSE)
  File "C:\Users\luist\AppData\Roaming\Python\Python310\site-packages\selenium\webdriver\remote\webdriver.py", line 348, in execute
    self.error_handler.check_response(response)
  File "C:\Users\luist\AppData\Roaming\Python\Python310\site-packages\selenium\webdriver\remote\errorhandler.py", line 229, in check_response
    raise exception_class(message, screen, stacktrace)
selenium.common.exceptions.WebDriverException: Message: disconnected: not connected to DevTools
  (failed to check if window was closed: disconnected: not connected to DevTools)
  (Session info: chrome=124.0.6367.119)
Stacktrace:
	GetHandleVerifier [0x00007FF72E401572+60802]
	(No symbol) [0x00007FF72E37AC72]
	(No symbol) [0x00007FF72E237CE4]
	(No symbol) [0x00007FF72E21E894]
	(No symbol) [0x00007FF72E21F3FF]
	(No symbol) [0x00007FF72E2382DD]
	(No symbol) [0x00007FF72E20DACC]
	(No symbol) [0x00007FF72E2B8F74]
	(No symbol) [0x00007FF72E2AAB40]
	(No symbol) [0x00007FF72E278FEC]
	(No symbol) [0x00007FF72E279C21]
	GetHandleVerifier [0x00007FF72E70420D+3217949]
	GetHandleVerifier [0x00007FF72E7461A7+3488183]
	GetHandleVerifier [0x00007FF72E73F12F+3459391]
	GetHandleVerifier [0x00007FF72E4BB936+823622]
	(No symbol) [0x00007FF72E38600F]
	(No symbol) [0x00007FF72E380F34]
	(No symbol) [0x00007FF72E3810C2]
	(No symbol) [0x00007FF72E371914]
	BaseThreadInitThunk [0x00007FFEF342257D+29]
	RtlUserThreadStart [0x00007FFEF4B0AA48+40]

]]></error>
		<system-out><![CDATA[¡Elemento encontrado y clickeado 6 veces con éxito!
¡Elemento encontrado y clickeado 2 veces con éxito!
El texto encontrado es  Cuenta Corriente Aplicada
El valor es un carácter numérico. Valor: 88.418.490,00
El valor es un carácter numérico. Valor: -87.470.653,33
El valor es un carácter numérico. Valor: -5.703,75
El texto encontrado es  CUENTA CORRIENTE
]]></system-out>
	</testcase>
</testsuite>
