<?xml version="1.0" encoding="UTF-8"?>
<testsuite name="cta_cte_apliAcobrar-20240507171909" tests="2" file=".py" time="119.556" timestamp="2024-05-07T17:21:09" failures="0" errors="2" skipped="0">
	<testcase classname="cta_cte_apliAcobrar" name="test_ctacte_aplicada" time="0.000" timestamp="0001-01-01T00:00:00" file="Ctacte_ApliAcobrar.py" line="17">
		<error type="AttributeError" message="'NoneType' object has no attribute 'is_displayed'"><![CDATA[Traceback (most recent call last):
  File "c:\Users\luist\repos\Automatizaciones-SILOHUB-\Ctacte_ApliAcobrar.py", line 136, in test_ctacte_aplicada
    find_elements(self.driver, detail_movements4)
  File "c:\Users\luist\repos\Automatizaciones-SILOHUB-\Elements.py", line 19, in find_elements
    select_nex_button = WebDriverWait(driver, 10).until(
  File "C:\Users\luist\AppData\Roaming\Python\Python310\site-packages\selenium\webdriver\support\wait.py", line 96, in until
    value = method(self._driver)
  File "C:\Users\luist\AppData\Roaming\Python\Python310\site-packages\selenium\webdriver\support\expected_conditions.py", line 364, in _predicate
    element = visibility_of(target)(driver)
  File "C:\Users\luist\AppData\Roaming\Python\Python310\site-packages\selenium\webdriver\support\expected_conditions.py", line 173, in _predicate
    return _element_if_visible(element)
  File "C:\Users\luist\AppData\Roaming\Python\Python310\site-packages\selenium\webdriver\support\expected_conditions.py", line 179, in _element_if_visible
    return element if element.is_displayed() == visibility else False
AttributeError: 'NoneType' object has no attribute 'is_displayed'
]]></error>
		<system-out><![CDATA[¡Elemento encontrado y clickeado 7 veces con éxito!
¡Elemento encontrado y clickeado 2 veces con éxito!
Tiempo de espera agotado. El texto por xpaht no está presente.
El valor es un carácter numérico. Valor: -2.282.227.965,21
El valor es un carácter numérico. Valor: 1.642.624.183,60
El valor es un carácter numérico. Valor: 3.491.430,64
Tiempo de espera agotado. El elemento no está presente o no es clickeable.
]]></system-out>
	</testcase>
	<testcase classname="cta_cte_apliAcobrar" name="test_ctacte_aplicada" time="119.556" timestamp="2024-05-07T17:21:09" file="Ctacte_ApliAcobrar.py" line="17">
		<error type="NoSuchWindowException" message="Message: no such window: target window already closed
from unknown error: web view not found
  (Session info: chrome=124.0.6367.119)
Stacktrace:
	GetHandleVerifier [0x00007FF72E401572+60802]
	(No symbol) [0x00007FF72E37AC72]
	(No symbol) [0x00007FF72E237CE4]
	(No symbol) [0x00007FF72E20DFDF]
	(No symbol) [0x00007FF72E2B1E57]
	(No symbol) [0x00007FF72E2B8FD2]
	(No symbol) [0x00007FF72E2AAB40]
	(No symbol) [0x00007FF72E278FEC]
	(No symbol) [0x00007FF72E279C21]
	GetHandleVerifier [0x00007FF72E70420D+3217949]
	GetHandleVerifier [0x00007FF72E7461A7+3488183]
	GetHandleVerifier [0x00007FF72E73F12F+3459391]
	GetHandleVerifier [0x00007FF72E4BB936+823622]
	(No symbol) [0x00007FF72E38600F]
	(No symbol) [0x00007FF72E380F34]
	(No symbol) [0x00007FF72E3810C2]
	(No symbol) [0x00007FF72E371914]
	BaseThreadInitThunk [0x00007FFEF342257D+29]
	RtlUserThreadStart [0x00007FFEF4B0AA48+40]
"><![CDATA[Traceback (most recent call last):
  File "c:\Users\luist\repos\Automatizaciones-SILOHUB-\Ctacte_ApliAcobrar.py", line 167, in tearDown
    self.driver.close()
  File "C:\Users\luist\AppData\Roaming\Python\Python310\site-packages\selenium\webdriver\remote\webdriver.py", line 459, in close
    self.execute(Command.CLOSE)
  File "C:\Users\luist\AppData\Roaming\Python\Python310\site-packages\selenium\webdriver\remote\webdriver.py", line 348, in execute
    self.error_handler.check_response(response)
  File "C:\Users\luist\AppData\Roaming\Python\Python310\site-packages\selenium\webdriver\remote\errorhandler.py", line 229, in check_response
    raise exception_class(message, screen, stacktrace)
selenium.common.exceptions.NoSuchWindowException: Message: no such window: target window already closed
from unknown error: web view not found
  (Session info: chrome=124.0.6367.119)
Stacktrace:
	GetHandleVerifier [0x00007FF72E401572+60802]
	(No symbol) [0x00007FF72E37AC72]
	(No symbol) [0x00007FF72E237CE4]
	(No symbol) [0x00007FF72E20DFDF]
	(No symbol) [0x00007FF72E2B1E57]
	(No symbol) [0x00007FF72E2B8FD2]
	(No symbol) [0x00007FF72E2AAB40]
	(No symbol) [0x00007FF72E278FEC]
	(No symbol) [0x00007FF72E279C21]
	GetHandleVerifier [0x00007FF72E70420D+3217949]
	GetHandleVerifier [0x00007FF72E7461A7+3488183]
	GetHandleVerifier [0x00007FF72E73F12F+3459391]
	GetHandleVerifier [0x00007FF72E4BB936+823622]
	(No symbol) [0x00007FF72E38600F]
	(No symbol) [0x00007FF72E380F34]
	(No symbol) [0x00007FF72E3810C2]
	(No symbol) [0x00007FF72E371914]
	BaseThreadInitThunk [0x00007FFEF342257D+29]
	RtlUserThreadStart [0x00007FFEF4B0AA48+40]

]]></error>
		<system-out><![CDATA[¡Elemento encontrado y clickeado 7 veces con éxito!
¡Elemento encontrado y clickeado 2 veces con éxito!
Tiempo de espera agotado. El texto por xpaht no está presente.
El valor es un carácter numérico. Valor: -2.282.227.965,21
El valor es un carácter numérico. Valor: 1.642.624.183,60
El valor es un carácter numérico. Valor: 3.491.430,64
Tiempo de espera agotado. El elemento no está presente o no es clickeable.
]]></system-out>
	</testcase>
</testsuite>
