<?xml version="1.0" encoding="UTF-8"?>
<testsuite name="Fijaciones_tc-20240417112142" tests="1" file=".py" time="45.427" timestamp="2024-04-17T11:22:28" failures="0" errors="1" skipped="0">
	<testcase classname="Fijaciones_tc" name="test_grain_pipup" time="45.427" timestamp="2024-04-17T11:22:28" file="FijacionTdc.py" line="20">
		<error type="ElementClickInterceptedException" message="Message: element click intercepted: Element is not clickable at point (1260, 717)
  (Session info: chrome=123.0.6312.123)
Stacktrace:
	GetHandleVerifier [0x00007FF768127032+63090]
	(No symbol) [0x00007FF768092C82]
	(No symbol) [0x00007FF767F2EC65]
	(No symbol) [0x00007FF767F7BB34]
	(No symbol) [0x00007FF767F79954]
	(No symbol) [0x00007FF767F77164]
	(No symbol) [0x00007FF767F75EF9]
	(No symbol) [0x00007FF767F6A708]
	(No symbol) [0x00007FF767F96FDA]
	(No symbol) [0x00007FF767F6A00A]
	(No symbol) [0x00007FF767F971F0]
	(No symbol) [0x00007FF767FB3412]
	(No symbol) [0x00007FF767F96D83]
	(No symbol) [0x00007FF767F683A8]
	(No symbol) [0x00007FF767F69441]
	GetHandleVerifier [0x00007FF7685225AD+4238317]
	GetHandleVerifier [0x00007FF76855F70D+4488525]
	GetHandleVerifier [0x00007FF7685579EF+4456495]
	GetHandleVerifier [0x00007FF768200576+953270]
	(No symbol) [0x00007FF76809E54F]
	(No symbol) [0x00007FF768099224]
	(No symbol) [0x00007FF76809935B]
	(No symbol) [0x00007FF768089B94]
	BaseThreadInitThunk [0x00007FFA9757257D+29]
	RtlUserThreadStart [0x00007FFA98AAAA48+40]
"><![CDATA[Traceback (most recent call last):
  File "c:\Users\luist\repos\Automatizaciones-SILOHUB-\FijacionTdc.py", line 82, in test_grain_pipup
    find_elements(self.driver,select_button_pinup )
  File "c:\Users\luist\repos\Automatizaciones-SILOHUB-\Elements.py", line 22, in find_elements
    select_nex_button.click()
  File "C:\Users\luist\AppData\Roaming\Python\Python310\site-packages\selenium\webdriver\remote\webelement.py", line 94, in click
    self._execute(Command.CLICK_ELEMENT)
  File "C:\Users\luist\AppData\Roaming\Python\Python310\site-packages\selenium\webdriver\remote\webelement.py", line 395, in _execute
    return self._parent.execute(command, params)
  File "C:\Users\luist\AppData\Roaming\Python\Python310\site-packages\selenium\webdriver\remote\webdriver.py", line 348, in execute
    self.error_handler.check_response(response)
  File "C:\Users\luist\AppData\Roaming\Python\Python310\site-packages\selenium\webdriver\remote\errorhandler.py", line 229, in check_response
    raise exception_class(message, screen, stacktrace)
selenium.common.exceptions.ElementClickInterceptedException: Message: element click intercepted: Element is not clickable at point (1260, 717)
  (Session info: chrome=123.0.6312.123)
Stacktrace:
	GetHandleVerifier [0x00007FF768127032+63090]
	(No symbol) [0x00007FF768092C82]
	(No symbol) [0x00007FF767F2EC65]
	(No symbol) [0x00007FF767F7BB34]
	(No symbol) [0x00007FF767F79954]
	(No symbol) [0x00007FF767F77164]
	(No symbol) [0x00007FF767F75EF9]
	(No symbol) [0x00007FF767F6A708]
	(No symbol) [0x00007FF767F96FDA]
	(No symbol) [0x00007FF767F6A00A]
	(No symbol) [0x00007FF767F971F0]
	(No symbol) [0x00007FF767FB3412]
	(No symbol) [0x00007FF767F96D83]
	(No symbol) [0x00007FF767F683A8]
	(No symbol) [0x00007FF767F69441]
	GetHandleVerifier [0x00007FF7685225AD+4238317]
	GetHandleVerifier [0x00007FF76855F70D+4488525]
	GetHandleVerifier [0x00007FF7685579EF+4456495]
	GetHandleVerifier [0x00007FF768200576+953270]
	(No symbol) [0x00007FF76809E54F]
	(No symbol) [0x00007FF768099224]
	(No symbol) [0x00007FF76809935B]
	(No symbol) [0x00007FF768089B94]
	BaseThreadInitThunk [0x00007FFA9757257D+29]
	RtlUserThreadStart [0x00007FFA98AAAA48+40]

]]></error>
		<system-out><![CDATA[El texto encontrado es  Fijaciones Habilitadas
Número de cuenta '484' ingresado y opción seleccionada con éxito!
]]></system-out>
	</testcase>
</testsuite>
