<?xml version="1.0" encoding="UTF-8"?>
<testsuite name="Fijaciones_tc-20240417113958" tests="1" file=".py" time="23.179" timestamp="2024-04-17T11:40:21" failures="0" errors="1" skipped="0">
	<testcase classname="Fijaciones_tc" name="test_grain_pipup" time="23.179" timestamp="2024-04-17T11:40:21" file="FijacionTdc.py" line="20">
		<error type="StaleElementReferenceException" message="Message: stale element reference: stale element not found in the current frame
  (Session info: chrome=123.0.6312.123); For documentation on this error, please visit: https://www.selenium.dev/documentation/webdriver/troubleshooting/errors#stale-element-reference-exception
Stacktrace:
	GetHandleVerifier [0x00007FF642E17032+63090]
	(No symbol) [0x00007FF642D82C82]
	(No symbol) [0x00007FF642C1EC65]
	(No symbol) [0x00007FF642C23D21]
	(No symbol) [0x00007FF642C26462]
	(No symbol) [0x00007FF642CA4062]
	(No symbol) [0x00007FF642C86FDA]
	(No symbol) [0x00007FF642CA3412]
	(No symbol) [0x00007FF642C86D83]
	(No symbol) [0x00007FF642C583A8]
	(No symbol) [0x00007FF642C59441]
	GetHandleVerifier [0x00007FF6432125AD+4238317]
	GetHandleVerifier [0x00007FF64324F70D+4488525]
	GetHandleVerifier [0x00007FF6432479EF+4456495]
	GetHandleVerifier [0x00007FF642EF0576+953270]
	(No symbol) [0x00007FF642D8E54F]
	(No symbol) [0x00007FF642D89224]
	(No symbol) [0x00007FF642D8935B]
	(No symbol) [0x00007FF642D79B94]
	BaseThreadInitThunk [0x00007FFA9757257D+29]
	RtlUserThreadStart [0x00007FFA98AAAA48+40]
"><![CDATA[Traceback (most recent call last):
  File "c:\Users\luist\repos\Automatizaciones-SILOHUB-\FijacionTdc.py", line 29, in test_grain_pipup
    find_elements(self.driver,select_grain )
  File "c:\Users\luist\repos\Automatizaciones-SILOHUB-\Elements.py", line 19, in find_elements
    select_nex_button = WebDriverWait(driver, 10).until(
  File "C:\Users\luist\AppData\Roaming\Python\Python310\site-packages\selenium\webdriver\support\wait.py", line 96, in until
    value = method(self._driver)
  File "C:\Users\luist\AppData\Roaming\Python\Python310\site-packages\selenium\webdriver\support\expected_conditions.py", line 364, in _predicate
    element = visibility_of(target)(driver)
  File "C:\Users\luist\AppData\Roaming\Python\Python310\site-packages\selenium\webdriver\support\expected_conditions.py", line 173, in _predicate
    return _element_if_visible(element)
  File "C:\Users\luist\AppData\Roaming\Python\Python310\site-packages\selenium\webdriver\support\expected_conditions.py", line 179, in _element_if_visible
    return element if element.is_displayed() == visibility else False
  File "C:\Users\luist\AppData\Roaming\Python\Python310\site-packages\selenium\webdriver\remote\webelement.py", line 252, in is_displayed
    return self.parent.execute_script(f"/* isDisplayed */return ({isDisplayed_js}).apply(null, arguments);", self)
  File "C:\Users\luist\AppData\Roaming\Python\Python310\site-packages\selenium\webdriver\remote\webdriver.py", line 408, in execute_script
    return self.execute(command, {"script": script, "args": converted_args})["value"]
  File "C:\Users\luist\AppData\Roaming\Python\Python310\site-packages\selenium\webdriver\remote\webdriver.py", line 348, in execute
    self.error_handler.check_response(response)
  File "C:\Users\luist\AppData\Roaming\Python\Python310\site-packages\selenium\webdriver\remote\errorhandler.py", line 229, in check_response
    raise exception_class(message, screen, stacktrace)
selenium.common.exceptions.StaleElementReferenceException: Message: stale element reference: stale element not found in the current frame
  (Session info: chrome=123.0.6312.123); For documentation on this error, please visit: https://www.selenium.dev/documentation/webdriver/troubleshooting/errors#stale-element-reference-exception
Stacktrace:
	GetHandleVerifier [0x00007FF642E17032+63090]
	(No symbol) [0x00007FF642D82C82]
	(No symbol) [0x00007FF642C1EC65]
	(No symbol) [0x00007FF642C23D21]
	(No symbol) [0x00007FF642C26462]
	(No symbol) [0x00007FF642CA4062]
	(No symbol) [0x00007FF642C86FDA]
	(No symbol) [0x00007FF642CA3412]
	(No symbol) [0x00007FF642C86D83]
	(No symbol) [0x00007FF642C583A8]
	(No symbol) [0x00007FF642C59441]
	GetHandleVerifier [0x00007FF6432125AD+4238317]
	GetHandleVerifier [0x00007FF64324F70D+4488525]
	GetHandleVerifier [0x00007FF6432479EF+4456495]
	GetHandleVerifier [0x00007FF642EF0576+953270]
	(No symbol) [0x00007FF642D8E54F]
	(No symbol) [0x00007FF642D89224]
	(No symbol) [0x00007FF642D8935B]
	(No symbol) [0x00007FF642D79B94]
	BaseThreadInitThunk [0x00007FFA9757257D+29]
	RtlUserThreadStart [0x00007FFA98AAAA48+40]

]]></error>
	</testcase>
</testsuite>
