<?xml version="1.0" encoding="UTF-8"?>
<testsuite name="finanzas_cobro-20240423150404" tests="2" file=".py" time="59.904" timestamp="2024-04-23T15:05:04" failures="0" errors="2" skipped="0">
	<testcase classname="finanzas_cobro" name="test_finance_payment" time="0.000" timestamp="0001-01-01T00:00:00" file="FinanzasCobro.py" line="23">
		<error type="AttributeError" message="'NoneType' object has no attribute 'is_displayed'"><![CDATA[Traceback (most recent call last):
  File "c:\Users\luist\repos\Automatizaciones-SILOHUB-\FinanzasCobro.py", line 40, in test_finance_payment
    find_elements(self.driver, select_liq_list)
  File "c:\Users\luist\repos\Automatizaciones-SILOHUB-\Elements.py", line 19, in find_elements
    select_nex_button = WebDriverWait(driver, 10).until(
  File "C:\Users\luist\AppData\Roaming\Python\Python310\site-packages\selenium\webdriver\support\wait.py", line 96, in until
    value = method(self._driver)
  File "C:\Users\luist\AppData\Roaming\Python\Python310\site-packages\selenium\webdriver\support\expected_conditions.py", line 364, in _predicate
    element = visibility_of(target)(driver)
  File "C:\Users\luist\AppData\Roaming\Python\Python310\site-packages\selenium\webdriver\support\expected_conditions.py", line 173, in _predicate
    return _element_if_visible(element)
  File "C:\Users\luist\AppData\Roaming\Python\Python310\site-packages\selenium\webdriver\support\expected_conditions.py", line 179, in _element_if_visible
    return element if element.is_displayed() == visibility else False
AttributeError: 'NoneType' object has no attribute 'is_displayed'
]]></error>
	</testcase>
	<testcase classname="finanzas_cobro" name="test_finance_payment" time="59.904" timestamp="2024-04-23T15:05:04" file="FinanzasCobro.py" line="23">
		<error type="WebDriverException" message="Message: disconnected: Unable to receive message from renderer
  (failed to check if window was closed: disconnected: not connected to DevTools)
  (Session info: chrome=124.0.6367.61)
Stacktrace:
	GetHandleVerifier [0x00007FF6279EF922+3045234]
	(No symbol) [0x00007FF627693652]
	(No symbol) [0x00007FF627557564]
	(No symbol) [0x00007FF62754086C]
	(No symbol) [0x00007FF62753E674]
	(No symbol) [0x00007FF62753EE8F]
	(No symbol) [0x00007FF627557B5D]
	(No symbol) [0x00007FF62752D63C]
	(No symbol) [0x00007FF6275D80A4]
	(No symbol) [0x00007FF6275C9D70]
	(No symbol) [0x00007FF62759813C]
	(No symbol) [0x00007FF627598D71]
	GetHandleVerifier [0x00007FF627A1E89D+3237613]
	GetHandleVerifier [0x00007FF627A60BA7+3508727]
	GetHandleVerifier [0x00007FF627A5976F+3478975]
	GetHandleVerifier [0x00007FF6277CF1C6+815126]
	(No symbol) [0x00007FF62769ED0F]
	(No symbol) [0x00007FF627699854]
	(No symbol) [0x00007FF6276999E2]
	(No symbol) [0x00007FF62768A574]
	BaseThreadInitThunk [0x00007FF834EC257D+29]
	RtlUserThreadStart [0x00007FF835A2AA48+40]
"><![CDATA[Traceback (most recent call last):
  File "c:\Users\luist\repos\Automatizaciones-SILOHUB-\FinanzasCobro.py", line 135, in tearDown
    self.driver.close()
  File "C:\Users\luist\AppData\Roaming\Python\Python310\site-packages\selenium\webdriver\remote\webdriver.py", line 459, in close
    self.execute(Command.CLOSE)
  File "C:\Users\luist\AppData\Roaming\Python\Python310\site-packages\selenium\webdriver\remote\webdriver.py", line 348, in execute
    self.error_handler.check_response(response)
  File "C:\Users\luist\AppData\Roaming\Python\Python310\site-packages\selenium\webdriver\remote\errorhandler.py", line 229, in check_response
    raise exception_class(message, screen, stacktrace)
selenium.common.exceptions.WebDriverException: Message: disconnected: Unable to receive message from renderer
  (failed to check if window was closed: disconnected: not connected to DevTools)
  (Session info: chrome=124.0.6367.61)
Stacktrace:
	GetHandleVerifier [0x00007FF6279EF922+3045234]
	(No symbol) [0x00007FF627693652]
	(No symbol) [0x00007FF627557564]
	(No symbol) [0x00007FF62754086C]
	(No symbol) [0x00007FF62753E674]
	(No symbol) [0x00007FF62753EE8F]
	(No symbol) [0x00007FF627557B5D]
	(No symbol) [0x00007FF62752D63C]
	(No symbol) [0x00007FF6275D80A4]
	(No symbol) [0x00007FF6275C9D70]
	(No symbol) [0x00007FF62759813C]
	(No symbol) [0x00007FF627598D71]
	GetHandleVerifier [0x00007FF627A1E89D+3237613]
	GetHandleVerifier [0x00007FF627A60BA7+3508727]
	GetHandleVerifier [0x00007FF627A5976F+3478975]
	GetHandleVerifier [0x00007FF6277CF1C6+815126]
	(No symbol) [0x00007FF62769ED0F]
	(No symbol) [0x00007FF627699854]
	(No symbol) [0x00007FF6276999E2]
	(No symbol) [0x00007FF62768A574]
	BaseThreadInitThunk [0x00007FF834EC257D+29]
	RtlUserThreadStart [0x00007FF835A2AA48+40]

]]></error>
	</testcase>
</testsuite>
