<?xml version="1.0" encoding="UTF-8"?>
<testsuite name="finanzas_cobro-20240411182515" tests="1" file=".py" time="30.096" timestamp="2024-04-11T18:25:45" failures="0" errors="1" skipped="0">
	<testcase classname="finanzas_cobro" name="test_finance_payment" time="30.096" timestamp="2024-04-11T18:25:45" file="FinanzasCobro.py" line="23">
		<error type="JavascriptException" message="Message: javascript error: {&quot;status&quot;:32,&quot;value&quot;:&quot;Unable to locate an element with the xpath expression 100 because of the following error:\nTypeError: Failed to execute 'evaluate' on 'Document': The result is not a node set, and therefore cannot be converted to the desired type.&quot;}
  (Session info: chrome=123.0.6312.122)
Stacktrace:
	GetHandleVerifier [0x00007FF612287032+63090]
	(No symbol) [0x00007FF6121F2C82]
	(No symbol) [0x00007FF61208EC65]
	(No symbol) [0x00007FF612093D21]
	(No symbol) [0x00007FF612096159]
	(No symbol) [0x00007FF612096200]
	(No symbol) [0x00007FF6120D460C]
	(No symbol) [0x00007FF6120D4ADC]
	(No symbol) [0x00007FF612115B37]
	(No symbol) [0x00007FF6120F701F]
	(No symbol) [0x00007FF612113412]
	(No symbol) [0x00007FF6120F6D83]
	(No symbol) [0x00007FF6120C83A8]
	(No symbol) [0x00007FF6120C9441]
	GetHandleVerifier [0x00007FF6126825AD+4238317]
	GetHandleVerifier [0x00007FF6126BF70D+4488525]
	GetHandleVerifier [0x00007FF6126B79EF+4456495]
	GetHandleVerifier [0x00007FF612360576+953270]
	(No symbol) [0x00007FF6121FE54F]
	(No symbol) [0x00007FF6121F9224]
	(No symbol) [0x00007FF6121F935B]
	(No symbol) [0x00007FF6121E9B94]
	BaseThreadInitThunk [0x00007FFF9727257D+29]
	RtlUserThreadStart [0x00007FFF9922AA58+40]
"><![CDATA[Traceback (most recent call last):
  File "c:\Users\luist\repos\Automatizaciones-SILOHUB-\FinanzasCobro.py", line 53, in test_finance_payment
    delete_send_element(self.driver,delete_amount,value_amount)
  File "c:\Users\luist\repos\Automatizaciones-SILOHUB-\Elements.py", line 1337, in delete_send_element
    element = WebDriverWait(driver, 10).until(
  File "C:\Users\luist\AppData\Roaming\Python\Python310\site-packages\selenium\webdriver\support\wait.py", line 96, in until
    value = method(self._driver)
  File "C:\Users\luist\AppData\Roaming\Python\Python310\site-packages\selenium\webdriver\support\expected_conditions.py", line 84, in _predicate
    return driver.find_element(*locator)
  File "C:\Users\luist\AppData\Roaming\Python\Python310\site-packages\selenium\webdriver\remote\webdriver.py", line 742, in find_element
    return self.execute(Command.FIND_ELEMENT, {"using": by, "value": value})["value"]
  File "C:\Users\luist\AppData\Roaming\Python\Python310\site-packages\selenium\webdriver\remote\webdriver.py", line 348, in execute
    self.error_handler.check_response(response)
  File "C:\Users\luist\AppData\Roaming\Python\Python310\site-packages\selenium\webdriver\remote\errorhandler.py", line 229, in check_response
    raise exception_class(message, screen, stacktrace)
selenium.common.exceptions.JavascriptException: Message: javascript error: {"status":32,"value":"Unable to locate an element with the xpath expression 100 because of the following error:\nTypeError: Failed to execute 'evaluate' on 'Document': The result is not a node set, and therefore cannot be converted to the desired type."}
  (Session info: chrome=123.0.6312.122)
Stacktrace:
	GetHandleVerifier [0x00007FF612287032+63090]
	(No symbol) [0x00007FF6121F2C82]
	(No symbol) [0x00007FF61208EC65]
	(No symbol) [0x00007FF612093D21]
	(No symbol) [0x00007FF612096159]
	(No symbol) [0x00007FF612096200]
	(No symbol) [0x00007FF6120D460C]
	(No symbol) [0x00007FF6120D4ADC]
	(No symbol) [0x00007FF612115B37]
	(No symbol) [0x00007FF6120F701F]
	(No symbol) [0x00007FF612113412]
	(No symbol) [0x00007FF6120F6D83]
	(No symbol) [0x00007FF6120C83A8]
	(No symbol) [0x00007FF6120C9441]
	GetHandleVerifier [0x00007FF6126825AD+4238317]
	GetHandleVerifier [0x00007FF6126BF70D+4488525]
	GetHandleVerifier [0x00007FF6126B79EF+4456495]
	GetHandleVerifier [0x00007FF612360576+953270]
	(No symbol) [0x00007FF6121FE54F]
	(No symbol) [0x00007FF6121F9224]
	(No symbol) [0x00007FF6121F935B]
	(No symbol) [0x00007FF6121E9B94]
	BaseThreadInitThunk [0x00007FFF9727257D+29]
	RtlUserThreadStart [0x00007FFF9922AA58+40]

]]></error>
	</testcase>
</testsuite>
