<?xml version="1.0" encoding="UTF-8"?>
<testsuite name="finanzas_cobro-20240423150540" tests="2" file=".py" time="329.195" timestamp="2024-04-23T15:11:10" failures="0" errors="2" skipped="0">
	<testcase classname="finanzas_cobro" name="test_finance_payment" time="0.000" timestamp="0001-01-01T00:00:00" file="FinanzasCobro.py" line="23">
		<error type="NoSuchWindowException" message="Message: no such window: target window already closed
from unknown error: web view not found
  (Session info: chrome=124.0.6367.61)
Stacktrace:
	GetHandleVerifier [0x00007FF6279EF922+3045234]
	(No symbol) [0x00007FF627693652]
	(No symbol) [0x00007FF627557564]
	(No symbol) [0x00007FF62752DB4F]
	(No symbol) [0x00007FF6275D1087]
	(No symbol) [0x00007FF6275E8871]
	(No symbol) [0x00007FF6275C9B53]
	(No symbol) [0x00007FF62759813C]
	(No symbol) [0x00007FF627598D71]
	GetHandleVerifier [0x00007FF627A1E89D+3237613]
	GetHandleVerifier [0x00007FF627A60BA7+3508727]
	GetHandleVerifier [0x00007FF627A5976F+3478975]
	GetHandleVerifier [0x00007FF6277CF1C6+815126]
	(No symbol) [0x00007FF62769ED0F]
	(No symbol) [0x00007FF627699854]
	(No symbol) [0x00007FF6276999E2]
	(No symbol) [0x00007FF62768A574]
	BaseThreadInitThunk [0x00007FF834EC257D+29]
	RtlUserThreadStart [0x00007FF835A2AA48+40]
"><![CDATA[Traceback (most recent call last):
  File "c:\Users\luist\repos\Automatizaciones-SILOHUB-\FinanzasCobro.py", line 85, in test_finance_payment
    select_option_click(self.driver, select_account_payment, option_account )
  File "c:\Users\luist\repos\Automatizaciones-SILOHUB-\Elements.py", line 1009, in select_option_click
    xpath_chevron = WebDriverWait(driver, 10).until(
  File "C:\Users\luist\AppData\Roaming\Python\Python310\site-packages\selenium\webdriver\support\wait.py", line 96, in until
    value = method(self._driver)
  File "C:\Users\luist\AppData\Roaming\Python\Python310\site-packages\selenium\webdriver\support\expected_conditions.py", line 363, in _predicate
    target = driver.find_element(*target)  # grab element at locator
  File "C:\Users\luist\AppData\Roaming\Python\Python310\site-packages\selenium\webdriver\remote\webdriver.py", line 742, in find_element
    return self.execute(Command.FIND_ELEMENT, {"using": by, "value": value})["value"]
  File "C:\Users\luist\AppData\Roaming\Python\Python310\site-packages\selenium\webdriver\remote\webdriver.py", line 348, in execute
    self.error_handler.check_response(response)
  File "C:\Users\luist\AppData\Roaming\Python\Python310\site-packages\selenium\webdriver\remote\errorhandler.py", line 229, in check_response
    raise exception_class(message, screen, stacktrace)
selenium.common.exceptions.NoSuchWindowException: Message: no such window: target window already closed
from unknown error: web view not found
  (Session info: chrome=124.0.6367.61)
Stacktrace:
	GetHandleVerifier [0x00007FF6279EF922+3045234]
	(No symbol) [0x00007FF627693652]
	(No symbol) [0x00007FF627557564]
	(No symbol) [0x00007FF62752DB4F]
	(No symbol) [0x00007FF6275D1087]
	(No symbol) [0x00007FF6275E8871]
	(No symbol) [0x00007FF6275C9B53]
	(No symbol) [0x00007FF62759813C]
	(No symbol) [0x00007FF627598D71]
	GetHandleVerifier [0x00007FF627A1E89D+3237613]
	GetHandleVerifier [0x00007FF627A60BA7+3508727]
	GetHandleVerifier [0x00007FF627A5976F+3478975]
	GetHandleVerifier [0x00007FF6277CF1C6+815126]
	(No symbol) [0x00007FF62769ED0F]
	(No symbol) [0x00007FF627699854]
	(No symbol) [0x00007FF6276999E2]
	(No symbol) [0x00007FF62768A574]
	BaseThreadInitThunk [0x00007FF834EC257D+29]
	RtlUserThreadStart [0x00007FF835A2AA48+40]

]]></error>
		<system-out><![CDATA[Tiempo de espera agotado. El elemento no está presente o no es clickeable.
Tiempo de espera agotado. El elemento no está presente o no es clickeable.
Tiempo de espera agotado. El elemento no está presente o no es visible.
No se encontraron los datos para borrar.
Tiempo de espera agotado. El input no está presente o no es clickeable.
Tiempo de espera agotado. El elemento no está presente o no es visible.
Tiempo de espera agotado. El elemento no está presente o no es visible.
Tiempo de espera agotado. El elemento no está presente o no es clickeable.
Tiempo de espera agotado. El chevron no están presentes o no son clickeables.
]]></system-out>
	</testcase>
	<testcase classname="finanzas_cobro" name="test_finance_payment" time="329.195" timestamp="2024-04-23T15:11:10" file="FinanzasCobro.py" line="23">
		<error type="WebDriverException" message="Message: disconnected: not connected to DevTools
  (failed to check if window was closed: disconnected: not connected to DevTools)
  (Session info: chrome=124.0.6367.61)
Stacktrace:
	GetHandleVerifier [0x00007FF6279EF922+3045234]
	(No symbol) [0x00007FF627693652]
	(No symbol) [0x00007FF627557564]
	(No symbol) [0x00007FF62753E324]
	(No symbol) [0x00007FF62753EE8F]
	(No symbol) [0x00007FF627557B5D]
	(No symbol) [0x00007FF62752D63C]
	(No symbol) [0x00007FF6275D80A4]
	(No symbol) [0x00007FF6275C9D70]
	(No symbol) [0x00007FF62759813C]
	(No symbol) [0x00007FF627598D71]
	GetHandleVerifier [0x00007FF627A1E89D+3237613]
	GetHandleVerifier [0x00007FF627A60BA7+3508727]
	GetHandleVerifier [0x00007FF627A5976F+3478975]
	GetHandleVerifier [0x00007FF6277CF1C6+815126]
	(No symbol) [0x00007FF62769ED0F]
	(No symbol) [0x00007FF627699854]
	(No symbol) [0x00007FF6276999E2]
	(No symbol) [0x00007FF62768A574]
	BaseThreadInitThunk [0x00007FF834EC257D+29]
	RtlUserThreadStart [0x00007FF835A2AA48+40]
"><![CDATA[Traceback (most recent call last):
  File "c:\Users\luist\repos\Automatizaciones-SILOHUB-\FinanzasCobro.py", line 136, in tearDown
    self.driver.close()
  File "C:\Users\luist\AppData\Roaming\Python\Python310\site-packages\selenium\webdriver\remote\webdriver.py", line 459, in close
    self.execute(Command.CLOSE)
  File "C:\Users\luist\AppData\Roaming\Python\Python310\site-packages\selenium\webdriver\remote\webdriver.py", line 348, in execute
    self.error_handler.check_response(response)
  File "C:\Users\luist\AppData\Roaming\Python\Python310\site-packages\selenium\webdriver\remote\errorhandler.py", line 229, in check_response
    raise exception_class(message, screen, stacktrace)
selenium.common.exceptions.WebDriverException: Message: disconnected: not connected to DevTools
  (failed to check if window was closed: disconnected: not connected to DevTools)
  (Session info: chrome=124.0.6367.61)
Stacktrace:
	GetHandleVerifier [0x00007FF6279EF922+3045234]
	(No symbol) [0x00007FF627693652]
	(No symbol) [0x00007FF627557564]
	(No symbol) [0x00007FF62753E324]
	(No symbol) [0x00007FF62753EE8F]
	(No symbol) [0x00007FF627557B5D]
	(No symbol) [0x00007FF62752D63C]
	(No symbol) [0x00007FF6275D80A4]
	(No symbol) [0x00007FF6275C9D70]
	(No symbol) [0x00007FF62759813C]
	(No symbol) [0x00007FF627598D71]
	GetHandleVerifier [0x00007FF627A1E89D+3237613]
	GetHandleVerifier [0x00007FF627A60BA7+3508727]
	GetHandleVerifier [0x00007FF627A5976F+3478975]
	GetHandleVerifier [0x00007FF6277CF1C6+815126]
	(No symbol) [0x00007FF62769ED0F]
	(No symbol) [0x00007FF627699854]
	(No symbol) [0x00007FF6276999E2]
	(No symbol) [0x00007FF62768A574]
	BaseThreadInitThunk [0x00007FF834EC257D+29]
	RtlUserThreadStart [0x00007FF835A2AA48+40]

]]></error>
		<system-out><![CDATA[Tiempo de espera agotado. El elemento no está presente o no es clickeable.
Tiempo de espera agotado. El elemento no está presente o no es clickeable.
Tiempo de espera agotado. El elemento no está presente o no es visible.
No se encontraron los datos para borrar.
Tiempo de espera agotado. El input no está presente o no es clickeable.
Tiempo de espera agotado. El elemento no está presente o no es visible.
Tiempo de espera agotado. El elemento no está presente o no es visible.
Tiempo de espera agotado. El elemento no está presente o no es clickeable.
Tiempo de espera agotado. El chevron no están presentes o no son clickeables.
]]></system-out>
	</testcase>
</testsuite>
